2023-11-10 16:02:50.528155	[INFO]	base_network.py	响应时间:751ms	山东省	济南市	这里是日志信息......
2023-11-10 16:02:50.528155	[INFO]	orders_service.py	响应时间:543ms	北京市	海淀区	这里是日志信息......
2023-11-10 16:02:50.528155	[WARN]	goods_manager.py	响应时间:845ms	北京市	昌平区	这里是日志信息......
2023-11-10 16:02:50.528155	[INFO]	event.py	响应时间:464ms	湖南省	长沙市	这里是日志信息......
2023-11-10 16:02:50.528155	[INFO]	event.py	响应时间:411ms	重庆市	沙坪坝区	这里是日志信息......
2023-11-10 16:02:50.528155	[INFO]	goods_manager.py	响应时间:857ms	湖北省	武汉市	这里是日志信息......
2023-11-10 16:02:50.528155	[INFO]	goods_manager.py	响应时间:201ms	江苏省	南京市	这里是日志信息......
2023-11-10 16:02:50.528155	[INFO]	event.py	响应时间:862ms	天津市	河西区	这里是日志信息......
2023-11-10 16:02:50.528155	[INFO]	orders_service.py	响应时间:250ms	广东省	深圳市	这里是日志信息......
2023-11-10 16:02:50.528155	[WARN]	shop_manager.py	响应时间:183ms	北京市	怀柔区	这里是日志信息......
2023-11-10 16:02:50.528155	[INFO]	goods_manager.py	响应时间:870ms	广东省	深圳市	这里是日志信息......
2023-11-10 16:02:50.528155	[INFO]	orders_service.py	响应时间:326ms	湖北省	武汉市	这里是日志信息......
2023-11-10 16:02:50.528155	[INFO]	user_manager.py	响应时间:136ms	广东省	广州市	这里是日志信息......
2023-11-10 16:02:50.528155	[WARN]	barcode_service.py	响应时间:991ms	山东省	青岛市	这里是日志信息......
2023-11-10 16:02:50.528155	[WARN]	goods_manager.py	响应时间:593ms	天津市	武清区	这里是日志信息......
2023-11-10 16:02:50.528155	[INFO]	goods_manager.py	响应时间:570ms	北京市	大兴区	这里是日志信息......
2023-11-10 16:02:50.528155	[INFO]	goods_manager.py	响应时间:223ms	江苏省	张家港市	这里是日志信息......
2023-11-10 16:02:50.528155	[INFO]	goods_manager.py	响应时间:102ms	北京市	昌平区	这里是日志信息......
2023-11-10 16:02:50.528155	[INFO]	goods_manager.py	响应时间:22ms	重庆市	渝中区	这里是日志信息......
2023-11-10 16:02:50.528155	[INFO]	goods_manager.py	响应时间:87ms	重庆市	南岸区	这里是日志信息......
2023-11-10 16:02:50.529165	[WARN]	base_network.py	响应时间:222ms	天津市	河东区	这里是日志信息......
2023-11-10 16:02:50.529165	[ERROR]	event.py	响应时间:285ms	安徽省	芜湖市	这里是日志信息......
2023-11-10 16:02:50.529165	[ERROR]	user_manager.py	响应时间:481ms	安徽省	合肥市	这里是日志信息......
2023-11-10 16:02:50.529165	[INFO]	barcode_service.py	响应时间:898ms	山东省	济南市	这里是日志信息......
2023-11-10 16:02:50.529165	[INFO]	goods_manager.py	响应时间:103ms	山东省	菏泽市	这里是日志信息......
2023-11-10 16:02:50.529165	[INFO]	base_network.py	响应时间:137ms	重庆市	万州区	这里是日志信息......
2023-11-10 16:02:50.529165	[INFO]	orders_service.py	响应时间:863ms	上海市	普陀区	这里是日志信息......
2023-11-10 16:02:50.529165	[INFO]	goods_manager.py	响应时间:691ms	江苏省	无锡市	这里是日志信息......
2023-11-10 16:02:50.529165	[INFO]	user_manager.py	响应时间:398ms	山东省	青岛市	这里是日志信息......
2023-11-10 16:02:50.529165	[INFO]	event.py	响应时间:83ms	北京市	朝阳区	这里是日志信息......
2023-11-10 16:02:50.529165	[INFO]	event.py	响应时间:397ms	湖北省	十堰市	这里是日志信息......
2023-11-10 16:02:50.529165	[WARN]	event.py	响应时间:1000ms	上海市	杨浦区	这里是日志信息......
2023-11-10 16:02:50.529165	[INFO]	goods_manager.py	响应时间:963ms	山东省	济南市	这里是日志信息......
2023-11-10 16:02:50.529165	[INFO]	base_network.py	响应时间:37ms	安徽省	合肥市	这里是日志信息......
2023-11-10 16:02:50.529165	[INFO]	barcode_service.py	响应时间:135ms	天津市	河东区	这里是日志信息......
2023-11-10 16:02:50.529165	[INFO]	orders_service.py	响应时间:150ms	重庆市	渝中区	这里是日志信息......
2023-11-10 16:02:50.529165	[INFO]	event.py	响应时间:641ms	湖南省	益阳市	这里是日志信息......
2023-11-10 16:02:50.529165	[WARN]	event.py	响应时间:210ms	天津市	宝坻区	这里是日志信息......
2023-11-10 16:02:50.529165	[INFO]	orders_service.py	响应时间:609ms	山东省	青岛市	这里是日志信息......
2023-11-10 16:02:50.529165	[WARN]	orders_service.py	响应时间:675ms	浙江省	丽水市	这里是日志信息......
2023-11-10 16:02:50.529165	[INFO]	user_manager.py	响应时间:547ms	广东省	广州市	这里是日志信息......
2023-11-10 16:02:50.529165	[INFO]	event.py	响应时间:533ms	天津市	和平区	这里是日志信息......
2023-11-10 16:02:50.529165	[INFO]	orders_service.py	响应时间:497ms	重庆市	沙坪坝区	这里是日志信息......
2023-11-10 16:02:50.529165	[INFO]	barcode_service.py	响应时间:634ms	北京市	海淀区	这里是日志信息......
2023-11-10 16:02:50.529165	[INFO]	goods_manager.py	响应时间:790ms	湖南省	张家界市	这里是日志信息......
2023-11-10 16:02:50.529165	[INFO]	barcode_service.py	响应时间:303ms	上海市	宝山区	这里是日志信息......
2023-11-10 16:02:50.529165	[INFO]	event.py	响应时间:423ms	北京市	大兴区	这里是日志信息......
2023-11-10 16:02:50.529165	[INFO]	event.py	响应时间:131ms	江苏省	南京市	这里是日志信息......
2023-11-10 16:02:50.529165	[INFO]	user_manager.py	响应时间:362ms	上海市	杨浦区	这里是日志信息......
2023-11-10 16:02:50.529165	[INFO]	goods_manager.py	响应时间:104ms	江苏省	苏州市	这里是日志信息......
2023-11-10 16:02:50.529165	[INFO]	goods_manager.py	响应时间:936ms	重庆市	万州区	这里是日志信息......
2023-11-10 16:02:50.529165	[INFO]	barcode_service.py	响应时间:969ms	天津市	宝坻区	这里是日志信息......
2023-11-10 16:02:50.529165	[INFO]	goods_manager.py	响应时间:160ms	上海市	黄浦区	这里是日志信息......
2023-11-10 16:02:50.529165	[INFO]	barcode_service.py	响应时间:369ms	江苏省	南京市	这里是日志信息......
2023-11-10 16:02:50.529165	[INFO]	user_manager.py	响应时间:252ms	重庆市	沙坪坝区	这里是日志信息......
2023-11-10 16:02:50.529165	[INFO]	orders_service.py	响应时间:135ms	安徽省	阜阳市	这里是日志信息......
2023-11-10 16:02:50.529165	[INFO]	event.py	响应时间:944ms	安徽省	六安市	这里是日志信息......
2023-11-10 16:02:50.529165	[INFO]	orders_service.py	响应时间:496ms	重庆市	涪陵区	这里是日志信息......
2023-11-10 16:02:50.529165	[INFO]	goods_manager.py	响应时间:415ms	湖北省	武汉市	这里是日志信息......
2023-11-10 16:02:50.529165	[INFO]	orders_service.py	响应时间:21ms	广东省	珠海市	这里是日志信息......
2023-11-10 16:02:50.529165	[INFO]	base_network.py	响应时间:591ms	湖南省	长沙市	这里是日志信息......
2023-11-10 16:02:50.529165	[INFO]	event.py	响应时间:571ms	安徽省	六安市	这里是日志信息......
2023-11-10 16:02:50.529165	[WARN]	event.py	响应时间:162ms	上海市	普陀区	这里是日志信息......
2023-11-10 16:02:50.529165	[INFO]	orders_service.py	响应时间:642ms	上海市	宝山区	这里是日志信息......
2023-11-10 16:02:50.529165	[INFO]	orders_service.py	响应时间:605ms	湖北省	武汉市	这里是日志信息......
2023-11-10 16:02:50.529165	[INFO]	orders_service.py	响应时间:399ms	山东省	青岛市	这里是日志信息......
2023-11-10 16:02:50.529165	[INFO]	event.py	响应时间:191ms	北京市	昌平区	这里是日志信息......
2023-11-10 16:02:50.529165	[INFO]	event.py	响应时间:692ms	北京市	朝阳区	这里是日志信息......
2023-11-10 16:02:50.529165	[INFO]	event.py	响应时间:966ms	江苏省	苏州市	这里是日志信息......
2023-11-10 16:02:50.529165	[INFO]	orders_service.py	响应时间:269ms	江苏省	苏州市	这里是日志信息......
2023-11-10 16:02:50.529165	[INFO]	orders_service.py	响应时间:14ms	湖南省	长沙市	这里是日志信息......
2023-11-10 16:02:50.529165	[INFO]	barcode_service.py	响应时间:809ms	湖北省	十堰市	这里是日志信息......
2023-11-10 16:02:50.529165	[WARN]	event.py	响应时间:203ms	江苏省	南京市	这里是日志信息......
2023-11-10 16:02:50.529165	[INFO]	event.py	响应时间:405ms	湖北省	武汉市	这里是日志信息......
2023-11-10 16:02:50.529165	[WARN]	event.py	响应时间:579ms	天津市	武清区	这里是日志信息......
2023-11-10 16:02:50.530164	[INFO]	orders_service.py	响应时间:220ms	重庆市	九龙坡区	这里是日志信息......
2023-11-10 16:02:50.530164	[INFO]	barcode_service.py	响应时间:481ms	北京市	丰台区	这里是日志信息......
2023-11-10 16:02:50.530164	[INFO]	goods_manager.py	响应时间:595ms	天津市	和平区	这里是日志信息......
2023-11-10 16:02:50.530164	[INFO]	goods_manager.py	响应时间:21ms	湖南省	常德市	这里是日志信息......
2023-11-10 16:02:50.530164	[WARN]	event.py	响应时间:606ms	天津市	武清区	这里是日志信息......
2023-11-10 16:02:50.530164	[INFO]	barcode_service.py	响应时间:256ms	天津市	河东区	这里是日志信息......
2023-11-10 16:02:50.530164	[WARN]	orders_service.py	响应时间:9639ms	重庆市	南岸区	这里是日志信息......
2023-11-10 16:02:50.530164	[INFO]	event.py	响应时间:221ms	上海市	杨浦区	这里是日志信息......
2023-11-10 16:02:50.530164	[INFO]	goods_manager.py	响应时间:494ms	上海市	普陀区	这里是日志信息......
2023-11-10 16:02:50.530164	[INFO]	goods_manager.py	响应时间:892ms	湖北省	武汉市	这里是日志信息......
2023-11-10 16:02:50.530164	[INFO]	user_manager.py	响应时间:89ms	山东省	济南市	这里是日志信息......
2023-11-10 16:02:50.530164	[INFO]	goods_manager.py	响应时间:144ms	浙江省	杭州市	这里是日志信息......
2023-11-10 16:02:50.530164	[ERROR]	event.py	响应时间:567ms	天津市	武清区	这里是日志信息......
2023-11-10 16:02:50.530164	[INFO]	barcode_service.py	响应时间:844ms	湖南省	长沙市	这里是日志信息......
2023-11-10 16:02:50.530164	[WARN]	event.py	响应时间:429ms	广东省	珠海市	这里是日志信息......
2023-11-10 16:02:50.530164	[WARN]	goods_manager.py	响应时间:449ms	山东省	菏泽市	这里是日志信息......
2023-11-10 16:02:50.530164	[INFO]	user_manager.py	响应时间:183ms	湖南省	长沙市	这里是日志信息......
2023-11-10 16:02:50.530164	[WARN]	orders_service.py	响应时间:3973ms	湖南省	常德市	这里是日志信息......
2023-11-10 16:02:50.530164	[INFO]	event.py	响应时间:617ms	重庆市	万州区	这里是日志信息......
2023-11-10 16:02:50.530164	[INFO]	event.py	响应时间:135ms	山东省	济南市	这里是日志信息......
2023-11-10 16:02:50.530164	[WARN]	orders_service.py	响应时间:152ms	安徽省	芜湖市	这里是日志信息......
2023-11-10 16:02:50.530164	[INFO]	goods_manager.py	响应时间:842ms	重庆市	沙坪坝区	这里是日志信息......
2023-11-10 16:02:50.530164	[INFO]	user_manager.py	响应时间:956ms	湖南省	长沙市	这里是日志信息......
2023-11-10 16:02:50.530164	[WARN]	event.py	响应时间:630ms	广东省	深圳市	这里是日志信息......
2023-11-10 16:02:50.530164	[INFO]	orders_service.py	响应时间:156ms	山东省	青岛市	这里是日志信息......
2023-11-10 16:02:50.530164	[INFO]	event.py	响应时间:987ms	上海市	浦东新区	这里是日志信息......
2023-11-10 16:02:50.530164	[WARN]	barcode_service.py	响应时间:388ms	天津市	武清区	这里是日志信息......
2023-11-10 16:02:50.530164	[INFO]	barcode_service.py	响应时间:472ms	湖南省	益阳市	这里是日志信息......
2023-11-10 16:02:50.530164	[INFO]	event.py	响应时间:973ms	浙江省	绍兴市	这里是日志信息......
2023-11-10 16:02:50.530164	[INFO]	goods_manager.py	响应时间:265ms	安徽省	芜湖市	这里是日志信息......
2023-11-10 16:02:50.530164	[WARN]	orders_service.py	响应时间:254ms	江苏省	苏州市	这里是日志信息......
2023-11-10 16:02:50.530164	[INFO]	orders_service.py	响应时间:351ms	重庆市	九龙坡区	这里是日志信息......
2023-11-10 16:02:50.530164	[INFO]	orders_service.py	响应时间:858ms	江苏省	张家港市	这里是日志信息......
2023-11-10 16:02:50.530164	[INFO]	event.py	响应时间:415ms	北京市	海淀区	这里是日志信息......
2023-11-10 16:02:50.530164	[WARN]	shop_manager.py	响应时间:293ms	上海市	浦东新区	这里是日志信息......
2023-11-10 16:02:50.530164	[INFO]	orders_service.py	响应时间:730ms	安徽省	铜陵市	这里是日志信息......
2023-11-10 16:02:50.530164	[INFO]	orders_service.py	响应时间:873ms	浙江省	杭州市	这里是日志信息......
2023-11-10 16:02:50.530164	[WARN]	goods_manager.py	响应时间:335ms	北京市	朝阳区	这里是日志信息......
2023-11-10 16:02:50.530164	[INFO]	goods_manager.py	响应时间:497ms	重庆市	涪陵区	这里是日志信息......
2023-11-10 16:02:50.530164	[INFO]	goods_manager.py	响应时间:781ms	湖南省	张家界市	这里是日志信息......
2023-11-10 16:02:50.530164	[INFO]	orders_service.py	响应时间:356ms	重庆市	涪陵区	这里是日志信息......
2023-11-10 16:02:50.530164	[INFO]	goods_manager.py	响应时间:292ms	天津市	宝坻区	这里是日志信息......
2023-11-10 16:02:50.530164	[INFO]	user_manager.py	响应时间:786ms	湖北省	武汉市	这里是日志信息......
2023-11-10 16:02:50.530164	[ERROR]	base_network.py	响应时间:161ms	广东省	广州市	这里是日志信息......
2023-11-10 16:02:50.530164	[ERROR]	orders_service.py	响应时间:733ms	山东省	济南市	这里是日志信息......
2023-11-10 16:02:50.530164	[INFO]	base_network.py	响应时间:4489ms	浙江省	金华市	这里是日志信息......
2023-11-10 16:02:50.530164	[INFO]	barcode_service.py	响应时间:621ms	广东省	广州市	这里是日志信息......
2023-11-10 16:02:50.530164	[INFO]	shop_manager.py	响应时间:364ms	浙江省	嘉兴市	这里是日志信息......
2023-11-10 16:02:50.530164	[WARN]	goods_manager.py	响应时间:3297ms	安徽省	铜陵市	这里是日志信息......
2023-11-10 16:02:50.530164	[WARN]	orders_service.py	响应时间:279ms	天津市	宝坻区	这里是日志信息......
2023-11-10 16:02:50.530164	[ERROR]	orders_service.py	响应时间:8680ms	山东省	济南市	这里是日志信息......
2023-11-10 16:02:50.530164	[INFO]	goods_manager.py	响应时间:9738ms	天津市	河东区	这里是日志信息......
2023-11-10 16:02:50.530164	[INFO]	event.py	响应时间:633ms	上海市	宝山区	这里是日志信息......
2023-11-10 16:02:50.530164	[INFO]	goods_manager.py	响应时间:392ms	安徽省	六安市	这里是日志信息......
2023-11-10 16:02:50.530164	[INFO]	user_manager.py	响应时间:345ms	浙江省	金华市	这里是日志信息......
2023-11-10 16:02:50.530164	[INFO]	goods_manager.py	响应时间:66ms	广东省	深圳市	这里是日志信息......
2023-11-10 16:02:50.530164	[INFO]	orders_service.py	响应时间:219ms	安徽省	阜阳市	这里是日志信息......
2023-11-10 16:02:50.530164	[INFO]	user_manager.py	响应时间:896ms	湖北省	荆州市	这里是日志信息......
2023-11-10 16:02:50.530164	[INFO]	base_network.py	响应时间:715ms	安徽省	合肥市	这里是日志信息......
2023-11-10 16:02:50.530164	[INFO]	orders_service.py	响应时间:852ms	北京市	海淀区	这里是日志信息......
2023-11-10 16:02:50.531162	[INFO]	orders_service.py	响应时间:373ms	江苏省	张家港市	这里是日志信息......
2023-11-10 16:02:50.531162	[INFO]	barcode_service.py	响应时间:796ms	天津市	和平区	这里是日志信息......
2023-11-10 16:02:50.531162	[INFO]	goods_manager.py	响应时间:757ms	天津市	武清区	这里是日志信息......
2023-11-10 16:02:50.531162	[INFO]	user_manager.py	响应时间:356ms	湖北省	十堰市	这里是日志信息......
2023-11-10 16:02:50.531162	[INFO]	barcode_service.py	响应时间:364ms	上海市	普陀区	这里是日志信息......
2023-11-10 16:02:50.531162	[INFO]	event.py	响应时间:121ms	山东省	青岛市	这里是日志信息......
2023-11-10 16:02:50.531162	[INFO]	event.py	响应时间:711ms	重庆市	九龙坡区	这里是日志信息......
2023-11-10 16:02:50.531162	[ERROR]	event.py	响应时间:90ms	天津市	武清区	这里是日志信息......
2023-11-10 16:02:50.531162	[INFO]	base_network.py	响应时间:666ms	江苏省	苏州市	这里是日志信息......
2023-11-10 16:02:50.531162	[INFO]	goods_manager.py	响应时间:901ms	安徽省	芜湖市	这里是日志信息......
2023-11-10 16:02:50.531162	[INFO]	base_network.py	响应时间:344ms	天津市	河西区	这里是日志信息......
2023-11-10 16:02:50.531162	[INFO]	base_network.py	响应时间:993ms	江苏省	苏州市	这里是日志信息......
2023-11-10 16:02:50.531162	[INFO]	barcode_service.py	响应时间:708ms	湖北省	荆州市	这里是日志信息......
2023-11-10 16:02:50.531162	[INFO]	goods_manager.py	响应时间:389ms	江苏省	张家港市	这里是日志信息......
2023-11-10 16:02:50.531162	[INFO]	orders_service.py	响应时间:942ms	上海市	普陀区	这里是日志信息......
2023-11-10 16:02:50.531162	[INFO]	barcode_service.py	响应时间:920ms	江苏省	无锡市	这里是日志信息......
2023-11-10 16:02:50.531162	[WARN]	user_manager.py	响应时间:221ms	江苏省	无锡市	这里是日志信息......
2023-11-10 16:02:50.531162	[INFO]	event.py	响应时间:777ms	上海市	宝山区	这里是日志信息......
2023-11-10 16:02:50.531162	[INFO]	orders_service.py	响应时间:542ms	天津市	河东区	这里是日志信息......
2023-11-10 16:02:50.531162	[INFO]	event.py	响应时间:710ms	重庆市	万州区	这里是日志信息......
2023-11-10 16:02:50.531162	[INFO]	orders_service.py	响应时间:450ms	江苏省	无锡市	这里是日志信息......
2023-11-10 16:02:50.531162	[WARN]	orders_service.py	响应时间:474ms	安徽省	芜湖市	这里是日志信息......
2023-11-10 16:02:50.531162	[INFO]	base_network.py	响应时间:4436ms	天津市	河西区	这里是日志信息......
2023-11-10 16:02:50.531162	[INFO]	event.py	响应时间:853ms	安徽省	合肥市	这里是日志信息......
2023-11-10 16:02:50.531162	[INFO]	goods_manager.py	响应时间:874ms	浙江省	杭州市	这里是日志信息......
2023-11-10 16:02:50.531162	[INFO]	user_manager.py	响应时间:453ms	湖北省	武汉市	这里是日志信息......
2023-11-10 16:02:50.531162	[INFO]	goods_manager.py	响应时间:518ms	浙江省	丽水市	这里是日志信息......
2023-11-10 16:02:50.531162	[INFO]	base_network.py	响应时间:875ms	安徽省	芜湖市	这里是日志信息......
2023-11-10 16:02:50.531162	[WARN]	event.py	响应时间:284ms	重庆市	万州区	这里是日志信息......
2023-11-10 16:02:50.531162	[INFO]	user_manager.py	响应时间:102ms	湖南省	长沙市	这里是日志信息......
2023-11-10 16:02:50.531162	[INFO]	event.py	响应时间:460ms	广东省	广州市	这里是日志信息......
2023-11-10 16:02:50.531162	[INFO]	orders_service.py	响应时间:307ms	湖南省	长沙市	这里是日志信息......
2023-11-10 16:02:50.531162	[INFO]	orders_service.py	响应时间:265ms	湖北省	荆州市	这里是日志信息......
2023-11-10 16:02:50.531162	[ERROR]	orders_service.py	响应时间:993ms	湖北省	恩施土家族苗族自治州	这里是日志信息......
2023-11-10 16:02:50.531162	[INFO]	barcode_service.py	响应时间:204ms	江苏省	南京市	这里是日志信息......
2023-11-10 16:02:50.531162	[INFO]	goods_manager.py	响应时间:104ms	浙江省	绍兴市	这里是日志信息......
2023-11-10 16:02:50.531162	[INFO]	event.py	响应时间:223ms	重庆市	九龙坡区	这里是日志信息......
2023-11-10 16:02:50.531162	[INFO]	goods_manager.py	响应时间:8247ms	江苏省	苏州市	这里是日志信息......
2023-11-10 16:02:50.531162	[INFO]	shop_manager.py	响应时间:419ms	湖南省	常德市	这里是日志信息......
2023-11-10 16:02:50.531162	[INFO]	event.py	响应时间:800ms	湖北省	武汉市	这里是日志信息......
2023-11-10 16:02:50.531162	[INFO]	goods_manager.py	响应时间:922ms	江苏省	无锡市	这里是日志信息......
2023-11-10 16:02:50.531162	[INFO]	goods_manager.py	响应时间:757ms	天津市	和平区	这里是日志信息......
2023-11-10 16:02:50.531162	[INFO]	goods_manager.py	响应时间:117ms	上海市	普陀区	这里是日志信息......
2023-11-10 16:02:50.531162	[INFO]	event.py	响应时间:532ms	天津市	武清区	这里是日志信息......
2023-11-10 16:02:50.531162	[WARN]	shop_manager.py	响应时间:351ms	江苏省	南京市	这里是日志信息......
2023-11-10 16:02:50.531162	[INFO]	user_manager.py	响应时间:600ms	北京市	怀柔区	这里是日志信息......
2023-11-10 16:02:50.531162	[INFO]	orders_service.py	响应时间:348ms	安徽省	六安市	这里是日志信息......
2023-11-10 16:02:50.531162	[INFO]	event.py	响应时间:898ms	湖南省	长沙市	这里是日志信息......
2023-11-10 16:02:50.532163	[INFO]	orders_service.py	响应时间:681ms	江苏省	张家港市	这里是日志信息......
2023-11-10 16:02:50.532163	[WARN]	goods_manager.py	响应时间:332ms	湖北省	十堰市	这里是日志信息......
2023-11-10 16:02:50.532163	[INFO]	goods_manager.py	响应时间:834ms	上海市	黄浦区	这里是日志信息......
2023-11-10 16:02:50.532163	[INFO]	barcode_service.py	响应时间:732ms	上海市	浦东新区	这里是日志信息......
2023-11-10 16:02:50.532163	[WARN]	event.py	响应时间:131ms	山东省	青岛市	这里是日志信息......
2023-11-10 16:02:50.532163	[WARN]	goods_manager.py	响应时间:360ms	湖北省	十堰市	这里是日志信息......
2023-11-10 16:02:50.532163	[INFO]	goods_manager.py	响应时间:113ms	湖南省	长沙市	这里是日志信息......
2023-11-10 16:02:50.532163	[INFO]	base_network.py	响应时间:606ms	山东省	青岛市	这里是日志信息......
2023-11-10 16:02:50.532163	[WARN]	goods_manager.py	响应时间:103ms	浙江省	杭州市	这里是日志信息......
2023-11-10 16:02:50.532163	[WARN]	goods_manager.py	响应时间:352ms	天津市	宝坻区	这里是日志信息......
2023-11-10 16:02:50.532163	[INFO]	orders_service.py	响应时间:1ms	安徽省	阜阳市	这里是日志信息......
2023-11-10 16:02:50.532163	[INFO]	goods_manager.py	响应时间:495ms	上海市	黄浦区	这里是日志信息......
2023-11-10 16:02:50.532163	[INFO]	goods_manager.py	响应时间:7ms	北京市	怀柔区	这里是日志信息......
2023-11-10 16:02:50.532163	[INFO]	barcode_service.py	响应时间:518ms	北京市	昌平区	这里是日志信息......
2023-11-10 16:02:50.532163	[INFO]	orders_service.py	响应时间:445ms	浙江省	金华市	这里是日志信息......
2023-11-10 16:02:50.532163	[INFO]	base_network.py	响应时间:503ms	重庆市	万州区	这里是日志信息......
2023-11-10 16:02:50.532163	[INFO]	barcode_service.py	响应时间:162ms	广东省	深圳市	这里是日志信息......
2023-11-10 16:02:50.532163	[INFO]	user_manager.py	响应时间:674ms	天津市	河西区	这里是日志信息......
2023-11-10 16:02:50.532163	[WARN]	user_manager.py	响应时间:912ms	天津市	宝坻区	这里是日志信息......
2023-11-10 16:02:50.532163	[INFO]	goods_manager.py	响应时间:499ms	安徽省	池州市	这里是日志信息......
2023-11-10 16:02:50.532163	[INFO]	user_manager.py	响应时间:922ms	广东省	珠海市	这里是日志信息......
2023-11-10 16:02:50.532163	[INFO]	event.py	响应时间:183ms	重庆市	九龙坡区	这里是日志信息......
2023-11-10 16:02:50.532163	[INFO]	orders_service.py	响应时间:161ms	山东省	济南市	这里是日志信息......
2023-11-10 16:02:50.532163	[WARN]	orders_service.py	响应时间:501ms	湖南省	益阳市	这里是日志信息......
2023-11-10 16:02:50.532163	[INFO]	user_manager.py	响应时间:956ms	山东省	青岛市	这里是日志信息......
2023-11-10 16:02:50.532163	[INFO]	user_manager.py	响应时间:654ms	江苏省	宿迁市	这里是日志信息......
2023-11-10 16:02:50.532163	[INFO]	event.py	响应时间:467ms	广东省	深圳市	这里是日志信息......
2023-11-10 16:02:50.532163	[INFO]	event.py	响应时间:41ms	天津市	河西区	这里是日志信息......
2023-11-10 16:02:50.532163	[INFO]	event.py	响应时间:568ms	湖北省	武汉市	这里是日志信息......
2023-11-10 16:02:50.532163	[INFO]	orders_service.py	响应时间:755ms	山东省	济南市	这里是日志信息......
2023-11-10 16:02:50.532163	[INFO]	goods_manager.py	响应时间:741ms	上海市	浦东新区	这里是日志信息......
2023-11-10 16:02:50.532163	[INFO]	barcode_service.py	响应时间:48ms	上海市	宝山区	这里是日志信息......
2023-11-10 16:02:50.532163	[INFO]	orders_service.py	响应时间:82ms	上海市	浦东新区	这里是日志信息......
2023-11-10 16:02:50.532163	[INFO]	event.py	响应时间:174ms	江苏省	无锡市	这里是日志信息......
2023-11-10 16:02:50.532163	[INFO]	shop_manager.py	响应时间:75ms	重庆市	涪陵区	这里是日志信息......
2023-11-10 16:02:50.532163	[INFO]	user_manager.py	响应时间:854ms	浙江省	绍兴市	这里是日志信息......
2023-11-10 16:02:50.532163	[INFO]	user_manager.py	响应时间:693ms	上海市	黄浦区	这里是日志信息......
2023-11-10 16:02:50.532163	[INFO]	orders_service.py	响应时间:771ms	湖南省	益阳市	这里是日志信息......
2023-11-10 16:02:50.532163	[INFO]	barcode_service.py	响应时间:236ms	天津市	武清区	这里是日志信息......
2023-11-10 16:02:50.532163	[INFO]	event.py	响应时间:535ms	湖北省	荆州市	这里是日志信息......
2023-11-10 16:02:50.532163	[WARN]	event.py	响应时间:12ms	北京市	海淀区	这里是日志信息......
2023-11-10 16:02:50.532163	[INFO]	user_manager.py	响应时间:568ms	安徽省	六安市	这里是日志信息......
2023-11-10 16:02:50.532163	[INFO]	orders_service.py	响应时间:68ms	山东省	济南市	这里是日志信息......
2023-11-10 16:02:50.532163	[INFO]	event.py	响应时间:333ms	江苏省	常州市	这里是日志信息......
2023-11-10 16:02:50.532163	[INFO]	user_manager.py	响应时间:986ms	重庆市	渝中区	这里是日志信息......
2023-11-10 16:02:50.532163	[INFO]	goods_manager.py	响应时间:165ms	北京市	朝阳区	这里是日志信息......
2023-11-10 16:02:50.532163	[INFO]	orders_service.py	响应时间:256ms	湖南省	益阳市	这里是日志信息......
2023-11-10 16:02:50.532163	[INFO]	orders_service.py	响应时间:385ms	天津市	武清区	这里是日志信息......
2023-11-10 16:02:50.532163	[INFO]	event.py	响应时间:690ms	安徽省	六安市	这里是日志信息......
2023-11-10 16:02:50.532163	[INFO]	event.py	响应时间:596ms	湖南省	常德市	这里是日志信息......
2023-11-10 16:02:50.532163	[INFO]	goods_manager.py	响应时间:460ms	广东省	广州市	这里是日志信息......
2023-11-10 16:02:50.532163	[INFO]	event.py	响应时间:375ms	浙江省	杭州市	这里是日志信息......
2023-11-10 16:02:50.532163	[INFO]	goods_manager.py	响应时间:803ms	安徽省	合肥市	这里是日志信息......
2023-11-10 16:02:50.532163	[INFO]	orders_service.py	响应时间:436ms	山东省	菏泽市	这里是日志信息......
2023-11-10 16:02:50.533162	[WARN]	barcode_service.py	响应时间:4300ms	北京市	丰台区	这里是日志信息......
2023-11-10 16:02:50.533162	[INFO]	orders_service.py	响应时间:45ms	浙江省	嘉兴市	这里是日志信息......
2023-11-10 16:02:50.533162	[INFO]	goods_manager.py	响应时间:198ms	山东省	青岛市	这里是日志信息......
2023-11-10 16:02:50.533162	[INFO]	user_manager.py	响应时间:835ms	湖南省	长沙市	这里是日志信息......
2023-11-10 16:02:50.533162	[INFO]	goods_manager.py	响应时间:706ms	湖南省	株洲市	这里是日志信息......
2023-11-10 16:02:50.533162	[INFO]	event.py	响应时间:951ms	江苏省	无锡市	这里是日志信息......
2023-11-10 16:02:50.533162	[INFO]	event.py	响应时间:666ms	湖北省	武汉市	这里是日志信息......
2023-11-10 16:02:50.533162	[INFO]	event.py	响应时间:142ms	湖北省	武汉市	这里是日志信息......
2023-11-10 16:02:50.533162	[INFO]	orders_service.py	响应时间:106ms	湖南省	长沙市	这里是日志信息......
2023-11-10 16:02:50.533162	[INFO]	orders_service.py	响应时间:375ms	上海市	浦东新区	这里是日志信息......
2023-11-10 16:02:50.533162	[WARN]	goods_manager.py	响应时间:281ms	湖南省	张家界市	这里是日志信息......
2023-11-10 16:02:50.533162	[INFO]	barcode_service.py	响应时间:322ms	山东省	青岛市	这里是日志信息......
2023-11-10 16:02:50.533162	[ERROR]	goods_manager.py	响应时间:370ms	浙江省	绍兴市	这里是日志信息......
2023-11-10 16:02:50.533162	[WARN]	event.py	响应时间:318ms	天津市	河东区	这里是日志信息......
2023-11-10 16:02:50.533162	[WARN]	event.py	响应时间:171ms	江苏省	南京市	这里是日志信息......
2023-11-10 16:02:50.533162	[INFO]	goods_manager.py	响应时间:766ms	江苏省	宿迁市	这里是日志信息......
2023-11-10 16:02:50.533162	[INFO]	goods_manager.py	响应时间:3225ms	重庆市	九龙坡区	这里是日志信息......
2023-11-10 16:02:50.533162	[INFO]	event.py	响应时间:353ms	江苏省	南京市	这里是日志信息......
2023-11-10 16:02:50.533162	[INFO]	event.py	响应时间:413ms	浙江省	舟山市	这里是日志信息......
2023-11-10 16:02:50.533162	[INFO]	user_manager.py	响应时间:436ms	广东省	广州市	这里是日志信息......
2023-11-10 16:02:50.533162	[INFO]	base_network.py	响应时间:892ms	重庆市	渝中区	这里是日志信息......
2023-11-10 16:02:50.533162	[INFO]	event.py	响应时间:555ms	重庆市	九龙坡区	这里是日志信息......
2023-11-10 16:02:50.533162	[INFO]	orders_service.py	响应时间:710ms	江苏省	张家港市	这里是日志信息......
2023-11-10 16:02:50.533162	[INFO]	base_network.py	响应时间:85ms	浙江省	丽水市	这里是日志信息......
2023-11-10 16:02:50.533162	[INFO]	goods_manager.py	响应时间:937ms	湖北省	武汉市	这里是日志信息......
2023-11-10 16:02:50.533162	[INFO]	barcode_service.py	响应时间:227ms	天津市	武清区	这里是日志信息......
2023-11-10 16:02:50.533162	[INFO]	barcode_service.py	响应时间:914ms	江苏省	苏州市	这里是日志信息......
2023-11-10 16:02:50.533162	[INFO]	shop_manager.py	响应时间:669ms	天津市	武清区	这里是日志信息......
2023-11-10 16:02:50.533162	[INFO]	event.py	响应时间:275ms	重庆市	万州区	这里是日志信息......
2023-11-10 16:02:50.533162	[WARN]	shop_manager.py	响应时间:338ms	重庆市	万州区	这里是日志信息......
2023-11-10 16:02:50.533162	[INFO]	shop_manager.py	响应时间:355ms	湖北省	恩施土家族苗族自治州	这里是日志信息......
2023-11-10 16:02:50.533162	[INFO]	orders_service.py	响应时间:870ms	北京市	怀柔区	这里是日志信息......
2023-11-10 16:02:50.533162	[INFO]	goods_manager.py	响应时间:759ms	山东省	济南市	这里是日志信息......
2023-11-10 16:02:50.533162	[INFO]	barcode_service.py	响应时间:458ms	山东省	青岛市	这里是日志信息......
2023-11-10 16:02:50.533162	[INFO]	orders_service.py	响应时间:20ms	浙江省	丽水市	这里是日志信息......
2023-11-10 16:02:50.533162	[INFO]	orders_service.py	响应时间:574ms	湖北省	武汉市	这里是日志信息......
2023-11-10 16:02:50.533162	[INFO]	goods_manager.py	响应时间:3ms	湖南省	长沙市	这里是日志信息......
2023-11-10 16:02:50.533162	[INFO]	goods_manager.py	响应时间:34ms	浙江省	嘉兴市	这里是日志信息......
2023-11-10 16:02:50.533162	[INFO]	event.py	响应时间:219ms	安徽省	合肥市	这里是日志信息......
2023-11-10 16:02:50.533162	[WARN]	barcode_service.py	响应时间:5270ms	上海市	杨浦区	这里是日志信息......
2023-11-10 16:02:50.533162	[INFO]	event.py	响应时间:670ms	山东省	青岛市	这里是日志信息......
2023-11-10 16:02:50.533162	[WARN]	base_network.py	响应时间:952ms	湖南省	长沙市	这里是日志信息......
2023-11-10 16:02:50.533162	[INFO]	event.py	响应时间:722ms	上海市	浦东新区	这里是日志信息......
2023-11-10 16:02:50.533162	[INFO]	event.py	响应时间:120ms	重庆市	沙坪坝区	这里是日志信息......
2023-11-10 16:02:50.533162	[WARN]	orders_service.py	响应时间:267ms	江苏省	苏州市	这里是日志信息......
2023-11-10 16:02:50.533162	[INFO]	base_network.py	响应时间:358ms	上海市	浦东新区	这里是日志信息......
2023-11-10 16:02:50.533162	[INFO]	event.py	响应时间:678ms	天津市	河西区	这里是日志信息......
2023-11-10 16:02:50.533162	[INFO]	event.py	响应时间:283ms	广东省	深圳市	这里是日志信息......
2023-11-10 16:02:50.533162	[INFO]	barcode_service.py	响应时间:462ms	湖北省	武汉市	这里是日志信息......
2023-11-10 16:02:50.533162	[INFO]	barcode_service.py	响应时间:570ms	湖南省	长沙市	这里是日志信息......
2023-11-10 16:02:50.533162	[INFO]	event.py	响应时间:295ms	北京市	大兴区	这里是日志信息......
2023-11-10 16:02:50.533162	[INFO]	barcode_service.py	响应时间:228ms	重庆市	沙坪坝区	这里是日志信息......
2023-11-10 16:02:50.533162	[INFO]	event.py	响应时间:493ms	安徽省	阜阳市	这里是日志信息......
2023-11-10 16:02:50.533162	[INFO]	base_network.py	响应时间:150ms	山东省	菏泽市	这里是日志信息......
2023-11-10 16:02:50.533162	[WARN]	user_manager.py	响应时间:6590ms	重庆市	涪陵区	这里是日志信息......
2023-11-10 16:02:50.533162	[INFO]	orders_service.py	响应时间:202ms	湖北省	恩施土家族苗族自治州	这里是日志信息......
2023-11-10 16:02:50.533162	[INFO]	event.py	响应时间:655ms	安徽省	池州市	这里是日志信息......
2023-11-10 16:02:50.533162	[WARN]	goods_manager.py	响应时间:509ms	广东省	深圳市	这里是日志信息......
2023-11-10 16:02:50.534162	[INFO]	orders_service.py	响应时间:551ms	浙江省	金华市	这里是日志信息......
2023-11-10 16:02:50.534162	[INFO]	shop_manager.py	响应时间:798ms	山东省	青岛市	这里是日志信息......
2023-11-10 16:02:50.534162	[WARN]	orders_service.py	响应时间:266ms	上海市	浦东新区	这里是日志信息......
2023-11-10 16:02:50.534162	[WARN]	barcode_service.py	响应时间:902ms	上海市	宝山区	这里是日志信息......
2023-11-10 16:02:50.534162	[WARN]	user_manager.py	响应时间:257ms	浙江省	舟山市	这里是日志信息......
2023-11-10 16:02:50.534162	[INFO]	base_network.py	响应时间:389ms	浙江省	杭州市	这里是日志信息......
2023-11-10 16:02:50.534162	[INFO]	orders_service.py	响应时间:704ms	江苏省	苏州市	这里是日志信息......
2023-11-10 16:02:50.534162	[INFO]	event.py	响应时间:659ms	湖北省	十堰市	这里是日志信息......
2023-11-10 16:02:50.534162	[INFO]	base_network.py	响应时间:273ms	浙江省	绍兴市	这里是日志信息......
2023-11-10 16:02:50.534162	[INFO]	orders_service.py	响应时间:143ms	北京市	海淀区	这里是日志信息......
2023-11-10 16:02:50.534162	[INFO]	barcode_service.py	响应时间:869ms	浙江省	杭州市	这里是日志信息......
2023-11-10 16:02:50.534162	[INFO]	user_manager.py	响应时间:554ms	江苏省	苏州市	这里是日志信息......
2023-11-10 16:02:50.534162	[INFO]	shop_manager.py	响应时间:414ms	上海市	浦东新区	这里是日志信息......
2023-11-10 16:02:50.534162	[WARN]	goods_manager.py	响应时间:534ms	天津市	河东区	这里是日志信息......
2023-11-10 16:02:50.534162	[INFO]	event.py	响应时间:439ms	湖北省	武汉市	这里是日志信息......
2023-11-10 16:02:50.534162	[INFO]	shop_manager.py	响应时间:582ms	湖南省	长沙市	这里是日志信息......
2023-11-10 16:02:50.534162	[INFO]	barcode_service.py	响应时间:663ms	上海市	普陀区	这里是日志信息......
2023-11-10 16:02:50.534162	[INFO]	event.py	响应时间:819ms	天津市	河西区	这里是日志信息......
2023-11-10 16:02:50.534162	[INFO]	event.py	响应时间:32ms	浙江省	丽水市	这里是日志信息......
2023-11-10 16:02:50.534162	[INFO]	event.py	响应时间:825ms	湖北省	恩施土家族苗族自治州	这里是日志信息......
2023-11-10 16:02:50.534162	[ERROR]	goods_manager.py	响应时间:866ms	湖南省	长沙市	这里是日志信息......
2023-11-10 16:02:50.534162	[INFO]	barcode_service.py	响应时间:405ms	重庆市	沙坪坝区	这里是日志信息......
2023-11-10 16:02:50.534162	[INFO]	orders_service.py	响应时间:142ms	江苏省	无锡市	这里是日志信息......
2023-11-10 16:02:50.534162	[INFO]	orders_service.py	响应时间:560ms	山东省	济南市	这里是日志信息......
2023-11-10 16:02:50.534162	[INFO]	shop_manager.py	响应时间:592ms	湖北省	武汉市	这里是日志信息......
2023-11-10 16:02:50.534162	[INFO]	goods_manager.py	响应时间:602ms	天津市	河东区	这里是日志信息......
2023-11-10 16:02:50.534162	[INFO]	event.py	响应时间:266ms	山东省	济南市	这里是日志信息......
2023-11-10 16:02:50.534162	[INFO]	event.py	响应时间:679ms	湖南省	长沙市	这里是日志信息......
2023-11-10 16:02:50.534162	[INFO]	shop_manager.py	响应时间:681ms	江苏省	南京市	这里是日志信息......
2023-11-10 16:02:50.534162	[INFO]	goods_manager.py	响应时间:773ms	重庆市	南岸区	这里是日志信息......
2023-11-10 16:02:50.534162	[WARN]	base_network.py	响应时间:646ms	湖北省	荆州市	这里是日志信息......
2023-11-10 16:02:50.534162	[INFO]	event.py	响应时间:601ms	天津市	河东区	这里是日志信息......
2023-11-10 16:02:50.534162	[INFO]	barcode_service.py	响应时间:998ms	重庆市	沙坪坝区	这里是日志信息......
2023-11-10 16:02:50.534162	[INFO]	goods_manager.py	响应时间:29ms	重庆市	万州区	这里是日志信息......
2023-11-10 16:02:50.534162	[INFO]	event.py	响应时间:992ms	上海市	浦东新区	这里是日志信息......
2023-11-10 16:02:50.534162	[ERROR]	event.py	响应时间:247ms	重庆市	渝中区	这里是日志信息......
2023-11-10 16:02:50.534162	[INFO]	barcode_service.py	响应时间:990ms	安徽省	六安市	这里是日志信息......
2023-11-10 16:02:50.534162	[INFO]	orders_service.py	响应时间:385ms	重庆市	万州区	这里是日志信息......
2023-11-10 16:02:50.534162	[INFO]	base_network.py	响应时间:210ms	天津市	河西区	这里是日志信息......
2023-11-10 16:02:50.534162	[INFO]	base_network.py	响应时间:124ms	重庆市	沙坪坝区	这里是日志信息......
2023-11-10 16:02:50.534162	[INFO]	event.py	响应时间:788ms	重庆市	渝中区	这里是日志信息......
2023-11-10 16:02:50.534162	[WARN]	barcode_service.py	响应时间:388ms	北京市	海淀区	这里是日志信息......
2023-11-10 16:02:50.534162	[INFO]	goods_manager.py	响应时间:558ms	广东省	广州市	这里是日志信息......
2023-11-10 16:02:50.534162	[INFO]	user_manager.py	响应时间:139ms	广东省	深圳市	这里是日志信息......
2023-11-10 16:02:50.534162	[INFO]	goods_manager.py	响应时间:579ms	上海市	静安区	这里是日志信息......
2023-11-10 16:02:50.534162	[INFO]	goods_manager.py	响应时间:618ms	天津市	和平区	这里是日志信息......
2023-11-10 16:02:50.534162	[INFO]	goods_manager.py	响应时间:105ms	重庆市	九龙坡区	这里是日志信息......
2023-11-10 16:02:50.534162	[INFO]	goods_manager.py	响应时间:557ms	浙江省	嘉兴市	这里是日志信息......
2023-11-10 16:02:50.534162	[INFO]	event.py	响应时间:507ms	浙江省	杭州市	这里是日志信息......
2023-11-10 16:02:50.534162	[INFO]	orders_service.py	响应时间:211ms	安徽省	合肥市	这里是日志信息......
2023-11-10 16:02:50.534162	[INFO]	goods_manager.py	响应时间:5949ms	广东省	深圳市	这里是日志信息......
2023-11-10 16:02:50.534162	[INFO]	goods_manager.py	响应时间:965ms	重庆市	万州区	这里是日志信息......
2023-11-10 16:02:50.534162	[INFO]	shop_manager.py	响应时间:944ms	江苏省	南京市	这里是日志信息......
2023-11-10 16:02:50.534162	[INFO]	event.py	响应时间:123ms	北京市	朝阳区	这里是日志信息......
2023-11-10 16:02:50.534162	[INFO]	goods_manager.py	响应时间:43ms	湖北省	武汉市	这里是日志信息......
2023-11-10 16:02:50.534162	[INFO]	event.py	响应时间:962ms	湖南省	张家界市	这里是日志信息......
2023-11-10 16:02:50.534162	[INFO]	user_manager.py	响应时间:73ms	安徽省	六安市	这里是日志信息......
2023-11-10 16:02:50.534162	[INFO]	orders_service.py	响应时间:633ms	江苏省	无锡市	这里是日志信息......
2023-11-10 16:02:50.534162	[INFO]	barcode_service.py	响应时间:259ms	安徽省	合肥市	这里是日志信息......
2023-11-10 16:02:50.534162	[INFO]	barcode_service.py	响应时间:330ms	江苏省	无锡市	这里是日志信息......
2023-11-10 16:02:50.534162	[INFO]	event.py	响应时间:276ms	广东省	珠海市	这里是日志信息......
2023-11-10 16:02:50.534162	[INFO]	goods_manager.py	响应时间:190ms	湖北省	武汉市	这里是日志信息......
2023-11-10 16:02:50.534162	[INFO]	goods_manager.py	响应时间:452ms	重庆市	沙坪坝区	这里是日志信息......
2023-11-10 16:02:50.534162	[INFO]	user_manager.py	响应时间:284ms	江苏省	无锡市	这里是日志信息......
2023-11-10 16:02:50.534162	[WARN]	event.py	响应时间:855ms	天津市	河西区	这里是日志信息......
2023-11-10 16:02:50.534162	[INFO]	orders_service.py	响应时间:163ms	湖南省	长沙市	这里是日志信息......
2023-11-10 16:02:50.534162	[INFO]	user_manager.py	响应时间:608ms	广东省	深圳市	这里是日志信息......
2023-11-10 16:02:50.535162	[INFO]	orders_service.py	响应时间:601ms	山东省	济南市	这里是日志信息......
2023-11-10 16:02:50.535162	[INFO]	barcode_service.py	响应时间:78ms	重庆市	万州区	这里是日志信息......
2023-11-10 16:02:50.535162	[INFO]	event.py	响应时间:446ms	山东省	青岛市	这里是日志信息......
2023-11-10 16:02:50.535162	[INFO]	base_network.py	响应时间:66ms	山东省	菏泽市	这里是日志信息......
2023-11-10 16:02:50.535162	[INFO]	barcode_service.py	响应时间:654ms	天津市	宝坻区	这里是日志信息......
2023-11-10 16:02:50.535162	[INFO]	barcode_service.py	响应时间:601ms	北京市	朝阳区	这里是日志信息......
2023-11-10 16:02:50.535162	[INFO]	user_manager.py	响应时间:470ms	上海市	静安区	这里是日志信息......
2023-11-10 16:02:50.535162	[INFO]	event.py	响应时间:416ms	山东省	青岛市	这里是日志信息......
2023-11-10 16:02:50.535162	[INFO]	orders_service.py	响应时间:595ms	安徽省	六安市	这里是日志信息......
2023-11-10 16:02:50.535162	[ERROR]	event.py	响应时间:259ms	北京市	朝阳区	这里是日志信息......
2023-11-10 16:02:50.535162	[INFO]	shop_manager.py	响应时间:503ms	重庆市	九龙坡区	这里是日志信息......
2023-11-10 16:02:50.535162	[INFO]	goods_manager.py	响应时间:680ms	湖南省	长沙市	这里是日志信息......
2023-11-10 16:02:50.535162	[INFO]	event.py	响应时间:75ms	湖北省	荆州市	这里是日志信息......
2023-11-10 16:02:50.535162	[INFO]	orders_service.py	响应时间:858ms	浙江省	舟山市	这里是日志信息......
2023-11-10 16:02:50.535162	[INFO]	goods_manager.py	响应时间:388ms	重庆市	沙坪坝区	这里是日志信息......
2023-11-10 16:02:50.535162	[WARN]	orders_service.py	响应时间:425ms	重庆市	万州区	这里是日志信息......
2023-11-10 16:02:50.535162	[INFO]	event.py	响应时间:982ms	湖南省	张家界市	这里是日志信息......
2023-11-10 16:02:50.535162	[INFO]	event.py	响应时间:563ms	浙江省	舟山市	这里是日志信息......
2023-11-10 16:02:50.535162	[INFO]	base_network.py	响应时间:378ms	浙江省	金华市	这里是日志信息......
2023-11-10 16:02:50.535162	[INFO]	base_network.py	响应时间:970ms	江苏省	南京市	这里是日志信息......
2023-11-10 16:02:50.535162	[INFO]	event.py	响应时间:647ms	天津市	河西区	这里是日志信息......
2023-11-10 16:02:50.535162	[INFO]	user_manager.py	响应时间:390ms	江苏省	无锡市	这里是日志信息......
2023-11-10 16:02:50.535162	[WARN]	shop_manager.py	响应时间:252ms	上海市	徐汇区	这里是日志信息......
2023-11-10 16:02:50.535162	[WARN]	shop_manager.py	响应时间:293ms	江苏省	苏州市	这里是日志信息......
2023-11-10 16:02:50.535162	[INFO]	orders_service.py	响应时间:442ms	上海市	普陀区	这里是日志信息......
2023-11-10 16:02:50.535162	[WARN]	event.py	响应时间:114ms	安徽省	芜湖市	这里是日志信息......
2023-11-10 16:02:50.535162	[INFO]	orders_service.py	响应时间:18ms	湖南省	长沙市	这里是日志信息......
2023-11-10 16:02:50.535162	[INFO]	barcode_service.py	响应时间:195ms	浙江省	丽水市	这里是日志信息......
2023-11-10 16:02:50.535162	[INFO]	shop_manager.py	响应时间:218ms	浙江省	杭州市	这里是日志信息......
2023-11-10 16:02:50.535162	[INFO]	orders_service.py	响应时间:736ms	江苏省	南京市	这里是日志信息......
2023-11-10 16:02:50.535162	[INFO]	shop_manager.py	响应时间:980ms	广东省	广州市	这里是日志信息......
2023-11-10 16:02:50.535162	[INFO]	barcode_service.py	响应时间:480ms	上海市	黄浦区	这里是日志信息......
2023-11-10 16:02:50.535162	[INFO]	goods_manager.py	响应时间:909ms	安徽省	铜陵市	这里是日志信息......
2023-11-10 16:02:50.535162	[WARN]	goods_manager.py	响应时间:861ms	浙江省	绍兴市	这里是日志信息......
2023-11-10 16:02:50.535162	[INFO]	event.py	响应时间:638ms	江苏省	南京市	这里是日志信息......
2023-11-10 16:02:50.535162	[INFO]	user_manager.py	响应时间:857ms	安徽省	阜阳市	这里是日志信息......
2023-11-10 16:02:50.535162	[WARN]	orders_service.py	响应时间:223ms	北京市	海淀区	这里是日志信息......
2023-11-10 16:02:50.535162	[INFO]	orders_service.py	响应时间:345ms	北京市	大兴区	这里是日志信息......
2023-11-10 16:02:50.535162	[ERROR]	goods_manager.py	响应时间:139ms	广东省	广州市	这里是日志信息......
2023-11-10 16:02:50.535162	[INFO]	goods_manager.py	响应时间:19ms	山东省	青岛市	这里是日志信息......
2023-11-10 16:02:50.535162	[INFO]	goods_manager.py	响应时间:243ms	湖南省	常德市	这里是日志信息......
2023-11-10 16:02:50.535162	[INFO]	goods_manager.py	响应时间:494ms	湖北省	武汉市	这里是日志信息......
2023-11-10 16:02:50.535162	[INFO]	user_manager.py	响应时间:4324ms	浙江省	绍兴市	这里是日志信息......
2023-11-10 16:02:50.535162	[INFO]	user_manager.py	响应时间:970ms	山东省	青岛市	这里是日志信息......
2023-11-10 16:02:50.535162	[INFO]	goods_manager.py	响应时间:227ms	北京市	大兴区	这里是日志信息......
2023-11-10 16:02:50.535162	[INFO]	event.py	响应时间:241ms	安徽省	阜阳市	这里是日志信息......
2023-11-10 16:02:50.535162	[INFO]	user_manager.py	响应时间:451ms	广东省	深圳市	这里是日志信息......
2023-11-10 16:02:50.535162	[INFO]	orders_service.py	响应时间:69ms	湖北省	武汉市	这里是日志信息......
2023-11-10 16:02:50.535162	[INFO]	goods_manager.py	响应时间:150ms	山东省	菏泽市	这里是日志信息......
2023-11-10 16:02:50.535162	[INFO]	event.py	响应时间:59ms	安徽省	六安市	这里是日志信息......
2023-11-10 16:02:50.535162	[INFO]	orders_service.py	响应时间:453ms	浙江省	湖州市	这里是日志信息......
2023-11-10 16:02:50.535162	[INFO]	goods_manager.py	响应时间:382ms	天津市	武清区	这里是日志信息......
2023-11-10 16:02:50.535162	[INFO]	orders_service.py	响应时间:540ms	山东省	菏泽市	这里是日志信息......
2023-11-10 16:02:50.535162	[INFO]	orders_service.py	响应时间:889ms	重庆市	九龙坡区	这里是日志信息......
2023-11-10 16:02:50.535162	[WARN]	user_manager.py	响应时间:774ms	浙江省	金华市	这里是日志信息......
2023-11-10 16:02:50.535162	[INFO]	user_manager.py	响应时间:875ms	湖南省	长沙市	这里是日志信息......
2023-11-10 16:02:50.535162	[INFO]	orders_service.py	响应时间:689ms	重庆市	涪陵区	这里是日志信息......
2023-11-10 16:02:50.535162	[INFO]	goods_manager.py	响应时间:609ms	天津市	宝坻区	这里是日志信息......
2023-11-10 16:02:50.535162	[WARN]	goods_manager.py	响应时间:855ms	山东省	青岛市	这里是日志信息......
2023-11-10 16:02:50.535162	[INFO]	orders_service.py	响应时间:387ms	湖北省	荆州市	这里是日志信息......
2023-11-10 16:02:50.535162	[INFO]	event.py	响应时间:608ms	江苏省	宿迁市	这里是日志信息......
2023-11-10 16:02:50.535162	[INFO]	shop_manager.py	响应时间:837ms	江苏省	南京市	这里是日志信息......
2023-11-10 16:02:50.535162	[INFO]	goods_manager.py	响应时间:465ms	安徽省	池州市	这里是日志信息......
2023-11-10 16:02:50.535162	[INFO]	orders_service.py	响应时间:614ms	山东省	青岛市	这里是日志信息......
2023-11-10 16:02:50.535162	[INFO]	base_network.py	响应时间:282ms	北京市	朝阳区	这里是日志信息......
2023-11-10 16:02:50.535162	[INFO]	base_network.py	响应时间:707ms	湖南省	长沙市	这里是日志信息......
2023-11-10 16:02:50.535162	[INFO]	shop_manager.py	响应时间:414ms	浙江省	嘉兴市	这里是日志信息......
2023-11-10 16:02:50.535162	[INFO]	goods_manager.py	响应时间:840ms	广东省	广州市	这里是日志信息......
2023-11-10 16:02:50.535162	[WARN]	orders_service.py	响应时间:60ms	重庆市	南岸区	这里是日志信息......
2023-11-10 16:02:50.535162	[INFO]	goods_manager.py	响应时间:377ms	湖北省	武汉市	这里是日志信息......
2023-11-10 16:02:50.535162	[INFO]	goods_manager.py	响应时间:640ms	湖北省	恩施土家族苗族自治州	这里是日志信息......
2023-11-10 16:02:50.535162	[INFO]	user_manager.py	响应时间:588ms	广东省	深圳市	这里是日志信息......
2023-11-10 16:02:50.535162	[INFO]	user_manager.py	响应时间:661ms	山东省	青岛市	这里是日志信息......
2023-11-10 16:02:50.535162	[INFO]	orders_service.py	响应时间:646ms	北京市	海淀区	这里是日志信息......
2023-11-10 16:02:50.535162	[INFO]	shop_manager.py	响应时间:180ms	浙江省	杭州市	这里是日志信息......
2023-11-10 16:02:50.535162	[INFO]	user_manager.py	响应时间:536ms	北京市	丰台区	这里是日志信息......
2023-11-10 16:02:50.535162	[INFO]	event.py	响应时间:198ms	上海市	宝山区	这里是日志信息......
2023-11-10 16:02:50.536162	[INFO]	user_manager.py	响应时间:739ms	广东省	广州市	这里是日志信息......
2023-11-10 16:02:50.536162	[INFO]	shop_manager.py	响应时间:509ms	上海市	杨浦区	这里是日志信息......
2023-11-10 16:02:50.536162	[INFO]	base_network.py	响应时间:952ms	湖北省	武汉市	这里是日志信息......
2023-11-10 16:02:50.536162	[INFO]	user_manager.py	响应时间:293ms	重庆市	涪陵区	这里是日志信息......
2023-11-10 16:02:50.536162	[INFO]	orders_service.py	响应时间:428ms	江苏省	苏州市	这里是日志信息......
2023-11-10 16:02:50.536162	[INFO]	base_network.py	响应时间:508ms	重庆市	沙坪坝区	这里是日志信息......
2023-11-10 16:02:50.536162	[INFO]	base_network.py	响应时间:613ms	山东省	菏泽市	这里是日志信息......
2023-11-10 16:02:50.536162	[ERROR]	goods_manager.py	响应时间:492ms	江苏省	张家港市	这里是日志信息......
2023-11-10 16:02:50.536162	[ERROR]	event.py	响应时间:6643ms	重庆市	渝中区	这里是日志信息......
2023-11-10 16:02:50.536162	[INFO]	goods_manager.py	响应时间:732ms	湖北省	武汉市	这里是日志信息......
2023-11-10 16:02:50.536162	[ERROR]	goods_manager.py	响应时间:16ms	安徽省	铜陵市	这里是日志信息......
2023-11-10 16:02:50.536162	[INFO]	user_manager.py	响应时间:577ms	浙江省	丽水市	这里是日志信息......
2023-11-10 16:02:50.536162	[INFO]	base_network.py	响应时间:280ms	湖北省	武汉市	这里是日志信息......
2023-11-10 16:02:50.536162	[WARN]	orders_service.py	响应时间:220ms	湖南省	常德市	这里是日志信息......
2023-11-10 16:02:50.536162	[INFO]	goods_manager.py	响应时间:335ms	广东省	深圳市	这里是日志信息......
2023-11-10 16:02:50.536162	[INFO]	orders_service.py	响应时间:2632ms	天津市	宝坻区	这里是日志信息......
2023-11-10 16:02:50.536162	[INFO]	orders_service.py	响应时间:999ms	广东省	深圳市	这里是日志信息......
2023-11-10 16:02:50.536162	[INFO]	goods_manager.py	响应时间:441ms	江苏省	宿迁市	这里是日志信息......
2023-11-10 16:02:50.536162	[INFO]	orders_service.py	响应时间:372ms	重庆市	南岸区	这里是日志信息......
2023-11-10 16:02:50.536162	[INFO]	base_network.py	响应时间:6265ms	天津市	河西区	这里是日志信息......
2023-11-10 16:02:50.536162	[INFO]	user_manager.py	响应时间:811ms	湖南省	长沙市	这里是日志信息......
2023-11-10 16:02:50.536162	[INFO]	goods_manager.py	响应时间:235ms	北京市	大兴区	这里是日志信息......
2023-11-10 16:02:50.536162	[INFO]	event.py	响应时间:131ms	浙江省	丽水市	这里是日志信息......
2023-11-10 16:02:50.536162	[INFO]	event.py	响应时间:206ms	湖南省	长沙市	这里是日志信息......
2023-11-10 16:02:50.536162	[INFO]	goods_manager.py	响应时间:220ms	北京市	怀柔区	这里是日志信息......
2023-11-10 16:02:50.536162	[WARN]	goods_manager.py	响应时间:902ms	山东省	济南市	这里是日志信息......
2023-11-10 16:02:50.536162	[INFO]	goods_manager.py	响应时间:393ms	上海市	静安区	这里是日志信息......
2023-11-10 16:02:50.536162	[INFO]	orders_service.py	响应时间:142ms	浙江省	嘉兴市	这里是日志信息......
2023-11-10 16:02:50.536162	[INFO]	base_network.py	响应时间:541ms	天津市	和平区	这里是日志信息......
2023-11-10 16:02:50.536162	[ERROR]	shop_manager.py	响应时间:562ms	浙江省	杭州市	这里是日志信息......
2023-11-10 16:02:50.536162	[ERROR]	shop_manager.py	响应时间:303ms	上海市	徐汇区	这里是日志信息......
2023-11-10 16:02:50.536162	[INFO]	barcode_service.py	响应时间:621ms	江苏省	宿迁市	这里是日志信息......
2023-11-10 16:02:50.536162	[INFO]	base_network.py	响应时间:999ms	重庆市	沙坪坝区	这里是日志信息......
2023-11-10 16:02:50.536162	[INFO]	goods_manager.py	响应时间:22ms	北京市	海淀区	这里是日志信息......
2023-11-10 16:02:50.536162	[INFO]	user_manager.py	响应时间:45ms	天津市	和平区	这里是日志信息......
2023-11-10 16:02:50.536162	[WARN]	orders_service.py	响应时间:387ms	重庆市	渝中区	这里是日志信息......
2023-11-10 16:02:50.536162	[INFO]	base_network.py	响应时间:550ms	上海市	浦东新区	这里是日志信息......
2023-11-10 16:02:50.536162	[INFO]	goods_manager.py	响应时间:635ms	重庆市	南岸区	这里是日志信息......
2023-11-10 16:02:50.536162	[ERROR]	event.py	响应时间:597ms	北京市	海淀区	这里是日志信息......
2023-11-10 16:02:50.536162	[WARN]	base_network.py	响应时间:403ms	湖北省	武汉市	这里是日志信息......
2023-11-10 16:02:50.536162	[INFO]	goods_manager.py	响应时间:906ms	天津市	河东区	这里是日志信息......
2023-11-10 16:02:50.536162	[INFO]	goods_manager.py	响应时间:116ms	上海市	浦东新区	这里是日志信息......
2023-11-10 16:02:50.536162	[INFO]	event.py	响应时间:815ms	江苏省	南京市	这里是日志信息......
2023-11-10 16:02:50.536162	[INFO]	orders_service.py	响应时间:13ms	上海市	杨浦区	这里是日志信息......
2023-11-10 16:02:50.536162	[WARN]	barcode_service.py	响应时间:106ms	浙江省	湖州市	这里是日志信息......
2023-11-10 16:02:50.536162	[INFO]	user_manager.py	响应时间:187ms	江苏省	苏州市	这里是日志信息......
2023-11-10 16:02:50.536162	[INFO]	barcode_service.py	响应时间:281ms	湖南省	常德市	这里是日志信息......
2023-11-10 16:02:50.536162	[INFO]	barcode_service.py	响应时间:364ms	山东省	青岛市	这里是日志信息......
2023-11-10 16:02:50.536162	[INFO]	barcode_service.py	响应时间:113ms	山东省	菏泽市	这里是日志信息......
2023-11-10 16:02:50.536162	[WARN]	base_network.py	响应时间:527ms	重庆市	沙坪坝区	这里是日志信息......
2023-11-10 16:02:50.536162	[INFO]	event.py	响应时间:320ms	广东省	深圳市	这里是日志信息......
2023-11-10 16:02:50.536162	[INFO]	event.py	响应时间:476ms	上海市	黄浦区	这里是日志信息......
2023-11-10 16:02:50.536162	[INFO]	barcode_service.py	响应时间:229ms	山东省	青岛市	这里是日志信息......
2023-11-10 16:02:50.536162	[INFO]	shop_manager.py	响应时间:915ms	湖北省	恩施土家族苗族自治州	这里是日志信息......
2023-11-10 16:02:50.536162	[INFO]	goods_manager.py	响应时间:768ms	湖北省	十堰市	这里是日志信息......
2023-11-10 16:02:50.536162	[INFO]	event.py	响应时间:18ms	浙江省	湖州市	这里是日志信息......
2023-11-10 16:02:50.536162	[INFO]	event.py	响应时间:478ms	天津市	武清区	这里是日志信息......
2023-11-10 16:02:50.536162	[INFO]	barcode_service.py	响应时间:684ms	山东省	青岛市	这里是日志信息......
2023-11-10 16:02:50.536162	[INFO]	goods_manager.py	响应时间:853ms	天津市	武清区	这里是日志信息......
2023-11-10 16:02:50.536162	[INFO]	shop_manager.py	响应时间:609ms	山东省	济南市	这里是日志信息......
2023-11-10 16:02:50.536162	[INFO]	orders_service.py	响应时间:593ms	山东省	济南市	这里是日志信息......
2023-11-10 16:02:50.536162	[INFO]	user_manager.py	响应时间:867ms	北京市	海淀区	这里是日志信息......
2023-11-10 16:02:50.536162	[INFO]	orders_service.py	响应时间:343ms	上海市	浦东新区	这里是日志信息......
2023-11-10 16:02:50.536162	[INFO]	barcode_service.py	响应时间:781ms	上海市	黄浦区	这里是日志信息......
2023-11-10 16:02:50.536162	[INFO]	barcode_service.py	响应时间:828ms	广东省	广州市	这里是日志信息......
2023-11-10 16:02:50.536162	[INFO]	orders_service.py	响应时间:379ms	湖南省	常德市	这里是日志信息......
2023-11-10 16:02:50.536162	[INFO]	user_manager.py	响应时间:653ms	湖北省	武汉市	这里是日志信息......
2023-11-10 16:02:50.536162	[WARN]	barcode_service.py	响应时间:184ms	山东省	菏泽市	这里是日志信息......
2023-11-10 16:02:50.536162	[INFO]	event.py	响应时间:355ms	广东省	深圳市	这里是日志信息......
2023-11-10 16:02:50.536162	[INFO]	event.py	响应时间:963ms	山东省	菏泽市	这里是日志信息......
2023-11-10 16:02:50.536162	[WARN]	event.py	响应时间:854ms	上海市	黄浦区	这里是日志信息......
2023-11-10 16:02:50.536162	[INFO]	orders_service.py	响应时间:527ms	浙江省	丽水市	这里是日志信息......
2023-11-10 16:02:50.536162	[INFO]	goods_manager.py	响应时间:94ms	山东省	青岛市	这里是日志信息......
2023-11-10 16:02:50.536162	[INFO]	event.py	响应时间:411ms	北京市	大兴区	这里是日志信息......
2023-11-10 16:02:50.536162	[INFO]	barcode_service.py	响应时间:404ms	重庆市	涪陵区	这里是日志信息......
2023-11-10 16:02:50.536162	[INFO]	goods_manager.py	响应时间:798ms	上海市	普陀区	这里是日志信息......
2023-11-10 16:02:50.536162	[INFO]	event.py	响应时间:9ms	北京市	昌平区	这里是日志信息......
2023-11-10 16:02:50.536162	[INFO]	base_network.py	响应时间:402ms	重庆市	九龙坡区	这里是日志信息......
2023-11-10 16:02:50.536162	[ERROR]	barcode_service.py	响应时间:55ms	江苏省	南京市	这里是日志信息......
2023-11-10 16:02:50.536162	[INFO]	orders_service.py	响应时间:168ms	广东省	广州市	这里是日志信息......
2023-11-10 16:02:50.536162	[INFO]	goods_manager.py	响应时间:3075ms	上海市	徐汇区	这里是日志信息......
2023-11-10 16:02:50.536162	[INFO]	orders_service.py	响应时间:223ms	重庆市	万州区	这里是日志信息......
2023-11-10 16:02:50.536162	[INFO]	orders_service.py	响应时间:855ms	湖南省	常德市	这里是日志信息......
2023-11-10 16:02:50.536162	[INFO]	base_network.py	响应时间:655ms	山东省	青岛市	这里是日志信息......
2023-11-10 16:02:50.536162	[WARN]	barcode_service.py	响应时间:462ms	浙江省	金华市	这里是日志信息......
2023-11-10 16:02:50.536162	[INFO]	goods_manager.py	响应时间:824ms	山东省	青岛市	这里是日志信息......
2023-11-10 16:02:50.536162	[INFO]	event.py	响应时间:908ms	浙江省	杭州市	这里是日志信息......
2023-11-10 16:02:50.536162	[INFO]	event.py	响应时间:952ms	湖南省	常德市	这里是日志信息......
2023-11-10 16:02:50.537164	[INFO]	barcode_service.py	响应时间:912ms	北京市	海淀区	这里是日志信息......
2023-11-10 16:02:50.537164	[INFO]	orders_service.py	响应时间:282ms	山东省	济南市	这里是日志信息......
2023-11-10 16:02:50.537164	[WARN]	orders_service.py	响应时间:118ms	湖北省	武汉市	这里是日志信息......
2023-11-10 16:02:50.537164	[INFO]	user_manager.py	响应时间:337ms	天津市	河东区	这里是日志信息......
2023-11-10 16:02:50.537164	[ERROR]	event.py	响应时间:351ms	湖南省	益阳市	这里是日志信息......
2023-11-10 16:02:50.537164	[INFO]	event.py	响应时间:40ms	上海市	黄浦区	这里是日志信息......
2023-11-10 16:02:50.537164	[INFO]	user_manager.py	响应时间:922ms	重庆市	沙坪坝区	这里是日志信息......
2023-11-10 16:02:50.537164	[INFO]	event.py	响应时间:400ms	湖北省	荆州市	这里是日志信息......
2023-11-10 16:02:50.537164	[INFO]	orders_service.py	响应时间:188ms	浙江省	丽水市	这里是日志信息......
2023-11-10 16:02:50.537164	[INFO]	orders_service.py	响应时间:836ms	上海市	徐汇区	这里是日志信息......
2023-11-10 16:02:50.537164	[INFO]	user_manager.py	响应时间:676ms	广东省	珠海市	这里是日志信息......
2023-11-10 16:02:50.537164	[INFO]	event.py	响应时间:879ms	重庆市	万州区	这里是日志信息......
2023-11-10 16:02:50.537164	[INFO]	orders_service.py	响应时间:828ms	浙江省	丽水市	这里是日志信息......
2023-11-10 16:02:50.537164	[INFO]	orders_service.py	响应时间:363ms	重庆市	涪陵区	这里是日志信息......
2023-11-10 16:02:50.537164	[INFO]	base_network.py	响应时间:236ms	江苏省	南京市	这里是日志信息......
2023-11-10 16:02:50.537164	[INFO]	base_network.py	响应时间:461ms	北京市	昌平区	这里是日志信息......
2023-11-10 16:02:50.537164	[INFO]	goods_manager.py	响应时间:382ms	北京市	丰台区	这里是日志信息......
2023-11-10 16:02:50.537164	[INFO]	orders_service.py	响应时间:712ms	北京市	丰台区	这里是日志信息......
2023-11-10 16:02:50.537164	[INFO]	barcode_service.py	响应时间:716ms	山东省	青岛市	这里是日志信息......
2023-11-10 16:02:50.537164	[INFO]	orders_service.py	响应时间:169ms	安徽省	合肥市	这里是日志信息......
2023-11-10 16:02:50.537164	[INFO]	event.py	响应时间:730ms	天津市	河东区	这里是日志信息......
2023-11-10 16:02:50.537164	[INFO]	goods_manager.py	响应时间:662ms	江苏省	南京市	这里是日志信息......
2023-11-10 16:02:50.537164	[WARN]	event.py	响应时间:309ms	湖南省	长沙市	这里是日志信息......
2023-11-10 16:02:50.537164	[INFO]	event.py	响应时间:278ms	江苏省	南京市	这里是日志信息......
2023-11-10 16:02:50.537164	[WARN]	orders_service.py	响应时间:75ms	浙江省	湖州市	这里是日志信息......
2023-11-10 16:02:50.537164	[INFO]	goods_manager.py	响应时间:842ms	北京市	朝阳区	这里是日志信息......
2023-11-10 16:02:50.537164	[INFO]	barcode_service.py	响应时间:813ms	广东省	深圳市	这里是日志信息......
2023-11-10 16:02:50.537164	[INFO]	goods_manager.py	响应时间:484ms	重庆市	涪陵区	这里是日志信息......
2023-11-10 16:02:50.537164	[INFO]	user_manager.py	响应时间:612ms	浙江省	金华市	这里是日志信息......
2023-11-10 16:02:50.537164	[INFO]	orders_service.py	响应时间:223ms	北京市	海淀区	这里是日志信息......
2023-11-10 16:02:50.537164	[INFO]	event.py	响应时间:718ms	广东省	广州市	这里是日志信息......
2023-11-10 16:02:50.537164	[INFO]	event.py	响应时间:341ms	山东省	青岛市	这里是日志信息......
2023-11-10 16:02:50.537164	[INFO]	user_manager.py	响应时间:417ms	湖北省	武汉市	这里是日志信息......
2023-11-10 16:02:50.537164	[INFO]	event.py	响应时间:590ms	安徽省	阜阳市	这里是日志信息......
2023-11-10 16:02:50.537164	[INFO]	base_network.py	响应时间:719ms	湖北省	武汉市	这里是日志信息......
2023-11-10 16:02:50.537164	[INFO]	goods_manager.py	响应时间:285ms	湖北省	武汉市	这里是日志信息......
2023-11-10 16:02:50.537164	[INFO]	shop_manager.py	响应时间:823ms	浙江省	绍兴市	这里是日志信息......
2023-11-10 16:02:50.537164	[INFO]	goods_manager.py	响应时间:320ms	北京市	大兴区	这里是日志信息......
2023-11-10 16:02:50.537164	[INFO]	barcode_service.py	响应时间:879ms	安徽省	芜湖市	这里是日志信息......
2023-11-10 16:02:50.537164	[INFO]	user_manager.py	响应时间:311ms	天津市	河东区	这里是日志信息......
2023-11-10 16:02:50.537164	[ERROR]	base_network.py	响应时间:350ms	重庆市	沙坪坝区	这里是日志信息......
2023-11-10 16:02:50.537164	[INFO]	barcode_service.py	响应时间:814ms	安徽省	阜阳市	这里是日志信息......
2023-11-10 16:02:50.537164	[INFO]	event.py	响应时间:761ms	浙江省	湖州市	这里是日志信息......
2023-11-10 16:02:50.537164	[WARN]	barcode_service.py	响应时间:490ms	湖北省	恩施土家族苗族自治州	这里是日志信息......
2023-11-10 16:02:50.537164	[INFO]	barcode_service.py	响应时间:156ms	湖北省	恩施土家族苗族自治州	这里是日志信息......
2023-11-10 16:02:50.537164	[INFO]	shop_manager.py	响应时间:2655ms	广东省	广州市	这里是日志信息......
2023-11-10 16:02:50.537164	[INFO]	goods_manager.py	响应时间:918ms	湖南省	长沙市	这里是日志信息......
2023-11-10 16:02:50.537164	[WARN]	event.py	响应时间:114ms	北京市	朝阳区	这里是日志信息......
2023-11-10 16:02:50.537164	[INFO]	user_manager.py	响应时间:989ms	重庆市	九龙坡区	这里是日志信息......
2023-11-10 16:02:50.537164	[WARN]	orders_service.py	响应时间:347ms	重庆市	涪陵区	这里是日志信息......
2023-11-10 16:02:50.537164	[INFO]	barcode_service.py	响应时间:958ms	安徽省	合肥市	这里是日志信息......
2023-11-10 16:02:50.537164	[WARN]	event.py	响应时间:3422ms	广东省	深圳市	这里是日志信息......
2023-11-10 16:02:50.537164	[INFO]	event.py	响应时间:789ms	广东省	深圳市	这里是日志信息......
2023-11-10 16:02:50.537164	[INFO]	event.py	响应时间:153ms	湖南省	长沙市	这里是日志信息......
2023-11-10 16:02:50.537164	[INFO]	base_network.py	响应时间:380ms	安徽省	阜阳市	这里是日志信息......
2023-11-10 16:02:50.537164	[INFO]	goods_manager.py	响应时间:368ms	上海市	静安区	这里是日志信息......
2023-11-10 16:02:50.537164	[INFO]	goods_manager.py	响应时间:336ms	天津市	宝坻区	这里是日志信息......
2023-11-10 16:02:50.537164	[INFO]	event.py	响应时间:720ms	重庆市	南岸区	这里是日志信息......
2023-11-10 16:02:50.537164	[WARN]	goods_manager.py	响应时间:135ms	山东省	菏泽市	这里是日志信息......
2023-11-10 16:02:50.537164	[INFO]	event.py	响应时间:105ms	广东省	深圳市	这里是日志信息......
2023-11-10 16:02:50.537164	[INFO]	orders_service.py	响应时间:765ms	浙江省	嘉兴市	这里是日志信息......
2023-11-10 16:02:50.537164	[INFO]	base_network.py	响应时间:399ms	广东省	广州市	这里是日志信息......
2023-11-10 16:02:50.537164	[INFO]	user_manager.py	响应时间:62ms	山东省	青岛市	这里是日志信息......
2023-11-10 16:02:50.537164	[WARN]	goods_manager.py	响应时间:363ms	湖南省	长沙市	这里是日志信息......
2023-11-10 16:02:50.537164	[INFO]	event.py	响应时间:448ms	重庆市	渝中区	这里是日志信息......
2023-11-10 16:02:50.537164	[WARN]	barcode_service.py	响应时间:294ms	山东省	青岛市	这里是日志信息......
2023-11-10 16:02:50.537164	[INFO]	orders_service.py	响应时间:749ms	北京市	昌平区	这里是日志信息......
2023-11-10 16:02:50.537164	[INFO]	base_network.py	响应时间:626ms	湖北省	恩施土家族苗族自治州	这里是日志信息......
2023-11-10 16:02:50.537164	[INFO]	event.py	响应时间:0ms	湖北省	武汉市	这里是日志信息......
2023-11-10 16:02:50.537164	[INFO]	goods_manager.py	响应时间:557ms	山东省	青岛市	这里是日志信息......
2023-11-10 16:02:50.537164	[INFO]	user_manager.py	响应时间:767ms	湖北省	十堰市	这里是日志信息......
2023-11-10 16:02:50.537164	[WARN]	orders_service.py	响应时间:210ms	江苏省	南京市	这里是日志信息......
2023-11-10 16:02:50.537164	[INFO]	barcode_service.py	响应时间:339ms	山东省	青岛市	这里是日志信息......
2023-11-10 16:02:50.537164	[INFO]	shop_manager.py	响应时间:370ms	重庆市	万州区	这里是日志信息......
2023-11-10 16:02:50.537164	[INFO]	event.py	响应时间:629ms	天津市	河东区	这里是日志信息......
2023-11-10 16:02:50.537164	[INFO]	orders_service.py	响应时间:659ms	北京市	怀柔区	这里是日志信息......
2023-11-10 16:02:50.537164	[INFO]	base_network.py	响应时间:553ms	浙江省	舟山市	这里是日志信息......
2023-11-10 16:02:50.537164	[INFO]	shop_manager.py	响应时间:548ms	广东省	珠海市	这里是日志信息......
2023-11-10 16:02:50.537164	[INFO]	event.py	响应时间:693ms	上海市	徐汇区	这里是日志信息......
2023-11-10 16:02:50.537164	[INFO]	shop_manager.py	响应时间:908ms	北京市	丰台区	这里是日志信息......
2023-11-10 16:02:50.537164	[ERROR]	orders_service.py	响应时间:14ms	重庆市	九龙坡区	这里是日志信息......
2023-11-10 16:02:50.537164	[INFO]	event.py	响应时间:766ms	上海市	静安区	这里是日志信息......
2023-11-10 16:02:50.537164	[INFO]	goods_manager.py	响应时间:995ms	安徽省	芜湖市	这里是日志信息......
2023-11-10 16:02:50.537164	[INFO]	user_manager.py	响应时间:847ms	广东省	珠海市	这里是日志信息......
2023-11-10 16:02:50.537164	[INFO]	barcode_service.py	响应时间:646ms	湖北省	武汉市	这里是日志信息......
2023-11-10 16:02:50.537164	[INFO]	goods_manager.py	响应时间:665ms	重庆市	沙坪坝区	这里是日志信息......
2023-11-10 16:02:50.537164	[INFO]	event.py	响应时间:786ms	湖北省	荆州市	这里是日志信息......
2023-11-10 16:02:50.537164	[INFO]	event.py	响应时间:5739ms	上海市	杨浦区	这里是日志信息......
2023-11-10 16:02:50.537164	[INFO]	base_network.py	响应时间:207ms	湖南省	益阳市	这里是日志信息......
2023-11-10 16:02:50.537164	[INFO]	barcode_service.py	响应时间:60ms	安徽省	阜阳市	这里是日志信息......
2023-11-10 16:02:50.537164	[INFO]	event.py	响应时间:585ms	江苏省	常州市	这里是日志信息......
2023-11-10 16:02:50.537164	[INFO]	event.py	响应时间:405ms	北京市	海淀区	这里是日志信息......
2023-11-10 16:02:50.537164	[INFO]	event.py	响应时间:615ms	天津市	河西区	这里是日志信息......
2023-11-10 16:02:50.537164	[WARN]	user_manager.py	响应时间:528ms	浙江省	绍兴市	这里是日志信息......
2023-11-10 16:02:50.537164	[INFO]	goods_manager.py	响应时间:808ms	重庆市	沙坪坝区	这里是日志信息......
2023-11-10 16:02:50.537164	[INFO]	barcode_service.py	响应时间:246ms	上海市	黄浦区	这里是日志信息......
2023-11-10 16:02:50.537164	[WARN]	orders_service.py	响应时间:278ms	重庆市	九龙坡区	这里是日志信息......
2023-11-10 16:02:50.537164	[INFO]	event.py	响应时间:79ms	浙江省	绍兴市	这里是日志信息......
2023-11-10 16:02:50.538164	[INFO]	goods_manager.py	响应时间:777ms	湖南省	长沙市	这里是日志信息......
2023-11-10 16:02:50.538164	[INFO]	orders_service.py	响应时间:690ms	安徽省	合肥市	这里是日志信息......
2023-11-10 16:02:50.538164	[WARN]	barcode_service.py	响应时间:579ms	重庆市	万州区	这里是日志信息......
2023-11-10 16:02:50.538164	[INFO]	orders_service.py	响应时间:749ms	重庆市	万州区	这里是日志信息......
2023-11-10 16:02:50.538164	[INFO]	goods_manager.py	响应时间:832ms	湖南省	长沙市	这里是日志信息......
2023-11-10 16:02:50.538164	[INFO]	goods_manager.py	响应时间:593ms	广东省	珠海市	这里是日志信息......
2023-11-10 16:02:50.538164	[INFO]	orders_service.py	响应时间:64ms	浙江省	丽水市	这里是日志信息......
2023-11-10 16:02:50.538164	[INFO]	barcode_service.py	响应时间:549ms	重庆市	渝中区	这里是日志信息......
2023-11-10 16:02:50.538164	[INFO]	goods_manager.py	响应时间:716ms	湖南省	益阳市	这里是日志信息......
2023-11-10 16:02:50.538164	[INFO]	orders_service.py	响应时间:250ms	安徽省	铜陵市	这里是日志信息......
2023-11-10 16:02:50.538164	[INFO]	orders_service.py	响应时间:659ms	浙江省	舟山市	这里是日志信息......
2023-11-10 16:02:50.538164	[INFO]	event.py	响应时间:328ms	山东省	青岛市	这里是日志信息......
2023-11-10 16:02:50.538164	[INFO]	user_manager.py	响应时间:120ms	上海市	浦东新区	这里是日志信息......
2023-11-10 16:02:50.538164	[WARN]	orders_service.py	响应时间:46ms	北京市	海淀区	这里是日志信息......
2023-11-10 16:02:50.538164	[INFO]	event.py	响应时间:853ms	天津市	河东区	这里是日志信息......
2023-11-10 16:02:50.538164	[WARN]	base_network.py	响应时间:87ms	安徽省	池州市	这里是日志信息......
2023-11-10 16:02:50.538164	[INFO]	event.py	响应时间:548ms	重庆市	万州区	这里是日志信息......
2023-11-10 16:02:50.538164	[INFO]	goods_manager.py	响应时间:878ms	浙江省	嘉兴市	这里是日志信息......
2023-11-10 16:02:50.538164	[INFO]	orders_service.py	响应时间:225ms	重庆市	万州区	这里是日志信息......
2023-11-10 16:02:50.538164	[INFO]	user_manager.py	响应时间:633ms	安徽省	合肥市	这里是日志信息......
2023-11-10 16:02:50.538164	[INFO]	event.py	响应时间:389ms	浙江省	杭州市	这里是日志信息......
2023-11-10 16:02:50.538164	[INFO]	orders_service.py	响应时间:610ms	上海市	普陀区	这里是日志信息......
2023-11-10 16:02:50.538164	[INFO]	barcode_service.py	响应时间:492ms	浙江省	金华市	这里是日志信息......
2023-11-10 16:02:50.538164	[WARN]	orders_service.py	响应时间:627ms	重庆市	南岸区	这里是日志信息......
2023-11-10 16:02:50.538164	[INFO]	orders_service.py	响应时间:24ms	山东省	菏泽市	这里是日志信息......
2023-11-10 16:02:50.538164	[INFO]	goods_manager.py	响应时间:437ms	江苏省	宿迁市	这里是日志信息......
2023-11-10 16:02:50.538164	[INFO]	orders_service.py	响应时间:840ms	浙江省	杭州市	这里是日志信息......
2023-11-10 16:02:50.538164	[INFO]	event.py	响应时间:877ms	湖南省	株洲市	这里是日志信息......
2023-11-10 16:02:50.538164	[INFO]	shop_manager.py	响应时间:590ms	湖南省	长沙市	这里是日志信息......
2023-11-10 16:02:50.538164	[INFO]	orders_service.py	响应时间:386ms	重庆市	沙坪坝区	这里是日志信息......
2023-11-10 16:02:50.538164	[INFO]	shop_manager.py	响应时间:35ms	北京市	丰台区	这里是日志信息......
2023-11-10 16:02:50.538164	[INFO]	barcode_service.py	响应时间:791ms	山东省	青岛市	这里是日志信息......
2023-11-10 16:02:50.538164	[INFO]	user_manager.py	响应时间:315ms	上海市	浦东新区	这里是日志信息......
2023-11-10 16:02:50.538164	[INFO]	orders_service.py	响应时间:387ms	北京市	海淀区	这里是日志信息......
2023-11-10 16:02:50.538164	[INFO]	base_network.py	响应时间:943ms	浙江省	湖州市	这里是日志信息......
2023-11-10 16:02:50.538164	[INFO]	goods_manager.py	响应时间:824ms	重庆市	万州区	这里是日志信息......
2023-11-10 16:02:50.538164	[ERROR]	event.py	响应时间:256ms	湖南省	长沙市	这里是日志信息......
2023-11-10 16:02:50.538164	[INFO]	event.py	响应时间:555ms	重庆市	南岸区	这里是日志信息......
2023-11-10 16:02:50.538164	[INFO]	event.py	响应时间:359ms	山东省	菏泽市	这里是日志信息......
2023-11-10 16:02:50.538164	[INFO]	orders_service.py	响应时间:665ms	广东省	深圳市	这里是日志信息......
2023-11-10 16:02:50.538164	[INFO]	event.py	响应时间:590ms	山东省	济南市	这里是日志信息......
2023-11-10 16:02:50.538164	[INFO]	shop_manager.py	响应时间:534ms	江苏省	南京市	这里是日志信息......
2023-11-10 16:02:50.538164	[INFO]	base_network.py	响应时间:427ms	安徽省	芜湖市	这里是日志信息......
2023-11-10 16:02:50.538164	[INFO]	goods_manager.py	响应时间:856ms	北京市	朝阳区	这里是日志信息......
2023-11-10 16:02:50.538164	[WARN]	base_network.py	响应时间:459ms	上海市	黄浦区	这里是日志信息......
2023-11-10 16:02:50.538164	[INFO]	orders_service.py	响应时间:10ms	江苏省	南京市	这里是日志信息......
2023-11-10 16:02:50.538164	[INFO]	barcode_service.py	响应时间:156ms	安徽省	池州市	这里是日志信息......
2023-11-10 16:02:50.538164	[WARN]	orders_service.py	响应时间:320ms	天津市	河西区	这里是日志信息......
2023-11-10 16:02:50.538164	[INFO]	goods_manager.py	响应时间:879ms	北京市	昌平区	这里是日志信息......
2023-11-10 16:02:50.538164	[INFO]	event.py	响应时间:125ms	山东省	青岛市	这里是日志信息......
2023-11-10 16:02:50.538164	[INFO]	user_manager.py	响应时间:545ms	北京市	海淀区	这里是日志信息......
2023-11-10 16:02:50.538164	[INFO]	base_network.py	响应时间:136ms	江苏省	南京市	这里是日志信息......
2023-11-10 16:02:50.538164	[WARN]	goods_manager.py	响应时间:833ms	重庆市	南岸区	这里是日志信息......
2023-11-10 16:02:50.538164	[INFO]	goods_manager.py	响应时间:411ms	重庆市	沙坪坝区	这里是日志信息......
2023-11-10 16:02:50.538164	[INFO]	event.py	响应时间:268ms	浙江省	绍兴市	这里是日志信息......
2023-11-10 16:02:50.538164	[INFO]	goods_manager.py	响应时间:557ms	上海市	徐汇区	这里是日志信息......
2023-11-10 16:02:50.538164	[WARN]	goods_manager.py	响应时间:4ms	浙江省	丽水市	这里是日志信息......
2023-11-10 16:02:50.538164	[INFO]	barcode_service.py	响应时间:121ms	北京市	海淀区	这里是日志信息......
2023-11-10 16:02:50.538164	[INFO]	event.py	响应时间:182ms	广东省	深圳市	这里是日志信息......
2023-11-10 16:02:50.538164	[INFO]	orders_service.py	响应时间:66ms	广东省	珠海市	这里是日志信息......
2023-11-10 16:02:50.538164	[INFO]	user_manager.py	响应时间:762ms	重庆市	万州区	这里是日志信息......
2023-11-10 16:02:50.538164	[INFO]	base_network.py	响应时间:390ms	浙江省	杭州市	这里是日志信息......
2023-11-10 16:02:50.538164	[INFO]	shop_manager.py	响应时间:589ms	山东省	济南市	这里是日志信息......
2023-11-10 16:02:50.538164	[INFO]	goods_manager.py	响应时间:873ms	天津市	河西区	这里是日志信息......
2023-11-10 16:02:50.538164	[WARN]	event.py	响应时间:862ms	山东省	济南市	这里是日志信息......
2023-11-10 16:02:50.538164	[INFO]	shop_manager.py	响应时间:544ms	江苏省	苏州市	这里是日志信息......
2023-11-10 16:02:50.538164	[INFO]	goods_manager.py	响应时间:799ms	广东省	深圳市	这里是日志信息......
2023-11-10 16:02:50.538164	[INFO]	orders_service.py	响应时间:308ms	上海市	宝山区	这里是日志信息......
2023-11-10 16:02:50.538164	[INFO]	event.py	响应时间:27ms	北京市	怀柔区	这里是日志信息......
2023-11-10 16:02:50.538164	[INFO]	shop_manager.py	响应时间:104ms	浙江省	湖州市	这里是日志信息......
2023-11-10 16:02:50.538164	[INFO]	base_network.py	响应时间:778ms	山东省	青岛市	这里是日志信息......
2023-11-10 16:02:50.538164	[INFO]	orders_service.py	响应时间:898ms	山东省	青岛市	这里是日志信息......
2023-11-10 16:02:50.538164	[INFO]	event.py	响应时间:255ms	浙江省	杭州市	这里是日志信息......
2023-11-10 16:02:50.538164	[ERROR]	goods_manager.py	响应时间:2855ms	天津市	河西区	这里是日志信息......
2023-11-10 16:02:50.538164	[INFO]	event.py	响应时间:731ms	上海市	黄浦区	这里是日志信息......
2023-11-10 16:02:50.538164	[INFO]	event.py	响应时间:86ms	湖北省	武汉市	这里是日志信息......
2023-11-10 16:02:50.538164	[WARN]	barcode_service.py	响应时间:436ms	湖南省	长沙市	这里是日志信息......
2023-11-10 16:02:50.538164	[WARN]	event.py	响应时间:469ms	安徽省	芜湖市	这里是日志信息......
2023-11-10 16:02:50.538164	[INFO]	orders_service.py	响应时间:607ms	北京市	丰台区	这里是日志信息......
2023-11-10 16:02:50.538164	[INFO]	event.py	响应时间:184ms	江苏省	南京市	这里是日志信息......
2023-11-10 16:02:50.538164	[ERROR]	base_network.py	响应时间:893ms	湖北省	武汉市	这里是日志信息......
2023-11-10 16:02:50.538164	[INFO]	event.py	响应时间:73ms	山东省	青岛市	这里是日志信息......
2023-11-10 16:02:50.538164	[INFO]	event.py	响应时间:492ms	上海市	静安区	这里是日志信息......
2023-11-10 16:02:50.538164	[INFO]	event.py	响应时间:403ms	上海市	静安区	这里是日志信息......
2023-11-10 16:02:50.538164	[INFO]	base_network.py	响应时间:705ms	上海市	黄浦区	这里是日志信息......
2023-11-10 16:02:50.538164	[WARN]	barcode_service.py	响应时间:449ms	湖南省	常德市	这里是日志信息......
2023-11-10 16:02:50.538164	[INFO]	user_manager.py	响应时间:469ms	天津市	武清区	这里是日志信息......
2023-11-10 16:02:50.538164	[WARN]	goods_manager.py	响应时间:5187ms	上海市	浦东新区	这里是日志信息......
2023-11-10 16:02:50.538164	[INFO]	goods_manager.py	响应时间:788ms	重庆市	九龙坡区	这里是日志信息......
2023-11-10 16:02:50.538164	[INFO]	user_manager.py	响应时间:545ms	山东省	青岛市	这里是日志信息......
2023-11-10 16:02:50.538164	[ERROR]	shop_manager.py	响应时间:853ms	上海市	普陀区	这里是日志信息......
2023-11-10 16:02:50.538164	[INFO]	orders_service.py	响应时间:82ms	北京市	大兴区	这里是日志信息......
2023-11-10 16:02:50.538164	[INFO]	orders_service.py	响应时间:343ms	安徽省	合肥市	这里是日志信息......
2023-11-10 16:02:50.538164	[WARN]	event.py	响应时间:750ms	江苏省	南京市	这里是日志信息......
2023-11-10 16:02:50.538164	[INFO]	goods_manager.py	响应时间:33ms	安徽省	合肥市	这里是日志信息......
2023-11-10 16:02:50.538164	[INFO]	user_manager.py	响应时间:777ms	天津市	和平区	这里是日志信息......
2023-11-10 16:02:50.538164	[ERROR]	orders_service.py	响应时间:474ms	重庆市	渝中区	这里是日志信息......
2023-11-10 16:02:50.538164	[WARN]	orders_service.py	响应时间:449ms	重庆市	渝中区	这里是日志信息......
2023-11-10 16:02:50.538164	[INFO]	barcode_service.py	响应时间:522ms	重庆市	万州区	这里是日志信息......
2023-11-10 16:02:50.538164	[INFO]	base_network.py	响应时间:298ms	江苏省	南京市	这里是日志信息......
2023-11-10 16:02:50.538164	[INFO]	goods_manager.py	响应时间:882ms	天津市	宝坻区	这里是日志信息......
2023-11-10 16:02:50.538164	[INFO]	event.py	响应时间:610ms	广东省	广州市	这里是日志信息......
2023-11-10 16:02:50.538164	[INFO]	goods_manager.py	响应时间:19ms	重庆市	九龙坡区	这里是日志信息......
2023-11-10 16:02:50.538164	[INFO]	orders_service.py	响应时间:186ms	重庆市	南岸区	这里是日志信息......
2023-11-10 16:02:50.538164	[INFO]	event.py	响应时间:712ms	安徽省	六安市	这里是日志信息......
2023-11-10 16:02:50.538164	[WARN]	event.py	响应时间:366ms	广东省	珠海市	这里是日志信息......
2023-11-10 16:02:50.538164	[INFO]	user_manager.py	响应时间:939ms	北京市	海淀区	这里是日志信息......
2023-11-10 16:02:50.538164	[INFO]	event.py	响应时间:290ms	天津市	宝坻区	这里是日志信息......
2023-11-10 16:02:50.538164	[INFO]	user_manager.py	响应时间:964ms	湖北省	武汉市	这里是日志信息......
2023-11-10 16:02:50.539239	[INFO]	user_manager.py	响应时间:8463ms	广东省	珠海市	这里是日志信息......
2023-11-10 16:02:50.539239	[INFO]	barcode_service.py	响应时间:858ms	安徽省	芜湖市	这里是日志信息......
2023-11-10 16:02:50.539239	[ERROR]	orders_service.py	响应时间:464ms	安徽省	芜湖市	这里是日志信息......
2023-11-10 16:02:50.539239	[INFO]	event.py	响应时间:299ms	天津市	宝坻区	这里是日志信息......
2023-11-10 16:02:50.539239	[INFO]	orders_service.py	响应时间:172ms	江苏省	南京市	这里是日志信息......
2023-11-10 16:02:50.539239	[INFO]	barcode_service.py	响应时间:9ms	安徽省	合肥市	这里是日志信息......
2023-11-10 16:02:50.539239	[INFO]	goods_manager.py	响应时间:26ms	湖南省	株洲市	这里是日志信息......
2023-11-10 16:02:50.539239	[INFO]	goods_manager.py	响应时间:272ms	天津市	河东区	这里是日志信息......
2023-11-10 16:02:50.539239	[INFO]	user_manager.py	响应时间:696ms	湖南省	长沙市	这里是日志信息......
2023-11-10 16:02:50.539239	[INFO]	user_manager.py	响应时间:613ms	重庆市	万州区	这里是日志信息......
2023-11-10 16:02:50.539239	[INFO]	event.py	响应时间:90ms	上海市	浦东新区	这里是日志信息......
2023-11-10 16:02:50.539239	[INFO]	orders_service.py	响应时间:176ms	浙江省	杭州市	这里是日志信息......
2023-11-10 16:02:50.539239	[INFO]	event.py	响应时间:738ms	湖北省	武汉市	这里是日志信息......
2023-11-10 16:02:50.539239	[INFO]	goods_manager.py	响应时间:668ms	天津市	河东区	这里是日志信息......
2023-11-10 16:02:50.539239	[INFO]	goods_manager.py	响应时间:159ms	广东省	广州市	这里是日志信息......
2023-11-10 16:02:50.539239	[INFO]	goods_manager.py	响应时间:96ms	湖北省	恩施土家族苗族自治州	这里是日志信息......
2023-11-10 16:02:50.539239	[INFO]	goods_manager.py	响应时间:702ms	安徽省	合肥市	这里是日志信息......
2023-11-10 16:02:50.539239	[INFO]	user_manager.py	响应时间:764ms	山东省	济南市	这里是日志信息......
2023-11-10 16:02:50.539239	[INFO]	orders_service.py	响应时间:634ms	山东省	菏泽市	这里是日志信息......
2023-11-10 16:02:50.539239	[INFO]	goods_manager.py	响应时间:447ms	重庆市	南岸区	这里是日志信息......
2023-11-10 16:02:50.539239	[INFO]	barcode_service.py	响应时间:761ms	上海市	静安区	这里是日志信息......
2023-11-10 16:02:50.539239	[INFO]	goods_manager.py	响应时间:711ms	湖南省	长沙市	这里是日志信息......
2023-11-10 16:02:50.539239	[INFO]	goods_manager.py	响应时间:317ms	江苏省	无锡市	这里是日志信息......
2023-11-10 16:02:50.539239	[INFO]	orders_service.py	响应时间:667ms	重庆市	九龙坡区	这里是日志信息......
2023-11-10 16:02:50.539239	[INFO]	shop_manager.py	响应时间:142ms	北京市	大兴区	这里是日志信息......
2023-11-10 16:02:50.539239	[INFO]	event.py	响应时间:819ms	浙江省	湖州市	这里是日志信息......
2023-11-10 16:02:50.539239	[INFO]	user_manager.py	响应时间:986ms	广东省	广州市	这里是日志信息......
2023-11-10 16:02:50.539239	[INFO]	barcode_service.py	响应时间:400ms	广东省	深圳市	这里是日志信息......
2023-11-10 16:02:50.539239	[INFO]	goods_manager.py	响应时间:952ms	浙江省	绍兴市	这里是日志信息......
2023-11-10 16:02:50.539239	[INFO]	goods_manager.py	响应时间:5069ms	山东省	青岛市	这里是日志信息......
2023-11-10 16:02:50.539239	[INFO]	shop_manager.py	响应时间:310ms	江苏省	苏州市	这里是日志信息......
2023-11-10 16:02:50.539239	[INFO]	orders_service.py	响应时间:959ms	安徽省	池州市	这里是日志信息......
2023-11-10 16:02:50.539239	[INFO]	orders_service.py	响应时间:727ms	安徽省	铜陵市	这里是日志信息......
2023-11-10 16:02:50.539239	[WARN]	event.py	响应时间:960ms	安徽省	铜陵市	这里是日志信息......
2023-11-10 16:02:50.539239	[INFO]	orders_service.py	响应时间:570ms	江苏省	常州市	这里是日志信息......
2023-11-10 16:02:50.539239	[INFO]	goods_manager.py	响应时间:123ms	江苏省	张家港市	这里是日志信息......
2023-11-10 16:02:50.539239	[INFO]	user_manager.py	响应时间:793ms	上海市	浦东新区	这里是日志信息......
2023-11-10 16:02:50.539239	[INFO]	orders_service.py	响应时间:374ms	湖南省	长沙市	这里是日志信息......
2023-11-10 16:02:50.539239	[INFO]	user_manager.py	响应时间:572ms	上海市	静安区	这里是日志信息......
2023-11-10 16:02:50.539239	[INFO]	event.py	响应时间:486ms	江苏省	南京市	这里是日志信息......
2023-11-10 16:02:50.539239	[INFO]	goods_manager.py	响应时间:121ms	浙江省	舟山市	这里是日志信息......
2023-11-10 16:02:50.539239	[ERROR]	shop_manager.py	响应时间:1546ms	上海市	普陀区	这里是日志信息......
2023-11-10 16:02:50.539239	[WARN]	goods_manager.py	响应时间:6884ms	江苏省	无锡市	这里是日志信息......
2023-11-10 16:02:50.539239	[INFO]	shop_manager.py	响应时间:162ms	安徽省	铜陵市	这里是日志信息......
2023-11-10 16:02:50.539239	[INFO]	orders_service.py	响应时间:597ms	江苏省	南京市	这里是日志信息......
2023-11-10 16:02:50.539239	[INFO]	orders_service.py	响应时间:417ms	安徽省	池州市	这里是日志信息......
2023-11-10 16:02:50.539239	[INFO]	event.py	响应时间:837ms	广东省	深圳市	这里是日志信息......
2023-11-10 16:02:50.539239	[ERROR]	event.py	响应时间:435ms	湖南省	张家界市	这里是日志信息......
2023-11-10 16:02:50.539239	[INFO]	shop_manager.py	响应时间:380ms	安徽省	阜阳市	这里是日志信息......
2023-11-10 16:02:50.539239	[INFO]	orders_service.py	响应时间:395ms	重庆市	万州区	这里是日志信息......
2023-11-10 16:02:50.539239	[INFO]	event.py	响应时间:543ms	安徽省	合肥市	这里是日志信息......
2023-11-10 16:02:50.539239	[INFO]	barcode_service.py	响应时间:754ms	江苏省	无锡市	这里是日志信息......
2023-11-10 16:02:50.539239	[INFO]	event.py	响应时间:463ms	江苏省	张家港市	这里是日志信息......
2023-11-10 16:02:50.539239	[INFO]	base_network.py	响应时间:857ms	浙江省	丽水市	这里是日志信息......
2023-11-10 16:02:50.539239	[ERROR]	event.py	响应时间:9961ms	浙江省	舟山市	这里是日志信息......
2023-11-10 16:02:50.539239	[INFO]	barcode_service.py	响应时间:479ms	北京市	昌平区	这里是日志信息......
2023-11-10 16:02:50.539239	[INFO]	orders_service.py	响应时间:401ms	湖北省	武汉市	这里是日志信息......
2023-11-10 16:02:50.539239	[INFO]	base_network.py	响应时间:880ms	江苏省	南京市	这里是日志信息......
2023-11-10 16:02:50.539239	[INFO]	user_manager.py	响应时间:298ms	山东省	青岛市	这里是日志信息......
2023-11-10 16:02:50.539239	[INFO]	orders_service.py	响应时间:763ms	重庆市	渝中区	这里是日志信息......
2023-11-10 16:02:50.539239	[INFO]	goods_manager.py	响应时间:305ms	浙江省	嘉兴市	这里是日志信息......
2023-11-10 16:02:50.539239	[WARN]	orders_service.py	响应时间:489ms	北京市	海淀区	这里是日志信息......
2023-11-10 16:02:50.539239	[INFO]	event.py	响应时间:751ms	天津市	河东区	这里是日志信息......
2023-11-10 16:02:50.539239	[WARN]	user_manager.py	响应时间:108ms	天津市	宝坻区	这里是日志信息......
2023-11-10 16:02:50.539239	[ERROR]	event.py	响应时间:989ms	北京市	丰台区	这里是日志信息......
2023-11-10 16:02:50.539239	[WARN]	barcode_service.py	响应时间:712ms	北京市	怀柔区	这里是日志信息......
2023-11-10 16:02:50.539239	[INFO]	shop_manager.py	响应时间:589ms	天津市	和平区	这里是日志信息......
2023-11-10 16:02:50.539239	[INFO]	event.py	响应时间:818ms	湖南省	长沙市	这里是日志信息......
2023-11-10 16:02:50.539239	[INFO]	base_network.py	响应时间:995ms	重庆市	万州区	这里是日志信息......
2023-11-10 16:02:50.539239	[INFO]	goods_manager.py	响应时间:592ms	湖南省	张家界市	这里是日志信息......
2023-11-10 16:02:50.539239	[INFO]	shop_manager.py	响应时间:878ms	北京市	海淀区	这里是日志信息......
2023-11-10 16:02:50.539239	[INFO]	user_manager.py	响应时间:647ms	天津市	河东区	这里是日志信息......
2023-11-10 16:02:50.539239	[INFO]	base_network.py	响应时间:220ms	广东省	珠海市	这里是日志信息......
2023-11-10 16:02:50.539239	[INFO]	base_network.py	响应时间:220ms	湖南省	株洲市	这里是日志信息......
2023-11-10 16:02:50.539239	[WARN]	event.py	响应时间:611ms	浙江省	绍兴市	这里是日志信息......
2023-11-10 16:02:50.539239	[WARN]	orders_service.py	响应时间:737ms	上海市	浦东新区	这里是日志信息......
2023-11-10 16:02:50.539239	[ERROR]	goods_manager.py	响应时间:395ms	重庆市	九龙坡区	这里是日志信息......
2023-11-10 16:02:50.539239	[WARN]	orders_service.py	响应时间:449ms	重庆市	沙坪坝区	这里是日志信息......
2023-11-10 16:02:50.539239	[INFO]	goods_manager.py	响应时间:256ms	重庆市	涪陵区	这里是日志信息......
2023-11-10 16:02:50.539239	[INFO]	event.py	响应时间:61ms	江苏省	南京市	这里是日志信息......
2023-11-10 16:02:50.539239	[INFO]	event.py	响应时间:108ms	湖北省	武汉市	这里是日志信息......
2023-11-10 16:02:50.539239	[INFO]	orders_service.py	响应时间:78ms	山东省	青岛市	这里是日志信息......
2023-11-10 16:02:50.539239	[WARN]	shop_manager.py	响应时间:665ms	北京市	怀柔区	这里是日志信息......
2023-11-10 16:02:50.539239	[WARN]	shop_manager.py	响应时间:356ms	北京市	昌平区	这里是日志信息......
2023-11-10 16:02:50.539239	[INFO]	goods_manager.py	响应时间:283ms	广东省	广州市	这里是日志信息......
2023-11-10 16:02:50.539239	[INFO]	orders_service.py	响应时间:557ms	浙江省	丽水市	这里是日志信息......
2023-11-10 16:02:50.539239	[INFO]	event.py	响应时间:751ms	湖北省	恩施土家族苗族自治州	这里是日志信息......
2023-11-10 16:02:50.539239	[INFO]	orders_service.py	响应时间:904ms	上海市	黄浦区	这里是日志信息......
2023-11-10 16:02:50.539239	[INFO]	goods_manager.py	响应时间:5259ms	天津市	河东区	这里是日志信息......
2023-11-10 16:02:50.539239	[INFO]	orders_service.py	响应时间:546ms	北京市	昌平区	这里是日志信息......
2023-11-10 16:02:50.539239	[INFO]	barcode_service.py	响应时间:152ms	天津市	宝坻区	这里是日志信息......
2023-11-10 16:02:50.539239	[INFO]	orders_service.py	响应时间:265ms	湖南省	张家界市	这里是日志信息......
2023-11-10 16:02:50.539239	[INFO]	orders_service.py	响应时间:187ms	上海市	浦东新区	这里是日志信息......
2023-11-10 16:02:50.539239	[INFO]	goods_manager.py	响应时间:691ms	湖北省	荆州市	这里是日志信息......
2023-11-10 16:02:50.539239	[INFO]	barcode_service.py	响应时间:163ms	安徽省	池州市	这里是日志信息......
2023-11-10 16:02:50.539239	[INFO]	event.py	响应时间:883ms	上海市	黄浦区	这里是日志信息......
2023-11-10 16:02:50.539239	[INFO]	barcode_service.py	响应时间:326ms	山东省	济南市	这里是日志信息......
2023-11-10 16:02:50.539239	[INFO]	event.py	响应时间:408ms	上海市	浦东新区	这里是日志信息......
2023-11-10 16:02:50.539239	[INFO]	base_network.py	响应时间:49ms	安徽省	合肥市	这里是日志信息......
2023-11-10 16:02:50.539239	[WARN]	orders_service.py	响应时间:968ms	湖北省	武汉市	这里是日志信息......
2023-11-10 16:02:50.539239	[INFO]	base_network.py	响应时间:475ms	浙江省	嘉兴市	这里是日志信息......
2023-11-10 16:02:50.539239	[INFO]	goods_manager.py	响应时间:933ms	湖南省	益阳市	这里是日志信息......
2023-11-10 16:02:50.539239	[INFO]	shop_manager.py	响应时间:412ms	安徽省	合肥市	这里是日志信息......
2023-11-10 16:02:50.539239	[INFO]	orders_service.py	响应时间:180ms	安徽省	阜阳市	这里是日志信息......
2023-11-10 16:02:50.539239	[INFO]	event.py	响应时间:72ms	广东省	广州市	这里是日志信息......
2023-11-10 16:02:50.539239	[ERROR]	base_network.py	响应时间:125ms	江苏省	南京市	这里是日志信息......
2023-11-10 16:02:50.539239	[WARN]	orders_service.py	响应时间:137ms	重庆市	南岸区	这里是日志信息......
2023-11-10 16:02:50.539239	[WARN]	user_manager.py	响应时间:530ms	天津市	河西区	这里是日志信息......
2023-11-10 16:02:50.539239	[INFO]	barcode_service.py	响应时间:577ms	北京市	怀柔区	这里是日志信息......
2023-11-10 16:02:50.539239	[INFO]	event.py	响应时间:689ms	北京市	海淀区	这里是日志信息......
2023-11-10 16:02:50.539239	[INFO]	user_manager.py	响应时间:825ms	安徽省	铜陵市	这里是日志信息......
2023-11-10 16:02:50.539239	[INFO]	user_manager.py	响应时间:504ms	湖北省	武汉市	这里是日志信息......
2023-11-10 16:02:50.539239	[WARN]	event.py	响应时间:983ms	湖北省	恩施土家族苗族自治州	这里是日志信息......
2023-11-10 16:02:50.539239	[WARN]	event.py	响应时间:323ms	上海市	浦东新区	这里是日志信息......
2023-11-10 16:02:50.539239	[ERROR]	goods_manager.py	响应时间:312ms	广东省	广州市	这里是日志信息......
2023-11-10 16:02:50.539239	[ERROR]	orders_service.py	响应时间:142ms	湖北省	十堰市	这里是日志信息......
2023-11-10 16:02:50.539239	[INFO]	event.py	响应时间:57ms	重庆市	渝中区	这里是日志信息......
2023-11-10 16:02:50.539239	[INFO]	base_network.py	响应时间:332ms	北京市	怀柔区	这里是日志信息......
2023-11-10 16:02:50.539239	[INFO]	user_manager.py	响应时间:211ms	上海市	浦东新区	这里是日志信息......
2023-11-10 16:02:50.539239	[INFO]	goods_manager.py	响应时间:829ms	湖北省	十堰市	这里是日志信息......
2023-11-10 16:02:50.539239	[INFO]	goods_manager.py	响应时间:36ms	安徽省	合肥市	这里是日志信息......
2023-11-10 16:02:50.539239	[INFO]	goods_manager.py	响应时间:568ms	北京市	怀柔区	这里是日志信息......
2023-11-10 16:02:50.540239	[INFO]	barcode_service.py	响应时间:459ms	北京市	丰台区	这里是日志信息......
2023-11-10 16:02:50.540239	[INFO]	user_manager.py	响应时间:35ms	天津市	河西区	这里是日志信息......
2023-11-10 16:02:50.540239	[INFO]	barcode_service.py	响应时间:822ms	湖南省	长沙市	这里是日志信息......
2023-11-10 16:02:50.540239	[INFO]	shop_manager.py	响应时间:844ms	天津市	宝坻区	这里是日志信息......
2023-11-10 16:02:50.540239	[INFO]	goods_manager.py	响应时间:989ms	山东省	济南市	这里是日志信息......
2023-11-10 16:02:50.540239	[INFO]	goods_manager.py	响应时间:984ms	山东省	青岛市	这里是日志信息......
2023-11-10 16:02:50.540239	[INFO]	event.py	响应时间:514ms	江苏省	南京市	这里是日志信息......
2023-11-10 16:02:50.540239	[ERROR]	base_network.py	响应时间:747ms	天津市	宝坻区	这里是日志信息......
2023-11-10 16:02:50.540239	[INFO]	base_network.py	响应时间:951ms	安徽省	阜阳市	这里是日志信息......
2023-11-10 16:02:50.540239	[INFO]	shop_manager.py	响应时间:108ms	湖南省	长沙市	这里是日志信息......
2023-11-10 16:02:50.540239	[INFO]	barcode_service.py	响应时间:854ms	湖南省	长沙市	这里是日志信息......
2023-11-10 16:02:50.540239	[INFO]	goods_manager.py	响应时间:53ms	广东省	广州市	这里是日志信息......
2023-11-10 16:02:50.540239	[WARN]	orders_service.py	响应时间:892ms	重庆市	沙坪坝区	这里是日志信息......
2023-11-10 16:02:50.540239	[INFO]	event.py	响应时间:889ms	广东省	深圳市	这里是日志信息......
2023-11-10 16:02:50.540239	[INFO]	goods_manager.py	响应时间:8243ms	湖南省	长沙市	这里是日志信息......
2023-11-10 16:02:50.540239	[INFO]	event.py	响应时间:340ms	江苏省	常州市	这里是日志信息......
2023-11-10 16:02:50.540239	[INFO]	orders_service.py	响应时间:16ms	浙江省	湖州市	这里是日志信息......
2023-11-10 16:02:50.540239	[INFO]	user_manager.py	响应时间:846ms	重庆市	沙坪坝区	这里是日志信息......
2023-11-10 16:02:50.540239	[INFO]	goods_manager.py	响应时间:284ms	安徽省	芜湖市	这里是日志信息......
2023-11-10 16:02:50.540239	[INFO]	goods_manager.py	响应时间:960ms	湖南省	长沙市	这里是日志信息......
2023-11-10 16:02:50.540239	[INFO]	orders_service.py	响应时间:108ms	重庆市	南岸区	这里是日志信息......
2023-11-10 16:02:50.540239	[INFO]	shop_manager.py	响应时间:273ms	重庆市	渝中区	这里是日志信息......
2023-11-10 16:02:50.540239	[INFO]	goods_manager.py	响应时间:176ms	山东省	青岛市	这里是日志信息......
2023-11-10 16:02:50.540239	[INFO]	user_manager.py	响应时间:481ms	湖南省	长沙市	这里是日志信息......
2023-11-10 16:02:50.540239	[INFO]	barcode_service.py	响应时间:411ms	上海市	浦东新区	这里是日志信息......
2023-11-10 16:02:50.540239	[ERROR]	barcode_service.py	响应时间:607ms	浙江省	丽水市	这里是日志信息......
2023-11-10 16:02:50.540239	[INFO]	orders_service.py	响应时间:564ms	上海市	杨浦区	这里是日志信息......
2023-11-10 16:02:50.540239	[INFO]	base_network.py	响应时间:286ms	上海市	浦东新区	这里是日志信息......
2023-11-10 16:02:50.540239	[INFO]	event.py	响应时间:688ms	安徽省	池州市	这里是日志信息......
2023-11-10 16:02:50.540239	[INFO]	goods_manager.py	响应时间:167ms	广东省	深圳市	这里是日志信息......
2023-11-10 16:02:50.540239	[ERROR]	orders_service.py	响应时间:2041ms	山东省	济南市	这里是日志信息......
2023-11-10 16:02:50.540239	[INFO]	event.py	响应时间:3923ms	山东省	济南市	这里是日志信息......
2023-11-10 16:02:50.540239	[INFO]	goods_manager.py	响应时间:653ms	安徽省	芜湖市	这里是日志信息......
2023-11-10 16:02:50.540239	[INFO]	base_network.py	响应时间:396ms	北京市	怀柔区	这里是日志信息......
2023-11-10 16:02:50.540239	[INFO]	event.py	响应时间:970ms	湖北省	武汉市	这里是日志信息......
2023-11-10 16:02:50.540239	[INFO]	goods_manager.py	响应时间:464ms	湖南省	长沙市	这里是日志信息......
2023-11-10 16:02:50.540239	[WARN]	base_network.py	响应时间:168ms	北京市	海淀区	这里是日志信息......
2023-11-10 16:02:50.540239	[INFO]	event.py	响应时间:352ms	江苏省	宿迁市	这里是日志信息......
2023-11-10 16:02:50.540239	[INFO]	base_network.py	响应时间:683ms	天津市	宝坻区	这里是日志信息......
2023-11-10 16:02:50.540239	[INFO]	orders_service.py	响应时间:133ms	安徽省	芜湖市	这里是日志信息......
2023-11-10 16:02:50.540239	[INFO]	event.py	响应时间:738ms	安徽省	池州市	这里是日志信息......
2023-11-10 16:02:50.540239	[ERROR]	barcode_service.py	响应时间:458ms	浙江省	舟山市	这里是日志信息......
2023-11-10 16:02:50.540239	[INFO]	orders_service.py	响应时间:373ms	山东省	青岛市	这里是日志信息......
2023-11-10 16:02:50.540239	[INFO]	goods_manager.py	响应时间:152ms	重庆市	九龙坡区	这里是日志信息......
2023-11-10 16:02:50.540239	[INFO]	event.py	响应时间:387ms	重庆市	九龙坡区	这里是日志信息......
2023-11-10 16:02:50.540239	[INFO]	event.py	响应时间:855ms	山东省	济南市	这里是日志信息......
2023-11-10 16:02:50.540239	[ERROR]	orders_service.py	响应时间:320ms	山东省	青岛市	这里是日志信息......
2023-11-10 16:02:50.540239	[INFO]	shop_manager.py	响应时间:335ms	上海市	静安区	这里是日志信息......
2023-11-10 16:02:50.540239	[WARN]	barcode_service.py	响应时间:568ms	浙江省	绍兴市	这里是日志信息......
2023-11-10 16:02:50.540239	[INFO]	event.py	响应时间:1000ms	天津市	武清区	这里是日志信息......
2023-11-10 16:02:50.540239	[INFO]	event.py	响应时间:250ms	上海市	静安区	这里是日志信息......
2023-11-10 16:02:50.540239	[INFO]	shop_manager.py	响应时间:99ms	湖北省	武汉市	这里是日志信息......
2023-11-10 16:02:50.540239	[INFO]	orders_service.py	响应时间:370ms	上海市	黄浦区	这里是日志信息......
2023-11-10 16:02:50.540239	[WARN]	event.py	响应时间:10ms	山东省	济南市	这里是日志信息......
2023-11-10 16:02:50.540239	[INFO]	user_manager.py	响应时间:198ms	山东省	济南市	这里是日志信息......
2023-11-10 16:02:50.540239	[INFO]	orders_service.py	响应时间:370ms	安徽省	合肥市	这里是日志信息......
2023-11-10 16:02:50.540239	[ERROR]	event.py	响应时间:331ms	天津市	河西区	这里是日志信息......
2023-11-10 16:02:50.540239	[INFO]	orders_service.py	响应时间:482ms	天津市	河西区	这里是日志信息......
2023-11-10 16:02:50.540239	[WARN]	goods_manager.py	响应时间:361ms	山东省	青岛市	这里是日志信息......
2023-11-10 16:02:50.540239	[INFO]	goods_manager.py	响应时间:225ms	安徽省	六安市	这里是日志信息......
2023-11-10 16:02:50.540239	[INFO]	goods_manager.py	响应时间:212ms	重庆市	渝中区	这里是日志信息......
2023-11-10 16:02:50.540239	[INFO]	event.py	响应时间:606ms	浙江省	嘉兴市	这里是日志信息......
2023-11-10 16:02:50.540239	[WARN]	goods_manager.py	响应时间:925ms	北京市	海淀区	这里是日志信息......
2023-11-10 16:02:50.540239	[INFO]	orders_service.py	响应时间:124ms	湖北省	武汉市	这里是日志信息......
2023-11-10 16:02:50.540239	[INFO]	goods_manager.py	响应时间:413ms	江苏省	宿迁市	这里是日志信息......
2023-11-10 16:02:50.540239	[INFO]	orders_service.py	响应时间:2262ms	北京市	丰台区	这里是日志信息......
2023-11-10 16:02:50.540239	[INFO]	user_manager.py	响应时间:886ms	湖北省	恩施土家族苗族自治州	这里是日志信息......
2023-11-10 16:02:50.540239	[INFO]	base_network.py	响应时间:157ms	上海市	浦东新区	这里是日志信息......
2023-11-10 16:02:50.540239	[INFO]	user_manager.py	响应时间:864ms	浙江省	湖州市	这里是日志信息......
2023-11-10 16:02:50.540239	[INFO]	event.py	响应时间:913ms	上海市	杨浦区	这里是日志信息......
2023-11-10 16:02:50.540239	[WARN]	barcode_service.py	响应时间:794ms	江苏省	苏州市	这里是日志信息......
2023-11-10 16:02:50.540239	[INFO]	orders_service.py	响应时间:3638ms	北京市	丰台区	这里是日志信息......
2023-11-10 16:02:50.540239	[INFO]	orders_service.py	响应时间:869ms	江苏省	苏州市	这里是日志信息......
2023-11-10 16:02:50.540239	[INFO]	base_network.py	响应时间:549ms	上海市	静安区	这里是日志信息......
2023-11-10 16:02:50.540239	[INFO]	event.py	响应时间:571ms	北京市	海淀区	这里是日志信息......
2023-11-10 16:02:50.540239	[WARN]	event.py	响应时间:855ms	湖南省	株洲市	这里是日志信息......
2023-11-10 16:02:50.540239	[INFO]	shop_manager.py	响应时间:67ms	江苏省	南京市	这里是日志信息......
2023-11-10 16:02:50.540239	[INFO]	user_manager.py	响应时间:858ms	湖南省	长沙市	这里是日志信息......
2023-11-10 16:02:50.540239	[INFO]	user_manager.py	响应时间:510ms	江苏省	南京市	这里是日志信息......
2023-11-10 16:02:50.540239	[INFO]	barcode_service.py	响应时间:864ms	天津市	武清区	这里是日志信息......
2023-11-10 16:02:50.540239	[INFO]	user_manager.py	响应时间:396ms	湖南省	长沙市	这里是日志信息......
2023-11-10 16:02:50.540239	[INFO]	goods_manager.py	响应时间:979ms	天津市	和平区	这里是日志信息......
2023-11-10 16:02:50.540239	[WARN]	user_manager.py	响应时间:950ms	湖北省	武汉市	这里是日志信息......
2023-11-10 16:02:50.540239	[WARN]	event.py	响应时间:451ms	北京市	丰台区	这里是日志信息......
2023-11-10 16:02:50.540239	[INFO]	goods_manager.py	响应时间:496ms	湖北省	武汉市	这里是日志信息......
2023-11-10 16:02:50.540239	[INFO]	event.py	响应时间:219ms	天津市	武清区	这里是日志信息......
2023-11-10 16:02:50.540239	[INFO]	event.py	响应时间:198ms	湖南省	长沙市	这里是日志信息......
2023-11-10 16:02:50.540239	[WARN]	orders_service.py	响应时间:159ms	江苏省	常州市	这里是日志信息......
2023-11-10 16:02:50.540239	[INFO]	barcode_service.py	响应时间:23ms	上海市	浦东新区	这里是日志信息......
2023-11-10 16:02:50.540239	[INFO]	orders_service.py	响应时间:535ms	湖北省	十堰市	这里是日志信息......
2023-11-10 16:02:50.540239	[INFO]	orders_service.py	响应时间:817ms	天津市	武清区	这里是日志信息......
2023-11-10 16:02:50.540239	[INFO]	goods_manager.py	响应时间:519ms	江苏省	苏州市	这里是日志信息......
2023-11-10 16:02:50.540239	[ERROR]	goods_manager.py	响应时间:74ms	广东省	珠海市	这里是日志信息......
2023-11-10 16:02:50.540239	[INFO]	barcode_service.py	响应时间:736ms	重庆市	渝中区	这里是日志信息......
2023-11-10 16:02:50.540239	[INFO]	orders_service.py	响应时间:312ms	天津市	河东区	这里是日志信息......
2023-11-10 16:02:50.540239	[INFO]	orders_service.py	响应时间:51ms	江苏省	苏州市	这里是日志信息......
2023-11-10 16:02:50.540239	[INFO]	event.py	响应时间:699ms	山东省	青岛市	这里是日志信息......
2023-11-10 16:02:50.540239	[INFO]	user_manager.py	响应时间:364ms	山东省	菏泽市	这里是日志信息......
2023-11-10 16:02:50.540239	[INFO]	orders_service.py	响应时间:796ms	广东省	深圳市	这里是日志信息......
2023-11-10 16:02:50.540239	[INFO]	event.py	响应时间:781ms	安徽省	阜阳市	这里是日志信息......
2023-11-10 16:02:50.540239	[INFO]	barcode_service.py	响应时间:242ms	江苏省	南京市	这里是日志信息......
2023-11-10 16:02:50.540239	[INFO]	event.py	响应时间:223ms	浙江省	舟山市	这里是日志信息......
2023-11-10 16:02:50.540239	[INFO]	user_manager.py	响应时间:956ms	北京市	丰台区	这里是日志信息......
2023-11-10 16:02:50.540239	[INFO]	orders_service.py	响应时间:586ms	天津市	河西区	这里是日志信息......
2023-11-10 16:02:50.540239	[INFO]	event.py	响应时间:327ms	广东省	深圳市	这里是日志信息......
2023-11-10 16:02:50.540239	[INFO]	barcode_service.py	响应时间:611ms	湖北省	荆州市	这里是日志信息......
2023-11-10 16:02:50.540239	[INFO]	barcode_service.py	响应时间:191ms	上海市	宝山区	这里是日志信息......
2023-11-10 16:02:50.540239	[INFO]	user_manager.py	响应时间:901ms	天津市	和平区	这里是日志信息......
2023-11-10 16:02:50.540239	[INFO]	goods_manager.py	响应时间:1070ms	湖北省	恩施土家族苗族自治州	这里是日志信息......
2023-11-10 16:02:50.540239	[INFO]	base_network.py	响应时间:785ms	上海市	浦东新区	这里是日志信息......
2023-11-10 16:02:50.540239	[INFO]	user_manager.py	响应时间:51ms	重庆市	南岸区	这里是日志信息......
2023-11-10 16:02:50.540239	[INFO]	shop_manager.py	响应时间:885ms	天津市	和平区	这里是日志信息......
2023-11-10 16:02:50.540239	[INFO]	orders_service.py	响应时间:498ms	江苏省	南京市	这里是日志信息......
2023-11-10 16:02:50.540239	[INFO]	orders_service.py	响应时间:556ms	江苏省	无锡市	这里是日志信息......
2023-11-10 16:02:50.540239	[INFO]	orders_service.py	响应时间:6574ms	安徽省	阜阳市	这里是日志信息......
2023-11-10 16:02:50.540239	[INFO]	event.py	响应时间:732ms	天津市	宝坻区	这里是日志信息......
2023-11-10 16:02:50.540239	[INFO]	user_manager.py	响应时间:630ms	安徽省	池州市	这里是日志信息......
2023-11-10 16:02:50.540239	[INFO]	user_manager.py	响应时间:862ms	重庆市	万州区	这里是日志信息......
2023-11-10 16:02:50.540239	[INFO]	orders_service.py	响应时间:67ms	天津市	河东区	这里是日志信息......
2023-11-10 16:02:50.541241	[INFO]	barcode_service.py	响应时间:70ms	广东省	广州市	这里是日志信息......
2023-11-10 16:02:50.541241	[INFO]	base_network.py	响应时间:727ms	山东省	青岛市	这里是日志信息......
2023-11-10 16:02:50.541241	[INFO]	orders_service.py	响应时间:456ms	安徽省	池州市	这里是日志信息......
2023-11-10 16:02:50.541241	[INFO]	event.py	响应时间:186ms	山东省	济南市	这里是日志信息......
2023-11-10 16:02:50.541241	[INFO]	goods_manager.py	响应时间:532ms	湖南省	长沙市	这里是日志信息......
2023-11-10 16:02:50.541241	[INFO]	orders_service.py	响应时间:163ms	安徽省	阜阳市	这里是日志信息......
2023-11-10 16:02:50.541241	[INFO]	shop_manager.py	响应时间:67ms	安徽省	合肥市	这里是日志信息......
2023-11-10 16:02:50.541241	[INFO]	event.py	响应时间:776ms	山东省	青岛市	这里是日志信息......
2023-11-10 16:02:50.541241	[INFO]	shop_manager.py	响应时间:2944ms	北京市	海淀区	这里是日志信息......
2023-11-10 16:02:50.541241	[INFO]	orders_service.py	响应时间:892ms	浙江省	丽水市	这里是日志信息......
2023-11-10 16:02:50.541241	[INFO]	orders_service.py	响应时间:541ms	湖南省	长沙市	这里是日志信息......
2023-11-10 16:02:50.541241	[INFO]	orders_service.py	响应时间:446ms	江苏省	无锡市	这里是日志信息......
2023-11-10 16:02:50.541241	[WARN]	event.py	响应时间:219ms	北京市	朝阳区	这里是日志信息......
2023-11-10 16:02:50.541241	[INFO]	orders_service.py	响应时间:583ms	安徽省	芜湖市	这里是日志信息......
2023-11-10 16:02:50.541241	[ERROR]	user_manager.py	响应时间:398ms	浙江省	丽水市	这里是日志信息......
2023-11-10 16:02:50.541241	[ERROR]	goods_manager.py	响应时间:51ms	浙江省	杭州市	这里是日志信息......
2023-11-10 16:02:50.541241	[INFO]	goods_manager.py	响应时间:71ms	广东省	珠海市	这里是日志信息......
2023-11-10 16:02:50.541241	[INFO]	event.py	响应时间:944ms	江苏省	宿迁市	这里是日志信息......
2023-11-10 16:02:50.541241	[WARN]	orders_service.py	响应时间:711ms	山东省	济南市	这里是日志信息......
2023-11-10 16:02:50.541241	[WARN]	orders_service.py	响应时间:5ms	山东省	青岛市	这里是日志信息......
2023-11-10 16:02:50.541241	[INFO]	orders_service.py	响应时间:4436ms	上海市	普陀区	这里是日志信息......
2023-11-10 16:02:50.541241	[INFO]	user_manager.py	响应时间:79ms	安徽省	阜阳市	这里是日志信息......
2023-11-10 16:02:50.541241	[WARN]	shop_manager.py	响应时间:548ms	山东省	菏泽市	这里是日志信息......
2023-11-10 16:02:50.541241	[INFO]	user_manager.py	响应时间:926ms	湖北省	武汉市	这里是日志信息......
2023-11-10 16:02:50.541241	[INFO]	orders_service.py	响应时间:878ms	广东省	深圳市	这里是日志信息......
2023-11-10 16:02:50.541241	[INFO]	goods_manager.py	响应时间:240ms	湖南省	益阳市	这里是日志信息......
2023-11-10 16:02:50.541241	[INFO]	event.py	响应时间:339ms	湖南省	长沙市	这里是日志信息......
2023-11-10 16:02:50.541241	[WARN]	barcode_service.py	响应时间:509ms	湖南省	长沙市	这里是日志信息......
2023-11-10 16:02:50.541241	[INFO]	event.py	响应时间:92ms	安徽省	阜阳市	这里是日志信息......
2023-11-10 16:02:50.541241	[INFO]	event.py	响应时间:476ms	天津市	河西区	这里是日志信息......
2023-11-10 16:02:50.541241	[INFO]	barcode_service.py	响应时间:804ms	北京市	朝阳区	这里是日志信息......
2023-11-10 16:02:50.541241	[INFO]	barcode_service.py	响应时间:1962ms	重庆市	沙坪坝区	这里是日志信息......
2023-11-10 16:02:50.541241	[INFO]	base_network.py	响应时间:871ms	浙江省	杭州市	这里是日志信息......
2023-11-10 16:02:50.541241	[INFO]	event.py	响应时间:416ms	湖南省	常德市	这里是日志信息......
2023-11-10 16:02:50.541241	[INFO]	event.py	响应时间:568ms	北京市	大兴区	这里是日志信息......
2023-11-10 16:02:50.541241	[INFO]	orders_service.py	响应时间:779ms	天津市	和平区	这里是日志信息......
2023-11-10 16:02:50.541241	[INFO]	goods_manager.py	响应时间:985ms	湖北省	武汉市	这里是日志信息......
2023-11-10 16:02:50.541241	[INFO]	event.py	响应时间:390ms	安徽省	阜阳市	这里是日志信息......
2023-11-10 16:02:50.541241	[INFO]	event.py	响应时间:455ms	安徽省	池州市	这里是日志信息......
2023-11-10 16:02:50.541241	[INFO]	event.py	响应时间:568ms	湖北省	武汉市	这里是日志信息......
2023-11-10 16:02:50.541241	[INFO]	event.py	响应时间:338ms	江苏省	宿迁市	这里是日志信息......
2023-11-10 16:02:50.541241	[INFO]	user_manager.py	响应时间:547ms	江苏省	南京市	这里是日志信息......
2023-11-10 16:02:50.541241	[INFO]	goods_manager.py	响应时间:105ms	江苏省	无锡市	这里是日志信息......
2023-11-10 16:02:50.541241	[INFO]	event.py	响应时间:638ms	天津市	河西区	这里是日志信息......
2023-11-10 16:02:50.541241	[INFO]	barcode_service.py	响应时间:543ms	湖南省	常德市	这里是日志信息......
2023-11-10 16:02:50.541241	[INFO]	event.py	响应时间:970ms	北京市	朝阳区	这里是日志信息......
2023-11-10 16:02:50.541241	[INFO]	goods_manager.py	响应时间:632ms	天津市	和平区	这里是日志信息......
2023-11-10 16:02:50.541241	[INFO]	orders_service.py	响应时间:463ms	北京市	朝阳区	这里是日志信息......
2023-11-10 16:02:50.541241	[INFO]	event.py	响应时间:597ms	浙江省	丽水市	这里是日志信息......
