2023-11-10 16:02:51.545281	[INFO]	barcode_service.py	响应时间:491ms	山东省	济南市	这里是日志信息......
2023-11-10 16:02:51.545281	[INFO]	goods_manager.py	响应时间:250ms	天津市	和平区	这里是日志信息......
2023-11-10 16:02:51.545281	[INFO]	user_manager.py	响应时间:829ms	上海市	浦东新区	这里是日志信息......
2023-11-10 16:02:51.545281	[INFO]	user_manager.py	响应时间:991ms	重庆市	万州区	这里是日志信息......
2023-11-10 16:02:51.545281	[ERROR]	event.py	响应时间:7482ms	北京市	海淀区	这里是日志信息......
2023-11-10 16:02:51.545281	[INFO]	goods_manager.py	响应时间:86ms	湖北省	恩施土家族苗族自治州	这里是日志信息......
2023-11-10 16:02:51.545281	[INFO]	event.py	响应时间:240ms	浙江省	金华市	这里是日志信息......
2023-11-10 16:02:51.545281	[INFO]	goods_manager.py	响应时间:460ms	湖北省	武汉市	这里是日志信息......
2023-11-10 16:02:51.545281	[INFO]	orders_service.py	响应时间:632ms	浙江省	丽水市	这里是日志信息......
2023-11-10 16:02:51.545281	[INFO]	goods_manager.py	响应时间:725ms	浙江省	杭州市	这里是日志信息......
2023-11-10 16:02:51.545281	[WARN]	event.py	响应时间:174ms	浙江省	丽水市	这里是日志信息......
2023-11-10 16:02:51.545281	[INFO]	user_manager.py	响应时间:675ms	安徽省	合肥市	这里是日志信息......
2023-11-10 16:02:51.545281	[INFO]	user_manager.py	响应时间:588ms	天津市	武清区	这里是日志信息......
2023-11-10 16:02:51.545281	[INFO]	goods_manager.py	响应时间:31ms	江苏省	南京市	这里是日志信息......
2023-11-10 16:02:51.545281	[INFO]	goods_manager.py	响应时间:637ms	广东省	广州市	这里是日志信息......
2023-11-10 16:02:51.545281	[INFO]	orders_service.py	响应时间:522ms	江苏省	张家港市	这里是日志信息......
2023-11-10 16:02:51.545281	[INFO]	event.py	响应时间:314ms	北京市	大兴区	这里是日志信息......
2023-11-10 16:02:51.545281	[INFO]	goods_manager.py	响应时间:445ms	湖南省	长沙市	这里是日志信息......
2023-11-10 16:02:51.545281	[INFO]	barcode_service.py	响应时间:74ms	上海市	黄浦区	这里是日志信息......
2023-11-10 16:02:51.545281	[INFO]	goods_manager.py	响应时间:458ms	浙江省	金华市	这里是日志信息......
2023-11-10 16:02:51.545281	[INFO]	goods_manager.py	响应时间:746ms	安徽省	合肥市	这里是日志信息......
2023-11-10 16:02:51.545281	[INFO]	user_manager.py	响应时间:426ms	安徽省	六安市	这里是日志信息......
2023-11-10 16:02:51.545281	[INFO]	goods_manager.py	响应时间:786ms	浙江省	金华市	这里是日志信息......
2023-11-10 16:02:51.545281	[INFO]	user_manager.py	响应时间:434ms	山东省	济南市	这里是日志信息......
2023-11-10 16:02:51.545281	[INFO]	orders_service.py	响应时间:463ms	浙江省	杭州市	这里是日志信息......
2023-11-10 16:02:51.545281	[INFO]	goods_manager.py	响应时间:475ms	安徽省	合肥市	这里是日志信息......
2023-11-10 16:02:51.545281	[WARN]	goods_manager.py	响应时间:811ms	湖南省	益阳市	这里是日志信息......
2023-11-10 16:02:51.545281	[INFO]	event.py	响应时间:488ms	上海市	浦东新区	这里是日志信息......
2023-11-10 16:02:51.545281	[INFO]	orders_service.py	响应时间:273ms	重庆市	九龙坡区	这里是日志信息......
2023-11-10 16:02:51.545281	[INFO]	base_network.py	响应时间:12ms	江苏省	宿迁市	这里是日志信息......
2023-11-10 16:02:51.545281	[WARN]	goods_manager.py	响应时间:639ms	江苏省	宿迁市	这里是日志信息......
2023-11-10 16:02:51.545281	[INFO]	goods_manager.py	响应时间:453ms	山东省	青岛市	这里是日志信息......
2023-11-10 16:02:51.545281	[INFO]	event.py	响应时间:503ms	安徽省	合肥市	这里是日志信息......
2023-11-10 16:02:51.545281	[INFO]	orders_service.py	响应时间:912ms	上海市	浦东新区	这里是日志信息......
2023-11-10 16:02:51.545281	[INFO]	orders_service.py	响应时间:7770ms	山东省	青岛市	这里是日志信息......
2023-11-10 16:02:51.545281	[INFO]	orders_service.py	响应时间:923ms	天津市	和平区	这里是日志信息......
2023-11-10 16:02:51.545281	[INFO]	event.py	响应时间:992ms	江苏省	苏州市	这里是日志信息......
2023-11-10 16:02:51.545281	[INFO]	goods_manager.py	响应时间:5998ms	重庆市	万州区	这里是日志信息......
2023-11-10 16:02:51.545281	[INFO]	user_manager.py	响应时间:959ms	重庆市	万州区	这里是日志信息......
2023-11-10 16:02:51.545281	[INFO]	shop_manager.py	响应时间:836ms	广东省	深圳市	这里是日志信息......
2023-11-10 16:02:51.545281	[INFO]	user_manager.py	响应时间:787ms	浙江省	杭州市	这里是日志信息......
2023-11-10 16:02:51.545281	[WARN]	goods_manager.py	响应时间:223ms	湖南省	张家界市	这里是日志信息......
2023-11-10 16:02:51.545281	[INFO]	orders_service.py	响应时间:172ms	北京市	大兴区	这里是日志信息......
2023-11-10 16:02:51.545281	[INFO]	shop_manager.py	响应时间:909ms	北京市	丰台区	这里是日志信息......
2023-11-10 16:02:51.545281	[INFO]	goods_manager.py	响应时间:638ms	湖南省	长沙市	这里是日志信息......
2023-11-10 16:02:51.545281	[WARN]	goods_manager.py	响应时间:202ms	山东省	青岛市	这里是日志信息......
2023-11-10 16:02:51.545281	[INFO]	orders_service.py	响应时间:274ms	天津市	河东区	这里是日志信息......
2023-11-10 16:02:51.545281	[INFO]	event.py	响应时间:920ms	浙江省	杭州市	这里是日志信息......
2023-11-10 16:02:51.545281	[INFO]	orders_service.py	响应时间:349ms	天津市	宝坻区	这里是日志信息......
2023-11-10 16:02:51.545281	[INFO]	orders_service.py	响应时间:534ms	上海市	浦东新区	这里是日志信息......
2023-11-10 16:02:51.545281	[INFO]	base_network.py	响应时间:173ms	广东省	广州市	这里是日志信息......
2023-11-10 16:02:51.545281	[WARN]	event.py	响应时间:328ms	北京市	丰台区	这里是日志信息......
2023-11-10 16:02:51.545281	[INFO]	barcode_service.py	响应时间:406ms	上海市	静安区	这里是日志信息......
2023-11-10 16:02:51.545281	[INFO]	event.py	响应时间:666ms	天津市	和平区	这里是日志信息......
2023-11-10 16:02:51.545281	[INFO]	orders_service.py	响应时间:729ms	重庆市	万州区	这里是日志信息......
2023-11-10 16:02:51.545281	[INFO]	event.py	响应时间:714ms	重庆市	万州区	这里是日志信息......
2023-11-10 16:02:51.545281	[WARN]	event.py	响应时间:820ms	浙江省	杭州市	这里是日志信息......
2023-11-10 16:02:51.545281	[INFO]	shop_manager.py	响应时间:779ms	湖南省	长沙市	这里是日志信息......
2023-11-10 16:02:51.545281	[INFO]	goods_manager.py	响应时间:409ms	湖南省	株洲市	这里是日志信息......
2023-11-10 16:02:51.545281	[INFO]	goods_manager.py	响应时间:190ms	浙江省	杭州市	这里是日志信息......
2023-11-10 16:02:51.545281	[INFO]	base_network.py	响应时间:443ms	山东省	济南市	这里是日志信息......
2023-11-10 16:02:51.545281	[ERROR]	goods_manager.py	响应时间:932ms	安徽省	合肥市	这里是日志信息......
2023-11-10 16:02:51.545281	[INFO]	event.py	响应时间:189ms	安徽省	芜湖市	这里是日志信息......
2023-11-10 16:02:51.545281	[INFO]	event.py	响应时间:616ms	湖南省	长沙市	这里是日志信息......
2023-11-10 16:02:51.545281	[INFO]	barcode_service.py	响应时间:352ms	安徽省	铜陵市	这里是日志信息......
2023-11-10 16:02:51.545281	[INFO]	barcode_service.py	响应时间:852ms	重庆市	渝中区	这里是日志信息......
2023-11-10 16:02:51.545281	[INFO]	event.py	响应时间:602ms	上海市	普陀区	这里是日志信息......
2023-11-10 16:02:51.545281	[INFO]	goods_manager.py	响应时间:458ms	湖北省	武汉市	这里是日志信息......
2023-11-10 16:02:51.545281	[INFO]	goods_manager.py	响应时间:3ms	天津市	和平区	这里是日志信息......
2023-11-10 16:02:51.545281	[WARN]	orders_service.py	响应时间:201ms	天津市	河东区	这里是日志信息......
2023-11-10 16:02:51.545281	[INFO]	event.py	响应时间:803ms	重庆市	万州区	这里是日志信息......
2023-11-10 16:02:51.545281	[INFO]	event.py	响应时间:781ms	天津市	和平区	这里是日志信息......
2023-11-10 16:02:51.545281	[INFO]	goods_manager.py	响应时间:250ms	浙江省	舟山市	这里是日志信息......
2023-11-10 16:02:51.545281	[ERROR]	goods_manager.py	响应时间:841ms	湖北省	荆州市	这里是日志信息......
2023-11-10 16:02:51.545281	[INFO]	barcode_service.py	响应时间:438ms	湖南省	常德市	这里是日志信息......
2023-11-10 16:02:51.545281	[INFO]	event.py	响应时间:158ms	山东省	济南市	这里是日志信息......
2023-11-10 16:02:51.545281	[INFO]	goods_manager.py	响应时间:836ms	广东省	深圳市	这里是日志信息......
2023-11-10 16:02:51.545281	[INFO]	barcode_service.py	响应时间:839ms	上海市	普陀区	这里是日志信息......
2023-11-10 16:02:51.545281	[INFO]	orders_service.py	响应时间:195ms	北京市	怀柔区	这里是日志信息......
2023-11-10 16:02:51.545281	[ERROR]	goods_manager.py	响应时间:315ms	浙江省	杭州市	这里是日志信息......
2023-11-10 16:02:51.545281	[INFO]	user_manager.py	响应时间:258ms	重庆市	九龙坡区	这里是日志信息......
2023-11-10 16:02:51.545281	[INFO]	barcode_service.py	响应时间:990ms	上海市	静安区	这里是日志信息......
2023-11-10 16:02:51.545281	[INFO]	barcode_service.py	响应时间:958ms	重庆市	万州区	这里是日志信息......
2023-11-10 16:02:51.545281	[INFO]	shop_manager.py	响应时间:69ms	重庆市	渝中区	这里是日志信息......
2023-11-10 16:02:51.545281	[INFO]	event.py	响应时间:843ms	山东省	菏泽市	这里是日志信息......
2023-11-10 16:02:51.545281	[INFO]	goods_manager.py	响应时间:184ms	江苏省	南京市	这里是日志信息......
2023-11-10 16:02:51.545281	[INFO]	goods_manager.py	响应时间:340ms	浙江省	嘉兴市	这里是日志信息......
2023-11-10 16:02:51.545281	[INFO]	orders_service.py	响应时间:775ms	山东省	青岛市	这里是日志信息......
2023-11-10 16:02:51.545281	[INFO]	event.py	响应时间:353ms	山东省	青岛市	这里是日志信息......
2023-11-10 16:02:51.545281	[INFO]	goods_manager.py	响应时间:542ms	天津市	武清区	这里是日志信息......
2023-11-10 16:02:51.545281	[INFO]	event.py	响应时间:922ms	重庆市	沙坪坝区	这里是日志信息......
2023-11-10 16:02:51.545281	[INFO]	event.py	响应时间:601ms	山东省	济南市	这里是日志信息......
2023-11-10 16:02:51.545281	[INFO]	user_manager.py	响应时间:198ms	江苏省	宿迁市	这里是日志信息......
2023-11-10 16:02:51.545281	[INFO]	event.py	响应时间:257ms	浙江省	舟山市	这里是日志信息......
2023-11-10 16:02:51.545281	[INFO]	event.py	响应时间:272ms	江苏省	无锡市	这里是日志信息......
2023-11-10 16:02:51.545281	[INFO]	orders_service.py	响应时间:79ms	浙江省	湖州市	这里是日志信息......
2023-11-10 16:02:51.545281	[INFO]	orders_service.py	响应时间:207ms	浙江省	杭州市	这里是日志信息......
2023-11-10 16:02:51.545281	[INFO]	base_network.py	响应时间:268ms	山东省	济南市	这里是日志信息......
2023-11-10 16:02:51.545281	[WARN]	orders_service.py	响应时间:748ms	安徽省	阜阳市	这里是日志信息......
2023-11-10 16:02:51.545281	[INFO]	user_manager.py	响应时间:115ms	安徽省	阜阳市	这里是日志信息......
2023-11-10 16:02:51.545281	[WARN]	orders_service.py	响应时间:622ms	安徽省	池州市	这里是日志信息......
2023-11-10 16:02:51.546285	[INFO]	barcode_service.py	响应时间:667ms	浙江省	舟山市	这里是日志信息......
2023-11-10 16:02:51.546285	[INFO]	user_manager.py	响应时间:557ms	江苏省	张家港市	这里是日志信息......
2023-11-10 16:02:51.546285	[INFO]	event.py	响应时间:871ms	湖南省	株洲市	这里是日志信息......
2023-11-10 16:02:51.546285	[INFO]	user_manager.py	响应时间:328ms	上海市	浦东新区	这里是日志信息......
2023-11-10 16:02:51.546285	[INFO]	goods_manager.py	响应时间:65ms	重庆市	南岸区	这里是日志信息......
2023-11-10 16:02:51.546285	[INFO]	shop_manager.py	响应时间:46ms	浙江省	嘉兴市	这里是日志信息......
2023-11-10 16:02:51.546285	[INFO]	user_manager.py	响应时间:923ms	天津市	宝坻区	这里是日志信息......
2023-11-10 16:02:51.546285	[INFO]	event.py	响应时间:363ms	重庆市	沙坪坝区	这里是日志信息......
2023-11-10 16:02:51.546285	[INFO]	barcode_service.py	响应时间:448ms	安徽省	铜陵市	这里是日志信息......
2023-11-10 16:02:51.546285	[WARN]	orders_service.py	响应时间:630ms	安徽省	合肥市	这里是日志信息......
2023-11-10 16:02:51.546285	[INFO]	orders_service.py	响应时间:946ms	上海市	普陀区	这里是日志信息......
2023-11-10 16:02:51.546285	[INFO]	event.py	响应时间:885ms	天津市	宝坻区	这里是日志信息......
2023-11-10 16:02:51.546285	[ERROR]	shop_manager.py	响应时间:3586ms	山东省	济南市	这里是日志信息......
2023-11-10 16:02:51.546285	[INFO]	event.py	响应时间:744ms	江苏省	无锡市	这里是日志信息......
2023-11-10 16:02:51.546285	[INFO]	user_manager.py	响应时间:297ms	北京市	朝阳区	这里是日志信息......
2023-11-10 16:02:51.546285	[INFO]	barcode_service.py	响应时间:386ms	上海市	杨浦区	这里是日志信息......
2023-11-10 16:02:51.546285	[INFO]	orders_service.py	响应时间:524ms	浙江省	金华市	这里是日志信息......
2023-11-10 16:02:51.546285	[INFO]	event.py	响应时间:60ms	浙江省	湖州市	这里是日志信息......
2023-11-10 16:02:51.546285	[ERROR]	orders_service.py	响应时间:91ms	浙江省	杭州市	这里是日志信息......
2023-11-10 16:02:51.546285	[INFO]	goods_manager.py	响应时间:533ms	北京市	丰台区	这里是日志信息......
2023-11-10 16:02:51.546285	[INFO]	base_network.py	响应时间:938ms	浙江省	舟山市	这里是日志信息......
2023-11-10 16:02:51.546285	[INFO]	orders_service.py	响应时间:526ms	湖北省	恩施土家族苗族自治州	这里是日志信息......
2023-11-10 16:02:51.546285	[INFO]	event.py	响应时间:586ms	北京市	昌平区	这里是日志信息......
2023-11-10 16:02:51.546285	[WARN]	event.py	响应时间:216ms	安徽省	合肥市	这里是日志信息......
2023-11-10 16:02:51.546285	[WARN]	event.py	响应时间:89ms	湖北省	恩施土家族苗族自治州	这里是日志信息......
2023-11-10 16:02:51.546285	[INFO]	goods_manager.py	响应时间:883ms	天津市	河西区	这里是日志信息......
2023-11-10 16:02:51.546285	[INFO]	goods_manager.py	响应时间:348ms	广东省	广州市	这里是日志信息......
2023-11-10 16:02:51.546285	[INFO]	event.py	响应时间:937ms	湖南省	长沙市	这里是日志信息......
2023-11-10 16:02:51.546285	[INFO]	goods_manager.py	响应时间:4331ms	北京市	朝阳区	这里是日志信息......
2023-11-10 16:02:51.546285	[INFO]	event.py	响应时间:661ms	重庆市	九龙坡区	这里是日志信息......
2023-11-10 16:02:51.546285	[INFO]	goods_manager.py	响应时间:234ms	天津市	河东区	这里是日志信息......
2023-11-10 16:02:51.546285	[WARN]	barcode_service.py	响应时间:18ms	湖南省	长沙市	这里是日志信息......
2023-11-10 16:02:51.546285	[INFO]	goods_manager.py	响应时间:440ms	重庆市	涪陵区	这里是日志信息......
2023-11-10 16:02:51.546285	[INFO]	orders_service.py	响应时间:821ms	湖南省	张家界市	这里是日志信息......
2023-11-10 16:02:51.546285	[INFO]	orders_service.py	响应时间:814ms	北京市	丰台区	这里是日志信息......
2023-11-10 16:02:51.546285	[INFO]	goods_manager.py	响应时间:960ms	湖北省	武汉市	这里是日志信息......
2023-11-10 16:02:51.546285	[INFO]	event.py	响应时间:934ms	湖北省	十堰市	这里是日志信息......
2023-11-10 16:02:51.546285	[ERROR]	barcode_service.py	响应时间:583ms	湖北省	十堰市	这里是日志信息......
2023-11-10 16:02:51.546285	[WARN]	user_manager.py	响应时间:31ms	重庆市	沙坪坝区	这里是日志信息......
2023-11-10 16:02:51.546285	[INFO]	orders_service.py	响应时间:201ms	湖北省	十堰市	这里是日志信息......
2023-11-10 16:02:51.546285	[INFO]	user_manager.py	响应时间:583ms	上海市	浦东新区	这里是日志信息......
2023-11-10 16:02:51.546285	[ERROR]	shop_manager.py	响应时间:228ms	湖南省	常德市	这里是日志信息......
2023-11-10 16:02:51.546285	[INFO]	barcode_service.py	响应时间:325ms	重庆市	渝中区	这里是日志信息......
2023-11-10 16:02:51.546285	[INFO]	base_network.py	响应时间:840ms	湖北省	武汉市	这里是日志信息......
2023-11-10 16:02:51.546285	[INFO]	orders_service.py	响应时间:508ms	上海市	静安区	这里是日志信息......
2023-11-10 16:02:51.546285	[INFO]	orders_service.py	响应时间:95ms	安徽省	合肥市	这里是日志信息......
2023-11-10 16:02:51.546285	[INFO]	goods_manager.py	响应时间:17ms	天津市	河西区	这里是日志信息......
2023-11-10 16:02:51.546285	[INFO]	goods_manager.py	响应时间:977ms	浙江省	金华市	这里是日志信息......
2023-11-10 16:02:51.546285	[INFO]	event.py	响应时间:446ms	重庆市	万州区	这里是日志信息......
2023-11-10 16:02:51.546285	[INFO]	event.py	响应时间:932ms	广东省	深圳市	这里是日志信息......
2023-11-10 16:02:51.546285	[INFO]	goods_manager.py	响应时间:105ms	江苏省	南京市	这里是日志信息......
2023-11-10 16:02:51.546285	[INFO]	barcode_service.py	响应时间:780ms	安徽省	芜湖市	这里是日志信息......
2023-11-10 16:02:51.546285	[INFO]	event.py	响应时间:78ms	山东省	济南市	这里是日志信息......
2023-11-10 16:02:51.546285	[INFO]	orders_service.py	响应时间:790ms	浙江省	杭州市	这里是日志信息......
2023-11-10 16:02:51.546285	[INFO]	shop_manager.py	响应时间:368ms	安徽省	池州市	这里是日志信息......
2023-11-10 16:02:51.546285	[INFO]	event.py	响应时间:74ms	山东省	济南市	这里是日志信息......
2023-11-10 16:02:51.546285	[INFO]	orders_service.py	响应时间:409ms	北京市	朝阳区	这里是日志信息......
2023-11-10 16:02:51.546285	[INFO]	event.py	响应时间:414ms	上海市	普陀区	这里是日志信息......
2023-11-10 16:02:51.546285	[INFO]	goods_manager.py	响应时间:833ms	天津市	武清区	这里是日志信息......
2023-11-10 16:02:51.546285	[INFO]	orders_service.py	响应时间:356ms	天津市	河西区	这里是日志信息......
2023-11-10 16:02:51.546285	[INFO]	orders_service.py	响应时间:441ms	广东省	深圳市	这里是日志信息......
2023-11-10 16:02:51.546285	[INFO]	goods_manager.py	响应时间:195ms	山东省	青岛市	这里是日志信息......
2023-11-10 16:02:51.546285	[INFO]	orders_service.py	响应时间:76ms	上海市	杨浦区	这里是日志信息......
2023-11-10 16:02:51.546285	[INFO]	orders_service.py	响应时间:20ms	重庆市	万州区	这里是日志信息......
2023-11-10 16:02:51.546285	[INFO]	base_network.py	响应时间:91ms	天津市	和平区	这里是日志信息......
2023-11-10 16:02:51.546285	[INFO]	orders_service.py	响应时间:364ms	山东省	青岛市	这里是日志信息......
2023-11-10 16:02:51.546285	[ERROR]	base_network.py	响应时间:947ms	天津市	宝坻区	这里是日志信息......
2023-11-10 16:02:51.546285	[INFO]	goods_manager.py	响应时间:250ms	安徽省	合肥市	这里是日志信息......
2023-11-10 16:02:51.546285	[INFO]	shop_manager.py	响应时间:109ms	湖北省	荆州市	这里是日志信息......
2023-11-10 16:02:51.546285	[INFO]	shop_manager.py	响应时间:131ms	天津市	武清区	这里是日志信息......
2023-11-10 16:02:51.546285	[WARN]	event.py	响应时间:1ms	广东省	深圳市	这里是日志信息......
2023-11-10 16:02:51.546285	[INFO]	event.py	响应时间:17ms	湖南省	株洲市	这里是日志信息......
2023-11-10 16:02:51.546285	[ERROR]	barcode_service.py	响应时间:297ms	北京市	丰台区	这里是日志信息......
2023-11-10 16:02:51.546285	[INFO]	event.py	响应时间:662ms	浙江省	丽水市	这里是日志信息......
2023-11-10 16:02:51.546285	[WARN]	user_manager.py	响应时间:1186ms	上海市	普陀区	这里是日志信息......
2023-11-10 16:02:51.546285	[INFO]	event.py	响应时间:717ms	北京市	昌平区	这里是日志信息......
2023-11-10 16:02:51.546285	[INFO]	orders_service.py	响应时间:222ms	广东省	广州市	这里是日志信息......
2023-11-10 16:02:51.546285	[INFO]	goods_manager.py	响应时间:775ms	山东省	济南市	这里是日志信息......
2023-11-10 16:02:51.546285	[INFO]	shop_manager.py	响应时间:579ms	江苏省	无锡市	这里是日志信息......
2023-11-10 16:02:51.546285	[INFO]	orders_service.py	响应时间:771ms	江苏省	南京市	这里是日志信息......
2023-11-10 16:02:51.546285	[WARN]	orders_service.py	响应时间:402ms	江苏省	南京市	这里是日志信息......
2023-11-10 16:02:51.546285	[INFO]	event.py	响应时间:277ms	重庆市	万州区	这里是日志信息......
2023-11-10 16:02:51.546285	[INFO]	base_network.py	响应时间:5ms	浙江省	金华市	这里是日志信息......
2023-11-10 16:02:51.546285	[INFO]	barcode_service.py	响应时间:8ms	广东省	深圳市	这里是日志信息......
2023-11-10 16:02:51.546285	[INFO]	goods_manager.py	响应时间:692ms	湖南省	长沙市	这里是日志信息......
2023-11-10 16:02:51.546285	[INFO]	base_network.py	响应时间:158ms	安徽省	六安市	这里是日志信息......
2023-11-10 16:02:51.546285	[INFO]	goods_manager.py	响应时间:3682ms	重庆市	沙坪坝区	这里是日志信息......
2023-11-10 16:02:51.546285	[INFO]	goods_manager.py	响应时间:584ms	湖北省	武汉市	这里是日志信息......
2023-11-10 16:02:51.546285	[WARN]	event.py	响应时间:317ms	天津市	宝坻区	这里是日志信息......
2023-11-10 16:02:51.546285	[WARN]	event.py	响应时间:180ms	广东省	深圳市	这里是日志信息......
2023-11-10 16:02:51.546285	[INFO]	barcode_service.py	响应时间:405ms	广东省	深圳市	这里是日志信息......
2023-11-10 16:02:51.546285	[INFO]	goods_manager.py	响应时间:226ms	湖南省	益阳市	这里是日志信息......
2023-11-10 16:02:51.546285	[INFO]	base_network.py	响应时间:917ms	广东省	广州市	这里是日志信息......
2023-11-10 16:02:51.546285	[WARN]	goods_manager.py	响应时间:497ms	湖南省	长沙市	这里是日志信息......
2023-11-10 16:02:51.546285	[INFO]	base_network.py	响应时间:194ms	安徽省	六安市	这里是日志信息......
2023-11-10 16:02:51.546285	[INFO]	goods_manager.py	响应时间:679ms	北京市	海淀区	这里是日志信息......
2023-11-10 16:02:51.546285	[INFO]	event.py	响应时间:274ms	上海市	浦东新区	这里是日志信息......
2023-11-10 16:02:51.546285	[INFO]	shop_manager.py	响应时间:805ms	重庆市	涪陵区	这里是日志信息......
2023-11-10 16:02:51.546285	[WARN]	orders_service.py	响应时间:470ms	上海市	宝山区	这里是日志信息......
2023-11-10 16:02:51.547340	[INFO]	barcode_service.py	响应时间:5946ms	江苏省	常州市	这里是日志信息......
2023-11-10 16:02:51.547340	[INFO]	event.py	响应时间:460ms	浙江省	金华市	这里是日志信息......
2023-11-10 16:02:51.547340	[INFO]	event.py	响应时间:657ms	湖北省	十堰市	这里是日志信息......
2023-11-10 16:02:51.547340	[INFO]	goods_manager.py	响应时间:116ms	安徽省	阜阳市	这里是日志信息......
2023-11-10 16:02:51.547340	[INFO]	orders_service.py	响应时间:966ms	北京市	昌平区	这里是日志信息......
2023-11-10 16:02:51.547340	[INFO]	goods_manager.py	响应时间:403ms	重庆市	万州区	这里是日志信息......
2023-11-10 16:02:51.547340	[INFO]	goods_manager.py	响应时间:667ms	天津市	宝坻区	这里是日志信息......
2023-11-10 16:02:51.547340	[INFO]	orders_service.py	响应时间:806ms	北京市	大兴区	这里是日志信息......
2023-11-10 16:02:51.547340	[INFO]	orders_service.py	响应时间:789ms	湖南省	张家界市	这里是日志信息......
2023-11-10 16:02:51.547340	[INFO]	goods_manager.py	响应时间:792ms	江苏省	苏州市	这里是日志信息......
2023-11-10 16:02:51.547340	[INFO]	user_manager.py	响应时间:377ms	广东省	广州市	这里是日志信息......
2023-11-10 16:02:51.547340	[INFO]	goods_manager.py	响应时间:442ms	天津市	宝坻区	这里是日志信息......
2023-11-10 16:02:51.547340	[INFO]	user_manager.py	响应时间:774ms	天津市	宝坻区	这里是日志信息......
2023-11-10 16:02:51.547340	[INFO]	orders_service.py	响应时间:988ms	天津市	河西区	这里是日志信息......
2023-11-10 16:02:51.547340	[INFO]	orders_service.py	响应时间:340ms	江苏省	张家港市	这里是日志信息......
2023-11-10 16:02:51.547340	[INFO]	goods_manager.py	响应时间:637ms	安徽省	六安市	这里是日志信息......
2023-11-10 16:02:51.547340	[INFO]	event.py	响应时间:840ms	浙江省	舟山市	这里是日志信息......
2023-11-10 16:02:51.547340	[INFO]	user_manager.py	响应时间:737ms	湖北省	十堰市	这里是日志信息......
2023-11-10 16:02:51.547340	[INFO]	user_manager.py	响应时间:152ms	重庆市	万州区	这里是日志信息......
2023-11-10 16:02:51.547340	[INFO]	user_manager.py	响应时间:789ms	北京市	丰台区	这里是日志信息......
2023-11-10 16:02:51.547340	[INFO]	barcode_service.py	响应时间:615ms	浙江省	嘉兴市	这里是日志信息......
2023-11-10 16:02:51.547340	[INFO]	goods_manager.py	响应时间:148ms	广东省	深圳市	这里是日志信息......
2023-11-10 16:02:51.547340	[INFO]	goods_manager.py	响应时间:723ms	湖北省	荆州市	这里是日志信息......
2023-11-10 16:02:51.547340	[INFO]	user_manager.py	响应时间:3541ms	江苏省	常州市	这里是日志信息......
2023-11-10 16:02:51.547340	[INFO]	user_manager.py	响应时间:925ms	山东省	青岛市	这里是日志信息......
2023-11-10 16:02:51.547340	[INFO]	orders_service.py	响应时间:888ms	安徽省	芜湖市	这里是日志信息......
2023-11-10 16:02:51.547340	[INFO]	orders_service.py	响应时间:471ms	湖北省	荆州市	这里是日志信息......
2023-11-10 16:02:51.547340	[INFO]	goods_manager.py	响应时间:977ms	浙江省	嘉兴市	这里是日志信息......
2023-11-10 16:02:51.547340	[INFO]	goods_manager.py	响应时间:180ms	山东省	济南市	这里是日志信息......
2023-11-10 16:02:51.547340	[INFO]	user_manager.py	响应时间:467ms	重庆市	沙坪坝区	这里是日志信息......
2023-11-10 16:02:51.547340	[INFO]	barcode_service.py	响应时间:175ms	浙江省	丽水市	这里是日志信息......
2023-11-10 16:02:51.547340	[INFO]	orders_service.py	响应时间:417ms	广东省	珠海市	这里是日志信息......
2023-11-10 16:02:51.547340	[INFO]	user_manager.py	响应时间:174ms	湖南省	株洲市	这里是日志信息......
2023-11-10 16:02:51.547340	[INFO]	user_manager.py	响应时间:6223ms	江苏省	南京市	这里是日志信息......
2023-11-10 16:02:51.547340	[INFO]	barcode_service.py	响应时间:178ms	江苏省	苏州市	这里是日志信息......
2023-11-10 16:02:51.547340	[INFO]	orders_service.py	响应时间:603ms	江苏省	南京市	这里是日志信息......
2023-11-10 16:02:51.547340	[INFO]	orders_service.py	响应时间:321ms	湖北省	武汉市	这里是日志信息......
2023-11-10 16:02:51.547340	[INFO]	event.py	响应时间:430ms	山东省	济南市	这里是日志信息......
2023-11-10 16:02:51.547340	[INFO]	event.py	响应时间:3800ms	安徽省	合肥市	这里是日志信息......
2023-11-10 16:02:51.547340	[INFO]	event.py	响应时间:153ms	重庆市	万州区	这里是日志信息......
2023-11-10 16:02:51.547340	[INFO]	event.py	响应时间:381ms	上海市	宝山区	这里是日志信息......
2023-11-10 16:02:51.547340	[INFO]	goods_manager.py	响应时间:800ms	上海市	浦东新区	这里是日志信息......
2023-11-10 16:02:51.547340	[INFO]	goods_manager.py	响应时间:268ms	浙江省	丽水市	这里是日志信息......
2023-11-10 16:02:51.547340	[WARN]	barcode_service.py	响应时间:153ms	安徽省	铜陵市	这里是日志信息......
2023-11-10 16:02:51.547340	[INFO]	goods_manager.py	响应时间:217ms	北京市	朝阳区	这里是日志信息......
2023-11-10 16:02:51.547340	[WARN]	event.py	响应时间:370ms	安徽省	阜阳市	这里是日志信息......
2023-11-10 16:02:51.547340	[INFO]	orders_service.py	响应时间:369ms	天津市	河西区	这里是日志信息......
2023-11-10 16:02:51.547340	[INFO]	barcode_service.py	响应时间:20ms	浙江省	嘉兴市	这里是日志信息......
2023-11-10 16:02:51.547340	[INFO]	goods_manager.py	响应时间:691ms	湖北省	恩施土家族苗族自治州	这里是日志信息......
2023-11-10 16:02:51.547340	[INFO]	goods_manager.py	响应时间:511ms	天津市	宝坻区	这里是日志信息......
2023-11-10 16:02:51.547340	[ERROR]	barcode_service.py	响应时间:87ms	湖南省	长沙市	这里是日志信息......
2023-11-10 16:02:51.547340	[INFO]	orders_service.py	响应时间:134ms	北京市	海淀区	这里是日志信息......
2023-11-10 16:02:51.547340	[INFO]	barcode_service.py	响应时间:983ms	湖南省	长沙市	这里是日志信息......
2023-11-10 16:02:51.547340	[ERROR]	goods_manager.py	响应时间:936ms	湖南省	常德市	这里是日志信息......
2023-11-10 16:02:51.547340	[INFO]	orders_service.py	响应时间:184ms	广东省	广州市	这里是日志信息......
2023-11-10 16:02:51.547340	[INFO]	user_manager.py	响应时间:310ms	浙江省	金华市	这里是日志信息......
2023-11-10 16:02:51.547340	[INFO]	goods_manager.py	响应时间:533ms	山东省	济南市	这里是日志信息......
2023-11-10 16:02:51.547340	[INFO]	barcode_service.py	响应时间:644ms	重庆市	涪陵区	这里是日志信息......
2023-11-10 16:02:51.547340	[INFO]	goods_manager.py	响应时间:278ms	安徽省	六安市	这里是日志信息......
2023-11-10 16:02:51.547340	[INFO]	user_manager.py	响应时间:939ms	湖北省	武汉市	这里是日志信息......
2023-11-10 16:02:51.547340	[INFO]	user_manager.py	响应时间:795ms	上海市	浦东新区	这里是日志信息......
2023-11-10 16:02:51.547340	[INFO]	event.py	响应时间:10ms	湖北省	十堰市	这里是日志信息......
2023-11-10 16:02:51.547340	[INFO]	orders_service.py	响应时间:229ms	浙江省	杭州市	这里是日志信息......
2023-11-10 16:02:51.547340	[INFO]	user_manager.py	响应时间:725ms	重庆市	南岸区	这里是日志信息......
2023-11-10 16:02:51.547340	[WARN]	event.py	响应时间:775ms	江苏省	无锡市	这里是日志信息......
2023-11-10 16:02:51.547340	[ERROR]	event.py	响应时间:415ms	安徽省	池州市	这里是日志信息......
2023-11-10 16:02:51.547340	[INFO]	user_manager.py	响应时间:236ms	湖南省	益阳市	这里是日志信息......
2023-11-10 16:02:51.547340	[INFO]	event.py	响应时间:410ms	北京市	海淀区	这里是日志信息......
2023-11-10 16:02:51.547340	[INFO]	goods_manager.py	响应时间:625ms	湖南省	长沙市	这里是日志信息......
2023-11-10 16:02:51.547340	[INFO]	base_network.py	响应时间:541ms	山东省	菏泽市	这里是日志信息......
2023-11-10 16:02:51.547340	[INFO]	event.py	响应时间:365ms	江苏省	张家港市	这里是日志信息......
2023-11-10 16:02:51.547340	[INFO]	orders_service.py	响应时间:602ms	浙江省	金华市	这里是日志信息......
2023-11-10 16:02:51.547340	[ERROR]	user_manager.py	响应时间:600ms	湖南省	长沙市	这里是日志信息......
2023-11-10 16:02:51.547340	[INFO]	user_manager.py	响应时间:154ms	重庆市	九龙坡区	这里是日志信息......
2023-11-10 16:02:51.547340	[WARN]	event.py	响应时间:726ms	江苏省	张家港市	这里是日志信息......
2023-11-10 16:02:51.547340	[INFO]	goods_manager.py	响应时间:889ms	广东省	深圳市	这里是日志信息......
2023-11-10 16:02:51.547340	[INFO]	event.py	响应时间:238ms	上海市	静安区	这里是日志信息......
2023-11-10 16:02:51.547340	[INFO]	base_network.py	响应时间:789ms	江苏省	无锡市	这里是日志信息......
2023-11-10 16:02:51.547340	[INFO]	user_manager.py	响应时间:351ms	重庆市	沙坪坝区	这里是日志信息......
2023-11-10 16:02:51.547340	[INFO]	goods_manager.py	响应时间:751ms	浙江省	金华市	这里是日志信息......
2023-11-10 16:02:51.547340	[INFO]	orders_service.py	响应时间:743ms	北京市	海淀区	这里是日志信息......
2023-11-10 16:02:51.547340	[INFO]	event.py	响应时间:203ms	江苏省	无锡市	这里是日志信息......
2023-11-10 16:02:51.547340	[INFO]	event.py	响应时间:514ms	广东省	广州市	这里是日志信息......
2023-11-10 16:02:51.547340	[INFO]	event.py	响应时间:643ms	重庆市	沙坪坝区	这里是日志信息......
2023-11-10 16:02:51.547340	[WARN]	orders_service.py	响应时间:184ms	湖南省	张家界市	这里是日志信息......
2023-11-10 16:02:51.547340	[INFO]	base_network.py	响应时间:891ms	安徽省	阜阳市	这里是日志信息......
2023-11-10 16:02:51.547340	[INFO]	user_manager.py	响应时间:463ms	湖南省	长沙市	这里是日志信息......
2023-11-10 16:02:51.547340	[INFO]	orders_service.py	响应时间:102ms	上海市	黄浦区	这里是日志信息......
2023-11-10 16:02:51.547340	[INFO]	orders_service.py	响应时间:481ms	浙江省	丽水市	这里是日志信息......
2023-11-10 16:02:51.547340	[INFO]	goods_manager.py	响应时间:853ms	广东省	深圳市	这里是日志信息......
2023-11-10 16:02:51.547340	[INFO]	event.py	响应时间:785ms	天津市	武清区	这里是日志信息......
2023-11-10 16:02:51.547340	[INFO]	barcode_service.py	响应时间:979ms	浙江省	嘉兴市	这里是日志信息......
2023-11-10 16:02:51.547340	[INFO]	barcode_service.py	响应时间:1862ms	天津市	武清区	这里是日志信息......
2023-11-10 16:02:51.547340	[INFO]	goods_manager.py	响应时间:807ms	上海市	黄浦区	这里是日志信息......
2023-11-10 16:02:51.547340	[WARN]	event.py	响应时间:427ms	山东省	济南市	这里是日志信息......
2023-11-10 16:02:51.547340	[INFO]	goods_manager.py	响应时间:662ms	重庆市	南岸区	这里是日志信息......
2023-11-10 16:02:51.547340	[INFO]	goods_manager.py	响应时间:679ms	重庆市	南岸区	这里是日志信息......
2023-11-10 16:02:51.547340	[INFO]	event.py	响应时间:249ms	江苏省	无锡市	这里是日志信息......
2023-11-10 16:02:51.547340	[INFO]	shop_manager.py	响应时间:26ms	山东省	青岛市	这里是日志信息......
2023-11-10 16:02:51.547340	[INFO]	goods_manager.py	响应时间:938ms	山东省	青岛市	这里是日志信息......
2023-11-10 16:02:51.547340	[WARN]	goods_manager.py	响应时间:775ms	广东省	广州市	这里是日志信息......
2023-11-10 16:02:51.547340	[INFO]	user_manager.py	响应时间:681ms	广东省	广州市	这里是日志信息......
2023-11-10 16:02:51.547340	[INFO]	user_manager.py	响应时间:786ms	山东省	菏泽市	这里是日志信息......
2023-11-10 16:02:51.547340	[INFO]	user_manager.py	响应时间:199ms	北京市	昌平区	这里是日志信息......
2023-11-10 16:02:51.547340	[INFO]	orders_service.py	响应时间:38ms	山东省	青岛市	这里是日志信息......
2023-11-10 16:02:51.547340	[WARN]	event.py	响应时间:104ms	天津市	武清区	这里是日志信息......
2023-11-10 16:02:51.547340	[INFO]	base_network.py	响应时间:630ms	广东省	珠海市	这里是日志信息......
2023-11-10 16:02:51.547340	[WARN]	shop_manager.py	响应时间:298ms	湖南省	长沙市	这里是日志信息......
2023-11-10 16:02:51.547340	[WARN]	barcode_service.py	响应时间:24ms	浙江省	杭州市	这里是日志信息......
2023-11-10 16:02:51.547340	[INFO]	orders_service.py	响应时间:110ms	天津市	和平区	这里是日志信息......
2023-11-10 16:02:51.547340	[INFO]	event.py	响应时间:857ms	上海市	宝山区	这里是日志信息......
2023-11-10 16:02:51.547340	[INFO]	shop_manager.py	响应时间:8904ms	天津市	河东区	这里是日志信息......
2023-11-10 16:02:51.547340	[INFO]	event.py	响应时间:261ms	上海市	浦东新区	这里是日志信息......
2023-11-10 16:02:51.547340	[INFO]	orders_service.py	响应时间:289ms	天津市	河东区	这里是日志信息......
2023-11-10 16:02:51.547340	[INFO]	goods_manager.py	响应时间:159ms	天津市	和平区	这里是日志信息......
2023-11-10 16:02:51.547340	[INFO]	event.py	响应时间:433ms	湖北省	恩施土家族苗族自治州	这里是日志信息......
2023-11-10 16:02:51.547340	[INFO]	event.py	响应时间:365ms	湖北省	武汉市	这里是日志信息......
2023-11-10 16:02:51.547340	[INFO]	orders_service.py	响应时间:832ms	山东省	济南市	这里是日志信息......
2023-11-10 16:02:51.547340	[INFO]	goods_manager.py	响应时间:512ms	浙江省	绍兴市	这里是日志信息......
2023-11-10 16:02:51.547340	[INFO]	event.py	响应时间:263ms	北京市	怀柔区	这里是日志信息......
2023-11-10 16:02:51.547340	[INFO]	goods_manager.py	响应时间:837ms	广东省	广州市	这里是日志信息......
2023-11-10 16:02:51.547340	[INFO]	orders_service.py	响应时间:65ms	湖南省	长沙市	这里是日志信息......
2023-11-10 16:02:51.547340	[INFO]	goods_manager.py	响应时间:647ms	浙江省	杭州市	这里是日志信息......
2023-11-10 16:02:51.547340	[INFO]	event.py	响应时间:104ms	湖南省	株洲市	这里是日志信息......
2023-11-10 16:02:51.547340	[INFO]	shop_manager.py	响应时间:680ms	江苏省	南京市	这里是日志信息......
2023-11-10 16:02:51.548295	[INFO]	orders_service.py	响应时间:305ms	重庆市	九龙坡区	这里是日志信息......
2023-11-10 16:02:51.548295	[INFO]	orders_service.py	响应时间:635ms	安徽省	合肥市	这里是日志信息......
2023-11-10 16:02:51.548295	[INFO]	event.py	响应时间:702ms	湖南省	株洲市	这里是日志信息......
2023-11-10 16:02:51.548295	[INFO]	user_manager.py	响应时间:451ms	湖南省	长沙市	这里是日志信息......
2023-11-10 16:02:51.548295	[INFO]	event.py	响应时间:922ms	广东省	广州市	这里是日志信息......
2023-11-10 16:02:51.548295	[WARN]	orders_service.py	响应时间:7827ms	广东省	珠海市	这里是日志信息......
2023-11-10 16:02:51.548295	[INFO]	user_manager.py	响应时间:734ms	山东省	青岛市	这里是日志信息......
2023-11-10 16:02:51.548295	[WARN]	goods_manager.py	响应时间:265ms	湖南省	长沙市	这里是日志信息......
2023-11-10 16:02:51.548295	[INFO]	goods_manager.py	响应时间:885ms	天津市	和平区	这里是日志信息......
2023-11-10 16:02:51.548295	[WARN]	orders_service.py	响应时间:638ms	北京市	昌平区	这里是日志信息......
2023-11-10 16:02:51.548295	[INFO]	user_manager.py	响应时间:641ms	广东省	广州市	这里是日志信息......
2023-11-10 16:02:51.548295	[INFO]	goods_manager.py	响应时间:765ms	北京市	大兴区	这里是日志信息......
2023-11-10 16:02:51.548295	[INFO]	user_manager.py	响应时间:46ms	天津市	武清区	这里是日志信息......
2023-11-10 16:02:51.548295	[INFO]	shop_manager.py	响应时间:144ms	山东省	青岛市	这里是日志信息......
2023-11-10 16:02:51.548295	[INFO]	barcode_service.py	响应时间:111ms	北京市	丰台区	这里是日志信息......
2023-11-10 16:02:51.548295	[WARN]	goods_manager.py	响应时间:588ms	江苏省	张家港市	这里是日志信息......
2023-11-10 16:02:51.548295	[INFO]	goods_manager.py	响应时间:175ms	广东省	广州市	这里是日志信息......
2023-11-10 16:02:51.548295	[INFO]	base_network.py	响应时间:764ms	北京市	昌平区	这里是日志信息......
2023-11-10 16:02:51.548295	[WARN]	goods_manager.py	响应时间:890ms	湖北省	恩施土家族苗族自治州	这里是日志信息......
2023-11-10 16:02:51.548295	[INFO]	goods_manager.py	响应时间:3620ms	湖南省	常德市	这里是日志信息......
2023-11-10 16:02:51.548295	[INFO]	orders_service.py	响应时间:556ms	湖北省	十堰市	这里是日志信息......
2023-11-10 16:02:51.548295	[INFO]	goods_manager.py	响应时间:669ms	广东省	广州市	这里是日志信息......
2023-11-10 16:02:51.548295	[INFO]	shop_manager.py	响应时间:326ms	上海市	徐汇区	这里是日志信息......
2023-11-10 16:02:51.548295	[INFO]	orders_service.py	响应时间:84ms	天津市	和平区	这里是日志信息......
2023-11-10 16:02:51.548295	[INFO]	barcode_service.py	响应时间:655ms	山东省	济南市	这里是日志信息......
2023-11-10 16:02:51.548295	[WARN]	goods_manager.py	响应时间:537ms	安徽省	池州市	这里是日志信息......
2023-11-10 16:02:51.548295	[INFO]	user_manager.py	响应时间:672ms	广东省	珠海市	这里是日志信息......
2023-11-10 16:02:51.548295	[INFO]	orders_service.py	响应时间:800ms	湖南省	长沙市	这里是日志信息......
2023-11-10 16:02:51.548295	[INFO]	base_network.py	响应时间:531ms	浙江省	湖州市	这里是日志信息......
2023-11-10 16:02:51.548295	[ERROR]	orders_service.py	响应时间:378ms	广东省	深圳市	这里是日志信息......
2023-11-10 16:02:51.548295	[INFO]	goods_manager.py	响应时间:8746ms	北京市	朝阳区	这里是日志信息......
2023-11-10 16:02:51.548295	[INFO]	orders_service.py	响应时间:541ms	广东省	深圳市	这里是日志信息......
2023-11-10 16:02:51.548295	[WARN]	event.py	响应时间:96ms	浙江省	湖州市	这里是日志信息......
2023-11-10 16:02:51.548295	[INFO]	user_manager.py	响应时间:9403ms	湖北省	十堰市	这里是日志信息......
2023-11-10 16:02:51.548295	[INFO]	goods_manager.py	响应时间:977ms	安徽省	池州市	这里是日志信息......
2023-11-10 16:02:51.548295	[INFO]	user_manager.py	响应时间:861ms	湖南省	常德市	这里是日志信息......
2023-11-10 16:02:51.548295	[INFO]	orders_service.py	响应时间:227ms	山东省	济南市	这里是日志信息......
2023-11-10 16:02:51.548295	[INFO]	goods_manager.py	响应时间:6003ms	江苏省	南京市	这里是日志信息......
2023-11-10 16:02:51.548295	[INFO]	goods_manager.py	响应时间:201ms	浙江省	丽水市	这里是日志信息......
2023-11-10 16:02:51.548295	[INFO]	user_manager.py	响应时间:874ms	江苏省	南京市	这里是日志信息......
2023-11-10 16:02:51.548295	[INFO]	shop_manager.py	响应时间:838ms	天津市	河东区	这里是日志信息......
2023-11-10 16:02:51.548295	[INFO]	event.py	响应时间:848ms	湖南省	长沙市	这里是日志信息......
2023-11-10 16:02:51.548295	[ERROR]	event.py	响应时间:3483ms	山东省	青岛市	这里是日志信息......
2023-11-10 16:02:51.548295	[INFO]	orders_service.py	响应时间:562ms	湖南省	长沙市	这里是日志信息......
2023-11-10 16:02:51.548295	[INFO]	orders_service.py	响应时间:290ms	重庆市	南岸区	这里是日志信息......
2023-11-10 16:02:51.548295	[INFO]	shop_manager.py	响应时间:309ms	湖北省	武汉市	这里是日志信息......
2023-11-10 16:02:51.548295	[INFO]	event.py	响应时间:562ms	浙江省	嘉兴市	这里是日志信息......
2023-11-10 16:02:51.548295	[INFO]	shop_manager.py	响应时间:312ms	江苏省	南京市	这里是日志信息......
2023-11-10 16:02:51.548295	[WARN]	event.py	响应时间:218ms	北京市	海淀区	这里是日志信息......
2023-11-10 16:02:51.548295	[INFO]	orders_service.py	响应时间:648ms	山东省	菏泽市	这里是日志信息......
2023-11-10 16:02:51.548295	[INFO]	barcode_service.py	响应时间:398ms	安徽省	六安市	这里是日志信息......
2023-11-10 16:02:51.548295	[INFO]	orders_service.py	响应时间:792ms	北京市	海淀区	这里是日志信息......
2023-11-10 16:02:51.548295	[ERROR]	event.py	响应时间:650ms	湖北省	武汉市	这里是日志信息......
2023-11-10 16:02:51.548295	[INFO]	orders_service.py	响应时间:564ms	湖北省	荆州市	这里是日志信息......
2023-11-10 16:02:51.548295	[INFO]	orders_service.py	响应时间:165ms	广东省	广州市	这里是日志信息......
2023-11-10 16:02:51.548295	[WARN]	event.py	响应时间:817ms	重庆市	渝中区	这里是日志信息......
2023-11-10 16:02:51.548295	[INFO]	event.py	响应时间:389ms	湖北省	武汉市	这里是日志信息......
2023-11-10 16:02:51.548295	[INFO]	barcode_service.py	响应时间:464ms	广东省	广州市	这里是日志信息......
2023-11-10 16:02:51.548295	[INFO]	orders_service.py	响应时间:415ms	广东省	深圳市	这里是日志信息......
2023-11-10 16:02:51.548295	[WARN]	goods_manager.py	响应时间:897ms	湖北省	荆州市	这里是日志信息......
2023-11-10 16:02:51.548295	[INFO]	orders_service.py	响应时间:278ms	湖南省	株洲市	这里是日志信息......
2023-11-10 16:02:51.548295	[INFO]	user_manager.py	响应时间:376ms	重庆市	万州区	这里是日志信息......
2023-11-10 16:02:51.548295	[INFO]	barcode_service.py	响应时间:158ms	浙江省	舟山市	这里是日志信息......
2023-11-10 16:02:51.548295	[INFO]	shop_manager.py	响应时间:685ms	山东省	青岛市	这里是日志信息......
2023-11-10 16:02:51.548295	[INFO]	user_manager.py	响应时间:472ms	北京市	海淀区	这里是日志信息......
2023-11-10 16:02:51.548295	[INFO]	event.py	响应时间:507ms	北京市	大兴区	这里是日志信息......
2023-11-10 16:02:51.548295	[INFO]	orders_service.py	响应时间:674ms	北京市	海淀区	这里是日志信息......
2023-11-10 16:02:51.548295	[INFO]	event.py	响应时间:308ms	浙江省	杭州市	这里是日志信息......
2023-11-10 16:02:51.548295	[INFO]	event.py	响应时间:200ms	广东省	珠海市	这里是日志信息......
2023-11-10 16:02:51.548295	[INFO]	orders_service.py	响应时间:182ms	安徽省	合肥市	这里是日志信息......
2023-11-10 16:02:51.548295	[INFO]	goods_manager.py	响应时间:608ms	湖南省	株洲市	这里是日志信息......
2023-11-10 16:02:51.548295	[INFO]	event.py	响应时间:68ms	山东省	济南市	这里是日志信息......
2023-11-10 16:02:51.548295	[INFO]	orders_service.py	响应时间:892ms	浙江省	嘉兴市	这里是日志信息......
2023-11-10 16:02:51.548295	[INFO]	event.py	响应时间:12ms	湖南省	长沙市	这里是日志信息......
2023-11-10 16:02:51.548295	[INFO]	goods_manager.py	响应时间:877ms	广东省	深圳市	这里是日志信息......
2023-11-10 16:02:51.548295	[INFO]	goods_manager.py	响应时间:883ms	山东省	菏泽市	这里是日志信息......
2023-11-10 16:02:51.548295	[INFO]	shop_manager.py	响应时间:616ms	山东省	青岛市	这里是日志信息......
2023-11-10 16:02:51.548295	[INFO]	user_manager.py	响应时间:354ms	安徽省	阜阳市	这里是日志信息......
2023-11-10 16:02:51.548295	[INFO]	user_manager.py	响应时间:660ms	浙江省	嘉兴市	这里是日志信息......
2023-11-10 16:02:51.548295	[INFO]	event.py	响应时间:553ms	重庆市	九龙坡区	这里是日志信息......
2023-11-10 16:02:51.548295	[INFO]	orders_service.py	响应时间:912ms	北京市	怀柔区	这里是日志信息......
2023-11-10 16:02:51.548295	[INFO]	base_network.py	响应时间:639ms	北京市	怀柔区	这里是日志信息......
2023-11-10 16:02:51.548295	[INFO]	event.py	响应时间:396ms	重庆市	沙坪坝区	这里是日志信息......
2023-11-10 16:02:51.548295	[INFO]	user_manager.py	响应时间:224ms	广东省	深圳市	这里是日志信息......
2023-11-10 16:02:51.548295	[INFO]	shop_manager.py	响应时间:83ms	湖南省	长沙市	这里是日志信息......
2023-11-10 16:02:51.548295	[INFO]	event.py	响应时间:255ms	湖北省	武汉市	这里是日志信息......
2023-11-10 16:02:51.548295	[INFO]	goods_manager.py	响应时间:127ms	上海市	徐汇区	这里是日志信息......
2023-11-10 16:02:51.548295	[INFO]	base_network.py	响应时间:970ms	浙江省	舟山市	这里是日志信息......
2023-11-10 16:02:51.548295	[INFO]	user_manager.py	响应时间:945ms	安徽省	合肥市	这里是日志信息......
2023-11-10 16:02:51.548295	[INFO]	barcode_service.py	响应时间:599ms	广东省	深圳市	这里是日志信息......
2023-11-10 16:02:51.548295	[INFO]	event.py	响应时间:192ms	北京市	海淀区	这里是日志信息......
2023-11-10 16:02:51.548295	[WARN]	goods_manager.py	响应时间:99ms	天津市	武清区	这里是日志信息......
2023-11-10 16:02:51.548295	[WARN]	event.py	响应时间:71ms	上海市	浦东新区	这里是日志信息......
2023-11-10 16:02:51.548295	[INFO]	event.py	响应时间:987ms	上海市	宝山区	这里是日志信息......
2023-11-10 16:02:51.548295	[INFO]	event.py	响应时间:568ms	北京市	大兴区	这里是日志信息......
2023-11-10 16:02:51.548295	[WARN]	orders_service.py	响应时间:3105ms	江苏省	无锡市	这里是日志信息......
2023-11-10 16:02:51.548295	[INFO]	orders_service.py	响应时间:418ms	安徽省	铜陵市	这里是日志信息......
2023-11-10 16:02:51.548295	[INFO]	shop_manager.py	响应时间:209ms	湖南省	长沙市	这里是日志信息......
2023-11-10 16:02:51.548295	[INFO]	user_manager.py	响应时间:838ms	天津市	和平区	这里是日志信息......
2023-11-10 16:02:51.548295	[INFO]	base_network.py	响应时间:9484ms	江苏省	苏州市	这里是日志信息......
2023-11-10 16:02:51.548295	[INFO]	user_manager.py	响应时间:117ms	安徽省	池州市	这里是日志信息......
2023-11-10 16:02:51.548295	[INFO]	barcode_service.py	响应时间:818ms	广东省	深圳市	这里是日志信息......
2023-11-10 16:02:51.548295	[INFO]	event.py	响应时间:930ms	上海市	普陀区	这里是日志信息......
2023-11-10 16:02:51.548295	[INFO]	base_network.py	响应时间:28ms	重庆市	万州区	这里是日志信息......
2023-11-10 16:02:51.548295	[INFO]	orders_service.py	响应时间:544ms	广东省	广州市	这里是日志信息......
2023-11-10 16:02:51.548295	[INFO]	barcode_service.py	响应时间:64ms	上海市	杨浦区	这里是日志信息......
2023-11-10 16:02:51.548295	[WARN]	event.py	响应时间:658ms	山东省	青岛市	这里是日志信息......
2023-11-10 16:02:51.548295	[INFO]	user_manager.py	响应时间:570ms	重庆市	涪陵区	这里是日志信息......
2023-11-10 16:02:51.548295	[WARN]	event.py	响应时间:287ms	湖南省	长沙市	这里是日志信息......
2023-11-10 16:02:51.548295	[INFO]	event.py	响应时间:669ms	重庆市	万州区	这里是日志信息......
2023-11-10 16:02:51.548295	[INFO]	event.py	响应时间:530ms	浙江省	嘉兴市	这里是日志信息......
2023-11-10 16:02:51.548295	[INFO]	event.py	响应时间:563ms	山东省	菏泽市	这里是日志信息......
2023-11-10 16:02:51.548295	[INFO]	orders_service.py	响应时间:855ms	上海市	静安区	这里是日志信息......
2023-11-10 16:02:51.548295	[INFO]	shop_manager.py	响应时间:602ms	江苏省	宿迁市	这里是日志信息......
2023-11-10 16:02:51.548295	[INFO]	orders_service.py	响应时间:893ms	天津市	武清区	这里是日志信息......
2023-11-10 16:02:51.548295	[INFO]	base_network.py	响应时间:418ms	湖南省	长沙市	这里是日志信息......
2023-11-10 16:02:51.548295	[INFO]	event.py	响应时间:389ms	浙江省	舟山市	这里是日志信息......
2023-11-10 16:02:51.548295	[INFO]	event.py	响应时间:924ms	山东省	济南市	这里是日志信息......
2023-11-10 16:02:51.548295	[INFO]	user_manager.py	响应时间:889ms	湖南省	益阳市	这里是日志信息......
2023-11-10 16:02:51.548295	[INFO]	base_network.py	响应时间:228ms	山东省	济南市	这里是日志信息......
2023-11-10 16:02:51.548295	[INFO]	goods_manager.py	响应时间:896ms	浙江省	绍兴市	这里是日志信息......
2023-11-10 16:02:51.548295	[WARN]	event.py	响应时间:847ms	山东省	济南市	这里是日志信息......
2023-11-10 16:02:51.548295	[INFO]	event.py	响应时间:48ms	湖北省	武汉市	这里是日志信息......
2023-11-10 16:02:51.548295	[INFO]	base_network.py	响应时间:467ms	广东省	深圳市	这里是日志信息......
2023-11-10 16:02:51.548295	[INFO]	orders_service.py	响应时间:84ms	天津市	宝坻区	这里是日志信息......
2023-11-10 16:02:51.548295	[INFO]	orders_service.py	响应时间:808ms	北京市	海淀区	这里是日志信息......
2023-11-10 16:02:51.548295	[INFO]	barcode_service.py	响应时间:712ms	广东省	深圳市	这里是日志信息......
2023-11-10 16:02:51.548295	[WARN]	event.py	响应时间:110ms	湖北省	武汉市	这里是日志信息......
2023-11-10 16:02:51.548295	[INFO]	event.py	响应时间:594ms	湖北省	恩施土家族苗族自治州	这里是日志信息......
2023-11-10 16:02:51.548295	[INFO]	goods_manager.py	响应时间:164ms	浙江省	嘉兴市	这里是日志信息......
2023-11-10 16:02:51.548295	[INFO]	event.py	响应时间:317ms	湖北省	恩施土家族苗族自治州	这里是日志信息......
2023-11-10 16:02:51.548295	[INFO]	event.py	响应时间:355ms	江苏省	南京市	这里是日志信息......
2023-11-10 16:02:51.548295	[INFO]	base_network.py	响应时间:417ms	北京市	怀柔区	这里是日志信息......
2023-11-10 16:02:51.549290	[WARN]	barcode_service.py	响应时间:25ms	重庆市	南岸区	这里是日志信息......
2023-11-10 16:02:51.549290	[INFO]	orders_service.py	响应时间:851ms	湖北省	十堰市	这里是日志信息......
2023-11-10 16:02:51.549290	[INFO]	user_manager.py	响应时间:945ms	浙江省	湖州市	这里是日志信息......
2023-11-10 16:02:51.549290	[INFO]	event.py	响应时间:867ms	浙江省	嘉兴市	这里是日志信息......
2023-11-10 16:02:51.549290	[INFO]	orders_service.py	响应时间:584ms	湖南省	长沙市	这里是日志信息......
2023-11-10 16:02:51.549290	[INFO]	goods_manager.py	响应时间:338ms	天津市	武清区	这里是日志信息......
2023-11-10 16:02:51.549290	[INFO]	user_manager.py	响应时间:877ms	浙江省	舟山市	这里是日志信息......
2023-11-10 16:02:51.549290	[INFO]	event.py	响应时间:134ms	广东省	广州市	这里是日志信息......
2023-11-10 16:02:51.549290	[INFO]	goods_manager.py	响应时间:872ms	安徽省	阜阳市	这里是日志信息......
2023-11-10 16:02:51.549290	[WARN]	shop_manager.py	响应时间:4704ms	江苏省	南京市	这里是日志信息......
2023-11-10 16:02:51.549290	[INFO]	shop_manager.py	响应时间:291ms	安徽省	芜湖市	这里是日志信息......
2023-11-10 16:02:51.549290	[ERROR]	base_network.py	响应时间:1ms	江苏省	南京市	这里是日志信息......
2023-11-10 16:02:51.549290	[INFO]	goods_manager.py	响应时间:720ms	安徽省	芜湖市	这里是日志信息......
2023-11-10 16:02:51.549290	[INFO]	user_manager.py	响应时间:30ms	安徽省	阜阳市	这里是日志信息......
2023-11-10 16:02:51.549290	[INFO]	goods_manager.py	响应时间:468ms	浙江省	杭州市	这里是日志信息......
2023-11-10 16:02:51.549290	[WARN]	base_network.py	响应时间:31ms	天津市	宝坻区	这里是日志信息......
2023-11-10 16:02:51.549290	[INFO]	event.py	响应时间:500ms	上海市	宝山区	这里是日志信息......
2023-11-10 16:02:51.549290	[INFO]	shop_manager.py	响应时间:143ms	山东省	济南市	这里是日志信息......
2023-11-10 16:02:51.549290	[INFO]	event.py	响应时间:323ms	重庆市	渝中区	这里是日志信息......
2023-11-10 16:02:51.549290	[INFO]	goods_manager.py	响应时间:958ms	湖北省	十堰市	这里是日志信息......
2023-11-10 16:02:51.549290	[INFO]	event.py	响应时间:746ms	江苏省	南京市	这里是日志信息......
2023-11-10 16:02:51.549290	[WARN]	goods_manager.py	响应时间:890ms	湖北省	武汉市	这里是日志信息......
2023-11-10 16:02:51.549290	[INFO]	base_network.py	响应时间:118ms	山东省	济南市	这里是日志信息......
2023-11-10 16:02:51.549290	[INFO]	orders_service.py	响应时间:528ms	安徽省	阜阳市	这里是日志信息......
2023-11-10 16:02:51.549290	[INFO]	orders_service.py	响应时间:321ms	上海市	普陀区	这里是日志信息......
2023-11-10 16:02:51.549290	[INFO]	orders_service.py	响应时间:96ms	山东省	济南市	这里是日志信息......
2023-11-10 16:02:51.549290	[INFO]	event.py	响应时间:53ms	江苏省	苏州市	这里是日志信息......
2023-11-10 16:02:51.549290	[INFO]	event.py	响应时间:849ms	广东省	深圳市	这里是日志信息......
2023-11-10 16:02:51.549290	[INFO]	event.py	响应时间:23ms	北京市	大兴区	这里是日志信息......
2023-11-10 16:02:51.549290	[INFO]	barcode_service.py	响应时间:881ms	上海市	静安区	这里是日志信息......
2023-11-10 16:02:51.549290	[INFO]	event.py	响应时间:928ms	安徽省	合肥市	这里是日志信息......
2023-11-10 16:02:51.549290	[WARN]	orders_service.py	响应时间:852ms	湖北省	十堰市	这里是日志信息......
2023-11-10 16:02:51.549290	[INFO]	event.py	响应时间:690ms	上海市	浦东新区	这里是日志信息......
2023-11-10 16:02:51.549290	[WARN]	orders_service.py	响应时间:37ms	安徽省	阜阳市	这里是日志信息......
2023-11-10 16:02:51.549290	[INFO]	goods_manager.py	响应时间:539ms	广东省	广州市	这里是日志信息......
2023-11-10 16:02:51.549290	[INFO]	goods_manager.py	响应时间:771ms	山东省	菏泽市	这里是日志信息......
2023-11-10 16:02:51.549290	[INFO]	event.py	响应时间:688ms	湖南省	长沙市	这里是日志信息......
2023-11-10 16:02:51.549290	[INFO]	event.py	响应时间:38ms	浙江省	丽水市	这里是日志信息......
2023-11-10 16:02:51.549290	[INFO]	goods_manager.py	响应时间:750ms	重庆市	万州区	这里是日志信息......
2023-11-10 16:02:51.549290	[WARN]	event.py	响应时间:312ms	天津市	和平区	这里是日志信息......
2023-11-10 16:02:51.549290	[INFO]	event.py	响应时间:4ms	广东省	深圳市	这里是日志信息......
2023-11-10 16:02:51.549290	[ERROR]	orders_service.py	响应时间:70ms	重庆市	万州区	这里是日志信息......
2023-11-10 16:02:51.549290	[INFO]	goods_manager.py	响应时间:498ms	重庆市	渝中区	这里是日志信息......
2023-11-10 16:02:51.549290	[INFO]	goods_manager.py	响应时间:243ms	湖南省	益阳市	这里是日志信息......
2023-11-10 16:02:51.549290	[INFO]	user_manager.py	响应时间:128ms	重庆市	九龙坡区	这里是日志信息......
2023-11-10 16:02:51.549290	[INFO]	barcode_service.py	响应时间:576ms	北京市	丰台区	这里是日志信息......
2023-11-10 16:02:51.549290	[INFO]	event.py	响应时间:20ms	重庆市	渝中区	这里是日志信息......
2023-11-10 16:02:51.549290	[INFO]	event.py	响应时间:871ms	天津市	和平区	这里是日志信息......
2023-11-10 16:02:51.549290	[INFO]	event.py	响应时间:964ms	湖南省	张家界市	这里是日志信息......
2023-11-10 16:02:51.549290	[INFO]	orders_service.py	响应时间:947ms	重庆市	南岸区	这里是日志信息......
2023-11-10 16:02:51.549290	[INFO]	orders_service.py	响应时间:845ms	北京市	怀柔区	这里是日志信息......
2023-11-10 16:02:51.549290	[INFO]	user_manager.py	响应时间:773ms	湖南省	长沙市	这里是日志信息......
2023-11-10 16:02:51.549290	[WARN]	orders_service.py	响应时间:184ms	上海市	普陀区	这里是日志信息......
2023-11-10 16:02:51.549290	[INFO]	goods_manager.py	响应时间:34ms	浙江省	杭州市	这里是日志信息......
2023-11-10 16:02:51.549290	[INFO]	shop_manager.py	响应时间:337ms	江苏省	无锡市	这里是日志信息......
2023-11-10 16:02:51.549290	[INFO]	barcode_service.py	响应时间:748ms	上海市	徐汇区	这里是日志信息......
2023-11-10 16:02:51.549290	[INFO]	event.py	响应时间:825ms	浙江省	绍兴市	这里是日志信息......
2023-11-10 16:02:51.549290	[INFO]	goods_manager.py	响应时间:34ms	浙江省	杭州市	这里是日志信息......
2023-11-10 16:02:51.549290	[INFO]	orders_service.py	响应时间:767ms	北京市	朝阳区	这里是日志信息......
2023-11-10 16:02:51.549290	[WARN]	event.py	响应时间:768ms	上海市	浦东新区	这里是日志信息......
2023-11-10 16:02:51.549290	[INFO]	barcode_service.py	响应时间:717ms	湖南省	长沙市	这里是日志信息......
2023-11-10 16:02:51.549290	[INFO]	barcode_service.py	响应时间:119ms	广东省	珠海市	这里是日志信息......
2023-11-10 16:02:51.549290	[INFO]	goods_manager.py	响应时间:343ms	浙江省	绍兴市	这里是日志信息......
2023-11-10 16:02:51.549290	[INFO]	barcode_service.py	响应时间:397ms	浙江省	杭州市	这里是日志信息......
2023-11-10 16:02:51.549290	[INFO]	orders_service.py	响应时间:821ms	天津市	河西区	这里是日志信息......
2023-11-10 16:02:51.549290	[WARN]	event.py	响应时间:992ms	北京市	海淀区	这里是日志信息......
2023-11-10 16:02:51.549290	[INFO]	shop_manager.py	响应时间:584ms	上海市	黄浦区	这里是日志信息......
2023-11-10 16:02:51.549290	[INFO]	goods_manager.py	响应时间:996ms	天津市	河东区	这里是日志信息......
2023-11-10 16:02:51.549290	[INFO]	event.py	响应时间:879ms	湖北省	武汉市	这里是日志信息......
2023-11-10 16:02:51.549290	[INFO]	barcode_service.py	响应时间:5ms	湖南省	长沙市	这里是日志信息......
2023-11-10 16:02:51.549290	[INFO]	event.py	响应时间:743ms	广东省	深圳市	这里是日志信息......
2023-11-10 16:02:51.549290	[INFO]	goods_manager.py	响应时间:452ms	安徽省	合肥市	这里是日志信息......
2023-11-10 16:02:51.549290	[INFO]	event.py	响应时间:104ms	北京市	昌平区	这里是日志信息......
2023-11-10 16:02:51.549290	[INFO]	user_manager.py	响应时间:60ms	湖南省	益阳市	这里是日志信息......
2023-11-10 16:02:51.549290	[INFO]	orders_service.py	响应时间:639ms	天津市	武清区	这里是日志信息......
2023-11-10 16:02:51.549290	[WARN]	user_manager.py	响应时间:896ms	湖北省	恩施土家族苗族自治州	这里是日志信息......
2023-11-10 16:02:51.549290	[INFO]	event.py	响应时间:405ms	北京市	昌平区	这里是日志信息......
2023-11-10 16:02:51.549290	[WARN]	goods_manager.py	响应时间:187ms	江苏省	苏州市	这里是日志信息......
2023-11-10 16:02:51.549290	[INFO]	goods_manager.py	响应时间:33ms	浙江省	绍兴市	这里是日志信息......
2023-11-10 16:02:51.549290	[INFO]	base_network.py	响应时间:42ms	安徽省	合肥市	这里是日志信息......
2023-11-10 16:02:51.549290	[INFO]	base_network.py	响应时间:623ms	安徽省	芜湖市	这里是日志信息......
2023-11-10 16:02:51.549290	[INFO]	orders_service.py	响应时间:58ms	江苏省	南京市	这里是日志信息......
2023-11-10 16:02:51.549290	[INFO]	base_network.py	响应时间:749ms	江苏省	张家港市	这里是日志信息......
2023-11-10 16:02:51.549290	[INFO]	barcode_service.py	响应时间:767ms	湖南省	长沙市	这里是日志信息......
2023-11-10 16:02:51.549290	[INFO]	event.py	响应时间:128ms	上海市	静安区	这里是日志信息......
2023-11-10 16:02:51.549290	[WARN]	user_manager.py	响应时间:385ms	湖北省	恩施土家族苗族自治州	这里是日志信息......
2023-11-10 16:02:51.549290	[INFO]	orders_service.py	响应时间:916ms	上海市	徐汇区	这里是日志信息......
2023-11-10 16:02:51.549290	[INFO]	user_manager.py	响应时间:696ms	江苏省	苏州市	这里是日志信息......
2023-11-10 16:02:51.549290	[WARN]	event.py	响应时间:398ms	天津市	宝坻区	这里是日志信息......
2023-11-10 16:02:51.549290	[INFO]	user_manager.py	响应时间:593ms	广东省	深圳市	这里是日志信息......
2023-11-10 16:02:51.549290	[INFO]	orders_service.py	响应时间:99ms	湖南省	长沙市	这里是日志信息......
2023-11-10 16:02:51.549290	[INFO]	base_network.py	响应时间:726ms	重庆市	沙坪坝区	这里是日志信息......
2023-11-10 16:02:51.549290	[INFO]	shop_manager.py	响应时间:618ms	安徽省	合肥市	这里是日志信息......
2023-11-10 16:02:51.549290	[INFO]	goods_manager.py	响应时间:160ms	重庆市	万州区	这里是日志信息......
2023-11-10 16:02:51.549290	[INFO]	barcode_service.py	响应时间:4ms	上海市	浦东新区	这里是日志信息......
2023-11-10 16:02:51.549290	[INFO]	event.py	响应时间:421ms	江苏省	苏州市	这里是日志信息......
2023-11-10 16:02:51.549290	[INFO]	user_manager.py	响应时间:438ms	湖南省	长沙市	这里是日志信息......
2023-11-10 16:02:51.549290	[WARN]	base_network.py	响应时间:347ms	重庆市	九龙坡区	这里是日志信息......
2023-11-10 16:02:51.549290	[INFO]	event.py	响应时间:883ms	湖北省	荆州市	这里是日志信息......
2023-11-10 16:02:51.549290	[INFO]	barcode_service.py	响应时间:408ms	江苏省	南京市	这里是日志信息......
2023-11-10 16:02:51.549290	[INFO]	base_network.py	响应时间:41ms	天津市	河东区	这里是日志信息......
2023-11-10 16:02:51.549290	[INFO]	event.py	响应时间:984ms	天津市	宝坻区	这里是日志信息......
2023-11-10 16:02:51.549290	[INFO]	event.py	响应时间:422ms	湖北省	荆州市	这里是日志信息......
2023-11-10 16:02:51.549290	[INFO]	user_manager.py	响应时间:787ms	广东省	深圳市	这里是日志信息......
2023-11-10 16:02:51.549290	[INFO]	barcode_service.py	响应时间:174ms	广东省	深圳市	这里是日志信息......
2023-11-10 16:02:51.549290	[INFO]	user_manager.py	响应时间:663ms	天津市	河西区	这里是日志信息......
2023-11-10 16:02:51.549290	[INFO]	orders_service.py	响应时间:895ms	重庆市	万州区	这里是日志信息......
2023-11-10 16:02:51.549290	[INFO]	user_manager.py	响应时间:472ms	上海市	静安区	这里是日志信息......
2023-11-10 16:02:51.549290	[INFO]	goods_manager.py	响应时间:763ms	重庆市	沙坪坝区	这里是日志信息......
2023-11-10 16:02:51.549290	[INFO]	base_network.py	响应时间:217ms	安徽省	六安市	这里是日志信息......
2023-11-10 16:02:51.549290	[INFO]	goods_manager.py	响应时间:802ms	湖北省	武汉市	这里是日志信息......
2023-11-10 16:02:51.549290	[INFO]	goods_manager.py	响应时间:192ms	湖南省	长沙市	这里是日志信息......
2023-11-10 16:02:51.549290	[INFO]	orders_service.py	响应时间:200ms	上海市	普陀区	这里是日志信息......
2023-11-10 16:02:51.549290	[WARN]	user_manager.py	响应时间:919ms	江苏省	苏州市	这里是日志信息......
2023-11-10 16:02:51.549290	[INFO]	orders_service.py	响应时间:933ms	北京市	大兴区	这里是日志信息......
2023-11-10 16:02:51.549290	[WARN]	barcode_service.py	响应时间:208ms	湖北省	武汉市	这里是日志信息......
2023-11-10 16:02:51.549290	[INFO]	event.py	响应时间:235ms	山东省	菏泽市	这里是日志信息......
2023-11-10 16:02:51.549290	[INFO]	goods_manager.py	响应时间:361ms	江苏省	苏州市	这里是日志信息......
2023-11-10 16:02:51.549290	[INFO]	event.py	响应时间:625ms	天津市	河东区	这里是日志信息......
2023-11-10 16:02:51.549290	[INFO]	goods_manager.py	响应时间:9ms	浙江省	杭州市	这里是日志信息......
2023-11-10 16:02:51.549290	[INFO]	event.py	响应时间:554ms	浙江省	舟山市	这里是日志信息......
2023-11-10 16:02:51.549290	[INFO]	barcode_service.py	响应时间:695ms	天津市	宝坻区	这里是日志信息......
2023-11-10 16:02:51.549290	[INFO]	event.py	响应时间:169ms	重庆市	涪陵区	这里是日志信息......
2023-11-10 16:02:51.549290	[INFO]	orders_service.py	响应时间:937ms	广东省	广州市	这里是日志信息......
2023-11-10 16:02:51.550285	[INFO]	goods_manager.py	响应时间:799ms	湖南省	长沙市	这里是日志信息......
2023-11-10 16:02:51.550285	[WARN]	goods_manager.py	响应时间:1573ms	上海市	宝山区	这里是日志信息......
2023-11-10 16:02:51.550285	[INFO]	shop_manager.py	响应时间:303ms	上海市	宝山区	这里是日志信息......
2023-11-10 16:02:51.550285	[INFO]	event.py	响应时间:606ms	重庆市	渝中区	这里是日志信息......
2023-11-10 16:02:51.550285	[INFO]	goods_manager.py	响应时间:655ms	安徽省	芜湖市	这里是日志信息......
2023-11-10 16:02:51.550285	[INFO]	goods_manager.py	响应时间:779ms	湖南省	常德市	这里是日志信息......
2023-11-10 16:02:51.550285	[INFO]	event.py	响应时间:250ms	广东省	深圳市	这里是日志信息......
2023-11-10 16:02:51.550285	[INFO]	goods_manager.py	响应时间:320ms	重庆市	九龙坡区	这里是日志信息......
2023-11-10 16:02:51.550285	[INFO]	event.py	响应时间:358ms	湖北省	荆州市	这里是日志信息......
2023-11-10 16:02:51.550285	[ERROR]	shop_manager.py	响应时间:871ms	湖北省	恩施土家族苗族自治州	这里是日志信息......
2023-11-10 16:02:51.550285	[ERROR]	event.py	响应时间:9ms	安徽省	合肥市	这里是日志信息......
2023-11-10 16:02:51.550285	[INFO]	goods_manager.py	响应时间:24ms	山东省	青岛市	这里是日志信息......
2023-11-10 16:02:51.550285	[INFO]	event.py	响应时间:407ms	江苏省	南京市	这里是日志信息......
2023-11-10 16:02:51.550285	[ERROR]	goods_manager.py	响应时间:851ms	北京市	大兴区	这里是日志信息......
2023-11-10 16:02:51.550285	[INFO]	user_manager.py	响应时间:839ms	湖南省	常德市	这里是日志信息......
2023-11-10 16:02:51.550285	[WARN]	event.py	响应时间:338ms	山东省	青岛市	这里是日志信息......
2023-11-10 16:02:51.550285	[INFO]	barcode_service.py	响应时间:657ms	上海市	杨浦区	这里是日志信息......
2023-11-10 16:02:51.550285	[INFO]	barcode_service.py	响应时间:483ms	北京市	海淀区	这里是日志信息......
2023-11-10 16:02:51.550285	[INFO]	shop_manager.py	响应时间:82ms	北京市	昌平区	这里是日志信息......
2023-11-10 16:02:51.550285	[INFO]	event.py	响应时间:80ms	广东省	深圳市	这里是日志信息......
2023-11-10 16:02:51.550285	[ERROR]	event.py	响应时间:864ms	湖北省	武汉市	这里是日志信息......
2023-11-10 16:02:51.550285	[INFO]	goods_manager.py	响应时间:306ms	广东省	深圳市	这里是日志信息......
2023-11-10 16:02:51.550285	[INFO]	event.py	响应时间:791ms	湖北省	武汉市	这里是日志信息......
2023-11-10 16:02:51.550285	[INFO]	orders_service.py	响应时间:349ms	安徽省	池州市	这里是日志信息......
2023-11-10 16:02:51.550285	[WARN]	event.py	响应时间:775ms	安徽省	铜陵市	这里是日志信息......
2023-11-10 16:02:51.550285	[INFO]	shop_manager.py	响应时间:887ms	江苏省	南京市	这里是日志信息......
2023-11-10 16:02:51.550285	[INFO]	goods_manager.py	响应时间:132ms	江苏省	常州市	这里是日志信息......
2023-11-10 16:02:51.550285	[INFO]	event.py	响应时间:408ms	江苏省	宿迁市	这里是日志信息......
2023-11-10 16:02:51.550285	[INFO]	goods_manager.py	响应时间:129ms	上海市	静安区	这里是日志信息......
2023-11-10 16:02:51.550285	[INFO]	goods_manager.py	响应时间:377ms	浙江省	杭州市	这里是日志信息......
2023-11-10 16:02:51.550285	[INFO]	shop_manager.py	响应时间:180ms	重庆市	涪陵区	这里是日志信息......
2023-11-10 16:02:51.550285	[INFO]	shop_manager.py	响应时间:824ms	山东省	济南市	这里是日志信息......
2023-11-10 16:02:51.550285	[INFO]	goods_manager.py	响应时间:197ms	湖北省	武汉市	这里是日志信息......
2023-11-10 16:02:51.550285	[INFO]	orders_service.py	响应时间:181ms	山东省	青岛市	这里是日志信息......
2023-11-10 16:02:51.550285	[WARN]	event.py	响应时间:272ms	北京市	丰台区	这里是日志信息......
2023-11-10 16:02:51.550285	[INFO]	event.py	响应时间:449ms	浙江省	湖州市	这里是日志信息......
2023-11-10 16:02:51.550285	[INFO]	shop_manager.py	响应时间:371ms	江苏省	南京市	这里是日志信息......
2023-11-10 16:02:51.550285	[INFO]	barcode_service.py	响应时间:256ms	山东省	青岛市	这里是日志信息......
2023-11-10 16:02:51.550285	[INFO]	orders_service.py	响应时间:833ms	天津市	河西区	这里是日志信息......
2023-11-10 16:02:51.550285	[INFO]	orders_service.py	响应时间:263ms	广东省	深圳市	这里是日志信息......
2023-11-10 16:02:51.550285	[WARN]	goods_manager.py	响应时间:272ms	山东省	济南市	这里是日志信息......
2023-11-10 16:02:51.550285	[INFO]	base_network.py	响应时间:926ms	湖北省	荆州市	这里是日志信息......
2023-11-10 16:02:51.550285	[ERROR]	base_network.py	响应时间:766ms	山东省	青岛市	这里是日志信息......
2023-11-10 16:02:51.550285	[INFO]	event.py	响应时间:843ms	湖北省	荆州市	这里是日志信息......
2023-11-10 16:02:51.550285	[INFO]	goods_manager.py	响应时间:962ms	江苏省	南京市	这里是日志信息......
2023-11-10 16:02:51.550285	[INFO]	goods_manager.py	响应时间:211ms	天津市	宝坻区	这里是日志信息......
2023-11-10 16:02:51.550285	[INFO]	goods_manager.py	响应时间:458ms	湖北省	武汉市	这里是日志信息......
2023-11-10 16:02:51.550285	[INFO]	goods_manager.py	响应时间:694ms	广东省	广州市	这里是日志信息......
2023-11-10 16:02:51.550285	[ERROR]	base_network.py	响应时间:2518ms	湖北省	武汉市	这里是日志信息......
2023-11-10 16:02:51.550285	[INFO]	event.py	响应时间:16ms	北京市	朝阳区	这里是日志信息......
2023-11-10 16:02:51.550285	[INFO]	event.py	响应时间:478ms	湖南省	益阳市	这里是日志信息......
2023-11-10 16:02:51.550285	[INFO]	shop_manager.py	响应时间:477ms	广东省	广州市	这里是日志信息......
2023-11-10 16:02:51.550285	[INFO]	goods_manager.py	响应时间:483ms	重庆市	南岸区	这里是日志信息......
2023-11-10 16:02:51.550285	[INFO]	barcode_service.py	响应时间:109ms	北京市	朝阳区	这里是日志信息......
2023-11-10 16:02:51.550285	[INFO]	event.py	响应时间:717ms	广东省	广州市	这里是日志信息......
2023-11-10 16:02:51.550285	[INFO]	barcode_service.py	响应时间:789ms	湖北省	武汉市	这里是日志信息......
2023-11-10 16:02:51.550285	[WARN]	orders_service.py	响应时间:866ms	北京市	昌平区	这里是日志信息......
2023-11-10 16:02:51.550285	[INFO]	event.py	响应时间:357ms	北京市	昌平区	这里是日志信息......
2023-11-10 16:02:51.550285	[INFO]	orders_service.py	响应时间:196ms	北京市	朝阳区	这里是日志信息......
2023-11-10 16:02:51.550285	[INFO]	barcode_service.py	响应时间:637ms	重庆市	九龙坡区	这里是日志信息......
2023-11-10 16:02:51.550285	[WARN]	goods_manager.py	响应时间:154ms	北京市	丰台区	这里是日志信息......
2023-11-10 16:02:51.550285	[INFO]	user_manager.py	响应时间:736ms	北京市	大兴区	这里是日志信息......
2023-11-10 16:02:51.550285	[WARN]	event.py	响应时间:378ms	安徽省	阜阳市	这里是日志信息......
2023-11-10 16:02:51.550285	[INFO]	goods_manager.py	响应时间:19ms	浙江省	杭州市	这里是日志信息......
2023-11-10 16:02:51.550285	[INFO]	orders_service.py	响应时间:396ms	北京市	昌平区	这里是日志信息......
2023-11-10 16:02:51.550285	[WARN]	event.py	响应时间:744ms	浙江省	金华市	这里是日志信息......
2023-11-10 16:02:51.550285	[ERROR]	barcode_service.py	响应时间:290ms	湖南省	长沙市	这里是日志信息......
2023-11-10 16:02:51.550285	[INFO]	user_manager.py	响应时间:431ms	湖南省	长沙市	这里是日志信息......
2023-11-10 16:02:51.550285	[INFO]	orders_service.py	响应时间:369ms	重庆市	万州区	这里是日志信息......
2023-11-10 16:02:51.550285	[INFO]	goods_manager.py	响应时间:434ms	山东省	青岛市	这里是日志信息......
2023-11-10 16:02:51.550285	[INFO]	barcode_service.py	响应时间:326ms	重庆市	南岸区	这里是日志信息......
2023-11-10 16:02:51.550285	[INFO]	event.py	响应时间:483ms	广东省	深圳市	这里是日志信息......
2023-11-10 16:02:51.550285	[INFO]	event.py	响应时间:725ms	北京市	海淀区	这里是日志信息......
2023-11-10 16:02:51.550285	[INFO]	shop_manager.py	响应时间:315ms	广东省	深圳市	这里是日志信息......
2023-11-10 16:02:51.550285	[INFO]	goods_manager.py	响应时间:349ms	天津市	和平区	这里是日志信息......
2023-11-10 16:02:51.550285	[INFO]	event.py	响应时间:460ms	湖南省	长沙市	这里是日志信息......
2023-11-10 16:02:51.550285	[INFO]	base_network.py	响应时间:465ms	湖南省	常德市	这里是日志信息......
2023-11-10 16:02:51.550285	[INFO]	user_manager.py	响应时间:778ms	重庆市	万州区	这里是日志信息......
2023-11-10 16:02:51.550285	[INFO]	orders_service.py	响应时间:334ms	上海市	浦东新区	这里是日志信息......
2023-11-10 16:02:51.550285	[INFO]	shop_manager.py	响应时间:468ms	广东省	珠海市	这里是日志信息......
2023-11-10 16:02:51.550285	[INFO]	event.py	响应时间:642ms	山东省	青岛市	这里是日志信息......
2023-11-10 16:02:51.550285	[INFO]	user_manager.py	响应时间:534ms	天津市	河东区	这里是日志信息......
2023-11-10 16:02:51.550285	[INFO]	goods_manager.py	响应时间:265ms	广东省	深圳市	这里是日志信息......
2023-11-10 16:02:51.550285	[INFO]	goods_manager.py	响应时间:835ms	山东省	青岛市	这里是日志信息......
2023-11-10 16:02:51.550285	[INFO]	shop_manager.py	响应时间:784ms	北京市	昌平区	这里是日志信息......
2023-11-10 16:02:51.550285	[INFO]	shop_manager.py	响应时间:8571ms	安徽省	阜阳市	这里是日志信息......
2023-11-10 16:02:51.550285	[ERROR]	event.py	响应时间:6820ms	上海市	普陀区	这里是日志信息......
2023-11-10 16:02:51.550285	[WARN]	goods_manager.py	响应时间:472ms	广东省	深圳市	这里是日志信息......
2023-11-10 16:02:51.550285	[INFO]	shop_manager.py	响应时间:904ms	天津市	武清区	这里是日志信息......
2023-11-10 16:02:51.550285	[INFO]	user_manager.py	响应时间:716ms	湖北省	武汉市	这里是日志信息......
2023-11-10 16:02:51.550285	[INFO]	event.py	响应时间:466ms	重庆市	九龙坡区	这里是日志信息......
2023-11-10 16:02:51.550285	[WARN]	shop_manager.py	响应时间:342ms	山东省	济南市	这里是日志信息......
2023-11-10 16:02:51.550285	[INFO]	user_manager.py	响应时间:206ms	重庆市	万州区	这里是日志信息......
2023-11-10 16:02:51.550285	[INFO]	orders_service.py	响应时间:83ms	江苏省	宿迁市	这里是日志信息......
2023-11-10 16:02:51.550285	[INFO]	shop_manager.py	响应时间:453ms	湖南省	株洲市	这里是日志信息......
2023-11-10 16:02:51.550285	[INFO]	shop_manager.py	响应时间:305ms	天津市	武清区	这里是日志信息......
2023-11-10 16:02:51.550285	[WARN]	event.py	响应时间:860ms	江苏省	宿迁市	这里是日志信息......
2023-11-10 16:02:51.550285	[INFO]	goods_manager.py	响应时间:19ms	天津市	武清区	这里是日志信息......
2023-11-10 16:02:51.550285	[WARN]	barcode_service.py	响应时间:766ms	江苏省	无锡市	这里是日志信息......
2023-11-10 16:02:51.550285	[INFO]	base_network.py	响应时间:488ms	重庆市	南岸区	这里是日志信息......
2023-11-10 16:02:51.550285	[INFO]	goods_manager.py	响应时间:96ms	上海市	宝山区	这里是日志信息......
2023-11-10 16:02:51.550285	[INFO]	base_network.py	响应时间:202ms	上海市	宝山区	这里是日志信息......
2023-11-10 16:02:51.550285	[INFO]	event.py	响应时间:252ms	广东省	深圳市	这里是日志信息......
2023-11-10 16:02:51.550285	[INFO]	orders_service.py	响应时间:303ms	湖南省	长沙市	这里是日志信息......
2023-11-10 16:02:51.550285	[INFO]	user_manager.py	响应时间:727ms	安徽省	合肥市	这里是日志信息......
2023-11-10 16:02:51.550285	[INFO]	goods_manager.py	响应时间:952ms	湖北省	武汉市	这里是日志信息......
2023-11-10 16:02:51.550285	[INFO]	event.py	响应时间:6191ms	湖北省	荆州市	这里是日志信息......
2023-11-10 16:02:51.550285	[INFO]	orders_service.py	响应时间:123ms	江苏省	常州市	这里是日志信息......
2023-11-10 16:02:51.550285	[INFO]	event.py	响应时间:611ms	山东省	济南市	这里是日志信息......
2023-11-10 16:02:51.550285	[INFO]	barcode_service.py	响应时间:820ms	江苏省	南京市	这里是日志信息......
2023-11-10 16:02:51.550285	[INFO]	orders_service.py	响应时间:3686ms	浙江省	丽水市	这里是日志信息......
2023-11-10 16:02:51.550285	[INFO]	barcode_service.py	响应时间:656ms	天津市	武清区	这里是日志信息......
2023-11-10 16:02:51.550285	[INFO]	event.py	响应时间:858ms	安徽省	阜阳市	这里是日志信息......
2023-11-10 16:02:51.550285	[INFO]	barcode_service.py	响应时间:580ms	安徽省	芜湖市	这里是日志信息......
2023-11-10 16:02:51.550285	[INFO]	goods_manager.py	响应时间:123ms	广东省	广州市	这里是日志信息......
2023-11-10 16:02:51.550285	[INFO]	base_network.py	响应时间:27ms	广东省	广州市	这里是日志信息......
2023-11-10 16:02:51.550285	[INFO]	base_network.py	响应时间:425ms	广东省	深圳市	这里是日志信息......
2023-11-10 16:02:51.550285	[INFO]	orders_service.py	响应时间:835ms	广东省	广州市	这里是日志信息......
2023-11-10 16:02:51.550285	[INFO]	event.py	响应时间:210ms	湖南省	长沙市	这里是日志信息......
2023-11-10 16:02:51.550285	[INFO]	user_manager.py	响应时间:997ms	江苏省	宿迁市	这里是日志信息......
2023-11-10 16:02:51.550285	[INFO]	goods_manager.py	响应时间:801ms	广东省	深圳市	这里是日志信息......
2023-11-10 16:02:51.550285	[INFO]	barcode_service.py	响应时间:255ms	天津市	宝坻区	这里是日志信息......
2023-11-10 16:02:51.550285	[INFO]	goods_manager.py	响应时间:871ms	浙江省	杭州市	这里是日志信息......
2023-11-10 16:02:51.551287	[INFO]	event.py	响应时间:122ms	天津市	宝坻区	这里是日志信息......
2023-11-10 16:02:51.551287	[INFO]	user_manager.py	响应时间:642ms	浙江省	绍兴市	这里是日志信息......
2023-11-10 16:02:51.551287	[ERROR]	user_manager.py	响应时间:69ms	湖南省	长沙市	这里是日志信息......
2023-11-10 16:02:51.551287	[WARN]	barcode_service.py	响应时间:112ms	山东省	菏泽市	这里是日志信息......
2023-11-10 16:02:51.551287	[INFO]	orders_service.py	响应时间:485ms	安徽省	池州市	这里是日志信息......
2023-11-10 16:02:51.551287	[INFO]	user_manager.py	响应时间:304ms	广东省	深圳市	这里是日志信息......
2023-11-10 16:02:51.551287	[WARN]	shop_manager.py	响应时间:408ms	江苏省	常州市	这里是日志信息......
2023-11-10 16:02:51.551287	[INFO]	goods_manager.py	响应时间:493ms	天津市	武清区	这里是日志信息......
2023-11-10 16:02:51.551287	[INFO]	event.py	响应时间:696ms	重庆市	南岸区	这里是日志信息......
2023-11-10 16:02:51.551287	[INFO]	orders_service.py	响应时间:988ms	江苏省	苏州市	这里是日志信息......
2023-11-10 16:02:51.551287	[INFO]	goods_manager.py	响应时间:773ms	北京市	海淀区	这里是日志信息......
2023-11-10 16:02:51.551287	[INFO]	event.py	响应时间:597ms	江苏省	南京市	这里是日志信息......
2023-11-10 16:02:51.551287	[INFO]	goods_manager.py	响应时间:474ms	江苏省	苏州市	这里是日志信息......
2023-11-10 16:02:51.551287	[INFO]	orders_service.py	响应时间:871ms	江苏省	宿迁市	这里是日志信息......
2023-11-10 16:02:51.551287	[INFO]	goods_manager.py	响应时间:338ms	上海市	静安区	这里是日志信息......
2023-11-10 16:02:51.551287	[INFO]	event.py	响应时间:703ms	山东省	济南市	这里是日志信息......
2023-11-10 16:02:51.551287	[INFO]	event.py	响应时间:690ms	上海市	普陀区	这里是日志信息......
2023-11-10 16:02:51.551287	[INFO]	event.py	响应时间:341ms	北京市	丰台区	这里是日志信息......
2023-11-10 16:02:51.551287	[INFO]	barcode_service.py	响应时间:806ms	重庆市	渝中区	这里是日志信息......
2023-11-10 16:02:51.551287	[INFO]	orders_service.py	响应时间:477ms	湖北省	十堰市	这里是日志信息......
2023-11-10 16:02:51.551287	[INFO]	orders_service.py	响应时间:268ms	山东省	青岛市	这里是日志信息......
2023-11-10 16:02:51.551287	[INFO]	barcode_service.py	响应时间:786ms	湖南省	株洲市	这里是日志信息......
2023-11-10 16:02:51.551287	[INFO]	orders_service.py	响应时间:396ms	北京市	昌平区	这里是日志信息......
2023-11-10 16:02:51.551287	[INFO]	goods_manager.py	响应时间:304ms	天津市	河东区	这里是日志信息......
2023-11-10 16:02:51.551287	[INFO]	user_manager.py	响应时间:375ms	天津市	河东区	这里是日志信息......
2023-11-10 16:02:51.551287	[INFO]	event.py	响应时间:24ms	安徽省	合肥市	这里是日志信息......
2023-11-10 16:02:51.551287	[INFO]	goods_manager.py	响应时间:305ms	江苏省	张家港市	这里是日志信息......
2023-11-10 16:02:51.551287	[INFO]	goods_manager.py	响应时间:264ms	浙江省	湖州市	这里是日志信息......
2023-11-10 16:02:51.551287	[INFO]	shop_manager.py	响应时间:618ms	湖北省	恩施土家族苗族自治州	这里是日志信息......
2023-11-10 16:02:51.551287	[INFO]	user_manager.py	响应时间:679ms	北京市	朝阳区	这里是日志信息......
2023-11-10 16:02:51.551287	[INFO]	goods_manager.py	响应时间:320ms	北京市	怀柔区	这里是日志信息......
2023-11-10 16:02:51.551287	[INFO]	goods_manager.py	响应时间:573ms	浙江省	杭州市	这里是日志信息......
2023-11-10 16:02:51.551287	[INFO]	event.py	响应时间:4543ms	广东省	深圳市	这里是日志信息......
2023-11-10 16:02:51.551287	[INFO]	event.py	响应时间:47ms	浙江省	杭州市	这里是日志信息......
2023-11-10 16:02:51.551287	[INFO]	shop_manager.py	响应时间:887ms	北京市	海淀区	这里是日志信息......
2023-11-10 16:02:51.551287	[WARN]	goods_manager.py	响应时间:503ms	江苏省	南京市	这里是日志信息......
2023-11-10 16:02:51.551287	[INFO]	base_network.py	响应时间:549ms	广东省	深圳市	这里是日志信息......
2023-11-10 16:02:51.551287	[INFO]	event.py	响应时间:45ms	湖北省	十堰市	这里是日志信息......
2023-11-10 16:02:51.551287	[INFO]	event.py	响应时间:698ms	江苏省	南京市	这里是日志信息......
2023-11-10 16:02:51.551287	[INFO]	orders_service.py	响应时间:159ms	北京市	丰台区	这里是日志信息......
2023-11-10 16:02:51.551287	[INFO]	orders_service.py	响应时间:651ms	天津市	武清区	这里是日志信息......
2023-11-10 16:02:51.551287	[INFO]	event.py	响应时间:165ms	湖北省	武汉市	这里是日志信息......
2023-11-10 16:02:51.551287	[INFO]	goods_manager.py	响应时间:526ms	浙江省	绍兴市	这里是日志信息......
2023-11-10 16:02:51.551287	[INFO]	event.py	响应时间:75ms	广东省	深圳市	这里是日志信息......
2023-11-10 16:02:51.551287	[INFO]	event.py	响应时间:216ms	山东省	济南市	这里是日志信息......
2023-11-10 16:02:51.551287	[INFO]	orders_service.py	响应时间:630ms	上海市	静安区	这里是日志信息......
2023-11-10 16:02:51.551287	[INFO]	event.py	响应时间:314ms	上海市	浦东新区	这里是日志信息......
2023-11-10 16:02:51.551287	[INFO]	goods_manager.py	响应时间:297ms	重庆市	渝中区	这里是日志信息......
2023-11-10 16:02:51.551287	[INFO]	barcode_service.py	响应时间:52ms	广东省	珠海市	这里是日志信息......
2023-11-10 16:02:51.551287	[INFO]	barcode_service.py	响应时间:582ms	广东省	深圳市	这里是日志信息......
2023-11-10 16:02:51.551287	[INFO]	orders_service.py	响应时间:503ms	湖北省	十堰市	这里是日志信息......
2023-11-10 16:02:51.551287	[INFO]	shop_manager.py	响应时间:852ms	湖北省	荆州市	这里是日志信息......
2023-11-10 16:02:51.551287	[INFO]	user_manager.py	响应时间:750ms	天津市	河东区	这里是日志信息......
2023-11-10 16:02:51.551287	[INFO]	event.py	响应时间:1693ms	浙江省	湖州市	这里是日志信息......
2023-11-10 16:02:51.551287	[INFO]	user_manager.py	响应时间:732ms	天津市	和平区	这里是日志信息......
2023-11-10 16:02:51.551287	[INFO]	base_network.py	响应时间:424ms	重庆市	万州区	这里是日志信息......
2023-11-10 16:02:51.551287	[INFO]	event.py	响应时间:187ms	天津市	宝坻区	这里是日志信息......
2023-11-10 16:02:51.551287	[INFO]	shop_manager.py	响应时间:297ms	湖南省	长沙市	这里是日志信息......
2023-11-10 16:02:51.551287	[INFO]	event.py	响应时间:871ms	湖北省	武汉市	这里是日志信息......
2023-11-10 16:02:51.551287	[WARN]	event.py	响应时间:65ms	安徽省	合肥市	这里是日志信息......
2023-11-10 16:02:51.551287	[INFO]	base_network.py	响应时间:9714ms	江苏省	张家港市	这里是日志信息......
2023-11-10 16:02:51.551287	[INFO]	user_manager.py	响应时间:147ms	浙江省	丽水市	这里是日志信息......
2023-11-10 16:02:51.551287	[INFO]	orders_service.py	响应时间:947ms	天津市	宝坻区	这里是日志信息......
2023-11-10 16:02:51.551287	[INFO]	event.py	响应时间:59ms	上海市	黄浦区	这里是日志信息......
2023-11-10 16:02:51.551287	[ERROR]	orders_service.py	响应时间:936ms	江苏省	无锡市	这里是日志信息......
2023-11-10 16:02:51.551287	[WARN]	base_network.py	响应时间:347ms	湖南省	常德市	这里是日志信息......
2023-11-10 16:02:51.551287	[INFO]	orders_service.py	响应时间:991ms	湖南省	长沙市	这里是日志信息......
2023-11-10 16:02:51.551287	[INFO]	user_manager.py	响应时间:226ms	重庆市	万州区	这里是日志信息......
2023-11-10 16:02:51.551287	[INFO]	base_network.py	响应时间:880ms	湖南省	长沙市	这里是日志信息......
2023-11-10 16:02:51.551287	[INFO]	event.py	响应时间:350ms	山东省	济南市	这里是日志信息......
2023-11-10 16:02:51.551287	[INFO]	base_network.py	响应时间:47ms	湖北省	恩施土家族苗族自治州	这里是日志信息......
2023-11-10 16:02:51.551287	[INFO]	orders_service.py	响应时间:562ms	上海市	静安区	这里是日志信息......
2023-11-10 16:02:51.551287	[INFO]	event.py	响应时间:380ms	浙江省	杭州市	这里是日志信息......
2023-11-10 16:02:51.551287	[INFO]	orders_service.py	响应时间:106ms	浙江省	杭州市	这里是日志信息......
2023-11-10 16:02:51.551287	[WARN]	event.py	响应时间:628ms	安徽省	合肥市	这里是日志信息......
2023-11-10 16:02:51.551287	[INFO]	orders_service.py	响应时间:224ms	浙江省	湖州市	这里是日志信息......
2023-11-10 16:02:51.551287	[ERROR]	event.py	响应时间:879ms	北京市	海淀区	这里是日志信息......
2023-11-10 16:02:51.551287	[INFO]	user_manager.py	响应时间:751ms	浙江省	杭州市	这里是日志信息......
2023-11-10 16:02:51.551287	[INFO]	shop_manager.py	响应时间:877ms	上海市	浦东新区	这里是日志信息......
2023-11-10 16:02:51.551287	[WARN]	base_network.py	响应时间:170ms	上海市	浦东新区	这里是日志信息......
2023-11-10 16:02:51.551287	[INFO]	barcode_service.py	响应时间:726ms	浙江省	杭州市	这里是日志信息......
2023-11-10 16:02:51.551287	[INFO]	orders_service.py	响应时间:75ms	湖南省	长沙市	这里是日志信息......
2023-11-10 16:02:51.551287	[INFO]	shop_manager.py	响应时间:161ms	安徽省	池州市	这里是日志信息......
2023-11-10 16:02:51.551287	[INFO]	user_manager.py	响应时间:151ms	广东省	广州市	这里是日志信息......
2023-11-10 16:02:51.551287	[INFO]	event.py	响应时间:673ms	浙江省	绍兴市	这里是日志信息......
2023-11-10 16:02:51.551287	[INFO]	event.py	响应时间:581ms	湖南省	长沙市	这里是日志信息......
2023-11-10 16:02:51.551287	[WARN]	goods_manager.py	响应时间:749ms	重庆市	沙坪坝区	这里是日志信息......
2023-11-10 16:02:51.551287	[INFO]	user_manager.py	响应时间:819ms	重庆市	渝中区	这里是日志信息......
2023-11-10 16:02:51.551287	[INFO]	event.py	响应时间:86ms	湖南省	长沙市	这里是日志信息......
2023-11-10 16:02:51.551287	[WARN]	goods_manager.py	响应时间:858ms	江苏省	苏州市	这里是日志信息......
2023-11-10 16:02:51.551287	[INFO]	orders_service.py	响应时间:994ms	上海市	宝山区	这里是日志信息......
2023-11-10 16:02:51.551287	[INFO]	user_manager.py	响应时间:484ms	安徽省	铜陵市	这里是日志信息......
2023-11-10 16:02:51.551287	[WARN]	goods_manager.py	响应时间:241ms	上海市	浦东新区	这里是日志信息......
2023-11-10 16:02:51.551287	[INFO]	event.py	响应时间:364ms	北京市	怀柔区	这里是日志信息......
2023-11-10 16:02:51.551287	[INFO]	orders_service.py	响应时间:375ms	浙江省	嘉兴市	这里是日志信息......
2023-11-10 16:02:51.551287	[INFO]	goods_manager.py	响应时间:689ms	湖南省	常德市	这里是日志信息......
2023-11-10 16:02:51.551287	[INFO]	event.py	响应时间:432ms	广东省	广州市	这里是日志信息......
2023-11-10 16:02:51.551287	[INFO]	goods_manager.py	响应时间:109ms	天津市	河东区	这里是日志信息......
2023-11-10 16:02:51.551287	[INFO]	event.py	响应时间:801ms	湖北省	恩施土家族苗族自治州	这里是日志信息......
2023-11-10 16:02:51.551287	[INFO]	user_manager.py	响应时间:302ms	重庆市	沙坪坝区	这里是日志信息......
2023-11-10 16:02:51.551287	[INFO]	event.py	响应时间:8ms	湖北省	武汉市	这里是日志信息......
2023-11-10 16:02:51.551287	[INFO]	event.py	响应时间:518ms	上海市	宝山区	这里是日志信息......
2023-11-10 16:02:51.551287	[INFO]	shop_manager.py	响应时间:71ms	湖南省	长沙市	这里是日志信息......
2023-11-10 16:02:51.551287	[INFO]	base_network.py	响应时间:444ms	山东省	青岛市	这里是日志信息......
2023-11-10 16:02:51.551287	[INFO]	goods_manager.py	响应时间:194ms	江苏省	南京市	这里是日志信息......
2023-11-10 16:02:51.551287	[INFO]	event.py	响应时间:848ms	安徽省	池州市	这里是日志信息......
2023-11-10 16:02:51.551287	[INFO]	goods_manager.py	响应时间:161ms	浙江省	丽水市	这里是日志信息......
2023-11-10 16:02:51.551287	[INFO]	goods_manager.py	响应时间:614ms	广东省	广州市	这里是日志信息......
2023-11-10 16:02:51.551287	[INFO]	orders_service.py	响应时间:852ms	湖南省	长沙市	这里是日志信息......
2023-11-10 16:02:51.551287	[WARN]	orders_service.py	响应时间:360ms	湖北省	武汉市	这里是日志信息......
2023-11-10 16:02:51.551287	[INFO]	orders_service.py	响应时间:337ms	湖南省	长沙市	这里是日志信息......
2023-11-10 16:02:51.551287	[INFO]	goods_manager.py	响应时间:946ms	湖北省	恩施土家族苗族自治州	这里是日志信息......
2023-11-10 16:02:51.551287	[INFO]	shop_manager.py	响应时间:258ms	浙江省	绍兴市	这里是日志信息......
2023-11-10 16:02:51.551287	[INFO]	user_manager.py	响应时间:922ms	上海市	静安区	这里是日志信息......
2023-11-10 16:02:51.551287	[WARN]	barcode_service.py	响应时间:19ms	重庆市	南岸区	这里是日志信息......
2023-11-10 16:02:51.551287	[INFO]	event.py	响应时间:505ms	天津市	河西区	这里是日志信息......
2023-11-10 16:02:51.551287	[INFO]	event.py	响应时间:937ms	上海市	徐汇区	这里是日志信息......
2023-11-10 16:02:51.551287	[INFO]	goods_manager.py	响应时间:252ms	湖北省	武汉市	这里是日志信息......
2023-11-10 16:02:51.551287	[INFO]	base_network.py	响应时间:201ms	江苏省	南京市	这里是日志信息......
2023-11-10 16:02:51.551287	[INFO]	event.py	响应时间:116ms	山东省	青岛市	这里是日志信息......
2023-11-10 16:02:51.551287	[INFO]	shop_manager.py	响应时间:672ms	山东省	菏泽市	这里是日志信息......
2023-11-10 16:02:51.551287	[INFO]	event.py	响应时间:734ms	广东省	深圳市	这里是日志信息......
2023-11-10 16:02:51.551287	[INFO]	event.py	响应时间:77ms	安徽省	铜陵市	这里是日志信息......
2023-11-10 16:02:51.551287	[WARN]	orders_service.py	响应时间:563ms	山东省	济南市	这里是日志信息......
2023-11-10 16:02:51.551287	[INFO]	event.py	响应时间:6457ms	广东省	深圳市	这里是日志信息......
2023-11-10 16:02:51.551287	[INFO]	orders_service.py	响应时间:513ms	湖北省	武汉市	这里是日志信息......
2023-11-10 16:02:51.551287	[INFO]	event.py	响应时间:503ms	湖南省	益阳市	这里是日志信息......
2023-11-10 16:02:51.551287	[INFO]	barcode_service.py	响应时间:336ms	湖南省	株洲市	这里是日志信息......
2023-11-10 16:02:51.551287	[INFO]	shop_manager.py	响应时间:997ms	安徽省	合肥市	这里是日志信息......
2023-11-10 16:02:51.551287	[INFO]	user_manager.py	响应时间:194ms	北京市	海淀区	这里是日志信息......
2023-11-10 16:02:51.551287	[WARN]	event.py	响应时间:391ms	广东省	珠海市	这里是日志信息......
2023-11-10 16:02:51.551287	[INFO]	barcode_service.py	响应时间:967ms	安徽省	六安市	这里是日志信息......
2023-11-10 16:02:51.551287	[INFO]	goods_manager.py	响应时间:93ms	湖南省	长沙市	这里是日志信息......
2023-11-10 16:02:51.551287	[INFO]	shop_manager.py	响应时间:27ms	天津市	河西区	这里是日志信息......
2023-11-10 16:02:51.551287	[INFO]	goods_manager.py	响应时间:46ms	浙江省	舟山市	这里是日志信息......
2023-11-10 16:02:51.551287	[INFO]	barcode_service.py	响应时间:121ms	天津市	宝坻区	这里是日志信息......
2023-11-10 16:02:51.552294	[INFO]	barcode_service.py	响应时间:705ms	天津市	武清区	这里是日志信息......
2023-11-10 16:02:51.552294	[INFO]	event.py	响应时间:992ms	北京市	海淀区	这里是日志信息......
2023-11-10 16:02:51.552294	[INFO]	goods_manager.py	响应时间:325ms	山东省	济南市	这里是日志信息......
2023-11-10 16:02:51.552294	[INFO]	goods_manager.py	响应时间:783ms	浙江省	杭州市	这里是日志信息......
2023-11-10 16:02:51.552294	[INFO]	goods_manager.py	响应时间:513ms	天津市	宝坻区	这里是日志信息......
2023-11-10 16:02:51.552294	[INFO]	orders_service.py	响应时间:658ms	江苏省	无锡市	这里是日志信息......
2023-11-10 16:02:51.552294	[INFO]	event.py	响应时间:978ms	重庆市	万州区	这里是日志信息......
2023-11-10 16:02:51.552294	[ERROR]	orders_service.py	响应时间:733ms	广东省	广州市	这里是日志信息......
2023-11-10 16:02:51.552294	[INFO]	event.py	响应时间:671ms	天津市	河西区	这里是日志信息......
2023-11-10 16:02:51.552294	[INFO]	event.py	响应时间:713ms	天津市	宝坻区	这里是日志信息......
2023-11-10 16:02:51.552294	[ERROR]	goods_manager.py	响应时间:384ms	上海市	静安区	这里是日志信息......
2023-11-10 16:02:51.552294	[INFO]	goods_manager.py	响应时间:188ms	上海市	黄浦区	这里是日志信息......
2023-11-10 16:02:51.552294	[INFO]	goods_manager.py	响应时间:2ms	广东省	深圳市	这里是日志信息......
2023-11-10 16:02:51.552294	[INFO]	orders_service.py	响应时间:626ms	江苏省	常州市	这里是日志信息......
2023-11-10 16:02:51.552294	[WARN]	orders_service.py	响应时间:424ms	广东省	珠海市	这里是日志信息......
2023-11-10 16:02:51.552294	[ERROR]	user_manager.py	响应时间:944ms	湖北省	武汉市	这里是日志信息......
2023-11-10 16:02:51.552294	[INFO]	orders_service.py	响应时间:284ms	安徽省	合肥市	这里是日志信息......
2023-11-10 16:02:51.552294	[INFO]	orders_service.py	响应时间:872ms	重庆市	万州区	这里是日志信息......
2023-11-10 16:02:51.552294	[INFO]	goods_manager.py	响应时间:108ms	山东省	青岛市	这里是日志信息......
2023-11-10 16:02:51.552294	[INFO]	base_network.py	响应时间:161ms	安徽省	阜阳市	这里是日志信息......
2023-11-10 16:02:51.552294	[INFO]	barcode_service.py	响应时间:928ms	浙江省	绍兴市	这里是日志信息......
2023-11-10 16:02:51.552294	[INFO]	goods_manager.py	响应时间:572ms	上海市	普陀区	这里是日志信息......
2023-11-10 16:02:51.552294	[INFO]	user_manager.py	响应时间:476ms	湖南省	长沙市	这里是日志信息......
2023-11-10 16:02:51.552294	[WARN]	goods_manager.py	响应时间:766ms	湖南省	益阳市	这里是日志信息......
2023-11-10 16:02:51.552294	[WARN]	goods_manager.py	响应时间:977ms	湖南省	长沙市	这里是日志信息......
2023-11-10 16:02:51.552294	[INFO]	event.py	响应时间:2945ms	北京市	朝阳区	这里是日志信息......
2023-11-10 16:02:51.552294	[INFO]	barcode_service.py	响应时间:77ms	上海市	普陀区	这里是日志信息......
2023-11-10 16:02:51.552294	[INFO]	orders_service.py	响应时间:905ms	广东省	深圳市	这里是日志信息......
2023-11-10 16:02:51.552294	[INFO]	user_manager.py	响应时间:320ms	浙江省	嘉兴市	这里是日志信息......
2023-11-10 16:02:51.552294	[INFO]	barcode_service.py	响应时间:956ms	浙江省	舟山市	这里是日志信息......
2023-11-10 16:02:51.552294	[INFO]	orders_service.py	响应时间:492ms	湖北省	十堰市	这里是日志信息......
2023-11-10 16:02:51.552294	[INFO]	goods_manager.py	响应时间:894ms	北京市	昌平区	这里是日志信息......
2023-11-10 16:02:51.552294	[ERROR]	barcode_service.py	响应时间:8992ms	北京市	朝阳区	这里是日志信息......
2023-11-10 16:02:51.552294	[INFO]	orders_service.py	响应时间:30ms	上海市	徐汇区	这里是日志信息......
2023-11-10 16:02:51.552294	[INFO]	barcode_service.py	响应时间:972ms	山东省	济南市	这里是日志信息......
2023-11-10 16:02:51.552294	[INFO]	shop_manager.py	响应时间:57ms	广东省	广州市	这里是日志信息......
2023-11-10 16:02:51.552294	[INFO]	event.py	响应时间:424ms	安徽省	铜陵市	这里是日志信息......
2023-11-10 16:02:51.552294	[INFO]	event.py	响应时间:836ms	湖南省	长沙市	这里是日志信息......
2023-11-10 16:02:51.552294	[INFO]	orders_service.py	响应时间:800ms	湖北省	恩施土家族苗族自治州	这里是日志信息......
2023-11-10 16:02:51.552294	[INFO]	orders_service.py	响应时间:752ms	山东省	济南市	这里是日志信息......
2023-11-10 16:02:51.552294	[INFO]	goods_manager.py	响应时间:645ms	天津市	河西区	这里是日志信息......
2023-11-10 16:02:51.552294	[INFO]	base_network.py	响应时间:282ms	山东省	济南市	这里是日志信息......
2023-11-10 16:02:51.552294	[INFO]	orders_service.py	响应时间:247ms	重庆市	九龙坡区	这里是日志信息......
2023-11-10 16:02:51.552294	[INFO]	goods_manager.py	响应时间:350ms	北京市	海淀区	这里是日志信息......
2023-11-10 16:02:51.552294	[INFO]	barcode_service.py	响应时间:828ms	浙江省	杭州市	这里是日志信息......
2023-11-10 16:02:51.552294	[INFO]	user_manager.py	响应时间:452ms	浙江省	湖州市	这里是日志信息......
2023-11-10 16:02:51.552294	[INFO]	goods_manager.py	响应时间:467ms	山东省	青岛市	这里是日志信息......
2023-11-10 16:02:51.552294	[INFO]	barcode_service.py	响应时间:210ms	安徽省	阜阳市	这里是日志信息......
2023-11-10 16:02:51.552294	[INFO]	event.py	响应时间:117ms	广东省	广州市	这里是日志信息......
2023-11-10 16:02:51.552294	[INFO]	event.py	响应时间:709ms	广东省	深圳市	这里是日志信息......
2023-11-10 16:02:51.552294	[INFO]	barcode_service.py	响应时间:148ms	上海市	徐汇区	这里是日志信息......
2023-11-10 16:02:51.552294	[INFO]	base_network.py	响应时间:403ms	湖南省	长沙市	这里是日志信息......
2023-11-10 16:02:51.552294	[INFO]	goods_manager.py	响应时间:214ms	上海市	静安区	这里是日志信息......
2023-11-10 16:02:51.552294	[ERROR]	goods_manager.py	响应时间:345ms	江苏省	南京市	这里是日志信息......
2023-11-10 16:02:51.552294	[INFO]	event.py	响应时间:145ms	广东省	广州市	这里是日志信息......
2023-11-10 16:02:51.552294	[INFO]	event.py	响应时间:870ms	山东省	青岛市	这里是日志信息......
2023-11-10 16:02:51.552294	[INFO]	barcode_service.py	响应时间:996ms	江苏省	张家港市	这里是日志信息......
2023-11-10 16:02:51.552294	[INFO]	goods_manager.py	响应时间:779ms	江苏省	苏州市	这里是日志信息......
2023-11-10 16:02:51.552294	[INFO]	shop_manager.py	响应时间:87ms	天津市	河西区	这里是日志信息......
2023-11-10 16:02:51.552294	[INFO]	event.py	响应时间:232ms	江苏省	常州市	这里是日志信息......
2023-11-10 16:02:51.552294	[INFO]	goods_manager.py	响应时间:414ms	安徽省	铜陵市	这里是日志信息......
2023-11-10 16:02:51.552294	[INFO]	shop_manager.py	响应时间:1000ms	上海市	黄浦区	这里是日志信息......
2023-11-10 16:02:51.552294	[INFO]	goods_manager.py	响应时间:841ms	山东省	菏泽市	这里是日志信息......
2023-11-10 16:02:51.552294	[INFO]	user_manager.py	响应时间:758ms	北京市	丰台区	这里是日志信息......
2023-11-10 16:02:51.552294	[INFO]	orders_service.py	响应时间:714ms	浙江省	杭州市	这里是日志信息......
2023-11-10 16:02:51.552294	[INFO]	user_manager.py	响应时间:200ms	浙江省	嘉兴市	这里是日志信息......
2023-11-10 16:02:51.552294	[INFO]	goods_manager.py	响应时间:613ms	浙江省	舟山市	这里是日志信息......
2023-11-10 16:02:51.552294	[WARN]	event.py	响应时间:585ms	江苏省	常州市	这里是日志信息......
2023-11-10 16:02:51.552294	[INFO]	orders_service.py	响应时间:637ms	江苏省	南京市	这里是日志信息......
2023-11-10 16:02:51.552294	[INFO]	barcode_service.py	响应时间:740ms	上海市	普陀区	这里是日志信息......
2023-11-10 16:02:51.552294	[INFO]	orders_service.py	响应时间:75ms	上海市	浦东新区	这里是日志信息......
2023-11-10 16:02:51.552294	[INFO]	barcode_service.py	响应时间:221ms	浙江省	绍兴市	这里是日志信息......
2023-11-10 16:02:51.552294	[INFO]	event.py	响应时间:441ms	北京市	大兴区	这里是日志信息......
2023-11-10 16:02:51.552294	[INFO]	goods_manager.py	响应时间:533ms	重庆市	万州区	这里是日志信息......
2023-11-10 16:02:51.552294	[INFO]	shop_manager.py	响应时间:303ms	上海市	静安区	这里是日志信息......
2023-11-10 16:02:51.552294	[INFO]	user_manager.py	响应时间:728ms	北京市	怀柔区	这里是日志信息......
2023-11-10 16:02:51.552294	[INFO]	orders_service.py	响应时间:434ms	广东省	深圳市	这里是日志信息......
2023-11-10 16:02:51.552294	[INFO]	shop_manager.py	响应时间:325ms	浙江省	湖州市	这里是日志信息......
2023-11-10 16:02:51.552294	[INFO]	barcode_service.py	响应时间:428ms	江苏省	无锡市	这里是日志信息......
2023-11-10 16:02:51.552294	[INFO]	event.py	响应时间:769ms	北京市	丰台区	这里是日志信息......
2023-11-10 16:02:51.552294	[INFO]	event.py	响应时间:612ms	上海市	普陀区	这里是日志信息......
2023-11-10 16:02:51.552294	[INFO]	orders_service.py	响应时间:942ms	广东省	广州市	这里是日志信息......
2023-11-10 16:02:51.552294	[INFO]	goods_manager.py	响应时间:687ms	北京市	大兴区	这里是日志信息......
2023-11-10 16:02:51.552294	[INFO]	goods_manager.py	响应时间:267ms	广东省	珠海市	这里是日志信息......
2023-11-10 16:02:51.552294	[INFO]	barcode_service.py	响应时间:28ms	江苏省	张家港市	这里是日志信息......
2023-11-10 16:02:51.552294	[INFO]	orders_service.py	响应时间:785ms	山东省	济南市	这里是日志信息......
2023-11-10 16:02:51.552294	[INFO]	user_manager.py	响应时间:343ms	北京市	大兴区	这里是日志信息......
2023-11-10 16:02:51.552294	[INFO]	goods_manager.py	响应时间:736ms	广东省	深圳市	这里是日志信息......
2023-11-10 16:02:51.552294	[INFO]	base_network.py	响应时间:3ms	湖南省	益阳市	这里是日志信息......
2023-11-10 16:02:51.552294	[INFO]	orders_service.py	响应时间:251ms	北京市	朝阳区	这里是日志信息......
2023-11-10 16:02:51.552294	[INFO]	user_manager.py	响应时间:617ms	山东省	济南市	这里是日志信息......
2023-11-10 16:02:51.552294	[INFO]	event.py	响应时间:656ms	山东省	菏泽市	这里是日志信息......
2023-11-10 16:02:51.552294	[WARN]	orders_service.py	响应时间:984ms	浙江省	嘉兴市	这里是日志信息......
2023-11-10 16:02:51.552294	[INFO]	shop_manager.py	响应时间:22ms	山东省	菏泽市	这里是日志信息......
2023-11-10 16:02:51.552294	[INFO]	orders_service.py	响应时间:997ms	湖北省	武汉市	这里是日志信息......
2023-11-10 16:02:51.552294	[INFO]	user_manager.py	响应时间:55ms	广东省	深圳市	这里是日志信息......
2023-11-10 16:02:51.552294	[INFO]	orders_service.py	响应时间:789ms	广东省	广州市	这里是日志信息......
2023-11-10 16:02:51.552294	[WARN]	user_manager.py	响应时间:719ms	上海市	普陀区	这里是日志信息......
2023-11-10 16:02:51.552294	[WARN]	base_network.py	响应时间:817ms	浙江省	杭州市	这里是日志信息......
2023-11-10 16:02:51.552294	[INFO]	orders_service.py	响应时间:843ms	重庆市	南岸区	这里是日志信息......
2023-11-10 16:02:51.552294	[INFO]	orders_service.py	响应时间:132ms	湖南省	长沙市	这里是日志信息......
2023-11-10 16:02:51.552294	[WARN]	event.py	响应时间:786ms	北京市	朝阳区	这里是日志信息......
2023-11-10 16:02:51.552294	[INFO]	event.py	响应时间:824ms	上海市	徐汇区	这里是日志信息......
2023-11-10 16:02:51.552294	[INFO]	base_network.py	响应时间:644ms	湖南省	长沙市	这里是日志信息......
2023-11-10 16:02:51.552294	[WARN]	orders_service.py	响应时间:651ms	山东省	济南市	这里是日志信息......
2023-11-10 16:02:51.552294	[INFO]	orders_service.py	响应时间:905ms	北京市	大兴区	这里是日志信息......
2023-11-10 16:02:51.552294	[WARN]	event.py	响应时间:185ms	湖南省	长沙市	这里是日志信息......
2023-11-10 16:02:51.552294	[INFO]	barcode_service.py	响应时间:79ms	湖北省	荆州市	这里是日志信息......
2023-11-10 16:02:51.552294	[INFO]	event.py	响应时间:563ms	北京市	朝阳区	这里是日志信息......
2023-11-10 16:02:51.552294	[INFO]	orders_service.py	响应时间:569ms	浙江省	丽水市	这里是日志信息......
2023-11-10 16:02:51.552294	[INFO]	event.py	响应时间:556ms	江苏省	南京市	这里是日志信息......
2023-11-10 16:02:51.552294	[INFO]	goods_manager.py	响应时间:256ms	湖北省	荆州市	这里是日志信息......
2023-11-10 16:02:51.552294	[INFO]	goods_manager.py	响应时间:75ms	浙江省	湖州市	这里是日志信息......
2023-11-10 16:02:51.552294	[INFO]	user_manager.py	响应时间:7607ms	广东省	广州市	这里是日志信息......
2023-11-10 16:02:51.552294	[INFO]	event.py	响应时间:8726ms	浙江省	湖州市	这里是日志信息......
2023-11-10 16:02:51.552294	[INFO]	shop_manager.py	响应时间:951ms	天津市	宝坻区	这里是日志信息......
2023-11-10 16:02:51.552294	[INFO]	event.py	响应时间:580ms	上海市	普陀区	这里是日志信息......
2023-11-10 16:02:51.552294	[INFO]	event.py	响应时间:387ms	广东省	广州市	这里是日志信息......
2023-11-10 16:02:51.552294	[INFO]	base_network.py	响应时间:445ms	广东省	珠海市	这里是日志信息......
2023-11-10 16:02:51.552294	[INFO]	orders_service.py	响应时间:114ms	浙江省	舟山市	这里是日志信息......
2023-11-10 16:02:51.552294	[ERROR]	event.py	响应时间:139ms	江苏省	宿迁市	这里是日志信息......
2023-11-10 16:02:51.552294	[WARN]	goods_manager.py	响应时间:527ms	山东省	济南市	这里是日志信息......
2023-11-10 16:02:51.552294	[WARN]	goods_manager.py	响应时间:357ms	安徽省	阜阳市	这里是日志信息......
2023-11-10 16:02:51.552294	[INFO]	user_manager.py	响应时间:767ms	上海市	宝山区	这里是日志信息......
2023-11-10 16:02:51.552294	[INFO]	barcode_service.py	响应时间:171ms	湖北省	武汉市	这里是日志信息......
2023-11-10 16:02:51.552294	[INFO]	orders_service.py	响应时间:824ms	天津市	河东区	这里是日志信息......
2023-11-10 16:02:51.552294	[INFO]	barcode_service.py	响应时间:662ms	重庆市	涪陵区	这里是日志信息......
2023-11-10 16:02:51.552294	[WARN]	orders_service.py	响应时间:665ms	湖北省	武汉市	这里是日志信息......
2023-11-10 16:02:51.552294	[INFO]	goods_manager.py	响应时间:958ms	广东省	深圳市	这里是日志信息......
2023-11-10 16:02:51.552294	[INFO]	goods_manager.py	响应时间:908ms	安徽省	池州市	这里是日志信息......
2023-11-10 16:02:51.552294	[INFO]	event.py	响应时间:172ms	北京市	怀柔区	这里是日志信息......
2023-11-10 16:02:51.552294	[INFO]	goods_manager.py	响应时间:799ms	广东省	广州市	这里是日志信息......
2023-11-10 16:02:51.553284	[INFO]	goods_manager.py	响应时间:792ms	山东省	青岛市	这里是日志信息......
2023-11-10 16:02:51.553284	[INFO]	event.py	响应时间:885ms	湖南省	长沙市	这里是日志信息......
2023-11-10 16:02:51.553284	[INFO]	goods_manager.py	响应时间:613ms	山东省	青岛市	这里是日志信息......
2023-11-10 16:02:51.553284	[INFO]	event.py	响应时间:272ms	湖北省	武汉市	这里是日志信息......
2023-11-10 16:02:51.553284	[INFO]	event.py	响应时间:446ms	山东省	济南市	这里是日志信息......
2023-11-10 16:02:51.553284	[ERROR]	event.py	响应时间:896ms	广东省	珠海市	这里是日志信息......
2023-11-10 16:02:51.553284	[WARN]	orders_service.py	响应时间:113ms	湖北省	荆州市	这里是日志信息......
2023-11-10 16:02:51.553284	[INFO]	user_manager.py	响应时间:1873ms	湖南省	株洲市	这里是日志信息......
2023-11-10 16:02:51.553284	[INFO]	user_manager.py	响应时间:542ms	重庆市	涪陵区	这里是日志信息......
2023-11-10 16:02:51.553284	[INFO]	orders_service.py	响应时间:728ms	天津市	和平区	这里是日志信息......
2023-11-10 16:02:51.553284	[INFO]	barcode_service.py	响应时间:205ms	天津市	宝坻区	这里是日志信息......
2023-11-10 16:02:51.553284	[INFO]	barcode_service.py	响应时间:305ms	浙江省	舟山市	这里是日志信息......
2023-11-10 16:02:51.553284	[INFO]	event.py	响应时间:510ms	湖北省	武汉市	这里是日志信息......
2023-11-10 16:02:51.553284	[INFO]	shop_manager.py	响应时间:276ms	江苏省	苏州市	这里是日志信息......
2023-11-10 16:02:51.553284	[INFO]	orders_service.py	响应时间:675ms	上海市	徐汇区	这里是日志信息......
2023-11-10 16:02:51.553284	[INFO]	orders_service.py	响应时间:727ms	重庆市	渝中区	这里是日志信息......
2023-11-10 16:02:51.553284	[ERROR]	event.py	响应时间:979ms	湖南省	长沙市	这里是日志信息......
2023-11-10 16:02:51.553284	[INFO]	event.py	响应时间:174ms	浙江省	金华市	这里是日志信息......
2023-11-10 16:02:51.553284	[INFO]	event.py	响应时间:461ms	湖南省	长沙市	这里是日志信息......
2023-11-10 16:02:51.553284	[WARN]	event.py	响应时间:777ms	上海市	静安区	这里是日志信息......
2023-11-10 16:02:51.553284	[INFO]	event.py	响应时间:41ms	江苏省	苏州市	这里是日志信息......
2023-11-10 16:02:51.553284	[INFO]	goods_manager.py	响应时间:56ms	安徽省	池州市	这里是日志信息......
2023-11-10 16:02:51.553284	[INFO]	barcode_service.py	响应时间:455ms	山东省	济南市	这里是日志信息......
2023-11-10 16:02:51.553284	[INFO]	orders_service.py	响应时间:963ms	安徽省	池州市	这里是日志信息......
2023-11-10 16:02:51.553284	[INFO]	event.py	响应时间:26ms	广东省	广州市	这里是日志信息......
2023-11-10 16:02:51.553284	[INFO]	goods_manager.py	响应时间:243ms	上海市	徐汇区	这里是日志信息......
2023-11-10 16:02:51.553284	[INFO]	base_network.py	响应时间:771ms	上海市	静安区	这里是日志信息......
2023-11-10 16:02:51.553284	[WARN]	event.py	响应时间:70ms	湖北省	恩施土家族苗族自治州	这里是日志信息......
2023-11-10 16:02:51.553284	[INFO]	event.py	响应时间:104ms	湖南省	长沙市	这里是日志信息......
2023-11-10 16:02:51.553284	[INFO]	orders_service.py	响应时间:24ms	上海市	黄浦区	这里是日志信息......
2023-11-10 16:02:51.553284	[INFO]	event.py	响应时间:680ms	浙江省	绍兴市	这里是日志信息......
2023-11-10 16:02:51.553284	[ERROR]	event.py	响应时间:7637ms	山东省	青岛市	这里是日志信息......
2023-11-10 16:02:51.553284	[INFO]	orders_service.py	响应时间:24ms	安徽省	六安市	这里是日志信息......
2023-11-10 16:02:51.553284	[INFO]	goods_manager.py	响应时间:224ms	浙江省	湖州市	这里是日志信息......
2023-11-10 16:02:51.553284	[INFO]	orders_service.py	响应时间:912ms	北京市	海淀区	这里是日志信息......
2023-11-10 16:02:51.553284	[INFO]	goods_manager.py	响应时间:291ms	重庆市	九龙坡区	这里是日志信息......
2023-11-10 16:02:51.553284	[INFO]	orders_service.py	响应时间:263ms	天津市	河东区	这里是日志信息......
2023-11-10 16:02:51.553284	[INFO]	goods_manager.py	响应时间:619ms	湖南省	长沙市	这里是日志信息......
2023-11-10 16:02:51.553284	[INFO]	base_network.py	响应时间:581ms	广东省	珠海市	这里是日志信息......
2023-11-10 16:02:51.553284	[INFO]	goods_manager.py	响应时间:524ms	浙江省	金华市	这里是日志信息......
2023-11-10 16:02:51.553284	[INFO]	goods_manager.py	响应时间:412ms	江苏省	常州市	这里是日志信息......
2023-11-10 16:02:51.553284	[INFO]	goods_manager.py	响应时间:818ms	湖北省	恩施土家族苗族自治州	这里是日志信息......
2023-11-10 16:02:51.553284	[INFO]	event.py	响应时间:226ms	湖北省	武汉市	这里是日志信息......
2023-11-10 16:02:51.553284	[INFO]	shop_manager.py	响应时间:175ms	北京市	昌平区	这里是日志信息......
2023-11-10 16:02:51.553284	[INFO]	event.py	响应时间:621ms	湖北省	武汉市	这里是日志信息......
2023-11-10 16:02:51.553284	[WARN]	orders_service.py	响应时间:567ms	上海市	宝山区	这里是日志信息......
2023-11-10 16:02:51.553284	[INFO]	goods_manager.py	响应时间:964ms	湖南省	益阳市	这里是日志信息......
2023-11-10 16:02:51.553284	[INFO]	goods_manager.py	响应时间:649ms	北京市	丰台区	这里是日志信息......
2023-11-10 16:02:51.553284	[INFO]	event.py	响应时间:902ms	安徽省	合肥市	这里是日志信息......
2023-11-10 16:02:51.553284	[INFO]	goods_manager.py	响应时间:737ms	江苏省	南京市	这里是日志信息......
2023-11-10 16:02:51.553284	[INFO]	event.py	响应时间:184ms	北京市	怀柔区	这里是日志信息......
