2023-11-10 16:02:48.482412	[WARN]	orders_service.py	响应时间:396ms	湖北省	武汉市	这里是日志信息......
2023-11-10 16:02:48.482412	[INFO]	event.py	响应时间:2964ms	广东省	深圳市	这里是日志信息......
2023-11-10 16:02:48.482412	[INFO]	barcode_service.py	响应时间:397ms	湖北省	十堰市	这里是日志信息......
2023-11-10 16:02:48.482412	[INFO]	goods_manager.py	响应时间:166ms	安徽省	池州市	这里是日志信息......
2023-11-10 16:02:48.482412	[INFO]	event.py	响应时间:524ms	广东省	深圳市	这里是日志信息......
2023-11-10 16:02:48.482412	[INFO]	orders_service.py	响应时间:947ms	重庆市	南岸区	这里是日志信息......
2023-11-10 16:02:48.482412	[WARN]	barcode_service.py	响应时间:444ms	天津市	武清区	这里是日志信息......
2023-11-10 16:02:48.482412	[INFO]	orders_service.py	响应时间:879ms	山东省	济南市	这里是日志信息......
2023-11-10 16:02:48.482412	[INFO]	base_network.py	响应时间:543ms	湖北省	恩施土家族苗族自治州	这里是日志信息......
2023-11-10 16:02:48.482412	[INFO]	event.py	响应时间:902ms	湖北省	武汉市	这里是日志信息......
2023-11-10 16:02:48.482412	[INFO]	orders_service.py	响应时间:566ms	山东省	济南市	这里是日志信息......
2023-11-10 16:02:48.482412	[INFO]	goods_manager.py	响应时间:923ms	北京市	昌平区	这里是日志信息......
2023-11-10 16:02:48.482412	[WARN]	goods_manager.py	响应时间:287ms	江苏省	南京市	这里是日志信息......
2023-11-10 16:02:48.482412	[INFO]	user_manager.py	响应时间:211ms	安徽省	六安市	这里是日志信息......
2023-11-10 16:02:48.482412	[INFO]	event.py	响应时间:127ms	江苏省	南京市	这里是日志信息......
2023-11-10 16:02:48.482412	[WARN]	orders_service.py	响应时间:96ms	山东省	青岛市	这里是日志信息......
2023-11-10 16:02:48.482412	[INFO]	goods_manager.py	响应时间:902ms	广东省	广州市	这里是日志信息......
2023-11-10 16:02:48.482412	[INFO]	base_network.py	响应时间:300ms	天津市	河东区	这里是日志信息......
2023-11-10 16:02:48.482412	[INFO]	goods_manager.py	响应时间:190ms	天津市	武清区	这里是日志信息......
2023-11-10 16:02:48.482412	[INFO]	barcode_service.py	响应时间:464ms	广东省	珠海市	这里是日志信息......
2023-11-10 16:02:48.482412	[INFO]	shop_manager.py	响应时间:202ms	浙江省	杭州市	这里是日志信息......
2023-11-10 16:02:48.482412	[INFO]	goods_manager.py	响应时间:569ms	江苏省	南京市	这里是日志信息......
2023-11-10 16:02:48.482412	[INFO]	orders_service.py	响应时间:666ms	北京市	昌平区	这里是日志信息......
2023-11-10 16:02:48.482412	[INFO]	event.py	响应时间:116ms	山东省	青岛市	这里是日志信息......
2023-11-10 16:02:48.482412	[WARN]	barcode_service.py	响应时间:0ms	江苏省	苏州市	这里是日志信息......
2023-11-10 16:02:48.482412	[INFO]	barcode_service.py	响应时间:996ms	上海市	浦东新区	这里是日志信息......
2023-11-10 16:02:48.482412	[INFO]	user_manager.py	响应时间:603ms	天津市	河东区	这里是日志信息......
2023-11-10 16:02:48.482412	[ERROR]	goods_manager.py	响应时间:335ms	上海市	杨浦区	这里是日志信息......
2023-11-10 16:02:48.482412	[INFO]	shop_manager.py	响应时间:513ms	山东省	济南市	这里是日志信息......
2023-11-10 16:02:48.482412	[INFO]	barcode_service.py	响应时间:935ms	天津市	和平区	这里是日志信息......
2023-11-10 16:02:48.482412	[INFO]	user_manager.py	响应时间:818ms	安徽省	阜阳市	这里是日志信息......
2023-11-10 16:02:48.482412	[INFO]	event.py	响应时间:736ms	山东省	菏泽市	这里是日志信息......
2023-11-10 16:02:48.482412	[INFO]	shop_manager.py	响应时间:787ms	湖北省	武汉市	这里是日志信息......
2023-11-10 16:02:48.482412	[INFO]	event.py	响应时间:76ms	北京市	海淀区	这里是日志信息......
2023-11-10 16:02:48.482412	[INFO]	barcode_service.py	响应时间:213ms	湖北省	荆州市	这里是日志信息......
2023-11-10 16:02:48.482412	[WARN]	orders_service.py	响应时间:111ms	湖南省	长沙市	这里是日志信息......
2023-11-10 16:02:48.482412	[WARN]	goods_manager.py	响应时间:17ms	重庆市	万州区	这里是日志信息......
2023-11-10 16:02:48.482412	[INFO]	barcode_service.py	响应时间:349ms	广东省	广州市	这里是日志信息......
2023-11-10 16:02:48.482412	[INFO]	user_manager.py	响应时间:128ms	江苏省	南京市	这里是日志信息......
2023-11-10 16:02:48.482412	[INFO]	event.py	响应时间:0ms	湖北省	十堰市	这里是日志信息......
2023-11-10 16:02:48.482412	[INFO]	goods_manager.py	响应时间:520ms	湖北省	武汉市	这里是日志信息......
2023-11-10 16:02:48.482412	[INFO]	base_network.py	响应时间:716ms	江苏省	常州市	这里是日志信息......
2023-11-10 16:02:48.482412	[WARN]	event.py	响应时间:394ms	天津市	宝坻区	这里是日志信息......
2023-11-10 16:02:48.482412	[WARN]	user_manager.py	响应时间:695ms	重庆市	沙坪坝区	这里是日志信息......
2023-11-10 16:02:48.483413	[INFO]	event.py	响应时间:84ms	广东省	广州市	这里是日志信息......
2023-11-10 16:02:48.483413	[ERROR]	shop_manager.py	响应时间:175ms	湖北省	恩施土家族苗族自治州	这里是日志信息......
2023-11-10 16:02:48.483413	[INFO]	event.py	响应时间:742ms	湖北省	荆州市	这里是日志信息......
2023-11-10 16:02:48.483413	[INFO]	orders_service.py	响应时间:651ms	上海市	静安区	这里是日志信息......
2023-11-10 16:02:48.483413	[INFO]	event.py	响应时间:219ms	广东省	深圳市	这里是日志信息......
2023-11-10 16:02:48.483413	[INFO]	event.py	响应时间:593ms	北京市	丰台区	这里是日志信息......
2023-11-10 16:02:48.483413	[INFO]	orders_service.py	响应时间:41ms	天津市	武清区	这里是日志信息......
2023-11-10 16:02:48.483413	[INFO]	barcode_service.py	响应时间:852ms	湖南省	益阳市	这里是日志信息......
2023-11-10 16:02:48.483413	[INFO]	goods_manager.py	响应时间:189ms	重庆市	渝中区	这里是日志信息......
2023-11-10 16:02:48.483413	[INFO]	event.py	响应时间:958ms	湖北省	恩施土家族苗族自治州	这里是日志信息......
2023-11-10 16:02:48.483413	[INFO]	orders_service.py	响应时间:799ms	江苏省	常州市	这里是日志信息......
2023-11-10 16:02:48.483413	[INFO]	event.py	响应时间:360ms	重庆市	渝中区	这里是日志信息......
2023-11-10 16:02:48.483413	[INFO]	shop_manager.py	响应时间:427ms	湖南省	长沙市	这里是日志信息......
2023-11-10 16:02:48.483413	[WARN]	base_network.py	响应时间:704ms	北京市	丰台区	这里是日志信息......
2023-11-10 16:02:48.483413	[INFO]	user_manager.py	响应时间:353ms	江苏省	南京市	这里是日志信息......
2023-11-10 16:02:48.483413	[WARN]	goods_manager.py	响应时间:43ms	天津市	和平区	这里是日志信息......
2023-11-10 16:02:48.483413	[INFO]	event.py	响应时间:725ms	江苏省	无锡市	这里是日志信息......
2023-11-10 16:02:48.483413	[ERROR]	orders_service.py	响应时间:144ms	江苏省	苏州市	这里是日志信息......
2023-11-10 16:02:48.483413	[INFO]	orders_service.py	响应时间:275ms	浙江省	湖州市	这里是日志信息......
2023-11-10 16:02:48.483413	[INFO]	orders_service.py	响应时间:330ms	江苏省	无锡市	这里是日志信息......
2023-11-10 16:02:48.483413	[INFO]	event.py	响应时间:147ms	江苏省	南京市	这里是日志信息......
2023-11-10 16:02:48.483413	[INFO]	base_network.py	响应时间:188ms	湖南省	长沙市	这里是日志信息......
2023-11-10 16:02:48.483413	[INFO]	base_network.py	响应时间:119ms	江苏省	常州市	这里是日志信息......
2023-11-10 16:02:48.483413	[INFO]	barcode_service.py	响应时间:470ms	重庆市	南岸区	这里是日志信息......
2023-11-10 16:02:48.483413	[INFO]	base_network.py	响应时间:486ms	湖北省	荆州市	这里是日志信息......
2023-11-10 16:02:48.483413	[INFO]	orders_service.py	响应时间:286ms	湖南省	长沙市	这里是日志信息......
2023-11-10 16:02:48.483413	[INFO]	barcode_service.py	响应时间:554ms	浙江省	杭州市	这里是日志信息......
2023-11-10 16:02:48.483413	[INFO]	goods_manager.py	响应时间:752ms	北京市	大兴区	这里是日志信息......
2023-11-10 16:02:48.483413	[INFO]	goods_manager.py	响应时间:634ms	重庆市	万州区	这里是日志信息......
2023-11-10 16:02:48.483413	[INFO]	orders_service.py	响应时间:199ms	湖北省	武汉市	这里是日志信息......
2023-11-10 16:02:48.483413	[INFO]	orders_service.py	响应时间:494ms	湖南省	长沙市	这里是日志信息......
2023-11-10 16:02:48.483413	[INFO]	user_manager.py	响应时间:889ms	天津市	武清区	这里是日志信息......
2023-11-10 16:02:48.483413	[ERROR]	orders_service.py	响应时间:775ms	山东省	青岛市	这里是日志信息......
2023-11-10 16:02:48.483413	[INFO]	goods_manager.py	响应时间:39ms	北京市	海淀区	这里是日志信息......
2023-11-10 16:02:48.483413	[WARN]	orders_service.py	响应时间:797ms	广东省	广州市	这里是日志信息......
2023-11-10 16:02:48.483413	[INFO]	orders_service.py	响应时间:216ms	上海市	宝山区	这里是日志信息......
2023-11-10 16:02:48.483413	[INFO]	base_network.py	响应时间:139ms	上海市	浦东新区	这里是日志信息......
2023-11-10 16:02:48.483413	[INFO]	orders_service.py	响应时间:92ms	上海市	浦东新区	这里是日志信息......
2023-11-10 16:02:48.483413	[INFO]	goods_manager.py	响应时间:464ms	安徽省	合肥市	这里是日志信息......
2023-11-10 16:02:48.483413	[WARN]	orders_service.py	响应时间:954ms	安徽省	铜陵市	这里是日志信息......
2023-11-10 16:02:48.483413	[INFO]	goods_manager.py	响应时间:343ms	北京市	怀柔区	这里是日志信息......
2023-11-10 16:02:48.483413	[INFO]	goods_manager.py	响应时间:34ms	山东省	青岛市	这里是日志信息......
2023-11-10 16:02:48.483413	[INFO]	event.py	响应时间:110ms	上海市	静安区	这里是日志信息......
2023-11-10 16:02:48.483413	[WARN]	orders_service.py	响应时间:125ms	广东省	深圳市	这里是日志信息......
2023-11-10 16:02:48.483413	[INFO]	goods_manager.py	响应时间:9009ms	江苏省	南京市	这里是日志信息......
2023-11-10 16:02:48.483413	[INFO]	base_network.py	响应时间:573ms	重庆市	沙坪坝区	这里是日志信息......
2023-11-10 16:02:48.483413	[WARN]	base_network.py	响应时间:6357ms	广东省	深圳市	这里是日志信息......
2023-11-10 16:02:48.483413	[INFO]	event.py	响应时间:433ms	江苏省	张家港市	这里是日志信息......
2023-11-10 16:02:48.483413	[WARN]	barcode_service.py	响应时间:492ms	重庆市	沙坪坝区	这里是日志信息......
2023-11-10 16:02:48.483413	[INFO]	event.py	响应时间:470ms	广东省	广州市	这里是日志信息......
2023-11-10 16:02:48.483413	[INFO]	goods_manager.py	响应时间:287ms	天津市	河东区	这里是日志信息......
2023-11-10 16:02:48.483413	[WARN]	barcode_service.py	响应时间:86ms	安徽省	阜阳市	这里是日志信息......
2023-11-10 16:02:48.483413	[INFO]	orders_service.py	响应时间:713ms	北京市	海淀区	这里是日志信息......
2023-11-10 16:02:48.483413	[INFO]	orders_service.py	响应时间:751ms	湖南省	长沙市	这里是日志信息......
2023-11-10 16:02:48.483413	[INFO]	shop_manager.py	响应时间:64ms	湖南省	张家界市	这里是日志信息......
2023-11-10 16:02:48.483413	[WARN]	barcode_service.py	响应时间:515ms	浙江省	杭州市	这里是日志信息......
2023-11-10 16:02:48.483413	[INFO]	event.py	响应时间:512ms	安徽省	合肥市	这里是日志信息......
2023-11-10 16:02:48.483413	[WARN]	shop_manager.py	响应时间:834ms	湖南省	益阳市	这里是日志信息......
2023-11-10 16:02:48.483413	[INFO]	goods_manager.py	响应时间:473ms	江苏省	苏州市	这里是日志信息......
2023-11-10 16:02:48.483413	[INFO]	user_manager.py	响应时间:46ms	北京市	海淀区	这里是日志信息......
2023-11-10 16:02:48.483413	[INFO]	event.py	响应时间:305ms	广东省	深圳市	这里是日志信息......
2023-11-10 16:02:48.483413	[ERROR]	shop_manager.py	响应时间:61ms	安徽省	阜阳市	这里是日志信息......
2023-11-10 16:02:48.483413	[WARN]	user_manager.py	响应时间:731ms	上海市	徐汇区	这里是日志信息......
2023-11-10 16:02:48.483413	[INFO]	event.py	响应时间:796ms	湖北省	武汉市	这里是日志信息......
2023-11-10 16:02:48.483413	[INFO]	goods_manager.py	响应时间:459ms	湖北省	荆州市	这里是日志信息......
2023-11-10 16:02:48.483413	[INFO]	orders_service.py	响应时间:87ms	北京市	怀柔区	这里是日志信息......
2023-11-10 16:02:48.483413	[INFO]	barcode_service.py	响应时间:569ms	浙江省	金华市	这里是日志信息......
2023-11-10 16:02:48.483413	[INFO]	base_network.py	响应时间:602ms	山东省	菏泽市	这里是日志信息......
2023-11-10 16:02:48.483413	[WARN]	event.py	响应时间:389ms	上海市	普陀区	这里是日志信息......
2023-11-10 16:02:48.483413	[WARN]	barcode_service.py	响应时间:971ms	山东省	青岛市	这里是日志信息......
2023-11-10 16:02:48.483413	[WARN]	user_manager.py	响应时间:7050ms	重庆市	万州区	这里是日志信息......
2023-11-10 16:02:48.483413	[INFO]	goods_manager.py	响应时间:437ms	上海市	杨浦区	这里是日志信息......
2023-11-10 16:02:48.483413	[INFO]	base_network.py	响应时间:473ms	安徽省	六安市	这里是日志信息......
2023-11-10 16:02:48.483413	[ERROR]	barcode_service.py	响应时间:420ms	重庆市	万州区	这里是日志信息......
2023-11-10 16:02:48.483413	[INFO]	goods_manager.py	响应时间:509ms	山东省	济南市	这里是日志信息......
2023-11-10 16:02:48.483413	[INFO]	event.py	响应时间:935ms	重庆市	南岸区	这里是日志信息......
2023-11-10 16:02:48.483413	[INFO]	goods_manager.py	响应时间:794ms	山东省	青岛市	这里是日志信息......
2023-11-10 16:02:48.483413	[INFO]	event.py	响应时间:40ms	江苏省	张家港市	这里是日志信息......
2023-11-10 16:02:48.483413	[INFO]	barcode_service.py	响应时间:739ms	上海市	徐汇区	这里是日志信息......
2023-11-10 16:02:48.483413	[WARN]	barcode_service.py	响应时间:39ms	天津市	宝坻区	这里是日志信息......
2023-11-10 16:02:48.483413	[INFO]	event.py	响应时间:264ms	浙江省	杭州市	这里是日志信息......
2023-11-10 16:02:48.483413	[INFO]	goods_manager.py	响应时间:565ms	湖北省	武汉市	这里是日志信息......
2023-11-10 16:02:48.483413	[INFO]	user_manager.py	响应时间:493ms	重庆市	南岸区	这里是日志信息......
2023-11-10 16:02:48.483413	[INFO]	goods_manager.py	响应时间:476ms	广东省	珠海市	这里是日志信息......
2023-11-10 16:02:48.483413	[INFO]	event.py	响应时间:544ms	安徽省	铜陵市	这里是日志信息......
2023-11-10 16:02:48.483413	[INFO]	user_manager.py	响应时间:590ms	江苏省	苏州市	这里是日志信息......
2023-11-10 16:02:48.483413	[INFO]	event.py	响应时间:605ms	上海市	杨浦区	这里是日志信息......
2023-11-10 16:02:48.483413	[INFO]	event.py	响应时间:195ms	广东省	深圳市	这里是日志信息......
2023-11-10 16:02:48.483413	[INFO]	goods_manager.py	响应时间:333ms	湖北省	武汉市	这里是日志信息......
2023-11-10 16:02:48.483413	[INFO]	base_network.py	响应时间:120ms	湖北省	武汉市	这里是日志信息......
2023-11-10 16:02:48.483413	[INFO]	event.py	响应时间:555ms	重庆市	九龙坡区	这里是日志信息......
2023-11-10 16:02:48.483413	[INFO]	orders_service.py	响应时间:500ms	上海市	静安区	这里是日志信息......
2023-11-10 16:02:48.483413	[INFO]	event.py	响应时间:785ms	湖南省	长沙市	这里是日志信息......
2023-11-10 16:02:48.483413	[INFO]	event.py	响应时间:344ms	浙江省	金华市	这里是日志信息......
2023-11-10 16:02:48.483413	[WARN]	event.py	响应时间:754ms	山东省	青岛市	这里是日志信息......
2023-11-10 16:02:48.484413	[INFO]	event.py	响应时间:41ms	上海市	浦东新区	这里是日志信息......
2023-11-10 16:02:48.484413	[INFO]	orders_service.py	响应时间:894ms	上海市	黄浦区	这里是日志信息......
2023-11-10 16:02:48.484413	[INFO]	barcode_service.py	响应时间:2856ms	天津市	武清区	这里是日志信息......
2023-11-10 16:02:48.484413	[INFO]	orders_service.py	响应时间:348ms	安徽省	合肥市	这里是日志信息......
2023-11-10 16:02:48.484413	[INFO]	event.py	响应时间:143ms	安徽省	芜湖市	这里是日志信息......
2023-11-10 16:02:48.484413	[INFO]	goods_manager.py	响应时间:10ms	北京市	朝阳区	这里是日志信息......
2023-11-10 16:02:48.484413	[INFO]	event.py	响应时间:464ms	湖北省	武汉市	这里是日志信息......
2023-11-10 16:02:48.484413	[INFO]	goods_manager.py	响应时间:750ms	重庆市	沙坪坝区	这里是日志信息......
2023-11-10 16:02:48.484413	[WARN]	base_network.py	响应时间:792ms	重庆市	九龙坡区	这里是日志信息......
2023-11-10 16:02:48.484413	[WARN]	orders_service.py	响应时间:443ms	天津市	河西区	这里是日志信息......
2023-11-10 16:02:48.484413	[WARN]	goods_manager.py	响应时间:825ms	湖南省	长沙市	这里是日志信息......
2023-11-10 16:02:48.484413	[INFO]	user_manager.py	响应时间:778ms	江苏省	张家港市	这里是日志信息......
2023-11-10 16:02:48.484413	[INFO]	event.py	响应时间:813ms	重庆市	万州区	这里是日志信息......
2023-11-10 16:02:48.484413	[INFO]	shop_manager.py	响应时间:808ms	上海市	浦东新区	这里是日志信息......
2023-11-10 16:02:48.484413	[INFO]	barcode_service.py	响应时间:248ms	湖南省	长沙市	这里是日志信息......
2023-11-10 16:02:48.484413	[INFO]	goods_manager.py	响应时间:657ms	山东省	济南市	这里是日志信息......
2023-11-10 16:02:48.484413	[ERROR]	event.py	响应时间:295ms	上海市	黄浦区	这里是日志信息......
2023-11-10 16:02:48.484413	[INFO]	goods_manager.py	响应时间:679ms	湖南省	长沙市	这里是日志信息......
2023-11-10 16:02:48.484413	[INFO]	event.py	响应时间:9878ms	山东省	济南市	这里是日志信息......
2023-11-10 16:02:48.484413	[INFO]	barcode_service.py	响应时间:218ms	山东省	济南市	这里是日志信息......
2023-11-10 16:02:48.484413	[INFO]	goods_manager.py	响应时间:495ms	广东省	广州市	这里是日志信息......
2023-11-10 16:02:48.484413	[INFO]	orders_service.py	响应时间:202ms	湖北省	武汉市	这里是日志信息......
2023-11-10 16:02:48.484413	[INFO]	goods_manager.py	响应时间:519ms	重庆市	南岸区	这里是日志信息......
2023-11-10 16:02:48.484413	[INFO]	user_manager.py	响应时间:853ms	广东省	广州市	这里是日志信息......
2023-11-10 16:02:48.484413	[INFO]	barcode_service.py	响应时间:71ms	北京市	昌平区	这里是日志信息......
2023-11-10 16:02:48.484413	[INFO]	user_manager.py	响应时间:865ms	上海市	黄浦区	这里是日志信息......
2023-11-10 16:02:48.484413	[INFO]	goods_manager.py	响应时间:821ms	天津市	河东区	这里是日志信息......
2023-11-10 16:02:48.484413	[INFO]	orders_service.py	响应时间:323ms	安徽省	芜湖市	这里是日志信息......
2023-11-10 16:02:48.484413	[INFO]	orders_service.py	响应时间:419ms	浙江省	杭州市	这里是日志信息......
2023-11-10 16:02:48.484413	[INFO]	event.py	响应时间:224ms	天津市	和平区	这里是日志信息......
2023-11-10 16:02:48.484413	[INFO]	base_network.py	响应时间:590ms	天津市	武清区	这里是日志信息......
2023-11-10 16:02:48.484413	[INFO]	event.py	响应时间:701ms	安徽省	合肥市	这里是日志信息......
2023-11-10 16:02:48.484413	[INFO]	event.py	响应时间:713ms	湖南省	株洲市	这里是日志信息......
2023-11-10 16:02:48.484413	[INFO]	base_network.py	响应时间:528ms	山东省	济南市	这里是日志信息......
2023-11-10 16:02:48.484413	[INFO]	goods_manager.py	响应时间:216ms	上海市	徐汇区	这里是日志信息......
2023-11-10 16:02:48.484413	[INFO]	orders_service.py	响应时间:399ms	重庆市	渝中区	这里是日志信息......
2023-11-10 16:02:48.484413	[INFO]	orders_service.py	响应时间:405ms	上海市	静安区	这里是日志信息......
2023-11-10 16:02:48.484413	[INFO]	base_network.py	响应时间:209ms	重庆市	万州区	这里是日志信息......
2023-11-10 16:02:48.484413	[INFO]	event.py	响应时间:905ms	安徽省	合肥市	这里是日志信息......
2023-11-10 16:02:48.484413	[INFO]	user_manager.py	响应时间:908ms	北京市	丰台区	这里是日志信息......
2023-11-10 16:02:48.484413	[INFO]	event.py	响应时间:850ms	广东省	珠海市	这里是日志信息......
2023-11-10 16:02:48.484413	[INFO]	goods_manager.py	响应时间:930ms	山东省	青岛市	这里是日志信息......
2023-11-10 16:02:48.484413	[WARN]	goods_manager.py	响应时间:721ms	江苏省	无锡市	这里是日志信息......
2023-11-10 16:02:48.484413	[WARN]	goods_manager.py	响应时间:545ms	山东省	济南市	这里是日志信息......
2023-11-10 16:02:48.484413	[WARN]	orders_service.py	响应时间:391ms	湖南省	益阳市	这里是日志信息......
2023-11-10 16:02:48.484413	[WARN]	orders_service.py	响应时间:922ms	湖北省	武汉市	这里是日志信息......
2023-11-10 16:02:48.484413	[INFO]	shop_manager.py	响应时间:12ms	天津市	武清区	这里是日志信息......
2023-11-10 16:02:48.484413	[INFO]	orders_service.py	响应时间:36ms	重庆市	九龙坡区	这里是日志信息......
2023-11-10 16:02:48.484413	[INFO]	event.py	响应时间:385ms	北京市	丰台区	这里是日志信息......
2023-11-10 16:02:48.484413	[INFO]	barcode_service.py	响应时间:735ms	湖南省	常德市	这里是日志信息......
2023-11-10 16:02:48.484413	[INFO]	goods_manager.py	响应时间:342ms	广东省	广州市	这里是日志信息......
2023-11-10 16:02:48.484413	[INFO]	goods_manager.py	响应时间:727ms	北京市	朝阳区	这里是日志信息......
2023-11-10 16:02:48.484413	[INFO]	barcode_service.py	响应时间:5ms	浙江省	杭州市	这里是日志信息......
2023-11-10 16:02:48.484413	[WARN]	base_network.py	响应时间:989ms	安徽省	铜陵市	这里是日志信息......
2023-11-10 16:02:48.484413	[INFO]	user_manager.py	响应时间:282ms	上海市	杨浦区	这里是日志信息......
2023-11-10 16:02:48.484413	[INFO]	shop_manager.py	响应时间:726ms	天津市	武清区	这里是日志信息......
2023-11-10 16:02:48.484413	[WARN]	orders_service.py	响应时间:445ms	北京市	朝阳区	这里是日志信息......
2023-11-10 16:02:48.484413	[INFO]	event.py	响应时间:919ms	安徽省	阜阳市	这里是日志信息......
2023-11-10 16:02:48.484413	[WARN]	orders_service.py	响应时间:871ms	天津市	和平区	这里是日志信息......
2023-11-10 16:02:48.484413	[INFO]	event.py	响应时间:89ms	湖北省	荆州市	这里是日志信息......
2023-11-10 16:02:48.484413	[INFO]	goods_manager.py	响应时间:291ms	湖北省	武汉市	这里是日志信息......
2023-11-10 16:02:48.484413	[ERROR]	goods_manager.py	响应时间:732ms	安徽省	阜阳市	这里是日志信息......
2023-11-10 16:02:48.484413	[INFO]	event.py	响应时间:347ms	重庆市	九龙坡区	这里是日志信息......
2023-11-10 16:02:48.484413	[WARN]	user_manager.py	响应时间:774ms	安徽省	阜阳市	这里是日志信息......
2023-11-10 16:02:48.484413	[INFO]	shop_manager.py	响应时间:394ms	安徽省	合肥市	这里是日志信息......
2023-11-10 16:02:48.484413	[INFO]	orders_service.py	响应时间:564ms	上海市	徐汇区	这里是日志信息......
2023-11-10 16:02:48.484413	[INFO]	barcode_service.py	响应时间:790ms	湖南省	长沙市	这里是日志信息......
2023-11-10 16:02:48.484413	[INFO]	barcode_service.py	响应时间:91ms	山东省	青岛市	这里是日志信息......
2023-11-10 16:02:48.484413	[INFO]	shop_manager.py	响应时间:282ms	上海市	静安区	这里是日志信息......
2023-11-10 16:02:48.484413	[INFO]	goods_manager.py	响应时间:568ms	天津市	武清区	这里是日志信息......
2023-11-10 16:02:48.484413	[INFO]	orders_service.py	响应时间:329ms	广东省	珠海市	这里是日志信息......
2023-11-10 16:02:48.484413	[INFO]	event.py	响应时间:639ms	湖南省	张家界市	这里是日志信息......
2023-11-10 16:02:48.484413	[WARN]	goods_manager.py	响应时间:197ms	天津市	河西区	这里是日志信息......
2023-11-10 16:02:48.484413	[WARN]	base_network.py	响应时间:240ms	广东省	珠海市	这里是日志信息......
2023-11-10 16:02:48.484413	[INFO]	goods_manager.py	响应时间:399ms	湖南省	张家界市	这里是日志信息......
2023-11-10 16:02:48.484413	[INFO]	event.py	响应时间:809ms	广东省	珠海市	这里是日志信息......
2023-11-10 16:02:48.484413	[INFO]	goods_manager.py	响应时间:957ms	山东省	青岛市	这里是日志信息......
2023-11-10 16:02:48.484413	[INFO]	goods_manager.py	响应时间:931ms	上海市	杨浦区	这里是日志信息......
2023-11-10 16:02:48.484413	[INFO]	barcode_service.py	响应时间:358ms	江苏省	常州市	这里是日志信息......
2023-11-10 16:02:48.484413	[INFO]	base_network.py	响应时间:949ms	山东省	济南市	这里是日志信息......
2023-11-10 16:02:48.484413	[INFO]	goods_manager.py	响应时间:740ms	湖南省	长沙市	这里是日志信息......
2023-11-10 16:02:48.484413	[INFO]	event.py	响应时间:137ms	山东省	济南市	这里是日志信息......
2023-11-10 16:02:48.484413	[INFO]	user_manager.py	响应时间:6ms	江苏省	张家港市	这里是日志信息......
2023-11-10 16:02:48.484413	[INFO]	orders_service.py	响应时间:758ms	山东省	济南市	这里是日志信息......
2023-11-10 16:02:48.485411	[INFO]	barcode_service.py	响应时间:873ms	天津市	和平区	这里是日志信息......
2023-11-10 16:02:48.485411	[INFO]	user_manager.py	响应时间:871ms	湖北省	十堰市	这里是日志信息......
2023-11-10 16:02:48.485411	[INFO]	barcode_service.py	响应时间:853ms	天津市	和平区	这里是日志信息......
2023-11-10 16:02:48.485411	[INFO]	event.py	响应时间:222ms	湖北省	荆州市	这里是日志信息......
2023-11-10 16:02:48.485411	[INFO]	goods_manager.py	响应时间:6659ms	湖北省	恩施土家族苗族自治州	这里是日志信息......
2023-11-10 16:02:48.485411	[INFO]	barcode_service.py	响应时间:1194ms	浙江省	绍兴市	这里是日志信息......
2023-11-10 16:02:48.485411	[INFO]	goods_manager.py	响应时间:4062ms	北京市	朝阳区	这里是日志信息......
2023-11-10 16:02:48.485411	[INFO]	event.py	响应时间:159ms	安徽省	铜陵市	这里是日志信息......
2023-11-10 16:02:48.485411	[INFO]	orders_service.py	响应时间:19ms	重庆市	万州区	这里是日志信息......
2023-11-10 16:02:48.485411	[INFO]	orders_service.py	响应时间:260ms	北京市	怀柔区	这里是日志信息......
2023-11-10 16:02:48.485411	[INFO]	event.py	响应时间:626ms	广东省	广州市	这里是日志信息......
2023-11-10 16:02:48.485411	[INFO]	goods_manager.py	响应时间:550ms	浙江省	金华市	这里是日志信息......
2023-11-10 16:02:48.485411	[WARN]	event.py	响应时间:553ms	浙江省	金华市	这里是日志信息......
2023-11-10 16:02:48.485411	[INFO]	event.py	响应时间:179ms	上海市	浦东新区	这里是日志信息......
2023-11-10 16:02:48.485411	[INFO]	orders_service.py	响应时间:32ms	重庆市	渝中区	这里是日志信息......
2023-11-10 16:02:48.485411	[WARN]	event.py	响应时间:5358ms	浙江省	金华市	这里是日志信息......
2023-11-10 16:02:48.485411	[INFO]	event.py	响应时间:371ms	湖北省	武汉市	这里是日志信息......
2023-11-10 16:02:48.485411	[INFO]	shop_manager.py	响应时间:3538ms	重庆市	涪陵区	这里是日志信息......
2023-11-10 16:02:48.485411	[INFO]	user_manager.py	响应时间:5056ms	上海市	黄浦区	这里是日志信息......
2023-11-10 16:02:48.485411	[INFO]	user_manager.py	响应时间:807ms	广东省	深圳市	这里是日志信息......
2023-11-10 16:02:48.485411	[WARN]	event.py	响应时间:466ms	上海市	浦东新区	这里是日志信息......
2023-11-10 16:02:48.485411	[ERROR]	goods_manager.py	响应时间:820ms	重庆市	万州区	这里是日志信息......
2023-11-10 16:02:48.485411	[INFO]	event.py	响应时间:704ms	天津市	河西区	这里是日志信息......
2023-11-10 16:02:48.485411	[INFO]	goods_manager.py	响应时间:524ms	安徽省	芜湖市	这里是日志信息......
2023-11-10 16:02:48.485411	[WARN]	goods_manager.py	响应时间:37ms	山东省	青岛市	这里是日志信息......
2023-11-10 16:02:48.485411	[INFO]	event.py	响应时间:309ms	湖南省	长沙市	这里是日志信息......
2023-11-10 16:02:48.485411	[INFO]	shop_manager.py	响应时间:965ms	北京市	朝阳区	这里是日志信息......
2023-11-10 16:02:48.485411	[INFO]	base_network.py	响应时间:519ms	山东省	青岛市	这里是日志信息......
2023-11-10 16:02:48.485411	[WARN]	goods_manager.py	响应时间:695ms	广东省	珠海市	这里是日志信息......
2023-11-10 16:02:48.485411	[INFO]	user_manager.py	响应时间:688ms	上海市	杨浦区	这里是日志信息......
2023-11-10 16:02:48.485411	[INFO]	orders_service.py	响应时间:399ms	湖北省	武汉市	这里是日志信息......
2023-11-10 16:02:48.485411	[INFO]	goods_manager.py	响应时间:44ms	浙江省	湖州市	这里是日志信息......
2023-11-10 16:02:48.485411	[INFO]	event.py	响应时间:490ms	山东省	济南市	这里是日志信息......
2023-11-10 16:02:48.485411	[INFO]	event.py	响应时间:244ms	湖南省	常德市	这里是日志信息......
2023-11-10 16:02:48.485411	[INFO]	barcode_service.py	响应时间:72ms	山东省	济南市	这里是日志信息......
2023-11-10 16:02:48.485411	[INFO]	base_network.py	响应时间:402ms	湖南省	长沙市	这里是日志信息......
2023-11-10 16:02:48.485411	[WARN]	user_manager.py	响应时间:693ms	广东省	深圳市	这里是日志信息......
2023-11-10 16:02:48.485411	[INFO]	user_manager.py	响应时间:704ms	天津市	宝坻区	这里是日志信息......
2023-11-10 16:02:48.485411	[INFO]	orders_service.py	响应时间:631ms	广东省	广州市	这里是日志信息......
2023-11-10 16:02:48.485411	[INFO]	event.py	响应时间:950ms	浙江省	绍兴市	这里是日志信息......
2023-11-10 16:02:48.485411	[WARN]	event.py	响应时间:53ms	上海市	黄浦区	这里是日志信息......
2023-11-10 16:02:48.485411	[INFO]	base_network.py	响应时间:150ms	上海市	宝山区	这里是日志信息......
2023-11-10 16:02:48.485411	[WARN]	goods_manager.py	响应时间:375ms	广东省	深圳市	这里是日志信息......
2023-11-10 16:02:48.485411	[INFO]	barcode_service.py	响应时间:199ms	重庆市	万州区	这里是日志信息......
2023-11-10 16:02:48.485411	[INFO]	orders_service.py	响应时间:719ms	湖北省	恩施土家族苗族自治州	这里是日志信息......
2023-11-10 16:02:48.485411	[INFO]	orders_service.py	响应时间:374ms	江苏省	南京市	这里是日志信息......
2023-11-10 16:02:48.485411	[INFO]	event.py	响应时间:365ms	山东省	青岛市	这里是日志信息......
2023-11-10 16:02:48.485411	[INFO]	goods_manager.py	响应时间:544ms	湖北省	荆州市	这里是日志信息......
2023-11-10 16:02:48.485411	[INFO]	event.py	响应时间:200ms	湖南省	张家界市	这里是日志信息......
2023-11-10 16:02:48.485411	[WARN]	event.py	响应时间:636ms	上海市	徐汇区	这里是日志信息......
2023-11-10 16:02:48.485411	[ERROR]	goods_manager.py	响应时间:477ms	北京市	怀柔区	这里是日志信息......
2023-11-10 16:02:48.485411	[INFO]	orders_service.py	响应时间:504ms	安徽省	芜湖市	这里是日志信息......
2023-11-10 16:02:48.485411	[WARN]	user_manager.py	响应时间:141ms	江苏省	南京市	这里是日志信息......
2023-11-10 16:02:48.485411	[INFO]	goods_manager.py	响应时间:76ms	山东省	青岛市	这里是日志信息......
2023-11-10 16:02:48.485411	[INFO]	orders_service.py	响应时间:609ms	安徽省	铜陵市	这里是日志信息......
2023-11-10 16:02:48.485411	[WARN]	user_manager.py	响应时间:532ms	重庆市	渝中区	这里是日志信息......
2023-11-10 16:02:48.485411	[INFO]	base_network.py	响应时间:369ms	山东省	青岛市	这里是日志信息......
2023-11-10 16:02:48.485411	[INFO]	event.py	响应时间:898ms	湖南省	长沙市	这里是日志信息......
2023-11-10 16:02:48.485411	[INFO]	event.py	响应时间:800ms	湖南省	长沙市	这里是日志信息......
2023-11-10 16:02:48.485411	[INFO]	orders_service.py	响应时间:297ms	山东省	青岛市	这里是日志信息......
2023-11-10 16:02:48.485411	[INFO]	goods_manager.py	响应时间:882ms	重庆市	渝中区	这里是日志信息......
2023-11-10 16:02:48.485411	[INFO]	barcode_service.py	响应时间:54ms	广东省	广州市	这里是日志信息......
2023-11-10 16:02:48.485411	[INFO]	barcode_service.py	响应时间:88ms	浙江省	舟山市	这里是日志信息......
2023-11-10 16:02:48.485411	[INFO]	orders_service.py	响应时间:839ms	北京市	大兴区	这里是日志信息......
2023-11-10 16:02:48.485411	[INFO]	event.py	响应时间:369ms	广东省	深圳市	这里是日志信息......
2023-11-10 16:02:48.485411	[INFO]	orders_service.py	响应时间:427ms	上海市	宝山区	这里是日志信息......
2023-11-10 16:02:48.485411	[INFO]	event.py	响应时间:756ms	浙江省	杭州市	这里是日志信息......
2023-11-10 16:02:48.485411	[INFO]	orders_service.py	响应时间:513ms	上海市	静安区	这里是日志信息......
2023-11-10 16:02:48.485411	[INFO]	orders_service.py	响应时间:552ms	浙江省	嘉兴市	这里是日志信息......
2023-11-10 16:02:48.485411	[INFO]	event.py	响应时间:97ms	浙江省	金华市	这里是日志信息......
2023-11-10 16:02:48.485411	[INFO]	barcode_service.py	响应时间:755ms	上海市	静安区	这里是日志信息......
2023-11-10 16:02:48.485411	[INFO]	orders_service.py	响应时间:571ms	上海市	宝山区	这里是日志信息......
2023-11-10 16:02:48.485411	[INFO]	shop_manager.py	响应时间:398ms	山东省	菏泽市	这里是日志信息......
2023-11-10 16:02:48.485411	[INFO]	orders_service.py	响应时间:118ms	湖北省	恩施土家族苗族自治州	这里是日志信息......
2023-11-10 16:02:48.485411	[INFO]	base_network.py	响应时间:832ms	广东省	广州市	这里是日志信息......
2023-11-10 16:02:48.485411	[INFO]	orders_service.py	响应时间:706ms	重庆市	渝中区	这里是日志信息......
2023-11-10 16:02:48.485411	[INFO]	event.py	响应时间:428ms	安徽省	池州市	这里是日志信息......
2023-11-10 16:02:48.485411	[INFO]	orders_service.py	响应时间:987ms	安徽省	合肥市	这里是日志信息......
2023-11-10 16:02:48.485411	[INFO]	user_manager.py	响应时间:843ms	广东省	广州市	这里是日志信息......
2023-11-10 16:02:48.485411	[INFO]	goods_manager.py	响应时间:448ms	江苏省	张家港市	这里是日志信息......
2023-11-10 16:02:48.485411	[INFO]	goods_manager.py	响应时间:547ms	北京市	大兴区	这里是日志信息......
2023-11-10 16:02:48.485411	[INFO]	shop_manager.py	响应时间:371ms	江苏省	无锡市	这里是日志信息......
2023-11-10 16:02:48.485411	[INFO]	user_manager.py	响应时间:452ms	浙江省	舟山市	这里是日志信息......
2023-11-10 16:02:48.485411	[INFO]	event.py	响应时间:931ms	上海市	浦东新区	这里是日志信息......
2023-11-10 16:02:48.485411	[WARN]	barcode_service.py	响应时间:516ms	北京市	丰台区	这里是日志信息......
2023-11-10 16:02:48.485411	[WARN]	event.py	响应时间:26ms	上海市	浦东新区	这里是日志信息......
2023-11-10 16:02:48.485411	[WARN]	event.py	响应时间:215ms	江苏省	常州市	这里是日志信息......
2023-11-10 16:02:48.485411	[INFO]	barcode_service.py	响应时间:271ms	广东省	广州市	这里是日志信息......
2023-11-10 16:02:48.485411	[INFO]	barcode_service.py	响应时间:751ms	湖北省	荆州市	这里是日志信息......
2023-11-10 16:02:48.485411	[INFO]	goods_manager.py	响应时间:118ms	天津市	宝坻区	这里是日志信息......
2023-11-10 16:02:48.485411	[INFO]	event.py	响应时间:589ms	重庆市	涪陵区	这里是日志信息......
2023-11-10 16:02:48.485411	[INFO]	event.py	响应时间:870ms	湖北省	武汉市	这里是日志信息......
2023-11-10 16:02:48.485411	[WARN]	base_network.py	响应时间:465ms	上海市	宝山区	这里是日志信息......
2023-11-10 16:02:48.485411	[INFO]	goods_manager.py	响应时间:610ms	天津市	和平区	这里是日志信息......
2023-11-10 16:02:48.485411	[WARN]	base_network.py	响应时间:468ms	天津市	河西区	这里是日志信息......
2023-11-10 16:02:48.485411	[WARN]	base_network.py	响应时间:714ms	上海市	徐汇区	这里是日志信息......
2023-11-10 16:02:48.485411	[WARN]	event.py	响应时间:875ms	天津市	宝坻区	这里是日志信息......
2023-11-10 16:02:48.485411	[INFO]	orders_service.py	响应时间:559ms	湖南省	长沙市	这里是日志信息......
2023-11-10 16:02:48.485411	[INFO]	event.py	响应时间:851ms	山东省	菏泽市	这里是日志信息......
2023-11-10 16:02:48.485411	[INFO]	user_manager.py	响应时间:121ms	浙江省	舟山市	这里是日志信息......
2023-11-10 16:02:48.485411	[WARN]	goods_manager.py	响应时间:5985ms	广东省	深圳市	这里是日志信息......
2023-11-10 16:02:48.485411	[WARN]	shop_manager.py	响应时间:664ms	安徽省	六安市	这里是日志信息......
2023-11-10 16:02:48.485411	[WARN]	barcode_service.py	响应时间:21ms	浙江省	金华市	这里是日志信息......
2023-11-10 16:02:48.485411	[INFO]	goods_manager.py	响应时间:274ms	广东省	广州市	这里是日志信息......
2023-11-10 16:02:48.485411	[INFO]	event.py	响应时间:399ms	湖北省	荆州市	这里是日志信息......
2023-11-10 16:02:48.485411	[WARN]	base_network.py	响应时间:144ms	山东省	青岛市	这里是日志信息......
2023-11-10 16:02:48.485411	[INFO]	event.py	响应时间:839ms	重庆市	九龙坡区	这里是日志信息......
2023-11-10 16:02:48.485411	[INFO]	goods_manager.py	响应时间:912ms	上海市	普陀区	这里是日志信息......
2023-11-10 16:02:48.485411	[INFO]	event.py	响应时间:4ms	北京市	海淀区	这里是日志信息......
2023-11-10 16:02:48.485411	[INFO]	user_manager.py	响应时间:30ms	湖北省	武汉市	这里是日志信息......
2023-11-10 16:02:48.485411	[INFO]	shop_manager.py	响应时间:903ms	浙江省	绍兴市	这里是日志信息......
2023-11-10 16:02:48.485411	[WARN]	goods_manager.py	响应时间:633ms	上海市	静安区	这里是日志信息......
2023-11-10 16:02:48.485411	[WARN]	barcode_service.py	响应时间:296ms	山东省	青岛市	这里是日志信息......
2023-11-10 16:02:48.485411	[INFO]	event.py	响应时间:244ms	重庆市	万州区	这里是日志信息......
2023-11-10 16:02:48.485411	[INFO]	goods_manager.py	响应时间:313ms	湖南省	长沙市	这里是日志信息......
2023-11-10 16:02:48.485411	[ERROR]	orders_service.py	响应时间:243ms	上海市	普陀区	这里是日志信息......
2023-11-10 16:02:48.485411	[INFO]	shop_manager.py	响应时间:310ms	湖北省	十堰市	这里是日志信息......
2023-11-10 16:02:48.485411	[INFO]	orders_service.py	响应时间:463ms	安徽省	阜阳市	这里是日志信息......
2023-11-10 16:02:48.485411	[INFO]	event.py	响应时间:114ms	天津市	河西区	这里是日志信息......
2023-11-10 16:02:48.485411	[INFO]	barcode_service.py	响应时间:194ms	山东省	济南市	这里是日志信息......
2023-11-10 16:02:48.485411	[INFO]	event.py	响应时间:78ms	重庆市	涪陵区	这里是日志信息......
2023-11-10 16:02:48.485411	[INFO]	user_manager.py	响应时间:439ms	江苏省	张家港市	这里是日志信息......
2023-11-10 16:02:48.485411	[INFO]	base_network.py	响应时间:809ms	安徽省	铜陵市	这里是日志信息......
2023-11-10 16:02:48.485411	[INFO]	barcode_service.py	响应时间:596ms	上海市	杨浦区	这里是日志信息......
2023-11-10 16:02:48.485411	[WARN]	event.py	响应时间:4194ms	天津市	河西区	这里是日志信息......
2023-11-10 16:02:48.485411	[WARN]	event.py	响应时间:921ms	天津市	和平区	这里是日志信息......
2023-11-10 16:02:48.485411	[INFO]	orders_service.py	响应时间:284ms	上海市	杨浦区	这里是日志信息......
2023-11-10 16:02:48.485411	[INFO]	user_manager.py	响应时间:156ms	山东省	青岛市	这里是日志信息......
2023-11-10 16:02:48.486421	[INFO]	orders_service.py	响应时间:666ms	北京市	海淀区	这里是日志信息......
2023-11-10 16:02:48.486421	[INFO]	user_manager.py	响应时间:442ms	安徽省	芜湖市	这里是日志信息......
2023-11-10 16:02:48.486421	[INFO]	event.py	响应时间:811ms	浙江省	杭州市	这里是日志信息......
2023-11-10 16:02:48.486421	[INFO]	event.py	响应时间:361ms	重庆市	万州区	这里是日志信息......
2023-11-10 16:02:48.486421	[INFO]	goods_manager.py	响应时间:846ms	安徽省	六安市	这里是日志信息......
2023-11-10 16:02:48.486421	[INFO]	goods_manager.py	响应时间:676ms	上海市	浦东新区	这里是日志信息......
2023-11-10 16:02:48.486421	[INFO]	user_manager.py	响应时间:347ms	安徽省	阜阳市	这里是日志信息......
2023-11-10 16:02:48.486421	[INFO]	event.py	响应时间:407ms	湖北省	武汉市	这里是日志信息......
2023-11-10 16:02:48.486421	[INFO]	event.py	响应时间:306ms	北京市	丰台区	这里是日志信息......
2023-11-10 16:02:48.486421	[INFO]	shop_manager.py	响应时间:470ms	安徽省	合肥市	这里是日志信息......
2023-11-10 16:02:48.486421	[INFO]	orders_service.py	响应时间:706ms	山东省	青岛市	这里是日志信息......
2023-11-10 16:02:48.486421	[INFO]	event.py	响应时间:147ms	湖北省	恩施土家族苗族自治州	这里是日志信息......
2023-11-10 16:02:48.486421	[INFO]	goods_manager.py	响应时间:336ms	北京市	朝阳区	这里是日志信息......
2023-11-10 16:02:48.486421	[INFO]	barcode_service.py	响应时间:389ms	湖南省	长沙市	这里是日志信息......
2023-11-10 16:02:48.486421	[INFO]	shop_manager.py	响应时间:203ms	安徽省	合肥市	这里是日志信息......
2023-11-10 16:02:48.486421	[WARN]	barcode_service.py	响应时间:656ms	湖北省	十堰市	这里是日志信息......
2023-11-10 16:02:48.486421	[INFO]	shop_manager.py	响应时间:756ms	湖北省	武汉市	这里是日志信息......
2023-11-10 16:02:48.486421	[INFO]	goods_manager.py	响应时间:185ms	天津市	武清区	这里是日志信息......
2023-11-10 16:02:48.486421	[INFO]	goods_manager.py	响应时间:437ms	湖北省	荆州市	这里是日志信息......
2023-11-10 16:02:48.486421	[INFO]	event.py	响应时间:785ms	北京市	大兴区	这里是日志信息......
2023-11-10 16:02:48.486421	[INFO]	goods_manager.py	响应时间:189ms	山东省	菏泽市	这里是日志信息......
2023-11-10 16:02:48.486421	[INFO]	barcode_service.py	响应时间:347ms	江苏省	苏州市	这里是日志信息......
2023-11-10 16:02:48.486421	[INFO]	orders_service.py	响应时间:484ms	广东省	珠海市	这里是日志信息......
2023-11-10 16:02:48.486421	[INFO]	orders_service.py	响应时间:243ms	上海市	黄浦区	这里是日志信息......
2023-11-10 16:02:48.486421	[INFO]	orders_service.py	响应时间:705ms	上海市	杨浦区	这里是日志信息......
2023-11-10 16:02:48.486421	[WARN]	orders_service.py	响应时间:581ms	重庆市	南岸区	这里是日志信息......
2023-11-10 16:02:48.486421	[INFO]	orders_service.py	响应时间:230ms	山东省	青岛市	这里是日志信息......
2023-11-10 16:02:48.486421	[INFO]	barcode_service.py	响应时间:333ms	广东省	深圳市	这里是日志信息......
2023-11-10 16:02:48.486421	[INFO]	shop_manager.py	响应时间:730ms	湖北省	恩施土家族苗族自治州	这里是日志信息......
2023-11-10 16:02:48.486421	[INFO]	goods_manager.py	响应时间:868ms	江苏省	宿迁市	这里是日志信息......
2023-11-10 16:02:48.486421	[WARN]	orders_service.py	响应时间:920ms	湖南省	长沙市	这里是日志信息......
2023-11-10 16:02:48.486421	[INFO]	barcode_service.py	响应时间:51ms	北京市	怀柔区	这里是日志信息......
2023-11-10 16:02:48.486421	[INFO]	event.py	响应时间:480ms	天津市	宝坻区	这里是日志信息......
2023-11-10 16:02:48.486421	[INFO]	shop_manager.py	响应时间:335ms	上海市	徐汇区	这里是日志信息......
2023-11-10 16:02:48.486421	[INFO]	base_network.py	响应时间:963ms	重庆市	九龙坡区	这里是日志信息......
2023-11-10 16:02:48.486421	[INFO]	orders_service.py	响应时间:317ms	湖北省	荆州市	这里是日志信息......
2023-11-10 16:02:48.486421	[INFO]	user_manager.py	响应时间:147ms	浙江省	舟山市	这里是日志信息......
2023-11-10 16:02:48.486421	[INFO]	goods_manager.py	响应时间:150ms	广东省	珠海市	这里是日志信息......
2023-11-10 16:02:48.486421	[INFO]	barcode_service.py	响应时间:858ms	天津市	河西区	这里是日志信息......
2023-11-10 16:02:48.486421	[INFO]	base_network.py	响应时间:28ms	湖南省	益阳市	这里是日志信息......
2023-11-10 16:02:48.486421	[WARN]	shop_manager.py	响应时间:455ms	上海市	徐汇区	这里是日志信息......
2023-11-10 16:02:48.486421	[WARN]	user_manager.py	响应时间:673ms	上海市	宝山区	这里是日志信息......
2023-11-10 16:02:48.486421	[INFO]	event.py	响应时间:251ms	浙江省	绍兴市	这里是日志信息......
2023-11-10 16:02:48.486421	[INFO]	orders_service.py	响应时间:860ms	广东省	深圳市	这里是日志信息......
2023-11-10 16:02:48.486421	[INFO]	shop_manager.py	响应时间:368ms	重庆市	沙坪坝区	这里是日志信息......
2023-11-10 16:02:48.486421	[INFO]	orders_service.py	响应时间:190ms	北京市	大兴区	这里是日志信息......
2023-11-10 16:02:48.486421	[INFO]	shop_manager.py	响应时间:61ms	江苏省	宿迁市	这里是日志信息......
2023-11-10 16:02:48.486421	[INFO]	goods_manager.py	响应时间:157ms	湖北省	武汉市	这里是日志信息......
2023-11-10 16:02:48.486421	[INFO]	goods_manager.py	响应时间:569ms	广东省	深圳市	这里是日志信息......
2023-11-10 16:02:48.486421	[INFO]	goods_manager.py	响应时间:610ms	上海市	徐汇区	这里是日志信息......
2023-11-10 16:02:48.486421	[INFO]	event.py	响应时间:51ms	湖北省	十堰市	这里是日志信息......
2023-11-10 16:02:48.486421	[INFO]	user_manager.py	响应时间:473ms	广东省	广州市	这里是日志信息......
2023-11-10 16:02:48.486421	[INFO]	event.py	响应时间:114ms	山东省	青岛市	这里是日志信息......
2023-11-10 16:02:48.486421	[WARN]	event.py	响应时间:756ms	上海市	杨浦区	这里是日志信息......
2023-11-10 16:02:48.486421	[INFO]	orders_service.py	响应时间:962ms	浙江省	金华市	这里是日志信息......
2023-11-10 16:02:48.486421	[INFO]	event.py	响应时间:408ms	天津市	河西区	这里是日志信息......
2023-11-10 16:02:48.486421	[WARN]	orders_service.py	响应时间:584ms	湖北省	武汉市	这里是日志信息......
2023-11-10 16:02:48.486421	[INFO]	base_network.py	响应时间:262ms	广东省	深圳市	这里是日志信息......
2023-11-10 16:02:48.486421	[INFO]	user_manager.py	响应时间:212ms	天津市	和平区	这里是日志信息......
2023-11-10 16:02:48.486421	[ERROR]	goods_manager.py	响应时间:3160ms	湖北省	武汉市	这里是日志信息......
2023-11-10 16:02:48.486421	[INFO]	base_network.py	响应时间:534ms	安徽省	池州市	这里是日志信息......
2023-11-10 16:02:48.486421	[INFO]	event.py	响应时间:542ms	浙江省	杭州市	这里是日志信息......
2023-11-10 16:02:48.486421	[INFO]	orders_service.py	响应时间:561ms	湖南省	长沙市	这里是日志信息......
2023-11-10 16:02:48.486421	[INFO]	event.py	响应时间:926ms	上海市	静安区	这里是日志信息......
2023-11-10 16:02:48.486421	[INFO]	shop_manager.py	响应时间:956ms	江苏省	宿迁市	这里是日志信息......
2023-11-10 16:02:48.486421	[INFO]	base_network.py	响应时间:203ms	湖南省	长沙市	这里是日志信息......
2023-11-10 16:02:48.486421	[INFO]	shop_manager.py	响应时间:408ms	江苏省	常州市	这里是日志信息......
2023-11-10 16:02:48.486421	[INFO]	base_network.py	响应时间:287ms	安徽省	铜陵市	这里是日志信息......
2023-11-10 16:02:48.486421	[INFO]	orders_service.py	响应时间:702ms	重庆市	涪陵区	这里是日志信息......
2023-11-10 16:02:48.486421	[INFO]	event.py	响应时间:171ms	湖北省	武汉市	这里是日志信息......
2023-11-10 16:02:48.486421	[INFO]	barcode_service.py	响应时间:243ms	浙江省	杭州市	这里是日志信息......
2023-11-10 16:02:48.486421	[INFO]	shop_manager.py	响应时间:449ms	湖南省	张家界市	这里是日志信息......
2023-11-10 16:02:48.486421	[INFO]	shop_manager.py	响应时间:509ms	重庆市	渝中区	这里是日志信息......
2023-11-10 16:02:48.486421	[INFO]	orders_service.py	响应时间:516ms	上海市	杨浦区	这里是日志信息......
2023-11-10 16:02:48.486421	[WARN]	user_manager.py	响应时间:184ms	湖北省	武汉市	这里是日志信息......
2023-11-10 16:02:48.486421	[INFO]	orders_service.py	响应时间:996ms	上海市	浦东新区	这里是日志信息......
2023-11-10 16:02:48.486421	[ERROR]	event.py	响应时间:616ms	广东省	深圳市	这里是日志信息......
2023-11-10 16:02:48.486421	[INFO]	base_network.py	响应时间:608ms	山东省	青岛市	这里是日志信息......
2023-11-10 16:02:48.486421	[INFO]	orders_service.py	响应时间:31ms	广东省	深圳市	这里是日志信息......
2023-11-10 16:02:48.486421	[INFO]	event.py	响应时间:432ms	安徽省	合肥市	这里是日志信息......
2023-11-10 16:02:48.486421	[INFO]	event.py	响应时间:93ms	北京市	海淀区	这里是日志信息......
2023-11-10 16:02:48.486421	[WARN]	orders_service.py	响应时间:204ms	天津市	河东区	这里是日志信息......
2023-11-10 16:02:48.486421	[INFO]	goods_manager.py	响应时间:188ms	浙江省	湖州市	这里是日志信息......
2023-11-10 16:02:48.486421	[INFO]	goods_manager.py	响应时间:543ms	北京市	怀柔区	这里是日志信息......
2023-11-10 16:02:48.486421	[INFO]	base_network.py	响应时间:587ms	安徽省	合肥市	这里是日志信息......
2023-11-10 16:02:48.486421	[INFO]	event.py	响应时间:828ms	湖北省	武汉市	这里是日志信息......
2023-11-10 16:02:48.486421	[INFO]	user_manager.py	响应时间:309ms	浙江省	丽水市	这里是日志信息......
2023-11-10 16:02:48.486421	[INFO]	shop_manager.py	响应时间:54ms	湖南省	长沙市	这里是日志信息......
2023-11-10 16:02:48.486421	[INFO]	orders_service.py	响应时间:949ms	重庆市	沙坪坝区	这里是日志信息......
2023-11-10 16:02:48.486421	[INFO]	orders_service.py	响应时间:111ms	安徽省	合肥市	这里是日志信息......
2023-11-10 16:02:48.486421	[INFO]	orders_service.py	响应时间:657ms	重庆市	万州区	这里是日志信息......
2023-11-10 16:02:48.486421	[INFO]	event.py	响应时间:41ms	北京市	海淀区	这里是日志信息......
2023-11-10 16:02:48.486421	[INFO]	barcode_service.py	响应时间:954ms	湖南省	长沙市	这里是日志信息......
2023-11-10 16:02:48.486421	[INFO]	event.py	响应时间:654ms	江苏省	南京市	这里是日志信息......
2023-11-10 16:02:48.486421	[INFO]	orders_service.py	响应时间:643ms	湖北省	恩施土家族苗族自治州	这里是日志信息......
2023-11-10 16:02:48.486421	[INFO]	barcode_service.py	响应时间:298ms	广东省	深圳市	这里是日志信息......
2023-11-10 16:02:48.486421	[ERROR]	goods_manager.py	响应时间:654ms	广东省	珠海市	这里是日志信息......
2023-11-10 16:02:48.486421	[INFO]	orders_service.py	响应时间:81ms	湖北省	武汉市	这里是日志信息......
2023-11-10 16:02:48.486421	[INFO]	base_network.py	响应时间:594ms	湖南省	长沙市	这里是日志信息......
2023-11-10 16:02:48.486421	[INFO]	user_manager.py	响应时间:501ms	山东省	青岛市	这里是日志信息......
2023-11-10 16:02:48.486421	[INFO]	user_manager.py	响应时间:553ms	广东省	深圳市	这里是日志信息......
2023-11-10 16:02:48.486421	[INFO]	shop_manager.py	响应时间:64ms	天津市	宝坻区	这里是日志信息......
2023-11-10 16:02:48.486421	[WARN]	orders_service.py	响应时间:192ms	山东省	青岛市	这里是日志信息......
2023-11-10 16:02:48.486421	[INFO]	goods_manager.py	响应时间:988ms	湖南省	长沙市	这里是日志信息......
2023-11-10 16:02:48.486421	[INFO]	orders_service.py	响应时间:784ms	上海市	黄浦区	这里是日志信息......
2023-11-10 16:02:48.486421	[INFO]	user_manager.py	响应时间:547ms	天津市	河东区	这里是日志信息......
2023-11-10 16:02:48.486421	[INFO]	event.py	响应时间:651ms	安徽省	合肥市	这里是日志信息......
2023-11-10 16:02:48.486421	[INFO]	orders_service.py	响应时间:711ms	天津市	宝坻区	这里是日志信息......
2023-11-10 16:02:48.486421	[INFO]	orders_service.py	响应时间:769ms	山东省	济南市	这里是日志信息......
2023-11-10 16:02:48.486421	[INFO]	orders_service.py	响应时间:788ms	北京市	大兴区	这里是日志信息......
2023-11-10 16:02:48.486421	[INFO]	orders_service.py	响应时间:463ms	浙江省	嘉兴市	这里是日志信息......
2023-11-10 16:02:48.486421	[INFO]	event.py	响应时间:569ms	湖南省	株洲市	这里是日志信息......
2023-11-10 16:02:48.486421	[WARN]	event.py	响应时间:243ms	北京市	昌平区	这里是日志信息......
2023-11-10 16:02:48.486421	[INFO]	orders_service.py	响应时间:980ms	北京市	朝阳区	这里是日志信息......
2023-11-10 16:02:48.486421	[INFO]	event.py	响应时间:565ms	江苏省	无锡市	这里是日志信息......
2023-11-10 16:02:48.486421	[INFO]	user_manager.py	响应时间:733ms	湖南省	益阳市	这里是日志信息......
2023-11-10 16:02:48.486421	[ERROR]	event.py	响应时间:399ms	江苏省	无锡市	这里是日志信息......
2023-11-10 16:02:48.486421	[ERROR]	event.py	响应时间:316ms	重庆市	涪陵区	这里是日志信息......
2023-11-10 16:02:48.486421	[WARN]	goods_manager.py	响应时间:409ms	江苏省	苏州市	这里是日志信息......
2023-11-10 16:02:48.486421	[INFO]	event.py	响应时间:709ms	江苏省	宿迁市	这里是日志信息......
2023-11-10 16:02:48.486421	[WARN]	goods_manager.py	响应时间:247ms	重庆市	万州区	这里是日志信息......
2023-11-10 16:02:48.486421	[INFO]	event.py	响应时间:335ms	安徽省	合肥市	这里是日志信息......
2023-11-10 16:02:48.486421	[INFO]	barcode_service.py	响应时间:7ms	江苏省	苏州市	这里是日志信息......
2023-11-10 16:02:48.486421	[ERROR]	shop_manager.py	响应时间:373ms	天津市	河西区	这里是日志信息......
2023-11-10 16:02:48.486421	[INFO]	orders_service.py	响应时间:739ms	北京市	朝阳区	这里是日志信息......
2023-11-10 16:02:48.486421	[INFO]	event.py	响应时间:202ms	湖南省	益阳市	这里是日志信息......
2023-11-10 16:02:48.486421	[INFO]	barcode_service.py	响应时间:863ms	湖北省	武汉市	这里是日志信息......
2023-11-10 16:02:48.486421	[INFO]	goods_manager.py	响应时间:64ms	湖南省	长沙市	这里是日志信息......
2023-11-10 16:02:48.486421	[INFO]	goods_manager.py	响应时间:780ms	江苏省	苏州市	这里是日志信息......
2023-11-10 16:02:48.486421	[INFO]	orders_service.py	响应时间:780ms	天津市	和平区	这里是日志信息......
2023-11-10 16:02:48.486421	[INFO]	goods_manager.py	响应时间:3071ms	北京市	朝阳区	这里是日志信息......
2023-11-10 16:02:48.486421	[INFO]	goods_manager.py	响应时间:646ms	湖北省	荆州市	这里是日志信息......
2023-11-10 16:02:48.486421	[INFO]	user_manager.py	响应时间:296ms	广东省	深圳市	这里是日志信息......
2023-11-10 16:02:48.487421	[INFO]	barcode_service.py	响应时间:742ms	天津市	武清区	这里是日志信息......
2023-11-10 16:02:48.487421	[INFO]	shop_manager.py	响应时间:549ms	上海市	徐汇区	这里是日志信息......
2023-11-10 16:02:48.487421	[INFO]	barcode_service.py	响应时间:432ms	山东省	济南市	这里是日志信息......
2023-11-10 16:02:48.487421	[INFO]	goods_manager.py	响应时间:435ms	安徽省	阜阳市	这里是日志信息......
2023-11-10 16:02:48.487421	[INFO]	orders_service.py	响应时间:598ms	重庆市	万州区	这里是日志信息......
2023-11-10 16:02:48.487421	[INFO]	orders_service.py	响应时间:142ms	上海市	杨浦区	这里是日志信息......
2023-11-10 16:02:48.487421	[INFO]	event.py	响应时间:981ms	重庆市	沙坪坝区	这里是日志信息......
2023-11-10 16:02:48.487421	[INFO]	event.py	响应时间:58ms	广东省	深圳市	这里是日志信息......
2023-11-10 16:02:48.487421	[INFO]	base_network.py	响应时间:295ms	湖南省	常德市	这里是日志信息......
2023-11-10 16:02:48.487421	[INFO]	user_manager.py	响应时间:64ms	湖南省	常德市	这里是日志信息......
2023-11-10 16:02:48.487421	[INFO]	event.py	响应时间:887ms	天津市	河西区	这里是日志信息......
2023-11-10 16:02:48.487421	[INFO]	event.py	响应时间:620ms	江苏省	苏州市	这里是日志信息......
2023-11-10 16:02:48.487421	[INFO]	orders_service.py	响应时间:90ms	广东省	珠海市	这里是日志信息......
2023-11-10 16:02:48.487421	[INFO]	shop_manager.py	响应时间:469ms	山东省	济南市	这里是日志信息......
2023-11-10 16:02:48.487421	[ERROR]	orders_service.py	响应时间:617ms	江苏省	南京市	这里是日志信息......
2023-11-10 16:02:48.487421	[INFO]	goods_manager.py	响应时间:585ms	重庆市	万州区	这里是日志信息......
2023-11-10 16:02:48.487421	[WARN]	event.py	响应时间:5922ms	天津市	宝坻区	这里是日志信息......
2023-11-10 16:02:48.487421	[INFO]	shop_manager.py	响应时间:775ms	湖南省	长沙市	这里是日志信息......
2023-11-10 16:02:48.487421	[INFO]	barcode_service.py	响应时间:610ms	江苏省	苏州市	这里是日志信息......
2023-11-10 16:02:48.487421	[INFO]	goods_manager.py	响应时间:206ms	天津市	河东区	这里是日志信息......
2023-11-10 16:02:48.487421	[WARN]	orders_service.py	响应时间:652ms	安徽省	合肥市	这里是日志信息......
2023-11-10 16:02:48.487421	[WARN]	orders_service.py	响应时间:542ms	湖北省	武汉市	这里是日志信息......
2023-11-10 16:02:48.487421	[INFO]	goods_manager.py	响应时间:571ms	北京市	海淀区	这里是日志信息......
2023-11-10 16:02:48.487421	[INFO]	orders_service.py	响应时间:419ms	湖北省	武汉市	这里是日志信息......
2023-11-10 16:02:48.487421	[INFO]	goods_manager.py	响应时间:843ms	浙江省	杭州市	这里是日志信息......
2023-11-10 16:02:48.487421	[INFO]	user_manager.py	响应时间:862ms	山东省	青岛市	这里是日志信息......
2023-11-10 16:02:48.487421	[INFO]	event.py	响应时间:18ms	湖北省	十堰市	这里是日志信息......
2023-11-10 16:02:48.487421	[INFO]	orders_service.py	响应时间:779ms	重庆市	万州区	这里是日志信息......
2023-11-10 16:02:48.487421	[INFO]	orders_service.py	响应时间:414ms	山东省	济南市	这里是日志信息......
2023-11-10 16:02:48.487421	[INFO]	goods_manager.py	响应时间:13ms	浙江省	金华市	这里是日志信息......
2023-11-10 16:02:48.487421	[INFO]	event.py	响应时间:684ms	浙江省	丽水市	这里是日志信息......
2023-11-10 16:02:48.487421	[INFO]	user_manager.py	响应时间:264ms	广东省	深圳市	这里是日志信息......
2023-11-10 16:02:48.487421	[INFO]	orders_service.py	响应时间:668ms	山东省	青岛市	这里是日志信息......
2023-11-10 16:02:48.487421	[INFO]	event.py	响应时间:673ms	广东省	广州市	这里是日志信息......
2023-11-10 16:02:48.487421	[INFO]	goods_manager.py	响应时间:1ms	湖南省	长沙市	这里是日志信息......
2023-11-10 16:02:48.487421	[INFO]	barcode_service.py	响应时间:536ms	天津市	河西区	这里是日志信息......
2023-11-10 16:02:48.487421	[INFO]	goods_manager.py	响应时间:318ms	重庆市	渝中区	这里是日志信息......
2023-11-10 16:02:48.487421	[INFO]	goods_manager.py	响应时间:684ms	广东省	深圳市	这里是日志信息......
2023-11-10 16:02:48.487421	[WARN]	goods_manager.py	响应时间:47ms	安徽省	铜陵市	这里是日志信息......
2023-11-10 16:02:48.487421	[INFO]	goods_manager.py	响应时间:685ms	安徽省	阜阳市	这里是日志信息......
2023-11-10 16:02:48.487421	[INFO]	user_manager.py	响应时间:587ms	江苏省	无锡市	这里是日志信息......
2023-11-10 16:02:48.487421	[INFO]	base_network.py	响应时间:660ms	浙江省	金华市	这里是日志信息......
2023-11-10 16:02:48.487421	[INFO]	orders_service.py	响应时间:503ms	天津市	河东区	这里是日志信息......
2023-11-10 16:02:48.487421	[INFO]	orders_service.py	响应时间:73ms	浙江省	嘉兴市	这里是日志信息......
2023-11-10 16:02:48.487421	[INFO]	goods_manager.py	响应时间:608ms	山东省	青岛市	这里是日志信息......
2023-11-10 16:02:48.487421	[INFO]	event.py	响应时间:673ms	江苏省	无锡市	这里是日志信息......
2023-11-10 16:02:48.487421	[INFO]	orders_service.py	响应时间:524ms	重庆市	万州区	这里是日志信息......
2023-11-10 16:02:48.487421	[INFO]	event.py	响应时间:147ms	山东省	青岛市	这里是日志信息......
2023-11-10 16:02:48.487421	[INFO]	orders_service.py	响应时间:270ms	山东省	青岛市	这里是日志信息......
2023-11-10 16:02:48.487421	[INFO]	goods_manager.py	响应时间:781ms	安徽省	六安市	这里是日志信息......
2023-11-10 16:02:48.487421	[INFO]	user_manager.py	响应时间:622ms	安徽省	阜阳市	这里是日志信息......
2023-11-10 16:02:48.487421	[INFO]	orders_service.py	响应时间:853ms	浙江省	杭州市	这里是日志信息......
2023-11-10 16:02:48.487421	[INFO]	goods_manager.py	响应时间:690ms	山东省	青岛市	这里是日志信息......
2023-11-10 16:02:48.487421	[INFO]	orders_service.py	响应时间:155ms	江苏省	常州市	这里是日志信息......
2023-11-10 16:02:48.487421	[INFO]	barcode_service.py	响应时间:341ms	湖北省	武汉市	这里是日志信息......
2023-11-10 16:02:48.487421	[INFO]	event.py	响应时间:925ms	安徽省	阜阳市	这里是日志信息......
2023-11-10 16:02:48.487421	[INFO]	shop_manager.py	响应时间:930ms	上海市	徐汇区	这里是日志信息......
2023-11-10 16:02:48.487421	[INFO]	event.py	响应时间:304ms	重庆市	万州区	这里是日志信息......
2023-11-10 16:02:48.487421	[INFO]	orders_service.py	响应时间:2610ms	湖南省	张家界市	这里是日志信息......
2023-11-10 16:02:48.487421	[INFO]	event.py	响应时间:117ms	重庆市	渝中区	这里是日志信息......
2023-11-10 16:02:48.487421	[INFO]	event.py	响应时间:597ms	湖南省	株洲市	这里是日志信息......
2023-11-10 16:02:48.487421	[INFO]	base_network.py	响应时间:251ms	重庆市	渝中区	这里是日志信息......
2023-11-10 16:02:48.487421	[INFO]	barcode_service.py	响应时间:172ms	湖南省	常德市	这里是日志信息......
2023-11-10 16:02:48.487421	[INFO]	event.py	响应时间:947ms	江苏省	苏州市	这里是日志信息......
2023-11-10 16:02:48.487421	[WARN]	goods_manager.py	响应时间:66ms	安徽省	合肥市	这里是日志信息......
2023-11-10 16:02:48.487421	[INFO]	user_manager.py	响应时间:4055ms	湖北省	武汉市	这里是日志信息......
2023-11-10 16:02:48.487421	[INFO]	barcode_service.py	响应时间:693ms	上海市	黄浦区	这里是日志信息......
2023-11-10 16:02:48.487421	[INFO]	event.py	响应时间:671ms	江苏省	南京市	这里是日志信息......
2023-11-10 16:02:48.487421	[INFO]	event.py	响应时间:83ms	浙江省	杭州市	这里是日志信息......
2023-11-10 16:02:48.487421	[INFO]	event.py	响应时间:877ms	山东省	青岛市	这里是日志信息......
2023-11-10 16:02:48.487421	[INFO]	orders_service.py	响应时间:411ms	江苏省	常州市	这里是日志信息......
2023-11-10 16:02:48.487421	[INFO]	orders_service.py	响应时间:120ms	江苏省	常州市	这里是日志信息......
2023-11-10 16:02:48.487421	[INFO]	orders_service.py	响应时间:959ms	浙江省	金华市	这里是日志信息......
2023-11-10 16:02:48.487421	[INFO]	orders_service.py	响应时间:134ms	浙江省	丽水市	这里是日志信息......
2023-11-10 16:02:48.487421	[INFO]	event.py	响应时间:457ms	浙江省	湖州市	这里是日志信息......
2023-11-10 16:02:48.487421	[ERROR]	goods_manager.py	响应时间:970ms	浙江省	湖州市	这里是日志信息......
2023-11-10 16:02:48.487421	[WARN]	orders_service.py	响应时间:1939ms	湖南省	长沙市	这里是日志信息......
2023-11-10 16:02:48.487421	[INFO]	orders_service.py	响应时间:192ms	江苏省	常州市	这里是日志信息......
2023-11-10 16:02:48.487421	[WARN]	event.py	响应时间:12ms	湖北省	武汉市	这里是日志信息......
2023-11-10 16:02:48.487421	[INFO]	orders_service.py	响应时间:876ms	北京市	海淀区	这里是日志信息......
2023-11-10 16:02:48.487421	[INFO]	orders_service.py	响应时间:632ms	上海市	静安区	这里是日志信息......
2023-11-10 16:02:48.487421	[ERROR]	event.py	响应时间:777ms	广东省	广州市	这里是日志信息......
2023-11-10 16:02:48.487421	[INFO]	barcode_service.py	响应时间:769ms	浙江省	丽水市	这里是日志信息......
2023-11-10 16:02:48.487421	[INFO]	base_network.py	响应时间:450ms	上海市	宝山区	这里是日志信息......
2023-11-10 16:02:48.487421	[INFO]	goods_manager.py	响应时间:8015ms	天津市	武清区	这里是日志信息......
2023-11-10 16:02:48.487421	[INFO]	barcode_service.py	响应时间:161ms	北京市	朝阳区	这里是日志信息......
2023-11-10 16:02:48.487421	[INFO]	goods_manager.py	响应时间:726ms	湖南省	长沙市	这里是日志信息......
2023-11-10 16:02:48.487421	[WARN]	event.py	响应时间:668ms	山东省	济南市	这里是日志信息......
2023-11-10 16:02:48.487421	[INFO]	orders_service.py	响应时间:381ms	湖北省	荆州市	这里是日志信息......
2023-11-10 16:02:48.487421	[INFO]	event.py	响应时间:88ms	广东省	深圳市	这里是日志信息......
2023-11-10 16:02:48.487421	[INFO]	orders_service.py	响应时间:995ms	安徽省	池州市	这里是日志信息......
2023-11-10 16:02:48.487421	[INFO]	shop_manager.py	响应时间:233ms	广东省	广州市	这里是日志信息......
2023-11-10 16:02:48.487421	[INFO]	base_network.py	响应时间:848ms	湖北省	荆州市	这里是日志信息......
2023-11-10 16:02:48.487421	[INFO]	base_network.py	响应时间:901ms	安徽省	阜阳市	这里是日志信息......
2023-11-10 16:02:48.487421	[INFO]	orders_service.py	响应时间:345ms	湖南省	长沙市	这里是日志信息......
2023-11-10 16:02:48.487421	[INFO]	user_manager.py	响应时间:578ms	湖北省	恩施土家族苗族自治州	这里是日志信息......
2023-11-10 16:02:48.487421	[INFO]	shop_manager.py	响应时间:295ms	浙江省	杭州市	这里是日志信息......
2023-11-10 16:02:48.487421	[INFO]	event.py	响应时间:788ms	北京市	怀柔区	这里是日志信息......
2023-11-10 16:02:48.487421	[INFO]	barcode_service.py	响应时间:561ms	上海市	浦东新区	这里是日志信息......
2023-11-10 16:02:48.487421	[WARN]	orders_service.py	响应时间:227ms	重庆市	沙坪坝区	这里是日志信息......
2023-11-10 16:02:48.487421	[INFO]	goods_manager.py	响应时间:155ms	湖北省	武汉市	这里是日志信息......
2023-11-10 16:02:48.487421	[INFO]	orders_service.py	响应时间:945ms	北京市	朝阳区	这里是日志信息......
2023-11-10 16:02:48.487421	[INFO]	shop_manager.py	响应时间:803ms	湖南省	益阳市	这里是日志信息......
2023-11-10 16:02:48.487421	[INFO]	goods_manager.py	响应时间:827ms	广东省	深圳市	这里是日志信息......
2023-11-10 16:02:48.487421	[INFO]	event.py	响应时间:420ms	安徽省	合肥市	这里是日志信息......
2023-11-10 16:02:48.487421	[INFO]	user_manager.py	响应时间:302ms	天津市	武清区	这里是日志信息......
2023-11-10 16:02:48.487421	[INFO]	user_manager.py	响应时间:129ms	湖北省	十堰市	这里是日志信息......
2023-11-10 16:02:48.487421	[INFO]	orders_service.py	响应时间:845ms	江苏省	南京市	这里是日志信息......
2023-11-10 16:02:48.487421	[INFO]	user_manager.py	响应时间:316ms	重庆市	九龙坡区	这里是日志信息......
2023-11-10 16:02:48.487421	[WARN]	base_network.py	响应时间:842ms	山东省	济南市	这里是日志信息......
2023-11-10 16:02:48.487421	[WARN]	goods_manager.py	响应时间:643ms	天津市	河东区	这里是日志信息......
2023-11-10 16:02:48.487421	[INFO]	goods_manager.py	响应时间:967ms	重庆市	南岸区	这里是日志信息......
2023-11-10 16:02:48.487421	[WARN]	event.py	响应时间:237ms	江苏省	南京市	这里是日志信息......
2023-11-10 16:02:48.487421	[INFO]	orders_service.py	响应时间:387ms	重庆市	沙坪坝区	这里是日志信息......
2023-11-10 16:02:48.487421	[INFO]	goods_manager.py	响应时间:210ms	广东省	广州市	这里是日志信息......
2023-11-10 16:02:48.488411	[INFO]	orders_service.py	响应时间:334ms	浙江省	杭州市	这里是日志信息......
2023-11-10 16:02:48.488411	[INFO]	goods_manager.py	响应时间:400ms	湖北省	武汉市	这里是日志信息......
2023-11-10 16:02:48.488411	[INFO]	orders_service.py	响应时间:799ms	上海市	普陀区	这里是日志信息......
2023-11-10 16:02:48.488411	[INFO]	event.py	响应时间:710ms	上海市	徐汇区	这里是日志信息......
2023-11-10 16:02:48.488411	[INFO]	barcode_service.py	响应时间:426ms	天津市	武清区	这里是日志信息......
2023-11-10 16:02:48.488411	[INFO]	goods_manager.py	响应时间:737ms	北京市	大兴区	这里是日志信息......
2023-11-10 16:02:48.488411	[WARN]	base_network.py	响应时间:313ms	浙江省	杭州市	这里是日志信息......
2023-11-10 16:02:48.488411	[ERROR]	user_manager.py	响应时间:767ms	北京市	海淀区	这里是日志信息......
2023-11-10 16:02:48.488411	[INFO]	event.py	响应时间:122ms	重庆市	渝中区	这里是日志信息......
2023-11-10 16:02:48.488411	[INFO]	barcode_service.py	响应时间:583ms	湖北省	武汉市	这里是日志信息......
2023-11-10 16:02:48.488411	[INFO]	barcode_service.py	响应时间:492ms	浙江省	金华市	这里是日志信息......
2023-11-10 16:02:48.488411	[INFO]	shop_manager.py	响应时间:833ms	重庆市	渝中区	这里是日志信息......
2023-11-10 16:02:48.488411	[INFO]	shop_manager.py	响应时间:878ms	浙江省	湖州市	这里是日志信息......
2023-11-10 16:02:48.488411	[INFO]	event.py	响应时间:382ms	浙江省	湖州市	这里是日志信息......
2023-11-10 16:02:48.488411	[INFO]	base_network.py	响应时间:600ms	广东省	深圳市	这里是日志信息......
2023-11-10 16:02:48.488411	[INFO]	base_network.py	响应时间:660ms	上海市	黄浦区	这里是日志信息......
2023-11-10 16:02:48.488411	[INFO]	barcode_service.py	响应时间:491ms	湖北省	武汉市	这里是日志信息......
2023-11-10 16:02:48.488411	[INFO]	goods_manager.py	响应时间:462ms	上海市	宝山区	这里是日志信息......
2023-11-10 16:02:48.488411	[WARN]	event.py	响应时间:721ms	江苏省	苏州市	这里是日志信息......
2023-11-10 16:02:48.488411	[WARN]	goods_manager.py	响应时间:215ms	天津市	河东区	这里是日志信息......
2023-11-10 16:02:48.488411	[INFO]	orders_service.py	响应时间:425ms	北京市	海淀区	这里是日志信息......
2023-11-10 16:02:48.488411	[INFO]	shop_manager.py	响应时间:786ms	天津市	和平区	这里是日志信息......
2023-11-10 16:02:48.488411	[INFO]	user_manager.py	响应时间:994ms	北京市	大兴区	这里是日志信息......
2023-11-10 16:02:48.488411	[INFO]	barcode_service.py	响应时间:366ms	上海市	徐汇区	这里是日志信息......
2023-11-10 16:02:48.488411	[INFO]	event.py	响应时间:478ms	广东省	深圳市	这里是日志信息......
2023-11-10 16:02:48.488411	[INFO]	barcode_service.py	响应时间:9385ms	湖北省	武汉市	这里是日志信息......
2023-11-10 16:02:48.488411	[INFO]	goods_manager.py	响应时间:151ms	山东省	济南市	这里是日志信息......
2023-11-10 16:02:48.488411	[INFO]	barcode_service.py	响应时间:721ms	湖南省	张家界市	这里是日志信息......
2023-11-10 16:02:48.488411	[INFO]	barcode_service.py	响应时间:655ms	湖北省	武汉市	这里是日志信息......
2023-11-10 16:02:48.488411	[ERROR]	goods_manager.py	响应时间:321ms	湖北省	武汉市	这里是日志信息......
2023-11-10 16:02:48.488411	[INFO]	event.py	响应时间:235ms	广东省	深圳市	这里是日志信息......
2023-11-10 16:02:48.488411	[INFO]	goods_manager.py	响应时间:257ms	北京市	朝阳区	这里是日志信息......
2023-11-10 16:02:48.488411	[INFO]	barcode_service.py	响应时间:770ms	上海市	普陀区	这里是日志信息......
2023-11-10 16:02:48.488411	[INFO]	goods_manager.py	响应时间:609ms	山东省	青岛市	这里是日志信息......
2023-11-10 16:02:48.488411	[WARN]	event.py	响应时间:510ms	江苏省	苏州市	这里是日志信息......
2023-11-10 16:02:48.488411	[WARN]	user_manager.py	响应时间:519ms	天津市	和平区	这里是日志信息......
2023-11-10 16:02:48.488411	[WARN]	event.py	响应时间:994ms	湖北省	恩施土家族苗族自治州	这里是日志信息......
2023-11-10 16:02:48.488411	[INFO]	goods_manager.py	响应时间:136ms	重庆市	渝中区	这里是日志信息......
2023-11-10 16:02:48.488411	[INFO]	base_network.py	响应时间:285ms	山东省	济南市	这里是日志信息......
2023-11-10 16:02:48.488411	[WARN]	goods_manager.py	响应时间:596ms	天津市	武清区	这里是日志信息......
2023-11-10 16:02:48.488411	[INFO]	orders_service.py	响应时间:486ms	安徽省	合肥市	这里是日志信息......
2023-11-10 16:02:48.488411	[WARN]	orders_service.py	响应时间:66ms	湖南省	张家界市	这里是日志信息......
2023-11-10 16:02:48.488411	[INFO]	orders_service.py	响应时间:762ms	上海市	浦东新区	这里是日志信息......
2023-11-10 16:02:48.488411	[INFO]	user_manager.py	响应时间:330ms	上海市	徐汇区	这里是日志信息......
2023-11-10 16:02:48.488411	[INFO]	orders_service.py	响应时间:962ms	天津市	和平区	这里是日志信息......
2023-11-10 16:02:48.488411	[WARN]	event.py	响应时间:20ms	湖南省	长沙市	这里是日志信息......
2023-11-10 16:02:48.488411	[INFO]	shop_manager.py	响应时间:13ms	湖南省	常德市	这里是日志信息......
2023-11-10 16:02:48.488411	[INFO]	barcode_service.py	响应时间:597ms	天津市	武清区	这里是日志信息......
2023-11-10 16:02:48.488411	[INFO]	shop_manager.py	响应时间:270ms	江苏省	南京市	这里是日志信息......
2023-11-10 16:02:48.488411	[INFO]	event.py	响应时间:991ms	上海市	浦东新区	这里是日志信息......
2023-11-10 16:02:48.488411	[INFO]	goods_manager.py	响应时间:909ms	上海市	普陀区	这里是日志信息......
2023-11-10 16:02:48.488411	[INFO]	shop_manager.py	响应时间:728ms	广东省	广州市	这里是日志信息......
2023-11-10 16:02:48.488411	[WARN]	orders_service.py	响应时间:907ms	湖南省	长沙市	这里是日志信息......
2023-11-10 16:02:48.488411	[INFO]	shop_manager.py	响应时间:241ms	湖南省	长沙市	这里是日志信息......
2023-11-10 16:02:48.488411	[WARN]	barcode_service.py	响应时间:450ms	安徽省	合肥市	这里是日志信息......
2023-11-10 16:02:48.488411	[INFO]	event.py	响应时间:619ms	安徽省	合肥市	这里是日志信息......
2023-11-10 16:02:48.488411	[WARN]	event.py	响应时间:445ms	重庆市	九龙坡区	这里是日志信息......
2023-11-10 16:02:48.488411	[INFO]	orders_service.py	响应时间:974ms	山东省	菏泽市	这里是日志信息......
2023-11-10 16:02:48.488411	[INFO]	goods_manager.py	响应时间:622ms	江苏省	南京市	这里是日志信息......
2023-11-10 16:02:48.488411	[INFO]	orders_service.py	响应时间:67ms	安徽省	阜阳市	这里是日志信息......
2023-11-10 16:02:48.488411	[INFO]	orders_service.py	响应时间:34ms	安徽省	六安市	这里是日志信息......
2023-11-10 16:02:48.488411	[INFO]	orders_service.py	响应时间:847ms	湖北省	武汉市	这里是日志信息......
2023-11-10 16:02:48.488411	[INFO]	barcode_service.py	响应时间:357ms	湖南省	株洲市	这里是日志信息......
2023-11-10 16:02:48.488411	[INFO]	shop_manager.py	响应时间:979ms	北京市	昌平区	这里是日志信息......
2023-11-10 16:02:48.488411	[INFO]	barcode_service.py	响应时间:53ms	安徽省	六安市	这里是日志信息......
2023-11-10 16:02:48.488411	[INFO]	event.py	响应时间:791ms	江苏省	苏州市	这里是日志信息......
2023-11-10 16:02:48.488411	[INFO]	event.py	响应时间:81ms	安徽省	阜阳市	这里是日志信息......
2023-11-10 16:02:48.488411	[INFO]	event.py	响应时间:826ms	湖北省	武汉市	这里是日志信息......
2023-11-10 16:02:48.488411	[INFO]	event.py	响应时间:913ms	湖南省	长沙市	这里是日志信息......
2023-11-10 16:02:48.488411	[INFO]	event.py	响应时间:947ms	北京市	怀柔区	这里是日志信息......
2023-11-10 16:02:48.488411	[WARN]	event.py	响应时间:346ms	江苏省	苏州市	这里是日志信息......
2023-11-10 16:02:48.488411	[INFO]	goods_manager.py	响应时间:34ms	湖北省	武汉市	这里是日志信息......
2023-11-10 16:02:48.488411	[INFO]	base_network.py	响应时间:90ms	山东省	青岛市	这里是日志信息......
2023-11-10 16:02:48.488411	[WARN]	event.py	响应时间:176ms	天津市	河东区	这里是日志信息......
2023-11-10 16:02:48.488411	[INFO]	event.py	响应时间:762ms	上海市	浦东新区	这里是日志信息......
2023-11-10 16:02:48.488411	[INFO]	orders_service.py	响应时间:210ms	广东省	深圳市	这里是日志信息......
2023-11-10 16:02:48.488411	[WARN]	event.py	响应时间:6396ms	山东省	青岛市	这里是日志信息......
2023-11-10 16:02:48.488411	[INFO]	event.py	响应时间:300ms	安徽省	铜陵市	这里是日志信息......
2023-11-10 16:02:48.488411	[INFO]	barcode_service.py	响应时间:741ms	山东省	青岛市	这里是日志信息......
2023-11-10 16:02:48.488411	[INFO]	barcode_service.py	响应时间:930ms	江苏省	南京市	这里是日志信息......
2023-11-10 16:02:48.488411	[INFO]	event.py	响应时间:801ms	广东省	深圳市	这里是日志信息......
2023-11-10 16:02:48.488411	[INFO]	goods_manager.py	响应时间:631ms	浙江省	舟山市	这里是日志信息......
2023-11-10 16:02:48.488411	[INFO]	event.py	响应时间:99ms	广东省	珠海市	这里是日志信息......
2023-11-10 16:02:48.488411	[INFO]	goods_manager.py	响应时间:385ms	江苏省	苏州市	这里是日志信息......
2023-11-10 16:02:48.488411	[INFO]	user_manager.py	响应时间:518ms	山东省	菏泽市	这里是日志信息......
2023-11-10 16:02:48.488411	[ERROR]	goods_manager.py	响应时间:636ms	广东省	广州市	这里是日志信息......
2023-11-10 16:02:48.488411	[INFO]	event.py	响应时间:93ms	天津市	武清区	这里是日志信息......
2023-11-10 16:02:48.488411	[INFO]	event.py	响应时间:34ms	湖南省	长沙市	这里是日志信息......
2023-11-10 16:02:48.488411	[WARN]	event.py	响应时间:587ms	安徽省	阜阳市	这里是日志信息......
2023-11-10 16:02:48.488411	[INFO]	barcode_service.py	响应时间:139ms	上海市	徐汇区	这里是日志信息......
2023-11-10 16:02:48.488411	[INFO]	event.py	响应时间:532ms	广东省	广州市	这里是日志信息......
2023-11-10 16:02:48.488411	[INFO]	event.py	响应时间:767ms	天津市	河东区	这里是日志信息......
2023-11-10 16:02:48.488411	[INFO]	goods_manager.py	响应时间:570ms	山东省	青岛市	这里是日志信息......
2023-11-10 16:02:48.488411	[INFO]	event.py	响应时间:253ms	广东省	广州市	这里是日志信息......
2023-11-10 16:02:48.488411	[INFO]	event.py	响应时间:664ms	安徽省	六安市	这里是日志信息......
2023-11-10 16:02:48.488411	[INFO]	event.py	响应时间:469ms	上海市	徐汇区	这里是日志信息......
2023-11-10 16:02:48.488411	[WARN]	shop_manager.py	响应时间:64ms	安徽省	六安市	这里是日志信息......
2023-11-10 16:02:48.488411	[INFO]	event.py	响应时间:875ms	北京市	丰台区	这里是日志信息......
2023-11-10 16:02:48.488411	[INFO]	event.py	响应时间:894ms	重庆市	涪陵区	这里是日志信息......
2023-11-10 16:02:48.488411	[INFO]	orders_service.py	响应时间:585ms	湖北省	武汉市	这里是日志信息......
2023-11-10 16:02:48.488411	[WARN]	base_network.py	响应时间:18ms	湖北省	武汉市	这里是日志信息......
2023-11-10 16:02:48.488411	[INFO]	barcode_service.py	响应时间:187ms	山东省	青岛市	这里是日志信息......
2023-11-10 16:02:48.488411	[INFO]	event.py	响应时间:300ms	湖北省	恩施土家族苗族自治州	这里是日志信息......
2023-11-10 16:02:48.488411	[INFO]	orders_service.py	响应时间:401ms	广东省	广州市	这里是日志信息......
2023-11-10 16:02:48.488411	[INFO]	shop_manager.py	响应时间:327ms	上海市	杨浦区	这里是日志信息......
2023-11-10 16:02:48.488411	[INFO]	event.py	响应时间:434ms	上海市	静安区	这里是日志信息......
2023-11-10 16:02:48.488411	[INFO]	goods_manager.py	响应时间:273ms	江苏省	南京市	这里是日志信息......
2023-11-10 16:02:48.488411	[INFO]	barcode_service.py	响应时间:194ms	北京市	丰台区	这里是日志信息......
2023-11-10 16:02:48.488411	[INFO]	user_manager.py	响应时间:435ms	浙江省	舟山市	这里是日志信息......
2023-11-10 16:02:48.488411	[INFO]	orders_service.py	响应时间:239ms	安徽省	合肥市	这里是日志信息......
2023-11-10 16:02:48.488411	[INFO]	orders_service.py	响应时间:172ms	浙江省	金华市	这里是日志信息......
2023-11-10 16:02:48.488411	[INFO]	goods_manager.py	响应时间:176ms	上海市	普陀区	这里是日志信息......
2023-11-10 16:02:48.488411	[INFO]	user_manager.py	响应时间:98ms	重庆市	南岸区	这里是日志信息......
2023-11-10 16:02:48.488411	[INFO]	goods_manager.py	响应时间:646ms	湖北省	恩施土家族苗族自治州	这里是日志信息......
2023-11-10 16:02:48.488411	[INFO]	orders_service.py	响应时间:332ms	天津市	宝坻区	这里是日志信息......
2023-11-10 16:02:48.488411	[INFO]	event.py	响应时间:233ms	山东省	青岛市	这里是日志信息......
2023-11-10 16:02:48.488411	[INFO]	goods_manager.py	响应时间:205ms	天津市	河西区	这里是日志信息......
2023-11-10 16:02:48.488411	[INFO]	orders_service.py	响应时间:784ms	上海市	宝山区	这里是日志信息......
2023-11-10 16:02:48.488411	[INFO]	event.py	响应时间:435ms	安徽省	六安市	这里是日志信息......
2023-11-10 16:02:48.488411	[INFO]	event.py	响应时间:104ms	江苏省	无锡市	这里是日志信息......
2023-11-10 16:02:48.488411	[INFO]	goods_manager.py	响应时间:716ms	浙江省	湖州市	这里是日志信息......
2023-11-10 16:02:48.488411	[INFO]	event.py	响应时间:254ms	浙江省	杭州市	这里是日志信息......
2023-11-10 16:02:48.488411	[INFO]	event.py	响应时间:124ms	天津市	宝坻区	这里是日志信息......
2023-11-10 16:02:48.488411	[INFO]	goods_manager.py	响应时间:125ms	安徽省	池州市	这里是日志信息......
2023-11-10 16:02:48.488411	[INFO]	event.py	响应时间:654ms	江苏省	张家港市	这里是日志信息......
2023-11-10 16:02:48.489410	[INFO]	base_network.py	响应时间:89ms	北京市	朝阳区	这里是日志信息......
2023-11-10 16:02:48.489410	[INFO]	user_manager.py	响应时间:5ms	重庆市	沙坪坝区	这里是日志信息......
2023-11-10 16:02:48.489410	[INFO]	event.py	响应时间:169ms	北京市	昌平区	这里是日志信息......
2023-11-10 16:02:48.489410	[INFO]	event.py	响应时间:386ms	湖北省	武汉市	这里是日志信息......
2023-11-10 16:02:48.489410	[INFO]	goods_manager.py	响应时间:397ms	湖北省	恩施土家族苗族自治州	这里是日志信息......
2023-11-10 16:02:48.489410	[INFO]	barcode_service.py	响应时间:880ms	广东省	广州市	这里是日志信息......
2023-11-10 16:02:48.489410	[INFO]	orders_service.py	响应时间:462ms	江苏省	宿迁市	这里是日志信息......
2023-11-10 16:02:48.489410	[INFO]	user_manager.py	响应时间:593ms	北京市	朝阳区	这里是日志信息......
2023-11-10 16:02:48.489410	[INFO]	goods_manager.py	响应时间:314ms	上海市	普陀区	这里是日志信息......
2023-11-10 16:02:48.489410	[INFO]	goods_manager.py	响应时间:698ms	江苏省	南京市	这里是日志信息......
2023-11-10 16:02:48.489410	[INFO]	orders_service.py	响应时间:892ms	广东省	广州市	这里是日志信息......
2023-11-10 16:02:48.489410	[INFO]	shop_manager.py	响应时间:936ms	山东省	青岛市	这里是日志信息......
2023-11-10 16:02:48.489410	[INFO]	goods_manager.py	响应时间:417ms	湖南省	株洲市	这里是日志信息......
2023-11-10 16:02:48.489410	[INFO]	event.py	响应时间:235ms	山东省	济南市	这里是日志信息......
2023-11-10 16:02:48.489410	[INFO]	barcode_service.py	响应时间:223ms	北京市	朝阳区	这里是日志信息......
2023-11-10 16:02:48.489410	[INFO]	user_manager.py	响应时间:594ms	浙江省	湖州市	这里是日志信息......
2023-11-10 16:02:48.489410	[INFO]	orders_service.py	响应时间:826ms	上海市	浦东新区	这里是日志信息......
2023-11-10 16:02:48.489410	[INFO]	orders_service.py	响应时间:897ms	广东省	深圳市	这里是日志信息......
2023-11-10 16:02:48.489410	[INFO]	user_manager.py	响应时间:525ms	广东省	广州市	这里是日志信息......
2023-11-10 16:02:48.489410	[INFO]	barcode_service.py	响应时间:526ms	天津市	河东区	这里是日志信息......
2023-11-10 16:02:48.489410	[INFO]	orders_service.py	响应时间:656ms	广东省	深圳市	这里是日志信息......
2023-11-10 16:02:48.489410	[WARN]	goods_manager.py	响应时间:703ms	广东省	深圳市	这里是日志信息......
2023-11-10 16:02:48.489410	[WARN]	goods_manager.py	响应时间:240ms	上海市	浦东新区	这里是日志信息......
2023-11-10 16:02:48.489410	[INFO]	event.py	响应时间:832ms	山东省	青岛市	这里是日志信息......
2023-11-10 16:02:48.489410	[INFO]	shop_manager.py	响应时间:314ms	江苏省	常州市	这里是日志信息......
2023-11-10 16:02:48.489410	[INFO]	orders_service.py	响应时间:964ms	浙江省	舟山市	这里是日志信息......
2023-11-10 16:02:48.489410	[INFO]	orders_service.py	响应时间:223ms	北京市	朝阳区	这里是日志信息......
2023-11-10 16:02:48.489410	[INFO]	goods_manager.py	响应时间:424ms	湖北省	十堰市	这里是日志信息......
2023-11-10 16:02:48.489410	[INFO]	user_manager.py	响应时间:314ms	浙江省	嘉兴市	这里是日志信息......
2023-11-10 16:02:48.489410	[INFO]	base_network.py	响应时间:926ms	湖南省	常德市	这里是日志信息......
2023-11-10 16:02:48.489410	[INFO]	goods_manager.py	响应时间:325ms	重庆市	九龙坡区	这里是日志信息......
2023-11-10 16:02:48.489410	[INFO]	barcode_service.py	响应时间:610ms	广东省	深圳市	这里是日志信息......
2023-11-10 16:02:48.489410	[INFO]	user_manager.py	响应时间:947ms	北京市	怀柔区	这里是日志信息......
2023-11-10 16:02:48.489410	[WARN]	event.py	响应时间:205ms	重庆市	涪陵区	这里是日志信息......
2023-11-10 16:02:48.489410	[INFO]	event.py	响应时间:139ms	湖南省	长沙市	这里是日志信息......
2023-11-10 16:02:48.489410	[INFO]	event.py	响应时间:274ms	上海市	浦东新区	这里是日志信息......
2023-11-10 16:02:48.489410	[INFO]	orders_service.py	响应时间:891ms	湖北省	武汉市	这里是日志信息......
2023-11-10 16:02:48.489410	[INFO]	event.py	响应时间:368ms	湖南省	长沙市	这里是日志信息......
2023-11-10 16:02:48.489410	[INFO]	orders_service.py	响应时间:53ms	湖北省	武汉市	这里是日志信息......
2023-11-10 16:02:48.489410	[INFO]	base_network.py	响应时间:740ms	湖北省	武汉市	这里是日志信息......
2023-11-10 16:02:48.489410	[ERROR]	user_manager.py	响应时间:834ms	湖南省	长沙市	这里是日志信息......
2023-11-10 16:02:48.489410	[INFO]	orders_service.py	响应时间:30ms	天津市	河西区	这里是日志信息......
2023-11-10 16:02:48.489410	[WARN]	goods_manager.py	响应时间:577ms	天津市	武清区	这里是日志信息......
2023-11-10 16:02:48.489410	[INFO]	barcode_service.py	响应时间:122ms	湖南省	张家界市	这里是日志信息......
2023-11-10 16:02:48.489410	[ERROR]	goods_manager.py	响应时间:566ms	北京市	海淀区	这里是日志信息......
2023-11-10 16:02:48.489410	[INFO]	base_network.py	响应时间:221ms	浙江省	丽水市	这里是日志信息......
2023-11-10 16:02:48.489410	[WARN]	user_manager.py	响应时间:345ms	天津市	武清区	这里是日志信息......
2023-11-10 16:02:48.489410	[INFO]	goods_manager.py	响应时间:330ms	湖北省	十堰市	这里是日志信息......
2023-11-10 16:02:48.489410	[INFO]	base_network.py	响应时间:680ms	天津市	宝坻区	这里是日志信息......
2023-11-10 16:02:48.489410	[INFO]	base_network.py	响应时间:306ms	湖北省	荆州市	这里是日志信息......
2023-11-10 16:02:48.489410	[ERROR]	event.py	响应时间:796ms	安徽省	阜阳市	这里是日志信息......
2023-11-10 16:02:48.489410	[INFO]	shop_manager.py	响应时间:677ms	上海市	宝山区	这里是日志信息......
2023-11-10 16:02:48.489410	[INFO]	event.py	响应时间:981ms	山东省	青岛市	这里是日志信息......
2023-11-10 16:02:48.489410	[INFO]	barcode_service.py	响应时间:0ms	北京市	大兴区	这里是日志信息......
2023-11-10 16:02:48.489410	[INFO]	goods_manager.py	响应时间:977ms	湖南省	益阳市	这里是日志信息......
2023-11-10 16:02:48.489410	[INFO]	goods_manager.py	响应时间:788ms	天津市	武清区	这里是日志信息......
2023-11-10 16:02:48.489410	[INFO]	goods_manager.py	响应时间:798ms	安徽省	芜湖市	这里是日志信息......
2023-11-10 16:02:48.489410	[WARN]	event.py	响应时间:492ms	湖北省	十堰市	这里是日志信息......
2023-11-10 16:02:48.489410	[INFO]	user_manager.py	响应时间:700ms	江苏省	无锡市	这里是日志信息......
2023-11-10 16:02:48.489410	[INFO]	goods_manager.py	响应时间:564ms	安徽省	合肥市	这里是日志信息......
2023-11-10 16:02:48.489410	[INFO]	goods_manager.py	响应时间:290ms	北京市	海淀区	这里是日志信息......
2023-11-10 16:02:48.489410	[INFO]	goods_manager.py	响应时间:304ms	广东省	广州市	这里是日志信息......
2023-11-10 16:02:48.489410	[WARN]	event.py	响应时间:908ms	湖北省	武汉市	这里是日志信息......
2023-11-10 16:02:48.489410	[WARN]	event.py	响应时间:173ms	安徽省	合肥市	这里是日志信息......
2023-11-10 16:02:48.489410	[INFO]	event.py	响应时间:494ms	湖北省	恩施土家族苗族自治州	这里是日志信息......
2023-11-10 16:02:48.489410	[INFO]	orders_service.py	响应时间:968ms	广东省	珠海市	这里是日志信息......
2023-11-10 16:02:48.489410	[INFO]	event.py	响应时间:81ms	湖北省	武汉市	这里是日志信息......
2023-11-10 16:02:48.489410	[INFO]	goods_manager.py	响应时间:829ms	天津市	河东区	这里是日志信息......
2023-11-10 16:02:48.489410	[INFO]	orders_service.py	响应时间:231ms	重庆市	涪陵区	这里是日志信息......
2023-11-10 16:02:48.489410	[WARN]	goods_manager.py	响应时间:572ms	浙江省	湖州市	这里是日志信息......
2023-11-10 16:02:48.489410	[INFO]	event.py	响应时间:448ms	湖南省	张家界市	这里是日志信息......
2023-11-10 16:02:48.489410	[INFO]	goods_manager.py	响应时间:625ms	广东省	深圳市	这里是日志信息......
2023-11-10 16:02:48.489410	[INFO]	event.py	响应时间:62ms	重庆市	万州区	这里是日志信息......
2023-11-10 16:02:48.489410	[INFO]	orders_service.py	响应时间:473ms	重庆市	渝中区	这里是日志信息......
2023-11-10 16:02:48.489410	[WARN]	base_network.py	响应时间:883ms	安徽省	合肥市	这里是日志信息......
2023-11-10 16:02:48.489410	[INFO]	barcode_service.py	响应时间:829ms	安徽省	芜湖市	这里是日志信息......
2023-11-10 16:02:48.489410	[INFO]	user_manager.py	响应时间:816ms	浙江省	嘉兴市	这里是日志信息......
2023-11-10 16:02:48.489410	[INFO]	event.py	响应时间:722ms	重庆市	万州区	这里是日志信息......
2023-11-10 16:02:48.489410	[INFO]	shop_manager.py	响应时间:617ms	江苏省	无锡市	这里是日志信息......
2023-11-10 16:02:48.489410	[INFO]	goods_manager.py	响应时间:191ms	山东省	菏泽市	这里是日志信息......
2023-11-10 16:02:48.489410	[INFO]	event.py	响应时间:727ms	安徽省	合肥市	这里是日志信息......
2023-11-10 16:02:48.489410	[INFO]	goods_manager.py	响应时间:701ms	广东省	广州市	这里是日志信息......
2023-11-10 16:02:48.489410	[INFO]	event.py	响应时间:826ms	广东省	广州市	这里是日志信息......
2023-11-10 16:02:48.489410	[INFO]	user_manager.py	响应时间:243ms	湖南省	长沙市	这里是日志信息......
2023-11-10 16:02:48.489410	[WARN]	goods_manager.py	响应时间:763ms	安徽省	芜湖市	这里是日志信息......
2023-11-10 16:02:48.489410	[INFO]	goods_manager.py	响应时间:555ms	广东省	广州市	这里是日志信息......
2023-11-10 16:02:48.489410	[INFO]	barcode_service.py	响应时间:169ms	天津市	河东区	这里是日志信息......
2023-11-10 16:02:48.489410	[INFO]	shop_manager.py	响应时间:41ms	江苏省	苏州市	这里是日志信息......
2023-11-10 16:02:48.489410	[INFO]	user_manager.py	响应时间:71ms	山东省	青岛市	这里是日志信息......
2023-11-10 16:02:48.489410	[INFO]	orders_service.py	响应时间:142ms	安徽省	阜阳市	这里是日志信息......
2023-11-10 16:02:48.489410	[INFO]	shop_manager.py	响应时间:590ms	天津市	河西区	这里是日志信息......
2023-11-10 16:02:48.489410	[INFO]	goods_manager.py	响应时间:206ms	广东省	广州市	这里是日志信息......
2023-11-10 16:02:48.489410	[INFO]	user_manager.py	响应时间:526ms	天津市	河东区	这里是日志信息......
2023-11-10 16:02:48.489410	[WARN]	event.py	响应时间:591ms	上海市	黄浦区	这里是日志信息......
2023-11-10 16:02:48.489410	[WARN]	barcode_service.py	响应时间:125ms	山东省	青岛市	这里是日志信息......
2023-11-10 16:02:48.489410	[INFO]	goods_manager.py	响应时间:61ms	湖南省	益阳市	这里是日志信息......
2023-11-10 16:02:48.489410	[INFO]	event.py	响应时间:267ms	湖南省	长沙市	这里是日志信息......
2023-11-10 16:02:48.489410	[INFO]	orders_service.py	响应时间:974ms	湖南省	张家界市	这里是日志信息......
2023-11-10 16:02:48.489410	[INFO]	goods_manager.py	响应时间:937ms	广东省	深圳市	这里是日志信息......
2023-11-10 16:02:48.489410	[INFO]	user_manager.py	响应时间:159ms	北京市	丰台区	这里是日志信息......
2023-11-10 16:02:48.489410	[INFO]	event.py	响应时间:10ms	天津市	河东区	这里是日志信息......
2023-11-10 16:02:48.489410	[ERROR]	orders_service.py	响应时间:384ms	湖南省	长沙市	这里是日志信息......
2023-11-10 16:02:48.489410	[INFO]	shop_manager.py	响应时间:278ms	湖南省	长沙市	这里是日志信息......
2023-11-10 16:02:48.489410	[ERROR]	goods_manager.py	响应时间:712ms	湖南省	益阳市	这里是日志信息......
2023-11-10 16:02:48.489410	[INFO]	event.py	响应时间:975ms	上海市	宝山区	这里是日志信息......
2023-11-10 16:02:48.489410	[INFO]	barcode_service.py	响应时间:792ms	江苏省	南京市	这里是日志信息......
2023-11-10 16:02:48.489410	[INFO]	user_manager.py	响应时间:303ms	广东省	广州市	这里是日志信息......
2023-11-10 16:02:48.489410	[INFO]	barcode_service.py	响应时间:799ms	北京市	海淀区	这里是日志信息......
2023-11-10 16:02:48.489410	[INFO]	orders_service.py	响应时间:755ms	江苏省	南京市	这里是日志信息......
2023-11-10 16:02:48.489410	[INFO]	base_network.py	响应时间:969ms	湖北省	恩施土家族苗族自治州	这里是日志信息......
2023-11-10 16:02:48.489410	[INFO]	goods_manager.py	响应时间:2503ms	天津市	和平区	这里是日志信息......
2023-11-10 16:02:48.489410	[INFO]	event.py	响应时间:92ms	天津市	河西区	这里是日志信息......
2023-11-10 16:02:48.489410	[INFO]	base_network.py	响应时间:842ms	湖南省	益阳市	这里是日志信息......
2023-11-10 16:02:48.489410	[INFO]	shop_manager.py	响应时间:422ms	山东省	济南市	这里是日志信息......
2023-11-10 16:02:48.489410	[INFO]	event.py	响应时间:5ms	湖南省	长沙市	这里是日志信息......
2023-11-10 16:02:48.489410	[INFO]	shop_manager.py	响应时间:925ms	湖北省	十堰市	这里是日志信息......
2023-11-10 16:02:48.489410	[INFO]	event.py	响应时间:905ms	北京市	朝阳区	这里是日志信息......
2023-11-10 16:02:48.489410	[INFO]	orders_service.py	响应时间:953ms	重庆市	涪陵区	这里是日志信息......
2023-11-10 16:02:48.489410	[INFO]	base_network.py	响应时间:790ms	安徽省	铜陵市	这里是日志信息......
2023-11-10 16:02:48.489410	[WARN]	orders_service.py	响应时间:765ms	重庆市	万州区	这里是日志信息......
2023-11-10 16:02:48.489410	[INFO]	goods_manager.py	响应时间:798ms	湖南省	长沙市	这里是日志信息......
2023-11-10 16:02:48.489410	[INFO]	shop_manager.py	响应时间:814ms	广东省	深圳市	这里是日志信息......
2023-11-10 16:02:48.489410	[INFO]	orders_service.py	响应时间:246ms	重庆市	南岸区	这里是日志信息......
2023-11-10 16:02:48.489410	[INFO]	event.py	响应时间:250ms	江苏省	无锡市	这里是日志信息......
2023-11-10 16:02:48.489410	[INFO]	barcode_service.py	响应时间:697ms	重庆市	沙坪坝区	这里是日志信息......
2023-11-10 16:02:48.489410	[INFO]	orders_service.py	响应时间:242ms	北京市	海淀区	这里是日志信息......
2023-11-10 16:02:48.489410	[INFO]	goods_manager.py	响应时间:680ms	江苏省	苏州市	这里是日志信息......
2023-11-10 16:02:48.489410	[INFO]	base_network.py	响应时间:628ms	江苏省	南京市	这里是日志信息......
2023-11-10 16:02:48.489410	[INFO]	event.py	响应时间:694ms	重庆市	九龙坡区	这里是日志信息......
2023-11-10 16:02:48.489410	[INFO]	orders_service.py	响应时间:59ms	湖南省	益阳市	这里是日志信息......
2023-11-10 16:02:48.489410	[INFO]	event.py	响应时间:680ms	山东省	青岛市	这里是日志信息......
2023-11-10 16:02:48.489410	[INFO]	orders_service.py	响应时间:954ms	江苏省	常州市	这里是日志信息......
2023-11-10 16:02:48.489410	[INFO]	user_manager.py	响应时间:563ms	上海市	宝山区	这里是日志信息......
2023-11-10 16:02:48.489410	[WARN]	goods_manager.py	响应时间:998ms	湖北省	武汉市	这里是日志信息......
2023-11-10 16:02:48.489410	[INFO]	goods_manager.py	响应时间:927ms	江苏省	南京市	这里是日志信息......
2023-11-10 16:02:48.490410	[WARN]	barcode_service.py	响应时间:952ms	山东省	青岛市	这里是日志信息......
2023-11-10 16:02:48.490410	[INFO]	event.py	响应时间:952ms	山东省	济南市	这里是日志信息......
2023-11-10 16:02:48.490410	[INFO]	user_manager.py	响应时间:719ms	江苏省	无锡市	这里是日志信息......
2023-11-10 16:02:48.490410	[ERROR]	goods_manager.py	响应时间:815ms	浙江省	杭州市	这里是日志信息......
2023-11-10 16:02:48.490410	[WARN]	event.py	响应时间:925ms	浙江省	绍兴市	这里是日志信息......
2023-11-10 16:02:48.490410	[INFO]	base_network.py	响应时间:322ms	广东省	广州市	这里是日志信息......
2023-11-10 16:02:48.490410	[WARN]	goods_manager.py	响应时间:751ms	江苏省	南京市	这里是日志信息......
2023-11-10 16:02:48.490410	[INFO]	event.py	响应时间:604ms	浙江省	杭州市	这里是日志信息......
2023-11-10 16:02:48.490410	[INFO]	barcode_service.py	响应时间:201ms	浙江省	杭州市	这里是日志信息......
2023-11-10 16:02:48.490410	[INFO]	user_manager.py	响应时间:463ms	北京市	昌平区	这里是日志信息......
2023-11-10 16:02:48.490410	[INFO]	goods_manager.py	响应时间:297ms	重庆市	沙坪坝区	这里是日志信息......
2023-11-10 16:02:48.490410	[INFO]	event.py	响应时间:216ms	江苏省	宿迁市	这里是日志信息......
2023-11-10 16:02:48.490410	[INFO]	user_manager.py	响应时间:257ms	山东省	菏泽市	这里是日志信息......
2023-11-10 16:02:48.490410	[INFO]	event.py	响应时间:705ms	上海市	宝山区	这里是日志信息......
2023-11-10 16:02:48.490410	[INFO]	orders_service.py	响应时间:858ms	北京市	朝阳区	这里是日志信息......
2023-11-10 16:02:48.490410	[INFO]	barcode_service.py	响应时间:24ms	湖南省	长沙市	这里是日志信息......
2023-11-10 16:02:48.490410	[INFO]	orders_service.py	响应时间:457ms	上海市	静安区	这里是日志信息......
2023-11-10 16:02:48.490410	[INFO]	event.py	响应时间:297ms	天津市	和平区	这里是日志信息......
2023-11-10 16:02:48.490410	[INFO]	goods_manager.py	响应时间:874ms	湖南省	长沙市	这里是日志信息......
2023-11-10 16:02:48.490410	[INFO]	orders_service.py	响应时间:634ms	湖南省	长沙市	这里是日志信息......
2023-11-10 16:02:48.490410	[INFO]	orders_service.py	响应时间:292ms	重庆市	沙坪坝区	这里是日志信息......
2023-11-10 16:02:48.490410	[INFO]	user_manager.py	响应时间:862ms	安徽省	六安市	这里是日志信息......
2023-11-10 16:02:48.490410	[INFO]	shop_manager.py	响应时间:356ms	天津市	武清区	这里是日志信息......
2023-11-10 16:02:48.490410	[WARN]	goods_manager.py	响应时间:459ms	上海市	宝山区	这里是日志信息......
2023-11-10 16:02:48.490410	[INFO]	user_manager.py	响应时间:30ms	重庆市	南岸区	这里是日志信息......
2023-11-10 16:02:48.490410	[INFO]	orders_service.py	响应时间:746ms	上海市	黄浦区	这里是日志信息......
2023-11-10 16:02:48.490410	[INFO]	barcode_service.py	响应时间:80ms	安徽省	合肥市	这里是日志信息......
2023-11-10 16:02:48.490410	[WARN]	event.py	响应时间:67ms	江苏省	南京市	这里是日志信息......
2023-11-10 16:02:48.490410	[INFO]	shop_manager.py	响应时间:82ms	天津市	河西区	这里是日志信息......
2023-11-10 16:02:48.490410	[WARN]	event.py	响应时间:524ms	重庆市	南岸区	这里是日志信息......
2023-11-10 16:02:48.490410	[INFO]	base_network.py	响应时间:966ms	广东省	珠海市	这里是日志信息......
2023-11-10 16:02:48.490410	[INFO]	orders_service.py	响应时间:361ms	湖南省	长沙市	这里是日志信息......
2023-11-10 16:02:48.490410	[INFO]	shop_manager.py	响应时间:378ms	天津市	宝坻区	这里是日志信息......
2023-11-10 16:02:48.490410	[ERROR]	event.py	响应时间:790ms	上海市	普陀区	这里是日志信息......
2023-11-10 16:02:48.490410	[INFO]	barcode_service.py	响应时间:907ms	广东省	深圳市	这里是日志信息......
2023-11-10 16:02:48.490410	[INFO]	shop_manager.py	响应时间:348ms	湖南省	长沙市	这里是日志信息......
2023-11-10 16:02:48.490410	[INFO]	barcode_service.py	响应时间:790ms	北京市	怀柔区	这里是日志信息......
2023-11-10 16:02:48.490410	[INFO]	event.py	响应时间:329ms	湖南省	长沙市	这里是日志信息......
2023-11-10 16:02:48.490410	[INFO]	orders_service.py	响应时间:842ms	湖北省	武汉市	这里是日志信息......
2023-11-10 16:02:48.490410	[ERROR]	shop_manager.py	响应时间:930ms	北京市	海淀区	这里是日志信息......
2023-11-10 16:02:48.490410	[INFO]	event.py	响应时间:955ms	湖北省	荆州市	这里是日志信息......
2023-11-10 16:02:48.490410	[INFO]	goods_manager.py	响应时间:125ms	广东省	深圳市	这里是日志信息......
2023-11-10 16:02:48.490410	[ERROR]	orders_service.py	响应时间:688ms	湖南省	常德市	这里是日志信息......
2023-11-10 16:02:48.490410	[INFO]	orders_service.py	响应时间:205ms	重庆市	万州区	这里是日志信息......
2023-11-10 16:02:48.490410	[INFO]	orders_service.py	响应时间:941ms	湖北省	十堰市	这里是日志信息......
2023-11-10 16:02:48.490410	[WARN]	event.py	响应时间:195ms	重庆市	南岸区	这里是日志信息......
2023-11-10 16:02:48.490410	[INFO]	goods_manager.py	响应时间:172ms	湖南省	长沙市	这里是日志信息......
2023-11-10 16:02:48.490410	[INFO]	event.py	响应时间:998ms	上海市	普陀区	这里是日志信息......
2023-11-10 16:02:48.490410	[WARN]	orders_service.py	响应时间:350ms	安徽省	铜陵市	这里是日志信息......
2023-11-10 16:02:48.490410	[INFO]	orders_service.py	响应时间:959ms	重庆市	万州区	这里是日志信息......
2023-11-10 16:02:48.490410	[INFO]	barcode_service.py	响应时间:706ms	湖北省	恩施土家族苗族自治州	这里是日志信息......
2023-11-10 16:02:48.490410	[INFO]	base_network.py	响应时间:926ms	山东省	济南市	这里是日志信息......
2023-11-10 16:02:48.490410	[WARN]	orders_service.py	响应时间:93ms	浙江省	杭州市	这里是日志信息......
2023-11-10 16:02:48.490410	[INFO]	event.py	响应时间:2288ms	江苏省	南京市	这里是日志信息......
2023-11-10 16:02:48.490410	[INFO]	base_network.py	响应时间:238ms	江苏省	宿迁市	这里是日志信息......
2023-11-10 16:02:48.490410	[INFO]	goods_manager.py	响应时间:390ms	天津市	武清区	这里是日志信息......
2023-11-10 16:02:48.490410	[INFO]	goods_manager.py	响应时间:604ms	重庆市	涪陵区	这里是日志信息......
2023-11-10 16:02:48.490410	[INFO]	event.py	响应时间:417ms	广东省	广州市	这里是日志信息......
2023-11-10 16:02:48.490410	[INFO]	user_manager.py	响应时间:286ms	安徽省	芜湖市	这里是日志信息......
2023-11-10 16:02:48.490410	[WARN]	event.py	响应时间:488ms	江苏省	宿迁市	这里是日志信息......
2023-11-10 16:02:48.490410	[ERROR]	user_manager.py	响应时间:36ms	湖南省	长沙市	这里是日志信息......
2023-11-10 16:02:48.490410	[WARN]	event.py	响应时间:338ms	湖北省	武汉市	这里是日志信息......
2023-11-10 16:02:48.490410	[WARN]	goods_manager.py	响应时间:144ms	浙江省	湖州市	这里是日志信息......
2023-11-10 16:02:48.490410	[INFO]	orders_service.py	响应时间:917ms	浙江省	金华市	这里是日志信息......
2023-11-10 16:02:48.490410	[INFO]	goods_manager.py	响应时间:564ms	北京市	怀柔区	这里是日志信息......
2023-11-10 16:02:48.490410	[INFO]	event.py	响应时间:495ms	广东省	深圳市	这里是日志信息......
2023-11-10 16:02:48.490410	[INFO]	event.py	响应时间:857ms	重庆市	南岸区	这里是日志信息......
2023-11-10 16:02:48.490410	[INFO]	user_manager.py	响应时间:623ms	湖北省	武汉市	这里是日志信息......
2023-11-10 16:02:48.490410	[WARN]	orders_service.py	响应时间:362ms	北京市	朝阳区	这里是日志信息......
2023-11-10 16:02:48.490410	[INFO]	orders_service.py	响应时间:171ms	北京市	怀柔区	这里是日志信息......
2023-11-10 16:02:48.490410	[INFO]	goods_manager.py	响应时间:419ms	上海市	静安区	这里是日志信息......
2023-11-10 16:02:48.490410	[WARN]	base_network.py	响应时间:5857ms	湖北省	武汉市	这里是日志信息......
2023-11-10 16:02:48.490410	[INFO]	goods_manager.py	响应时间:302ms	江苏省	南京市	这里是日志信息......
2023-11-10 16:02:48.490410	[INFO]	orders_service.py	响应时间:647ms	湖南省	长沙市	这里是日志信息......
2023-11-10 16:02:48.490410	[ERROR]	goods_manager.py	响应时间:6764ms	重庆市	沙坪坝区	这里是日志信息......
2023-11-10 16:02:48.490410	[INFO]	orders_service.py	响应时间:715ms	重庆市	万州区	这里是日志信息......
2023-11-10 16:02:48.490410	[WARN]	orders_service.py	响应时间:838ms	天津市	河西区	这里是日志信息......
2023-11-10 16:02:48.490410	[WARN]	shop_manager.py	响应时间:247ms	浙江省	丽水市	这里是日志信息......
2023-11-10 16:02:48.490410	[INFO]	barcode_service.py	响应时间:229ms	湖北省	十堰市	这里是日志信息......
2023-11-10 16:02:48.490410	[INFO]	event.py	响应时间:921ms	上海市	宝山区	这里是日志信息......
2023-11-10 16:02:48.490410	[INFO]	orders_service.py	响应时间:133ms	北京市	海淀区	这里是日志信息......
2023-11-10 16:02:48.490410	[WARN]	event.py	响应时间:246ms	湖南省	益阳市	这里是日志信息......
2023-11-10 16:02:48.490410	[INFO]	event.py	响应时间:975ms	北京市	怀柔区	这里是日志信息......
2023-11-10 16:02:48.490410	[INFO]	event.py	响应时间:258ms	天津市	河西区	这里是日志信息......
2023-11-10 16:02:48.490410	[INFO]	event.py	响应时间:69ms	重庆市	沙坪坝区	这里是日志信息......
2023-11-10 16:02:48.490410	[INFO]	user_manager.py	响应时间:555ms	江苏省	张家港市	这里是日志信息......
2023-11-10 16:02:48.490410	[INFO]	barcode_service.py	响应时间:831ms	广东省	广州市	这里是日志信息......
2023-11-10 16:02:48.490410	[INFO]	event.py	响应时间:593ms	重庆市	涪陵区	这里是日志信息......
2023-11-10 16:02:48.490410	[INFO]	barcode_service.py	响应时间:531ms	上海市	普陀区	这里是日志信息......
2023-11-10 16:02:48.490410	[INFO]	orders_service.py	响应时间:117ms	山东省	青岛市	这里是日志信息......
2023-11-10 16:02:48.490410	[INFO]	barcode_service.py	响应时间:303ms	山东省	青岛市	这里是日志信息......
2023-11-10 16:02:48.490410	[INFO]	event.py	响应时间:159ms	湖北省	十堰市	这里是日志信息......
2023-11-10 16:02:48.490410	[INFO]	base_network.py	响应时间:99ms	湖南省	长沙市	这里是日志信息......
2023-11-10 16:02:48.490410	[INFO]	orders_service.py	响应时间:499ms	北京市	海淀区	这里是日志信息......
2023-11-10 16:02:48.490410	[INFO]	shop_manager.py	响应时间:714ms	重庆市	万州区	这里是日志信息......
2023-11-10 16:02:48.490410	[INFO]	orders_service.py	响应时间:901ms	北京市	昌平区	这里是日志信息......
2023-11-10 16:02:48.490410	[INFO]	event.py	响应时间:602ms	天津市	武清区	这里是日志信息......
2023-11-10 16:02:48.490410	[ERROR]	goods_manager.py	响应时间:9361ms	北京市	大兴区	这里是日志信息......
2023-11-10 16:02:48.490410	[INFO]	orders_service.py	响应时间:938ms	湖南省	长沙市	这里是日志信息......
2023-11-10 16:02:48.490410	[INFO]	orders_service.py	响应时间:463ms	重庆市	万州区	这里是日志信息......
2023-11-10 16:02:48.490410	[INFO]	event.py	响应时间:775ms	湖南省	长沙市	这里是日志信息......
2023-11-10 16:02:48.490410	[INFO]	orders_service.py	响应时间:967ms	广东省	深圳市	这里是日志信息......
2023-11-10 16:02:48.490410	[INFO]	event.py	响应时间:964ms	山东省	菏泽市	这里是日志信息......
2023-11-10 16:02:48.490410	[INFO]	shop_manager.py	响应时间:414ms	北京市	大兴区	这里是日志信息......
2023-11-10 16:02:48.490410	[INFO]	orders_service.py	响应时间:78ms	山东省	菏泽市	这里是日志信息......
2023-11-10 16:02:48.490410	[INFO]	orders_service.py	响应时间:883ms	安徽省	池州市	这里是日志信息......
2023-11-10 16:02:48.490410	[INFO]	barcode_service.py	响应时间:915ms	浙江省	湖州市	这里是日志信息......
2023-11-10 16:02:48.490410	[INFO]	barcode_service.py	响应时间:648ms	湖南省	益阳市	这里是日志信息......
2023-11-10 16:02:48.490410	[INFO]	base_network.py	响应时间:702ms	江苏省	南京市	这里是日志信息......
2023-11-10 16:02:48.490410	[INFO]	orders_service.py	响应时间:189ms	湖北省	恩施土家族苗族自治州	这里是日志信息......
2023-11-10 16:02:48.490410	[WARN]	event.py	响应时间:521ms	湖南省	常德市	这里是日志信息......
2023-11-10 16:02:48.490410	[INFO]	base_network.py	响应时间:134ms	天津市	武清区	这里是日志信息......
2023-11-10 16:02:48.490410	[INFO]	barcode_service.py	响应时间:36ms	上海市	浦东新区	这里是日志信息......
2023-11-10 16:02:48.490410	[INFO]	orders_service.py	响应时间:680ms	上海市	宝山区	这里是日志信息......
2023-11-10 16:02:48.490410	[INFO]	goods_manager.py	响应时间:454ms	浙江省	金华市	这里是日志信息......
2023-11-10 16:02:48.490410	[INFO]	base_network.py	响应时间:416ms	江苏省	宿迁市	这里是日志信息......
2023-11-10 16:02:48.490410	[INFO]	user_manager.py	响应时间:207ms	天津市	河西区	这里是日志信息......
2023-11-10 16:02:48.490410	[INFO]	event.py	响应时间:400ms	广东省	珠海市	这里是日志信息......
2023-11-10 16:02:48.490410	[INFO]	orders_service.py	响应时间:764ms	浙江省	杭州市	这里是日志信息......
2023-11-10 16:02:48.490410	[INFO]	event.py	响应时间:211ms	上海市	宝山区	这里是日志信息......
2023-11-10 16:02:48.490410	[WARN]	goods_manager.py	响应时间:6707ms	上海市	黄浦区	这里是日志信息......
2023-11-10 16:02:48.490410	[INFO]	orders_service.py	响应时间:77ms	湖南省	益阳市	这里是日志信息......
2023-11-10 16:02:48.490410	[INFO]	base_network.py	响应时间:317ms	浙江省	杭州市	这里是日志信息......
2023-11-10 16:02:48.490410	[INFO]	orders_service.py	响应时间:446ms	湖南省	长沙市	这里是日志信息......
2023-11-10 16:02:48.490410	[INFO]	event.py	响应时间:488ms	湖北省	武汉市	这里是日志信息......
2023-11-10 16:02:48.490410	[INFO]	barcode_service.py	响应时间:531ms	天津市	武清区	这里是日志信息......
2023-11-10 16:02:48.490410	[WARN]	orders_service.py	响应时间:520ms	天津市	河西区	这里是日志信息......
2023-11-10 16:02:48.490410	[WARN]	orders_service.py	响应时间:231ms	江苏省	苏州市	这里是日志信息......
2023-11-10 16:02:48.490410	[INFO]	shop_manager.py	响应时间:416ms	重庆市	万州区	这里是日志信息......
2023-11-10 16:02:48.490410	[INFO]	event.py	响应时间:743ms	天津市	河东区	这里是日志信息......
2023-11-10 16:02:48.490410	[INFO]	orders_service.py	响应时间:362ms	天津市	河西区	这里是日志信息......
2023-11-10 16:02:48.490410	[INFO]	goods_manager.py	响应时间:866ms	重庆市	渝中区	这里是日志信息......
2023-11-10 16:02:48.490410	[INFO]	goods_manager.py	响应时间:885ms	北京市	大兴区	这里是日志信息......
2023-11-10 16:02:48.490410	[INFO]	goods_manager.py	响应时间:510ms	江苏省	苏州市	这里是日志信息......
2023-11-10 16:02:48.490410	[INFO]	barcode_service.py	响应时间:952ms	湖南省	长沙市	这里是日志信息......
2023-11-10 16:02:48.491410	[INFO]	goods_manager.py	响应时间:261ms	天津市	河西区	这里是日志信息......
2023-11-10 16:02:48.491410	[INFO]	event.py	响应时间:115ms	湖北省	武汉市	这里是日志信息......
2023-11-10 16:02:48.491410	[INFO]	orders_service.py	响应时间:906ms	上海市	杨浦区	这里是日志信息......
2023-11-10 16:02:48.491410	[WARN]	event.py	响应时间:397ms	江苏省	南京市	这里是日志信息......
2023-11-10 16:02:48.491410	[INFO]	goods_manager.py	响应时间:602ms	湖南省	株洲市	这里是日志信息......
2023-11-10 16:02:48.491410	[INFO]	event.py	响应时间:51ms	山东省	青岛市	这里是日志信息......
2023-11-10 16:02:48.491410	[INFO]	event.py	响应时间:200ms	天津市	武清区	这里是日志信息......
2023-11-10 16:02:48.491410	[INFO]	orders_service.py	响应时间:760ms	湖北省	武汉市	这里是日志信息......
2023-11-10 16:02:48.491410	[INFO]	orders_service.py	响应时间:388ms	江苏省	无锡市	这里是日志信息......
2023-11-10 16:02:48.491410	[INFO]	event.py	响应时间:212ms	广东省	深圳市	这里是日志信息......
2023-11-10 16:02:48.491410	[INFO]	goods_manager.py	响应时间:67ms	湖北省	恩施土家族苗族自治州	这里是日志信息......
2023-11-10 16:02:48.491410	[INFO]	goods_manager.py	响应时间:342ms	湖北省	恩施土家族苗族自治州	这里是日志信息......
2023-11-10 16:02:48.491410	[INFO]	barcode_service.py	响应时间:708ms	安徽省	阜阳市	这里是日志信息......
2023-11-10 16:02:48.491410	[INFO]	event.py	响应时间:420ms	广东省	深圳市	这里是日志信息......
2023-11-10 16:02:48.491410	[INFO]	user_manager.py	响应时间:763ms	上海市	浦东新区	这里是日志信息......
2023-11-10 16:02:48.491410	[INFO]	event.py	响应时间:426ms	广东省	广州市	这里是日志信息......
2023-11-10 16:02:48.491410	[INFO]	event.py	响应时间:395ms	上海市	浦东新区	这里是日志信息......
2023-11-10 16:02:48.491410	[INFO]	orders_service.py	响应时间:621ms	上海市	黄浦区	这里是日志信息......
2023-11-10 16:02:48.491410	[INFO]	event.py	响应时间:842ms	江苏省	苏州市	这里是日志信息......
2023-11-10 16:02:48.491410	[INFO]	base_network.py	响应时间:794ms	江苏省	张家港市	这里是日志信息......
2023-11-10 16:02:48.491410	[INFO]	shop_manager.py	响应时间:376ms	浙江省	嘉兴市	这里是日志信息......
2023-11-10 16:02:48.491410	[INFO]	user_manager.py	响应时间:548ms	山东省	青岛市	这里是日志信息......
2023-11-10 16:02:48.491410	[INFO]	event.py	响应时间:631ms	山东省	菏泽市	这里是日志信息......
2023-11-10 16:02:48.491410	[WARN]	goods_manager.py	响应时间:919ms	安徽省	池州市	这里是日志信息......
2023-11-10 16:02:48.491410	[INFO]	shop_manager.py	响应时间:162ms	湖北省	荆州市	这里是日志信息......
2023-11-10 16:02:48.491410	[INFO]	goods_manager.py	响应时间:966ms	江苏省	张家港市	这里是日志信息......
2023-11-10 16:02:48.491410	[WARN]	event.py	响应时间:761ms	广东省	广州市	这里是日志信息......
2023-11-10 16:02:48.491410	[INFO]	goods_manager.py	响应时间:962ms	山东省	青岛市	这里是日志信息......
2023-11-10 16:02:48.491410	[INFO]	base_network.py	响应时间:749ms	北京市	朝阳区	这里是日志信息......
2023-11-10 16:02:48.491410	[INFO]	user_manager.py	响应时间:121ms	浙江省	杭州市	这里是日志信息......
