2023-11-10 16:02:47.462279	[INFO]	barcode_service.py	响应时间:449ms	安徽省	合肥市	这里是日志信息......
2023-11-10 16:02:47.462279	[INFO]	orders_service.py	响应时间:326ms	江苏省	无锡市	这里是日志信息......
2023-11-10 16:02:47.462279	[INFO]	user_manager.py	响应时间:253ms	安徽省	池州市	这里是日志信息......
2023-11-10 16:02:47.462279	[INFO]	goods_manager.py	响应时间:725ms	天津市	和平区	这里是日志信息......
2023-11-10 16:02:47.462279	[INFO]	orders_service.py	响应时间:247ms	江苏省	张家港市	这里是日志信息......
2023-11-10 16:02:47.462279	[INFO]	event.py	响应时间:649ms	天津市	河西区	这里是日志信息......
2023-11-10 16:02:47.463279	[INFO]	event.py	响应时间:175ms	天津市	武清区	这里是日志信息......
2023-11-10 16:02:47.463279	[INFO]	orders_service.py	响应时间:955ms	广东省	广州市	这里是日志信息......
2023-11-10 16:02:47.463279	[INFO]	base_network.py	响应时间:181ms	山东省	青岛市	这里是日志信息......
2023-11-10 16:02:47.463279	[INFO]	orders_service.py	响应时间:993ms	广东省	广州市	这里是日志信息......
2023-11-10 16:02:47.463279	[INFO]	event.py	响应时间:456ms	浙江省	绍兴市	这里是日志信息......
2023-11-10 16:02:47.463279	[INFO]	barcode_service.py	响应时间:126ms	湖北省	武汉市	这里是日志信息......
2023-11-10 16:02:47.463279	[INFO]	goods_manager.py	响应时间:915ms	安徽省	阜阳市	这里是日志信息......
2023-11-10 16:02:47.463279	[INFO]	goods_manager.py	响应时间:766ms	北京市	海淀区	这里是日志信息......
2023-11-10 16:02:47.463279	[INFO]	barcode_service.py	响应时间:726ms	上海市	宝山区	这里是日志信息......
2023-11-10 16:02:47.463279	[INFO]	base_network.py	响应时间:10ms	重庆市	沙坪坝区	这里是日志信息......
2023-11-10 16:02:47.463279	[INFO]	event.py	响应时间:202ms	上海市	徐汇区	这里是日志信息......
2023-11-10 16:02:47.463279	[INFO]	orders_service.py	响应时间:17ms	浙江省	湖州市	这里是日志信息......
2023-11-10 16:02:47.463279	[WARN]	barcode_service.py	响应时间:117ms	上海市	宝山区	这里是日志信息......
2023-11-10 16:02:47.463279	[INFO]	goods_manager.py	响应时间:300ms	北京市	海淀区	这里是日志信息......
2023-11-10 16:02:47.463279	[WARN]	orders_service.py	响应时间:118ms	重庆市	九龙坡区	这里是日志信息......
2023-11-10 16:02:47.463279	[INFO]	orders_service.py	响应时间:731ms	江苏省	苏州市	这里是日志信息......
2023-11-10 16:02:47.463279	[INFO]	user_manager.py	响应时间:581ms	上海市	宝山区	这里是日志信息......
2023-11-10 16:02:47.463279	[INFO]	shop_manager.py	响应时间:374ms	浙江省	杭州市	这里是日志信息......
2023-11-10 16:02:47.463279	[INFO]	event.py	响应时间:990ms	重庆市	万州区	这里是日志信息......
2023-11-10 16:02:47.463279	[WARN]	orders_service.py	响应时间:927ms	浙江省	杭州市	这里是日志信息......
2023-11-10 16:02:47.463279	[INFO]	base_network.py	响应时间:585ms	湖北省	武汉市	这里是日志信息......
2023-11-10 16:02:47.463279	[INFO]	base_network.py	响应时间:319ms	安徽省	合肥市	这里是日志信息......
2023-11-10 16:02:47.463279	[ERROR]	goods_manager.py	响应时间:828ms	重庆市	渝中区	这里是日志信息......
2023-11-10 16:02:47.463279	[INFO]	goods_manager.py	响应时间:452ms	北京市	朝阳区	这里是日志信息......
2023-11-10 16:02:47.463279	[INFO]	shop_manager.py	响应时间:169ms	上海市	浦东新区	这里是日志信息......
2023-11-10 16:02:47.463279	[INFO]	event.py	响应时间:812ms	天津市	河西区	这里是日志信息......
2023-11-10 16:02:47.463279	[INFO]	shop_manager.py	响应时间:459ms	北京市	怀柔区	这里是日志信息......
2023-11-10 16:02:47.463279	[INFO]	barcode_service.py	响应时间:991ms	安徽省	合肥市	这里是日志信息......
2023-11-10 16:02:47.463279	[INFO]	event.py	响应时间:686ms	广东省	深圳市	这里是日志信息......
2023-11-10 16:02:47.463279	[INFO]	orders_service.py	响应时间:186ms	湖北省	恩施土家族苗族自治州	这里是日志信息......
2023-11-10 16:02:47.463279	[INFO]	goods_manager.py	响应时间:964ms	北京市	昌平区	这里是日志信息......
2023-11-10 16:02:47.463279	[INFO]	shop_manager.py	响应时间:559ms	天津市	宝坻区	这里是日志信息......
2023-11-10 16:02:47.463279	[INFO]	goods_manager.py	响应时间:85ms	湖北省	武汉市	这里是日志信息......
2023-11-10 16:02:47.463279	[INFO]	shop_manager.py	响应时间:875ms	上海市	普陀区	这里是日志信息......
2023-11-10 16:02:47.463279	[INFO]	event.py	响应时间:395ms	安徽省	池州市	这里是日志信息......
2023-11-10 16:02:47.463279	[INFO]	goods_manager.py	响应时间:866ms	浙江省	舟山市	这里是日志信息......
2023-11-10 16:02:47.463279	[INFO]	orders_service.py	响应时间:264ms	北京市	丰台区	这里是日志信息......
2023-11-10 16:02:47.463279	[INFO]	barcode_service.py	响应时间:131ms	浙江省	金华市	这里是日志信息......
2023-11-10 16:02:47.463279	[INFO]	shop_manager.py	响应时间:765ms	上海市	静安区	这里是日志信息......
2023-11-10 16:02:47.463279	[INFO]	goods_manager.py	响应时间:453ms	天津市	宝坻区	这里是日志信息......
2023-11-10 16:02:47.463279	[INFO]	orders_service.py	响应时间:263ms	广东省	广州市	这里是日志信息......
2023-11-10 16:02:47.463279	[INFO]	event.py	响应时间:412ms	江苏省	宿迁市	这里是日志信息......
2023-11-10 16:02:47.463279	[INFO]	orders_service.py	响应时间:390ms	江苏省	常州市	这里是日志信息......
2023-11-10 16:02:47.463279	[INFO]	orders_service.py	响应时间:512ms	安徽省	阜阳市	这里是日志信息......
2023-11-10 16:02:47.463279	[INFO]	barcode_service.py	响应时间:438ms	重庆市	渝中区	这里是日志信息......
2023-11-10 16:02:47.463279	[INFO]	barcode_service.py	响应时间:275ms	山东省	济南市	这里是日志信息......
2023-11-10 16:02:47.463279	[INFO]	goods_manager.py	响应时间:693ms	湖南省	长沙市	这里是日志信息......
2023-11-10 16:02:47.463279	[INFO]	barcode_service.py	响应时间:883ms	湖南省	常德市	这里是日志信息......
2023-11-10 16:02:47.463279	[INFO]	event.py	响应时间:443ms	山东省	青岛市	这里是日志信息......
2023-11-10 16:02:47.463279	[ERROR]	event.py	响应时间:320ms	北京市	海淀区	这里是日志信息......
2023-11-10 16:02:47.463279	[INFO]	event.py	响应时间:858ms	湖南省	株洲市	这里是日志信息......
2023-11-10 16:02:47.463279	[INFO]	event.py	响应时间:342ms	广东省	深圳市	这里是日志信息......
2023-11-10 16:02:47.463279	[INFO]	user_manager.py	响应时间:577ms	广东省	深圳市	这里是日志信息......
2023-11-10 16:02:47.463279	[INFO]	goods_manager.py	响应时间:913ms	北京市	大兴区	这里是日志信息......
2023-11-10 16:02:47.463279	[WARN]	event.py	响应时间:89ms	江苏省	张家港市	这里是日志信息......
2023-11-10 16:02:47.463279	[INFO]	goods_manager.py	响应时间:310ms	北京市	丰台区	这里是日志信息......
2023-11-10 16:02:47.463279	[INFO]	shop_manager.py	响应时间:439ms	浙江省	杭州市	这里是日志信息......
2023-11-10 16:02:47.463279	[INFO]	barcode_service.py	响应时间:565ms	广东省	广州市	这里是日志信息......
2023-11-10 16:02:47.463279	[INFO]	user_manager.py	响应时间:633ms	湖北省	恩施土家族苗族自治州	这里是日志信息......
2023-11-10 16:02:47.463279	[INFO]	user_manager.py	响应时间:185ms	湖北省	荆州市	这里是日志信息......
2023-11-10 16:02:47.463279	[INFO]	goods_manager.py	响应时间:364ms	上海市	普陀区	这里是日志信息......
2023-11-10 16:02:47.463279	[INFO]	event.py	响应时间:278ms	湖北省	武汉市	这里是日志信息......
2023-11-10 16:02:47.463279	[INFO]	barcode_service.py	响应时间:73ms	山东省	菏泽市	这里是日志信息......
2023-11-10 16:02:47.463279	[INFO]	goods_manager.py	响应时间:838ms	浙江省	杭州市	这里是日志信息......
2023-11-10 16:02:47.463279	[INFO]	orders_service.py	响应时间:144ms	江苏省	常州市	这里是日志信息......
2023-11-10 16:02:47.463279	[WARN]	orders_service.py	响应时间:757ms	山东省	济南市	这里是日志信息......
2023-11-10 16:02:47.463279	[INFO]	event.py	响应时间:958ms	天津市	河西区	这里是日志信息......
2023-11-10 16:02:47.463279	[INFO]	orders_service.py	响应时间:503ms	山东省	济南市	这里是日志信息......
2023-11-10 16:02:47.463279	[INFO]	orders_service.py	响应时间:831ms	浙江省	湖州市	这里是日志信息......
2023-11-10 16:02:47.463279	[WARN]	event.py	响应时间:96ms	北京市	怀柔区	这里是日志信息......
2023-11-10 16:02:47.463279	[WARN]	goods_manager.py	响应时间:482ms	天津市	宝坻区	这里是日志信息......
2023-11-10 16:02:47.463279	[INFO]	event.py	响应时间:325ms	山东省	青岛市	这里是日志信息......
2023-11-10 16:02:47.463279	[INFO]	orders_service.py	响应时间:409ms	江苏省	苏州市	这里是日志信息......
2023-11-10 16:02:47.463279	[INFO]	event.py	响应时间:6341ms	广东省	广州市	这里是日志信息......
2023-11-10 16:02:47.463279	[INFO]	barcode_service.py	响应时间:990ms	山东省	青岛市	这里是日志信息......
2023-11-10 16:02:47.463279	[ERROR]	event.py	响应时间:137ms	天津市	河西区	这里是日志信息......
2023-11-10 16:02:47.463279	[INFO]	goods_manager.py	响应时间:615ms	浙江省	湖州市	这里是日志信息......
2023-11-10 16:02:47.463279	[WARN]	barcode_service.py	响应时间:728ms	重庆市	万州区	这里是日志信息......
2023-11-10 16:02:47.463279	[INFO]	goods_manager.py	响应时间:363ms	江苏省	无锡市	这里是日志信息......
2023-11-10 16:02:47.463279	[INFO]	base_network.py	响应时间:761ms	浙江省	舟山市	这里是日志信息......
2023-11-10 16:02:47.463279	[INFO]	goods_manager.py	响应时间:188ms	天津市	武清区	这里是日志信息......
2023-11-10 16:02:47.463279	[INFO]	barcode_service.py	响应时间:309ms	广东省	广州市	这里是日志信息......
2023-11-10 16:02:47.463279	[INFO]	goods_manager.py	响应时间:44ms	天津市	和平区	这里是日志信息......
2023-11-10 16:02:47.463279	[ERROR]	event.py	响应时间:3929ms	北京市	大兴区	这里是日志信息......
2023-11-10 16:02:47.463279	[INFO]	barcode_service.py	响应时间:505ms	广东省	深圳市	这里是日志信息......
2023-11-10 16:02:47.463279	[INFO]	goods_manager.py	响应时间:314ms	浙江省	金华市	这里是日志信息......
2023-11-10 16:02:47.463279	[INFO]	event.py	响应时间:653ms	重庆市	九龙坡区	这里是日志信息......
2023-11-10 16:02:47.463279	[INFO]	orders_service.py	响应时间:162ms	北京市	昌平区	这里是日志信息......
2023-11-10 16:02:47.463279	[INFO]	event.py	响应时间:697ms	湖北省	十堰市	这里是日志信息......
2023-11-10 16:02:47.463279	[WARN]	goods_manager.py	响应时间:515ms	重庆市	万州区	这里是日志信息......
2023-11-10 16:02:47.463279	[INFO]	orders_service.py	响应时间:729ms	山东省	济南市	这里是日志信息......
2023-11-10 16:02:47.463279	[INFO]	event.py	响应时间:455ms	广东省	深圳市	这里是日志信息......
2023-11-10 16:02:47.463279	[INFO]	barcode_service.py	响应时间:673ms	浙江省	湖州市	这里是日志信息......
2023-11-10 16:02:47.463279	[INFO]	orders_service.py	响应时间:545ms	湖北省	恩施土家族苗族自治州	这里是日志信息......
2023-11-10 16:02:47.463279	[INFO]	barcode_service.py	响应时间:145ms	湖南省	长沙市	这里是日志信息......
2023-11-10 16:02:47.463279	[INFO]	shop_manager.py	响应时间:182ms	浙江省	杭州市	这里是日志信息......
2023-11-10 16:02:47.463279	[INFO]	event.py	响应时间:784ms	湖南省	张家界市	这里是日志信息......
2023-11-10 16:02:47.463279	[INFO]	goods_manager.py	响应时间:857ms	安徽省	合肥市	这里是日志信息......
2023-11-10 16:02:47.463279	[INFO]	event.py	响应时间:35ms	浙江省	金华市	这里是日志信息......
2023-11-10 16:02:47.463279	[WARN]	shop_manager.py	响应时间:515ms	广东省	深圳市	这里是日志信息......
2023-11-10 16:02:47.463279	[WARN]	orders_service.py	响应时间:508ms	北京市	海淀区	这里是日志信息......
2023-11-10 16:02:47.463279	[INFO]	user_manager.py	响应时间:733ms	浙江省	丽水市	这里是日志信息......
2023-11-10 16:02:47.463279	[INFO]	event.py	响应时间:674ms	江苏省	苏州市	这里是日志信息......
2023-11-10 16:02:47.463279	[INFO]	orders_service.py	响应时间:657ms	上海市	杨浦区	这里是日志信息......
2023-11-10 16:02:47.463279	[WARN]	event.py	响应时间:850ms	天津市	和平区	这里是日志信息......
2023-11-10 16:02:47.463279	[INFO]	goods_manager.py	响应时间:304ms	广东省	广州市	这里是日志信息......
2023-11-10 16:02:47.463279	[INFO]	user_manager.py	响应时间:588ms	安徽省	阜阳市	这里是日志信息......
2023-11-10 16:02:47.463279	[ERROR]	event.py	响应时间:30ms	安徽省	合肥市	这里是日志信息......
2023-11-10 16:02:47.463279	[INFO]	event.py	响应时间:375ms	湖南省	张家界市	这里是日志信息......
2023-11-10 16:02:47.463279	[INFO]	orders_service.py	响应时间:27ms	湖北省	恩施土家族苗族自治州	这里是日志信息......
2023-11-10 16:02:47.463279	[INFO]	orders_service.py	响应时间:814ms	浙江省	绍兴市	这里是日志信息......
2023-11-10 16:02:47.463279	[WARN]	orders_service.py	响应时间:998ms	湖北省	十堰市	这里是日志信息......
2023-11-10 16:02:47.463279	[INFO]	goods_manager.py	响应时间:657ms	天津市	和平区	这里是日志信息......
2023-11-10 16:02:47.463279	[INFO]	shop_manager.py	响应时间:469ms	湖南省	长沙市	这里是日志信息......
2023-11-10 16:02:47.463279	[INFO]	goods_manager.py	响应时间:470ms	江苏省	张家港市	这里是日志信息......
2023-11-10 16:02:47.463279	[INFO]	orders_service.py	响应时间:503ms	北京市	丰台区	这里是日志信息......
2023-11-10 16:02:47.463279	[ERROR]	base_network.py	响应时间:107ms	重庆市	涪陵区	这里是日志信息......
2023-11-10 16:02:47.463279	[INFO]	event.py	响应时间:174ms	上海市	黄浦区	这里是日志信息......
2023-11-10 16:02:47.463279	[INFO]	orders_service.py	响应时间:30ms	山东省	济南市	这里是日志信息......
2023-11-10 16:02:47.463279	[INFO]	orders_service.py	响应时间:938ms	湖北省	十堰市	这里是日志信息......
2023-11-10 16:02:47.463279	[INFO]	event.py	响应时间:726ms	山东省	菏泽市	这里是日志信息......
2023-11-10 16:02:47.463279	[INFO]	barcode_service.py	响应时间:878ms	广东省	深圳市	这里是日志信息......
2023-11-10 16:02:47.463279	[INFO]	goods_manager.py	响应时间:473ms	上海市	静安区	这里是日志信息......
2023-11-10 16:02:47.463279	[WARN]	user_manager.py	响应时间:640ms	湖北省	武汉市	这里是日志信息......
2023-11-10 16:02:47.463279	[INFO]	event.py	响应时间:84ms	湖南省	株洲市	这里是日志信息......
2023-11-10 16:02:47.463279	[INFO]	event.py	响应时间:727ms	浙江省	嘉兴市	这里是日志信息......
2023-11-10 16:02:47.463279	[INFO]	event.py	响应时间:659ms	湖北省	十堰市	这里是日志信息......
2023-11-10 16:02:47.463279	[INFO]	goods_manager.py	响应时间:843ms	浙江省	舟山市	这里是日志信息......
2023-11-10 16:02:47.463279	[INFO]	orders_service.py	响应时间:724ms	广东省	广州市	这里是日志信息......
2023-11-10 16:02:47.464277	[INFO]	barcode_service.py	响应时间:424ms	湖南省	长沙市	这里是日志信息......
2023-11-10 16:02:47.464277	[INFO]	goods_manager.py	响应时间:152ms	上海市	浦东新区	这里是日志信息......
2023-11-10 16:02:47.464277	[INFO]	event.py	响应时间:994ms	安徽省	六安市	这里是日志信息......
2023-11-10 16:02:47.464277	[ERROR]	shop_manager.py	响应时间:736ms	山东省	青岛市	这里是日志信息......
2023-11-10 16:02:47.464277	[INFO]	barcode_service.py	响应时间:621ms	湖南省	长沙市	这里是日志信息......
2023-11-10 16:02:47.464277	[INFO]	orders_service.py	响应时间:389ms	重庆市	万州区	这里是日志信息......
2023-11-10 16:02:47.464277	[INFO]	event.py	响应时间:278ms	安徽省	阜阳市	这里是日志信息......
2023-11-10 16:02:47.464277	[INFO]	barcode_service.py	响应时间:448ms	湖北省	武汉市	这里是日志信息......
2023-11-10 16:02:47.464277	[INFO]	goods_manager.py	响应时间:424ms	天津市	武清区	这里是日志信息......
2023-11-10 16:02:47.464277	[INFO]	event.py	响应时间:955ms	天津市	武清区	这里是日志信息......
2023-11-10 16:02:47.464277	[WARN]	base_network.py	响应时间:401ms	湖南省	长沙市	这里是日志信息......
2023-11-10 16:02:47.464277	[INFO]	goods_manager.py	响应时间:890ms	北京市	海淀区	这里是日志信息......
2023-11-10 16:02:47.464277	[INFO]	event.py	响应时间:711ms	湖北省	恩施土家族苗族自治州	这里是日志信息......
2023-11-10 16:02:47.464277	[INFO]	orders_service.py	响应时间:380ms	湖北省	十堰市	这里是日志信息......
2023-11-10 16:02:47.464277	[ERROR]	event.py	响应时间:145ms	天津市	武清区	这里是日志信息......
2023-11-10 16:02:47.464277	[INFO]	goods_manager.py	响应时间:199ms	安徽省	铜陵市	这里是日志信息......
2023-11-10 16:02:47.464277	[INFO]	orders_service.py	响应时间:442ms	山东省	济南市	这里是日志信息......
2023-11-10 16:02:47.464277	[INFO]	orders_service.py	响应时间:15ms	湖南省	长沙市	这里是日志信息......
2023-11-10 16:02:47.464277	[INFO]	goods_manager.py	响应时间:780ms	山东省	青岛市	这里是日志信息......
2023-11-10 16:02:47.464277	[INFO]	event.py	响应时间:547ms	山东省	菏泽市	这里是日志信息......
2023-11-10 16:02:47.464277	[INFO]	goods_manager.py	响应时间:852ms	山东省	菏泽市	这里是日志信息......
2023-11-10 16:02:47.464277	[WARN]	orders_service.py	响应时间:91ms	山东省	青岛市	这里是日志信息......
2023-11-10 16:02:47.464277	[WARN]	user_manager.py	响应时间:375ms	浙江省	湖州市	这里是日志信息......
2023-11-10 16:02:47.464277	[INFO]	event.py	响应时间:862ms	湖北省	武汉市	这里是日志信息......
2023-11-10 16:02:47.464277	[ERROR]	user_manager.py	响应时间:8158ms	湖南省	长沙市	这里是日志信息......
2023-11-10 16:02:47.464277	[INFO]	orders_service.py	响应时间:468ms	北京市	海淀区	这里是日志信息......
2023-11-10 16:02:47.464277	[INFO]	goods_manager.py	响应时间:577ms	上海市	静安区	这里是日志信息......
2023-11-10 16:02:47.464277	[INFO]	event.py	响应时间:600ms	湖北省	武汉市	这里是日志信息......
2023-11-10 16:02:47.464277	[WARN]	orders_service.py	响应时间:632ms	广东省	广州市	这里是日志信息......
2023-11-10 16:02:47.464277	[WARN]	event.py	响应时间:622ms	广东省	珠海市	这里是日志信息......
2023-11-10 16:02:47.464277	[INFO]	goods_manager.py	响应时间:157ms	北京市	海淀区	这里是日志信息......
2023-11-10 16:02:47.464277	[INFO]	event.py	响应时间:348ms	重庆市	沙坪坝区	这里是日志信息......
2023-11-10 16:02:47.464277	[INFO]	event.py	响应时间:663ms	重庆市	渝中区	这里是日志信息......
2023-11-10 16:02:47.464277	[WARN]	goods_manager.py	响应时间:284ms	北京市	大兴区	这里是日志信息......
2023-11-10 16:02:47.464277	[INFO]	orders_service.py	响应时间:747ms	安徽省	六安市	这里是日志信息......
2023-11-10 16:02:47.464277	[INFO]	barcode_service.py	响应时间:224ms	北京市	丰台区	这里是日志信息......
2023-11-10 16:02:47.464277	[INFO]	event.py	响应时间:77ms	重庆市	南岸区	这里是日志信息......
2023-11-10 16:02:47.464277	[WARN]	user_manager.py	响应时间:35ms	安徽省	池州市	这里是日志信息......
2023-11-10 16:02:47.464277	[INFO]	barcode_service.py	响应时间:978ms	安徽省	六安市	这里是日志信息......
2023-11-10 16:02:47.464277	[INFO]	base_network.py	响应时间:602ms	广东省	深圳市	这里是日志信息......
2023-11-10 16:02:47.464277	[INFO]	goods_manager.py	响应时间:19ms	浙江省	舟山市	这里是日志信息......
2023-11-10 16:02:47.464277	[INFO]	orders_service.py	响应时间:766ms	山东省	济南市	这里是日志信息......
2023-11-10 16:02:47.464277	[INFO]	orders_service.py	响应时间:271ms	广东省	广州市	这里是日志信息......
2023-11-10 16:02:47.464277	[WARN]	user_manager.py	响应时间:211ms	安徽省	合肥市	这里是日志信息......
2023-11-10 16:02:47.464277	[WARN]	barcode_service.py	响应时间:515ms	浙江省	湖州市	这里是日志信息......
2023-11-10 16:02:47.464277	[INFO]	orders_service.py	响应时间:207ms	天津市	宝坻区	这里是日志信息......
2023-11-10 16:02:47.464277	[INFO]	event.py	响应时间:6977ms	上海市	浦东新区	这里是日志信息......
2023-11-10 16:02:47.464277	[INFO]	event.py	响应时间:622ms	浙江省	杭州市	这里是日志信息......
2023-11-10 16:02:47.464277	[INFO]	goods_manager.py	响应时间:839ms	山东省	菏泽市	这里是日志信息......
2023-11-10 16:02:47.464277	[INFO]	event.py	响应时间:62ms	湖南省	长沙市	这里是日志信息......
2023-11-10 16:02:47.464277	[INFO]	goods_manager.py	响应时间:573ms	上海市	静安区	这里是日志信息......
2023-11-10 16:02:47.464277	[INFO]	orders_service.py	响应时间:271ms	安徽省	六安市	这里是日志信息......
2023-11-10 16:02:47.464277	[INFO]	goods_manager.py	响应时间:848ms	上海市	宝山区	这里是日志信息......
2023-11-10 16:02:47.464277	[INFO]	shop_manager.py	响应时间:483ms	上海市	宝山区	这里是日志信息......
2023-11-10 16:02:47.464277	[INFO]	barcode_service.py	响应时间:701ms	重庆市	万州区	这里是日志信息......
2023-11-10 16:02:47.464277	[INFO]	barcode_service.py	响应时间:663ms	湖南省	长沙市	这里是日志信息......
2023-11-10 16:02:47.464277	[WARN]	goods_manager.py	响应时间:890ms	安徽省	合肥市	这里是日志信息......
2023-11-10 16:02:47.464277	[INFO]	user_manager.py	响应时间:423ms	江苏省	张家港市	这里是日志信息......
2023-11-10 16:02:47.464277	[INFO]	goods_manager.py	响应时间:8ms	浙江省	舟山市	这里是日志信息......
2023-11-10 16:02:47.464277	[INFO]	user_manager.py	响应时间:388ms	重庆市	涪陵区	这里是日志信息......
2023-11-10 16:02:47.464277	[INFO]	user_manager.py	响应时间:162ms	湖南省	长沙市	这里是日志信息......
2023-11-10 16:02:47.464277	[INFO]	user_manager.py	响应时间:708ms	天津市	河西区	这里是日志信息......
2023-11-10 16:02:47.464277	[INFO]	orders_service.py	响应时间:273ms	广东省	广州市	这里是日志信息......
2023-11-10 16:02:47.464277	[INFO]	goods_manager.py	响应时间:403ms	广东省	珠海市	这里是日志信息......
2023-11-10 16:02:47.464277	[INFO]	orders_service.py	响应时间:941ms	浙江省	杭州市	这里是日志信息......
2023-11-10 16:02:47.464277	[WARN]	orders_service.py	响应时间:760ms	江苏省	张家港市	这里是日志信息......
2023-11-10 16:02:47.464277	[INFO]	event.py	响应时间:17ms	广东省	广州市	这里是日志信息......
2023-11-10 16:02:47.464277	[INFO]	goods_manager.py	响应时间:338ms	湖北省	荆州市	这里是日志信息......
2023-11-10 16:02:47.464277	[INFO]	user_manager.py	响应时间:758ms	天津市	宝坻区	这里是日志信息......
2023-11-10 16:02:47.464277	[INFO]	goods_manager.py	响应时间:907ms	天津市	河西区	这里是日志信息......
2023-11-10 16:02:47.464277	[INFO]	event.py	响应时间:51ms	浙江省	杭州市	这里是日志信息......
2023-11-10 16:02:47.464277	[INFO]	event.py	响应时间:925ms	北京市	怀柔区	这里是日志信息......
2023-11-10 16:02:47.464277	[ERROR]	goods_manager.py	响应时间:219ms	天津市	河东区	这里是日志信息......
2023-11-10 16:02:47.464277	[INFO]	goods_manager.py	响应时间:242ms	浙江省	杭州市	这里是日志信息......
2023-11-10 16:02:47.464277	[INFO]	orders_service.py	响应时间:890ms	江苏省	常州市	这里是日志信息......
2023-11-10 16:02:47.464277	[INFO]	base_network.py	响应时间:164ms	湖北省	十堰市	这里是日志信息......
2023-11-10 16:02:47.464277	[INFO]	user_manager.py	响应时间:64ms	湖南省	长沙市	这里是日志信息......
2023-11-10 16:02:47.464277	[INFO]	event.py	响应时间:688ms	浙江省	湖州市	这里是日志信息......
2023-11-10 16:02:47.464277	[INFO]	orders_service.py	响应时间:104ms	湖北省	荆州市	这里是日志信息......
2023-11-10 16:02:47.464277	[INFO]	shop_manager.py	响应时间:381ms	山东省	济南市	这里是日志信息......
2023-11-10 16:02:47.464277	[INFO]	shop_manager.py	响应时间:466ms	广东省	珠海市	这里是日志信息......
2023-11-10 16:02:47.464277	[INFO]	barcode_service.py	响应时间:854ms	江苏省	苏州市	这里是日志信息......
2023-11-10 16:02:47.464277	[INFO]	goods_manager.py	响应时间:631ms	上海市	浦东新区	这里是日志信息......
2023-11-10 16:02:47.464277	[INFO]	goods_manager.py	响应时间:735ms	浙江省	杭州市	这里是日志信息......
2023-11-10 16:02:47.464277	[INFO]	goods_manager.py	响应时间:11ms	湖北省	十堰市	这里是日志信息......
2023-11-10 16:02:47.464277	[INFO]	event.py	响应时间:528ms	山东省	济南市	这里是日志信息......
2023-11-10 16:02:47.464277	[WARN]	orders_service.py	响应时间:89ms	广东省	广州市	这里是日志信息......
2023-11-10 16:02:47.464277	[INFO]	goods_manager.py	响应时间:600ms	山东省	青岛市	这里是日志信息......
2023-11-10 16:02:47.464277	[INFO]	event.py	响应时间:334ms	湖南省	长沙市	这里是日志信息......
2023-11-10 16:02:47.464277	[WARN]	goods_manager.py	响应时间:310ms	湖南省	长沙市	这里是日志信息......
2023-11-10 16:02:47.464277	[WARN]	orders_service.py	响应时间:23ms	北京市	丰台区	这里是日志信息......
2023-11-10 16:02:47.464277	[INFO]	user_manager.py	响应时间:635ms	浙江省	绍兴市	这里是日志信息......
2023-11-10 16:02:47.464277	[WARN]	barcode_service.py	响应时间:736ms	天津市	和平区	这里是日志信息......
2023-11-10 16:02:47.464277	[WARN]	orders_service.py	响应时间:754ms	浙江省	金华市	这里是日志信息......
2023-11-10 16:02:47.464277	[INFO]	goods_manager.py	响应时间:325ms	天津市	河西区	这里是日志信息......
2023-11-10 16:02:47.464277	[INFO]	orders_service.py	响应时间:420ms	北京市	怀柔区	这里是日志信息......
2023-11-10 16:02:47.464277	[INFO]	shop_manager.py	响应时间:0ms	浙江省	舟山市	这里是日志信息......
2023-11-10 16:02:47.464277	[INFO]	event.py	响应时间:53ms	重庆市	南岸区	这里是日志信息......
2023-11-10 16:02:47.464277	[INFO]	orders_service.py	响应时间:3216ms	北京市	大兴区	这里是日志信息......
2023-11-10 16:02:47.464277	[WARN]	goods_manager.py	响应时间:378ms	湖南省	长沙市	这里是日志信息......
2023-11-10 16:02:47.464277	[INFO]	event.py	响应时间:677ms	江苏省	南京市	这里是日志信息......
2023-11-10 16:02:47.464277	[INFO]	user_manager.py	响应时间:496ms	安徽省	芜湖市	这里是日志信息......
2023-11-10 16:02:47.464277	[INFO]	event.py	响应时间:653ms	山东省	青岛市	这里是日志信息......
2023-11-10 16:02:47.464277	[INFO]	user_manager.py	响应时间:966ms	江苏省	宿迁市	这里是日志信息......
2023-11-10 16:02:47.464277	[INFO]	orders_service.py	响应时间:347ms	广东省	广州市	这里是日志信息......
2023-11-10 16:02:47.464277	[INFO]	event.py	响应时间:506ms	北京市	朝阳区	这里是日志信息......
2023-11-10 16:02:47.464277	[INFO]	event.py	响应时间:664ms	山东省	菏泽市	这里是日志信息......
2023-11-10 16:02:47.464277	[INFO]	orders_service.py	响应时间:845ms	广东省	广州市	这里是日志信息......
2023-11-10 16:02:47.464277	[INFO]	user_manager.py	响应时间:706ms	山东省	青岛市	这里是日志信息......
2023-11-10 16:02:47.464277	[INFO]	shop_manager.py	响应时间:382ms	浙江省	杭州市	这里是日志信息......
2023-11-10 16:02:47.464277	[INFO]	barcode_service.py	响应时间:624ms	安徽省	合肥市	这里是日志信息......
2023-11-10 16:02:47.464277	[INFO]	event.py	响应时间:12ms	天津市	武清区	这里是日志信息......
2023-11-10 16:02:47.464277	[INFO]	event.py	响应时间:430ms	山东省	青岛市	这里是日志信息......
2023-11-10 16:02:47.464277	[INFO]	barcode_service.py	响应时间:811ms	重庆市	九龙坡区	这里是日志信息......
2023-11-10 16:02:47.464277	[WARN]	shop_manager.py	响应时间:406ms	湖北省	恩施土家族苗族自治州	这里是日志信息......
2023-11-10 16:02:47.464277	[INFO]	goods_manager.py	响应时间:969ms	山东省	青岛市	这里是日志信息......
2023-11-10 16:02:47.464277	[INFO]	orders_service.py	响应时间:565ms	天津市	和平区	这里是日志信息......
2023-11-10 16:02:47.464277	[INFO]	user_manager.py	响应时间:99ms	湖南省	长沙市	这里是日志信息......
2023-11-10 16:02:47.464277	[INFO]	event.py	响应时间:219ms	江苏省	南京市	这里是日志信息......
2023-11-10 16:02:47.464277	[ERROR]	goods_manager.py	响应时间:274ms	北京市	丰台区	这里是日志信息......
2023-11-10 16:02:47.464277	[INFO]	goods_manager.py	响应时间:559ms	广东省	广州市	这里是日志信息......
2023-11-10 16:02:47.464277	[INFO]	goods_manager.py	响应时间:196ms	山东省	菏泽市	这里是日志信息......
2023-11-10 16:02:47.464277	[INFO]	orders_service.py	响应时间:289ms	天津市	宝坻区	这里是日志信息......
2023-11-10 16:02:47.464277	[INFO]	orders_service.py	响应时间:502ms	广东省	珠海市	这里是日志信息......
2023-11-10 16:02:47.465277	[INFO]	goods_manager.py	响应时间:827ms	广东省	珠海市	这里是日志信息......
2023-11-10 16:02:47.465277	[INFO]	event.py	响应时间:24ms	北京市	海淀区	这里是日志信息......
2023-11-10 16:02:47.465277	[INFO]	orders_service.py	响应时间:151ms	广东省	广州市	这里是日志信息......
2023-11-10 16:02:47.465277	[WARN]	barcode_service.py	响应时间:490ms	浙江省	丽水市	这里是日志信息......
2023-11-10 16:02:47.465277	[INFO]	orders_service.py	响应时间:1940ms	重庆市	九龙坡区	这里是日志信息......
2023-11-10 16:02:47.465277	[INFO]	shop_manager.py	响应时间:180ms	北京市	丰台区	这里是日志信息......
2023-11-10 16:02:47.465277	[INFO]	base_network.py	响应时间:484ms	北京市	朝阳区	这里是日志信息......
2023-11-10 16:02:47.465277	[INFO]	user_manager.py	响应时间:964ms	浙江省	杭州市	这里是日志信息......
2023-11-10 16:02:47.465277	[ERROR]	barcode_service.py	响应时间:642ms	湖北省	武汉市	这里是日志信息......
2023-11-10 16:02:47.465277	[INFO]	user_manager.py	响应时间:290ms	天津市	河西区	这里是日志信息......
2023-11-10 16:02:47.465277	[INFO]	event.py	响应时间:354ms	上海市	杨浦区	这里是日志信息......
2023-11-10 16:02:47.465277	[INFO]	orders_service.py	响应时间:946ms	天津市	武清区	这里是日志信息......
2023-11-10 16:02:47.465277	[INFO]	user_manager.py	响应时间:394ms	山东省	济南市	这里是日志信息......
2023-11-10 16:02:47.465277	[INFO]	shop_manager.py	响应时间:966ms	浙江省	杭州市	这里是日志信息......
2023-11-10 16:02:47.465277	[INFO]	shop_manager.py	响应时间:948ms	湖北省	武汉市	这里是日志信息......
2023-11-10 16:02:47.465277	[INFO]	event.py	响应时间:661ms	湖南省	张家界市	这里是日志信息......
2023-11-10 16:02:47.465277	[INFO]	orders_service.py	响应时间:9411ms	江苏省	苏州市	这里是日志信息......
2023-11-10 16:02:47.465277	[INFO]	goods_manager.py	响应时间:859ms	山东省	青岛市	这里是日志信息......
2023-11-10 16:02:47.465277	[INFO]	orders_service.py	响应时间:659ms	湖北省	武汉市	这里是日志信息......
2023-11-10 16:02:47.465277	[ERROR]	barcode_service.py	响应时间:635ms	安徽省	铜陵市	这里是日志信息......
2023-11-10 16:02:47.465277	[INFO]	user_manager.py	响应时间:853ms	重庆市	万州区	这里是日志信息......
2023-11-10 16:02:47.465277	[INFO]	goods_manager.py	响应时间:4262ms	浙江省	丽水市	这里是日志信息......
2023-11-10 16:02:47.465277	[WARN]	orders_service.py	响应时间:361ms	广东省	深圳市	这里是日志信息......
2023-11-10 16:02:47.465277	[INFO]	goods_manager.py	响应时间:821ms	浙江省	湖州市	这里是日志信息......
2023-11-10 16:02:47.465277	[INFO]	base_network.py	响应时间:286ms	湖南省	长沙市	这里是日志信息......
2023-11-10 16:02:47.465277	[INFO]	shop_manager.py	响应时间:971ms	北京市	丰台区	这里是日志信息......
2023-11-10 16:02:47.465277	[WARN]	barcode_service.py	响应时间:123ms	湖南省	长沙市	这里是日志信息......
2023-11-10 16:02:47.465277	[INFO]	orders_service.py	响应时间:661ms	北京市	大兴区	这里是日志信息......
2023-11-10 16:02:47.465277	[INFO]	goods_manager.py	响应时间:460ms	江苏省	苏州市	这里是日志信息......
2023-11-10 16:02:47.465277	[INFO]	goods_manager.py	响应时间:461ms	江苏省	南京市	这里是日志信息......
2023-11-10 16:02:47.465277	[INFO]	barcode_service.py	响应时间:310ms	北京市	怀柔区	这里是日志信息......
2023-11-10 16:02:47.465277	[INFO]	base_network.py	响应时间:438ms	重庆市	九龙坡区	这里是日志信息......
2023-11-10 16:02:47.465277	[INFO]	goods_manager.py	响应时间:79ms	重庆市	沙坪坝区	这里是日志信息......
2023-11-10 16:02:47.465277	[INFO]	barcode_service.py	响应时间:212ms	广东省	广州市	这里是日志信息......
2023-11-10 16:02:47.465277	[WARN]	orders_service.py	响应时间:583ms	山东省	菏泽市	这里是日志信息......
2023-11-10 16:02:47.465277	[INFO]	barcode_service.py	响应时间:332ms	江苏省	南京市	这里是日志信息......
2023-11-10 16:02:47.465277	[INFO]	orders_service.py	响应时间:388ms	湖北省	武汉市	这里是日志信息......
2023-11-10 16:02:47.465277	[INFO]	shop_manager.py	响应时间:981ms	湖北省	荆州市	这里是日志信息......
2023-11-10 16:02:47.465277	[INFO]	orders_service.py	响应时间:465ms	重庆市	九龙坡区	这里是日志信息......
2023-11-10 16:02:47.465277	[INFO]	orders_service.py	响应时间:6109ms	上海市	浦东新区	这里是日志信息......
2023-11-10 16:02:47.465277	[INFO]	user_manager.py	响应时间:671ms	湖北省	武汉市	这里是日志信息......
2023-11-10 16:02:47.465277	[WARN]	goods_manager.py	响应时间:59ms	广东省	深圳市	这里是日志信息......
2023-11-10 16:02:47.465277	[INFO]	orders_service.py	响应时间:5656ms	北京市	昌平区	这里是日志信息......
2023-11-10 16:02:47.465277	[INFO]	barcode_service.py	响应时间:558ms	重庆市	南岸区	这里是日志信息......
2023-11-10 16:02:47.465277	[INFO]	shop_manager.py	响应时间:366ms	安徽省	阜阳市	这里是日志信息......
2023-11-10 16:02:47.465277	[INFO]	base_network.py	响应时间:440ms	湖南省	益阳市	这里是日志信息......
2023-11-10 16:02:47.465277	[INFO]	shop_manager.py	响应时间:628ms	江苏省	张家港市	这里是日志信息......
2023-11-10 16:02:47.465277	[INFO]	barcode_service.py	响应时间:54ms	安徽省	池州市	这里是日志信息......
2023-11-10 16:02:47.465277	[INFO]	goods_manager.py	响应时间:819ms	湖南省	长沙市	这里是日志信息......
2023-11-10 16:02:47.465277	[INFO]	orders_service.py	响应时间:236ms	山东省	济南市	这里是日志信息......
2023-11-10 16:02:47.465277	[INFO]	goods_manager.py	响应时间:174ms	湖北省	武汉市	这里是日志信息......
2023-11-10 16:02:47.465277	[INFO]	goods_manager.py	响应时间:6735ms	安徽省	合肥市	这里是日志信息......
2023-11-10 16:02:47.465277	[INFO]	event.py	响应时间:297ms	江苏省	张家港市	这里是日志信息......
2023-11-10 16:02:47.465277	[INFO]	goods_manager.py	响应时间:210ms	湖南省	张家界市	这里是日志信息......
2023-11-10 16:02:47.465277	[INFO]	base_network.py	响应时间:524ms	浙江省	丽水市	这里是日志信息......
2023-11-10 16:02:47.465277	[INFO]	user_manager.py	响应时间:877ms	山东省	济南市	这里是日志信息......
2023-11-10 16:02:47.465277	[INFO]	base_network.py	响应时间:254ms	安徽省	铜陵市	这里是日志信息......
2023-11-10 16:02:47.465277	[WARN]	user_manager.py	响应时间:802ms	重庆市	九龙坡区	这里是日志信息......
2023-11-10 16:02:47.465277	[INFO]	orders_service.py	响应时间:21ms	北京市	朝阳区	这里是日志信息......
2023-11-10 16:02:47.465277	[INFO]	event.py	响应时间:880ms	湖北省	十堰市	这里是日志信息......
2023-11-10 16:02:47.465277	[INFO]	user_manager.py	响应时间:107ms	广东省	深圳市	这里是日志信息......
2023-11-10 16:02:47.465277	[INFO]	event.py	响应时间:367ms	湖北省	武汉市	这里是日志信息......
2023-11-10 16:02:47.465277	[INFO]	goods_manager.py	响应时间:410ms	湖南省	长沙市	这里是日志信息......
2023-11-10 16:02:47.465277	[WARN]	base_network.py	响应时间:97ms	江苏省	宿迁市	这里是日志信息......
2023-11-10 16:02:47.465277	[INFO]	base_network.py	响应时间:656ms	湖南省	长沙市	这里是日志信息......
2023-11-10 16:02:47.465277	[WARN]	event.py	响应时间:81ms	江苏省	张家港市	这里是日志信息......
2023-11-10 16:02:47.465277	[INFO]	orders_service.py	响应时间:830ms	重庆市	万州区	这里是日志信息......
2023-11-10 16:02:47.465277	[INFO]	goods_manager.py	响应时间:623ms	江苏省	无锡市	这里是日志信息......
2023-11-10 16:02:47.465277	[INFO]	orders_service.py	响应时间:651ms	北京市	海淀区	这里是日志信息......
2023-11-10 16:02:47.465277	[INFO]	goods_manager.py	响应时间:404ms	广东省	广州市	这里是日志信息......
2023-11-10 16:02:47.465277	[INFO]	goods_manager.py	响应时间:631ms	天津市	和平区	这里是日志信息......
2023-11-10 16:02:47.465277	[WARN]	event.py	响应时间:719ms	湖北省	武汉市	这里是日志信息......
2023-11-10 16:02:47.465277	[INFO]	user_manager.py	响应时间:48ms	山东省	济南市	这里是日志信息......
2023-11-10 16:02:47.465277	[INFO]	event.py	响应时间:456ms	广东省	深圳市	这里是日志信息......
2023-11-10 16:02:47.465277	[INFO]	event.py	响应时间:624ms	重庆市	南岸区	这里是日志信息......
2023-11-10 16:02:47.465277	[INFO]	goods_manager.py	响应时间:641ms	浙江省	杭州市	这里是日志信息......
2023-11-10 16:02:47.465277	[INFO]	goods_manager.py	响应时间:512ms	江苏省	宿迁市	这里是日志信息......
2023-11-10 16:02:47.465277	[INFO]	event.py	响应时间:343ms	广东省	广州市	这里是日志信息......
2023-11-10 16:02:47.465277	[INFO]	goods_manager.py	响应时间:471ms	天津市	河东区	这里是日志信息......
2023-11-10 16:02:47.465277	[INFO]	user_manager.py	响应时间:82ms	重庆市	万州区	这里是日志信息......
2023-11-10 16:02:47.465277	[INFO]	event.py	响应时间:581ms	江苏省	苏州市	这里是日志信息......
2023-11-10 16:02:47.465277	[INFO]	base_network.py	响应时间:6304ms	北京市	丰台区	这里是日志信息......
2023-11-10 16:02:47.465277	[INFO]	barcode_service.py	响应时间:901ms	北京市	朝阳区	这里是日志信息......
2023-11-10 16:02:47.465277	[INFO]	event.py	响应时间:591ms	天津市	河西区	这里是日志信息......
2023-11-10 16:02:47.465277	[INFO]	orders_service.py	响应时间:779ms	广东省	深圳市	这里是日志信息......
2023-11-10 16:02:47.465277	[INFO]	goods_manager.py	响应时间:560ms	天津市	宝坻区	这里是日志信息......
2023-11-10 16:02:47.465277	[INFO]	event.py	响应时间:850ms	上海市	杨浦区	这里是日志信息......
2023-11-10 16:02:47.465277	[INFO]	barcode_service.py	响应时间:834ms	湖北省	武汉市	这里是日志信息......
2023-11-10 16:02:47.465277	[INFO]	goods_manager.py	响应时间:260ms	上海市	杨浦区	这里是日志信息......
2023-11-10 16:02:47.465277	[INFO]	goods_manager.py	响应时间:631ms	北京市	海淀区	这里是日志信息......
2023-11-10 16:02:47.465277	[INFO]	shop_manager.py	响应时间:764ms	江苏省	南京市	这里是日志信息......
2023-11-10 16:02:47.465277	[INFO]	goods_manager.py	响应时间:186ms	湖北省	恩施土家族苗族自治州	这里是日志信息......
2023-11-10 16:02:47.465277	[INFO]	orders_service.py	响应时间:9821ms	江苏省	常州市	这里是日志信息......
2023-11-10 16:02:47.465277	[INFO]	event.py	响应时间:262ms	浙江省	杭州市	这里是日志信息......
2023-11-10 16:02:47.465277	[INFO]	orders_service.py	响应时间:772ms	浙江省	丽水市	这里是日志信息......
2023-11-10 16:02:47.465277	[WARN]	shop_manager.py	响应时间:742ms	安徽省	合肥市	这里是日志信息......
2023-11-10 16:02:47.465277	[INFO]	barcode_service.py	响应时间:827ms	浙江省	丽水市	这里是日志信息......
2023-11-10 16:02:47.465277	[ERROR]	goods_manager.py	响应时间:260ms	重庆市	渝中区	这里是日志信息......
2023-11-10 16:02:47.465277	[INFO]	user_manager.py	响应时间:4810ms	安徽省	芜湖市	这里是日志信息......
2023-11-10 16:02:47.465277	[WARN]	orders_service.py	响应时间:602ms	北京市	丰台区	这里是日志信息......
2023-11-10 16:02:47.465277	[INFO]	barcode_service.py	响应时间:673ms	江苏省	苏州市	这里是日志信息......
2023-11-10 16:02:47.465277	[INFO]	event.py	响应时间:33ms	山东省	济南市	这里是日志信息......
2023-11-10 16:02:47.465277	[ERROR]	orders_service.py	响应时间:290ms	江苏省	无锡市	这里是日志信息......
2023-11-10 16:02:47.465277	[WARN]	user_manager.py	响应时间:522ms	湖南省	常德市	这里是日志信息......
2023-11-10 16:02:47.465277	[INFO]	event.py	响应时间:444ms	山东省	青岛市	这里是日志信息......
2023-11-10 16:02:47.465277	[WARN]	goods_manager.py	响应时间:285ms	浙江省	湖州市	这里是日志信息......
2023-11-10 16:02:47.465277	[INFO]	user_manager.py	响应时间:765ms	湖北省	荆州市	这里是日志信息......
2023-11-10 16:02:47.465277	[INFO]	shop_manager.py	响应时间:466ms	广东省	珠海市	这里是日志信息......
2023-11-10 16:02:47.465277	[INFO]	orders_service.py	响应时间:482ms	浙江省	嘉兴市	这里是日志信息......
2023-11-10 16:02:47.465277	[INFO]	event.py	响应时间:820ms	上海市	普陀区	这里是日志信息......
2023-11-10 16:02:47.465277	[INFO]	event.py	响应时间:150ms	江苏省	无锡市	这里是日志信息......
2023-11-10 16:02:47.465277	[INFO]	barcode_service.py	响应时间:821ms	安徽省	池州市	这里是日志信息......
2023-11-10 16:02:47.465277	[INFO]	goods_manager.py	响应时间:716ms	北京市	怀柔区	这里是日志信息......
2023-11-10 16:02:47.465277	[INFO]	orders_service.py	响应时间:602ms	浙江省	湖州市	这里是日志信息......
2023-11-10 16:02:47.465277	[INFO]	barcode_service.py	响应时间:847ms	广东省	广州市	这里是日志信息......
2023-11-10 16:02:47.465277	[INFO]	event.py	响应时间:416ms	重庆市	沙坪坝区	这里是日志信息......
2023-11-10 16:02:47.465277	[INFO]	shop_manager.py	响应时间:196ms	江苏省	南京市	这里是日志信息......
2023-11-10 16:02:47.465277	[INFO]	orders_service.py	响应时间:100ms	天津市	武清区	这里是日志信息......
2023-11-10 16:02:47.465277	[INFO]	orders_service.py	响应时间:790ms	上海市	浦东新区	这里是日志信息......
2023-11-10 16:02:47.465277	[INFO]	base_network.py	响应时间:258ms	广东省	珠海市	这里是日志信息......
2023-11-10 16:02:47.465277	[WARN]	shop_manager.py	响应时间:593ms	江苏省	宿迁市	这里是日志信息......
2023-11-10 16:02:47.465277	[WARN]	orders_service.py	响应时间:128ms	天津市	和平区	这里是日志信息......
2023-11-10 16:02:47.465277	[ERROR]	goods_manager.py	响应时间:295ms	湖北省	武汉市	这里是日志信息......
2023-11-10 16:02:47.465277	[INFO]	goods_manager.py	响应时间:430ms	广东省	珠海市	这里是日志信息......
2023-11-10 16:02:47.465277	[ERROR]	goods_manager.py	响应时间:657ms	山东省	济南市	这里是日志信息......
2023-11-10 16:02:47.465277	[INFO]	shop_manager.py	响应时间:429ms	湖南省	长沙市	这里是日志信息......
2023-11-10 16:02:47.465277	[WARN]	barcode_service.py	响应时间:627ms	天津市	武清区	这里是日志信息......
2023-11-10 16:02:47.465277	[ERROR]	barcode_service.py	响应时间:697ms	上海市	静安区	这里是日志信息......
2023-11-10 16:02:47.465277	[INFO]	event.py	响应时间:603ms	湖北省	武汉市	这里是日志信息......
2023-11-10 16:02:47.465277	[INFO]	event.py	响应时间:452ms	重庆市	万州区	这里是日志信息......
2023-11-10 16:02:47.465277	[INFO]	orders_service.py	响应时间:476ms	上海市	徐汇区	这里是日志信息......
2023-11-10 16:02:47.465277	[INFO]	orders_service.py	响应时间:5807ms	北京市	昌平区	这里是日志信息......
2023-11-10 16:02:47.466277	[INFO]	goods_manager.py	响应时间:321ms	安徽省	池州市	这里是日志信息......
2023-11-10 16:02:47.466277	[INFO]	shop_manager.py	响应时间:584ms	湖南省	长沙市	这里是日志信息......
2023-11-10 16:02:47.466277	[INFO]	barcode_service.py	响应时间:240ms	浙江省	嘉兴市	这里是日志信息......
2023-11-10 16:02:47.466277	[INFO]	event.py	响应时间:582ms	重庆市	万州区	这里是日志信息......
2023-11-10 16:02:47.466277	[INFO]	goods_manager.py	响应时间:266ms	北京市	朝阳区	这里是日志信息......
2023-11-10 16:02:47.466277	[INFO]	goods_manager.py	响应时间:626ms	安徽省	合肥市	这里是日志信息......
2023-11-10 16:02:47.466277	[INFO]	user_manager.py	响应时间:512ms	湖南省	长沙市	这里是日志信息......
2023-11-10 16:02:47.466277	[INFO]	orders_service.py	响应时间:804ms	浙江省	绍兴市	这里是日志信息......
2023-11-10 16:02:47.466277	[INFO]	base_network.py	响应时间:173ms	天津市	武清区	这里是日志信息......
2023-11-10 16:02:47.466277	[INFO]	base_network.py	响应时间:37ms	湖北省	武汉市	这里是日志信息......
2023-11-10 16:02:47.466277	[INFO]	event.py	响应时间:855ms	湖南省	株洲市	这里是日志信息......
2023-11-10 16:02:47.466277	[WARN]	event.py	响应时间:303ms	上海市	普陀区	这里是日志信息......
2023-11-10 16:02:47.466277	[INFO]	orders_service.py	响应时间:631ms	江苏省	常州市	这里是日志信息......
2023-11-10 16:02:47.466277	[INFO]	event.py	响应时间:894ms	广东省	深圳市	这里是日志信息......
2023-11-10 16:02:47.466277	[INFO]	goods_manager.py	响应时间:630ms	安徽省	合肥市	这里是日志信息......
2023-11-10 16:02:47.466277	[INFO]	orders_service.py	响应时间:855ms	浙江省	舟山市	这里是日志信息......
2023-11-10 16:02:47.466277	[INFO]	goods_manager.py	响应时间:9ms	湖北省	恩施土家族苗族自治州	这里是日志信息......
2023-11-10 16:02:47.466277	[INFO]	barcode_service.py	响应时间:254ms	浙江省	湖州市	这里是日志信息......
2023-11-10 16:02:47.466277	[INFO]	event.py	响应时间:9275ms	湖南省	长沙市	这里是日志信息......
2023-11-10 16:02:47.466277	[INFO]	shop_manager.py	响应时间:684ms	湖北省	武汉市	这里是日志信息......
2023-11-10 16:02:47.466277	[INFO]	shop_manager.py	响应时间:851ms	重庆市	渝中区	这里是日志信息......
2023-11-10 16:02:47.466277	[INFO]	event.py	响应时间:319ms	江苏省	南京市	这里是日志信息......
2023-11-10 16:02:47.466277	[INFO]	orders_service.py	响应时间:409ms	上海市	浦东新区	这里是日志信息......
2023-11-10 16:02:47.466277	[INFO]	barcode_service.py	响应时间:193ms	浙江省	杭州市	这里是日志信息......
2023-11-10 16:02:47.466277	[WARN]	event.py	响应时间:449ms	广东省	深圳市	这里是日志信息......
2023-11-10 16:02:47.466277	[WARN]	shop_manager.py	响应时间:578ms	上海市	普陀区	这里是日志信息......
2023-11-10 16:02:47.466277	[INFO]	orders_service.py	响应时间:7ms	安徽省	阜阳市	这里是日志信息......
2023-11-10 16:02:47.466277	[INFO]	goods_manager.py	响应时间:973ms	重庆市	渝中区	这里是日志信息......
2023-11-10 16:02:47.466277	[INFO]	barcode_service.py	响应时间:158ms	重庆市	万州区	这里是日志信息......
2023-11-10 16:02:47.466277	[WARN]	barcode_service.py	响应时间:679ms	北京市	怀柔区	这里是日志信息......
2023-11-10 16:02:47.466277	[INFO]	barcode_service.py	响应时间:747ms	江苏省	南京市	这里是日志信息......
2023-11-10 16:02:47.466277	[ERROR]	shop_manager.py	响应时间:617ms	重庆市	沙坪坝区	这里是日志信息......
2023-11-10 16:02:47.466277	[WARN]	goods_manager.py	响应时间:747ms	广东省	深圳市	这里是日志信息......
2023-11-10 16:02:47.466277	[INFO]	event.py	响应时间:932ms	天津市	河东区	这里是日志信息......
2023-11-10 16:02:47.466277	[INFO]	goods_manager.py	响应时间:460ms	广东省	珠海市	这里是日志信息......
2023-11-10 16:02:47.466277	[INFO]	user_manager.py	响应时间:408ms	安徽省	芜湖市	这里是日志信息......
2023-11-10 16:02:47.466277	[INFO]	orders_service.py	响应时间:742ms	北京市	丰台区	这里是日志信息......
2023-11-10 16:02:47.466277	[WARN]	event.py	响应时间:41ms	湖北省	武汉市	这里是日志信息......
2023-11-10 16:02:47.466277	[INFO]	event.py	响应时间:122ms	湖北省	武汉市	这里是日志信息......
2023-11-10 16:02:47.466277	[INFO]	orders_service.py	响应时间:80ms	湖北省	武汉市	这里是日志信息......
2023-11-10 16:02:47.466277	[INFO]	base_network.py	响应时间:820ms	湖南省	长沙市	这里是日志信息......
2023-11-10 16:02:47.466277	[INFO]	goods_manager.py	响应时间:67ms	广东省	珠海市	这里是日志信息......
2023-11-10 16:02:47.466277	[INFO]	user_manager.py	响应时间:32ms	广东省	广州市	这里是日志信息......
2023-11-10 16:02:47.466277	[INFO]	shop_manager.py	响应时间:332ms	安徽省	芜湖市	这里是日志信息......
2023-11-10 16:02:47.466277	[WARN]	base_network.py	响应时间:510ms	浙江省	杭州市	这里是日志信息......
2023-11-10 16:02:47.466277	[INFO]	orders_service.py	响应时间:35ms	湖北省	武汉市	这里是日志信息......
2023-11-10 16:02:47.466277	[INFO]	shop_manager.py	响应时间:248ms	湖南省	益阳市	这里是日志信息......
2023-11-10 16:02:47.466277	[INFO]	event.py	响应时间:50ms	重庆市	万州区	这里是日志信息......
2023-11-10 16:02:47.466277	[INFO]	barcode_service.py	响应时间:907ms	北京市	海淀区	这里是日志信息......
2023-11-10 16:02:47.466277	[WARN]	user_manager.py	响应时间:4599ms	湖北省	武汉市	这里是日志信息......
2023-11-10 16:02:47.466277	[INFO]	barcode_service.py	响应时间:243ms	江苏省	苏州市	这里是日志信息......
2023-11-10 16:02:47.466277	[INFO]	barcode_service.py	响应时间:405ms	北京市	朝阳区	这里是日志信息......
2023-11-10 16:02:47.466277	[INFO]	orders_service.py	响应时间:816ms	安徽省	芜湖市	这里是日志信息......
2023-11-10 16:02:47.466277	[INFO]	goods_manager.py	响应时间:586ms	湖北省	恩施土家族苗族自治州	这里是日志信息......
2023-11-10 16:02:47.466277	[INFO]	goods_manager.py	响应时间:696ms	浙江省	丽水市	这里是日志信息......
2023-11-10 16:02:47.466277	[INFO]	orders_service.py	响应时间:8417ms	天津市	河东区	这里是日志信息......
2023-11-10 16:02:47.466277	[INFO]	goods_manager.py	响应时间:92ms	浙江省	金华市	这里是日志信息......
2023-11-10 16:02:47.466277	[ERROR]	barcode_service.py	响应时间:70ms	北京市	大兴区	这里是日志信息......
2023-11-10 16:02:47.466277	[INFO]	shop_manager.py	响应时间:757ms	江苏省	宿迁市	这里是日志信息......
2023-11-10 16:02:47.466277	[INFO]	shop_manager.py	响应时间:865ms	重庆市	南岸区	这里是日志信息......
2023-11-10 16:02:47.466277	[INFO]	goods_manager.py	响应时间:96ms	广东省	广州市	这里是日志信息......
2023-11-10 16:02:47.466277	[INFO]	event.py	响应时间:356ms	重庆市	九龙坡区	这里是日志信息......
2023-11-10 16:02:47.466277	[INFO]	base_network.py	响应时间:22ms	湖北省	武汉市	这里是日志信息......
2023-11-10 16:02:47.466277	[INFO]	event.py	响应时间:258ms	湖南省	长沙市	这里是日志信息......
2023-11-10 16:02:47.466277	[INFO]	orders_service.py	响应时间:274ms	湖南省	长沙市	这里是日志信息......
2023-11-10 16:02:47.466277	[INFO]	barcode_service.py	响应时间:64ms	广东省	深圳市	这里是日志信息......
2023-11-10 16:02:47.466277	[WARN]	event.py	响应时间:632ms	安徽省	芜湖市	这里是日志信息......
2023-11-10 16:02:47.466277	[INFO]	goods_manager.py	响应时间:106ms	天津市	河西区	这里是日志信息......
2023-11-10 16:02:47.466277	[INFO]	orders_service.py	响应时间:337ms	安徽省	六安市	这里是日志信息......
2023-11-10 16:02:47.466277	[INFO]	base_network.py	响应时间:501ms	湖北省	武汉市	这里是日志信息......
2023-11-10 16:02:47.466277	[INFO]	event.py	响应时间:634ms	天津市	河东区	这里是日志信息......
2023-11-10 16:02:47.466277	[INFO]	orders_service.py	响应时间:214ms	湖南省	长沙市	这里是日志信息......
2023-11-10 16:02:47.466277	[INFO]	orders_service.py	响应时间:63ms	浙江省	丽水市	这里是日志信息......
2023-11-10 16:02:47.466277	[INFO]	orders_service.py	响应时间:544ms	浙江省	金华市	这里是日志信息......
2023-11-10 16:02:47.466277	[INFO]	goods_manager.py	响应时间:606ms	天津市	河西区	这里是日志信息......
2023-11-10 16:02:47.466277	[INFO]	barcode_service.py	响应时间:538ms	江苏省	无锡市	这里是日志信息......
2023-11-10 16:02:47.466277	[INFO]	user_manager.py	响应时间:121ms	山东省	菏泽市	这里是日志信息......
2023-11-10 16:02:47.466277	[INFO]	orders_service.py	响应时间:1682ms	北京市	昌平区	这里是日志信息......
2023-11-10 16:02:47.466277	[INFO]	orders_service.py	响应时间:461ms	湖南省	长沙市	这里是日志信息......
2023-11-10 16:02:47.466277	[INFO]	goods_manager.py	响应时间:429ms	山东省	青岛市	这里是日志信息......
2023-11-10 16:02:47.466277	[INFO]	goods_manager.py	响应时间:569ms	湖南省	常德市	这里是日志信息......
2023-11-10 16:02:47.466277	[INFO]	event.py	响应时间:247ms	湖南省	张家界市	这里是日志信息......
2023-11-10 16:02:47.466277	[INFO]	user_manager.py	响应时间:6002ms	浙江省	舟山市	这里是日志信息......
2023-11-10 16:02:47.466277	[INFO]	event.py	响应时间:19ms	江苏省	南京市	这里是日志信息......
2023-11-10 16:02:47.466277	[INFO]	orders_service.py	响应时间:767ms	江苏省	南京市	这里是日志信息......
2023-11-10 16:02:47.466277	[INFO]	goods_manager.py	响应时间:538ms	北京市	大兴区	这里是日志信息......
2023-11-10 16:02:47.466277	[INFO]	event.py	响应时间:331ms	重庆市	九龙坡区	这里是日志信息......
2023-11-10 16:02:47.466277	[INFO]	orders_service.py	响应时间:636ms	江苏省	宿迁市	这里是日志信息......
2023-11-10 16:02:47.466277	[INFO]	user_manager.py	响应时间:870ms	湖北省	十堰市	这里是日志信息......
2023-11-10 16:02:47.466277	[WARN]	orders_service.py	响应时间:251ms	上海市	静安区	这里是日志信息......
2023-11-10 16:02:47.466277	[INFO]	goods_manager.py	响应时间:6ms	重庆市	九龙坡区	这里是日志信息......
2023-11-10 16:02:47.466277	[INFO]	orders_service.py	响应时间:117ms	湖北省	武汉市	这里是日志信息......
2023-11-10 16:02:47.466277	[INFO]	event.py	响应时间:419ms	山东省	青岛市	这里是日志信息......
2023-11-10 16:02:47.466277	[INFO]	base_network.py	响应时间:852ms	天津市	宝坻区	这里是日志信息......
2023-11-10 16:02:47.466277	[INFO]	user_manager.py	响应时间:526ms	安徽省	池州市	这里是日志信息......
2023-11-10 16:02:47.466277	[INFO]	orders_service.py	响应时间:632ms	重庆市	万州区	这里是日志信息......
2023-11-10 16:02:47.466277	[INFO]	base_network.py	响应时间:623ms	山东省	济南市	这里是日志信息......
2023-11-10 16:02:47.466277	[INFO]	user_manager.py	响应时间:483ms	北京市	大兴区	这里是日志信息......
2023-11-10 16:02:47.466277	[INFO]	user_manager.py	响应时间:628ms	江苏省	无锡市	这里是日志信息......
2023-11-10 16:02:47.466277	[INFO]	barcode_service.py	响应时间:307ms	湖北省	荆州市	这里是日志信息......
2023-11-10 16:02:47.466277	[INFO]	base_network.py	响应时间:341ms	广东省	深圳市	这里是日志信息......
2023-11-10 16:02:47.466277	[ERROR]	barcode_service.py	响应时间:264ms	江苏省	南京市	这里是日志信息......
2023-11-10 16:02:47.466277	[INFO]	event.py	响应时间:871ms	湖南省	长沙市	这里是日志信息......
2023-11-10 16:02:47.466277	[INFO]	orders_service.py	响应时间:211ms	江苏省	苏州市	这里是日志信息......
2023-11-10 16:02:47.466277	[INFO]	orders_service.py	响应时间:115ms	上海市	浦东新区	这里是日志信息......
2023-11-10 16:02:47.466277	[INFO]	barcode_service.py	响应时间:763ms	北京市	海淀区	这里是日志信息......
2023-11-10 16:02:47.466277	[INFO]	orders_service.py	响应时间:282ms	北京市	怀柔区	这里是日志信息......
2023-11-10 16:02:47.466277	[ERROR]	goods_manager.py	响应时间:269ms	山东省	菏泽市	这里是日志信息......
2023-11-10 16:02:47.466277	[INFO]	goods_manager.py	响应时间:465ms	湖北省	武汉市	这里是日志信息......
2023-11-10 16:02:47.466277	[INFO]	user_manager.py	响应时间:343ms	湖北省	恩施土家族苗族自治州	这里是日志信息......
2023-11-10 16:02:47.466277	[INFO]	orders_service.py	响应时间:252ms	广东省	深圳市	这里是日志信息......
2023-11-10 16:02:47.466277	[INFO]	orders_service.py	响应时间:814ms	湖北省	十堰市	这里是日志信息......
2023-11-10 16:02:47.466277	[INFO]	barcode_service.py	响应时间:572ms	湖北省	武汉市	这里是日志信息......
2023-11-10 16:02:47.466277	[INFO]	event.py	响应时间:259ms	重庆市	万州区	这里是日志信息......
2023-11-10 16:02:47.466277	[INFO]	event.py	响应时间:503ms	湖南省	长沙市	这里是日志信息......
2023-11-10 16:02:47.466277	[INFO]	event.py	响应时间:829ms	湖北省	十堰市	这里是日志信息......
2023-11-10 16:02:47.466277	[WARN]	goods_manager.py	响应时间:842ms	北京市	朝阳区	这里是日志信息......
2023-11-10 16:02:47.466277	[WARN]	shop_manager.py	响应时间:320ms	重庆市	万州区	这里是日志信息......
2023-11-10 16:02:47.466277	[INFO]	goods_manager.py	响应时间:662ms	北京市	怀柔区	这里是日志信息......
2023-11-10 16:02:47.466277	[INFO]	goods_manager.py	响应时间:38ms	广东省	深圳市	这里是日志信息......
2023-11-10 16:02:47.466277	[INFO]	event.py	响应时间:570ms	北京市	昌平区	这里是日志信息......
2023-11-10 16:02:47.466277	[WARN]	user_manager.py	响应时间:791ms	重庆市	沙坪坝区	这里是日志信息......
2023-11-10 16:02:47.466277	[INFO]	shop_manager.py	响应时间:861ms	江苏省	无锡市	这里是日志信息......
2023-11-10 16:02:47.466277	[INFO]	event.py	响应时间:694ms	天津市	和平区	这里是日志信息......
2023-11-10 16:02:47.466277	[WARN]	barcode_service.py	响应时间:625ms	江苏省	南京市	这里是日志信息......
2023-11-10 16:02:47.466277	[INFO]	base_network.py	响应时间:492ms	天津市	武清区	这里是日志信息......
2023-11-10 16:02:47.466277	[INFO]	barcode_service.py	响应时间:3117ms	浙江省	湖州市	这里是日志信息......
2023-11-10 16:02:47.466277	[INFO]	goods_manager.py	响应时间:716ms	山东省	济南市	这里是日志信息......
2023-11-10 16:02:47.466277	[INFO]	shop_manager.py	响应时间:159ms	浙江省	丽水市	这里是日志信息......
2023-11-10 16:02:47.466277	[ERROR]	barcode_service.py	响应时间:3950ms	江苏省	南京市	这里是日志信息......
2023-11-10 16:02:47.466277	[INFO]	event.py	响应时间:831ms	广东省	广州市	这里是日志信息......
2023-11-10 16:02:47.466277	[INFO]	goods_manager.py	响应时间:952ms	湖南省	长沙市	这里是日志信息......
2023-11-10 16:02:47.466277	[ERROR]	base_network.py	响应时间:654ms	山东省	济南市	这里是日志信息......
2023-11-10 16:02:47.466277	[INFO]	base_network.py	响应时间:569ms	天津市	河东区	这里是日志信息......
2023-11-10 16:02:47.466277	[INFO]	event.py	响应时间:485ms	江苏省	宿迁市	这里是日志信息......
2023-11-10 16:02:47.466277	[INFO]	barcode_service.py	响应时间:884ms	湖南省	长沙市	这里是日志信息......
2023-11-10 16:02:47.467277	[INFO]	goods_manager.py	响应时间:854ms	重庆市	万州区	这里是日志信息......
2023-11-10 16:02:47.467277	[INFO]	goods_manager.py	响应时间:704ms	江苏省	苏州市	这里是日志信息......
2023-11-10 16:02:47.467277	[INFO]	shop_manager.py	响应时间:430ms	上海市	浦东新区	这里是日志信息......
2023-11-10 16:02:47.467277	[WARN]	barcode_service.py	响应时间:54ms	北京市	怀柔区	这里是日志信息......
2023-11-10 16:02:47.467277	[WARN]	user_manager.py	响应时间:425ms	江苏省	苏州市	这里是日志信息......
2023-11-10 16:02:47.467277	[INFO]	user_manager.py	响应时间:758ms	江苏省	南京市	这里是日志信息......
2023-11-10 16:02:47.467277	[INFO]	event.py	响应时间:591ms	北京市	昌平区	这里是日志信息......
2023-11-10 16:02:47.467277	[INFO]	event.py	响应时间:989ms	江苏省	苏州市	这里是日志信息......
2023-11-10 16:02:47.467277	[INFO]	event.py	响应时间:354ms	湖南省	长沙市	这里是日志信息......
2023-11-10 16:02:47.467277	[INFO]	orders_service.py	响应时间:770ms	天津市	河西区	这里是日志信息......
2023-11-10 16:02:47.467277	[INFO]	goods_manager.py	响应时间:883ms	安徽省	阜阳市	这里是日志信息......
2023-11-10 16:02:47.467277	[INFO]	goods_manager.py	响应时间:3967ms	安徽省	合肥市	这里是日志信息......
2023-11-10 16:02:47.467277	[INFO]	event.py	响应时间:77ms	湖北省	武汉市	这里是日志信息......
2023-11-10 16:02:47.467277	[INFO]	shop_manager.py	响应时间:529ms	山东省	菏泽市	这里是日志信息......
2023-11-10 16:02:47.467277	[WARN]	goods_manager.py	响应时间:783ms	重庆市	万州区	这里是日志信息......
2023-11-10 16:02:47.467277	[INFO]	goods_manager.py	响应时间:160ms	江苏省	张家港市	这里是日志信息......
2023-11-10 16:02:47.467277	[INFO]	event.py	响应时间:725ms	北京市	海淀区	这里是日志信息......
2023-11-10 16:02:47.467277	[INFO]	shop_manager.py	响应时间:4639ms	天津市	和平区	这里是日志信息......
2023-11-10 16:02:47.467277	[INFO]	shop_manager.py	响应时间:21ms	湖南省	长沙市	这里是日志信息......
2023-11-10 16:02:47.467277	[INFO]	barcode_service.py	响应时间:2349ms	天津市	河东区	这里是日志信息......
2023-11-10 16:02:47.467277	[INFO]	orders_service.py	响应时间:205ms	湖北省	十堰市	这里是日志信息......
2023-11-10 16:02:47.467277	[INFO]	orders_service.py	响应时间:437ms	北京市	海淀区	这里是日志信息......
2023-11-10 16:02:47.467277	[INFO]	event.py	响应时间:947ms	北京市	海淀区	这里是日志信息......
2023-11-10 16:02:47.467277	[INFO]	event.py	响应时间:300ms	天津市	宝坻区	这里是日志信息......
2023-11-10 16:02:47.467277	[INFO]	event.py	响应时间:593ms	广东省	深圳市	这里是日志信息......
2023-11-10 16:02:47.467277	[WARN]	event.py	响应时间:577ms	天津市	宝坻区	这里是日志信息......
2023-11-10 16:02:47.467277	[INFO]	goods_manager.py	响应时间:400ms	重庆市	渝中区	这里是日志信息......
2023-11-10 16:02:47.467277	[INFO]	event.py	响应时间:218ms	湖北省	荆州市	这里是日志信息......
2023-11-10 16:02:47.467277	[INFO]	event.py	响应时间:433ms	天津市	和平区	这里是日志信息......
2023-11-10 16:02:47.467277	[INFO]	goods_manager.py	响应时间:261ms	重庆市	万州区	这里是日志信息......
2023-11-10 16:02:47.467277	[INFO]	shop_manager.py	响应时间:542ms	北京市	大兴区	这里是日志信息......
2023-11-10 16:02:47.467277	[INFO]	event.py	响应时间:30ms	浙江省	杭州市	这里是日志信息......
2023-11-10 16:02:47.467277	[INFO]	event.py	响应时间:837ms	上海市	浦东新区	这里是日志信息......
2023-11-10 16:02:47.467277	[INFO]	barcode_service.py	响应时间:209ms	江苏省	南京市	这里是日志信息......
2023-11-10 16:02:47.467277	[INFO]	user_manager.py	响应时间:679ms	浙江省	杭州市	这里是日志信息......
2023-11-10 16:02:47.467277	[INFO]	user_manager.py	响应时间:195ms	上海市	宝山区	这里是日志信息......
2023-11-10 16:02:47.467277	[INFO]	goods_manager.py	响应时间:805ms	上海市	黄浦区	这里是日志信息......
2023-11-10 16:02:47.467277	[INFO]	event.py	响应时间:643ms	湖南省	张家界市	这里是日志信息......
2023-11-10 16:02:47.467277	[INFO]	goods_manager.py	响应时间:283ms	江苏省	南京市	这里是日志信息......
2023-11-10 16:02:47.467277	[ERROR]	event.py	响应时间:752ms	北京市	海淀区	这里是日志信息......
2023-11-10 16:02:47.467277	[INFO]	user_manager.py	响应时间:493ms	江苏省	南京市	这里是日志信息......
2023-11-10 16:02:47.467277	[INFO]	user_manager.py	响应时间:349ms	湖南省	长沙市	这里是日志信息......
2023-11-10 16:02:47.467277	[INFO]	shop_manager.py	响应时间:662ms	上海市	杨浦区	这里是日志信息......
2023-11-10 16:02:47.467277	[INFO]	base_network.py	响应时间:791ms	北京市	海淀区	这里是日志信息......
2023-11-10 16:02:47.467277	[INFO]	event.py	响应时间:332ms	重庆市	沙坪坝区	这里是日志信息......
2023-11-10 16:02:47.467277	[INFO]	user_manager.py	响应时间:337ms	湖北省	十堰市	这里是日志信息......
2023-11-10 16:02:47.467277	[INFO]	orders_service.py	响应时间:79ms	湖北省	武汉市	这里是日志信息......
2023-11-10 16:02:47.467277	[INFO]	event.py	响应时间:951ms	湖南省	长沙市	这里是日志信息......
2023-11-10 16:02:47.467277	[INFO]	shop_manager.py	响应时间:139ms	广东省	广州市	这里是日志信息......
2023-11-10 16:02:47.467277	[INFO]	barcode_service.py	响应时间:544ms	山东省	青岛市	这里是日志信息......
2023-11-10 16:02:47.467277	[ERROR]	orders_service.py	响应时间:353ms	江苏省	南京市	这里是日志信息......
2023-11-10 16:02:47.467277	[INFO]	goods_manager.py	响应时间:603ms	江苏省	常州市	这里是日志信息......
2023-11-10 16:02:47.467277	[INFO]	event.py	响应时间:210ms	天津市	河东区	这里是日志信息......
2023-11-10 16:02:47.467277	[ERROR]	user_manager.py	响应时间:249ms	天津市	和平区	这里是日志信息......
2023-11-10 16:02:47.467277	[INFO]	event.py	响应时间:823ms	浙江省	湖州市	这里是日志信息......
2023-11-10 16:02:47.467277	[INFO]	orders_service.py	响应时间:677ms	湖南省	长沙市	这里是日志信息......
2023-11-10 16:02:47.467277	[INFO]	orders_service.py	响应时间:565ms	湖南省	株洲市	这里是日志信息......
2023-11-10 16:02:47.467277	[INFO]	event.py	响应时间:641ms	天津市	宝坻区	这里是日志信息......
2023-11-10 16:02:47.467277	[INFO]	event.py	响应时间:808ms	广东省	深圳市	这里是日志信息......
2023-11-10 16:02:47.467277	[INFO]	barcode_service.py	响应时间:857ms	江苏省	张家港市	这里是日志信息......
2023-11-10 16:02:47.467277	[INFO]	base_network.py	响应时间:853ms	天津市	宝坻区	这里是日志信息......
2023-11-10 16:02:47.467277	[WARN]	orders_service.py	响应时间:4986ms	安徽省	铜陵市	这里是日志信息......
2023-11-10 16:02:47.467277	[INFO]	goods_manager.py	响应时间:372ms	安徽省	芜湖市	这里是日志信息......
2023-11-10 16:02:47.467277	[INFO]	base_network.py	响应时间:954ms	湖南省	长沙市	这里是日志信息......
2023-11-10 16:02:47.467277	[INFO]	goods_manager.py	响应时间:484ms	湖南省	益阳市	这里是日志信息......
2023-11-10 16:02:47.467277	[INFO]	barcode_service.py	响应时间:527ms	广东省	深圳市	这里是日志信息......
2023-11-10 16:02:47.467277	[INFO]	event.py	响应时间:418ms	山东省	青岛市	这里是日志信息......
2023-11-10 16:02:47.467277	[ERROR]	user_manager.py	响应时间:719ms	湖南省	长沙市	这里是日志信息......
2023-11-10 16:02:47.467277	[WARN]	event.py	响应时间:653ms	湖南省	长沙市	这里是日志信息......
2023-11-10 16:02:47.467277	[INFO]	orders_service.py	响应时间:315ms	湖北省	荆州市	这里是日志信息......
2023-11-10 16:02:47.467277	[INFO]	event.py	响应时间:659ms	安徽省	池州市	这里是日志信息......
2023-11-10 16:02:47.467277	[INFO]	barcode_service.py	响应时间:935ms	江苏省	南京市	这里是日志信息......
2023-11-10 16:02:47.467277	[INFO]	event.py	响应时间:75ms	山东省	青岛市	这里是日志信息......
2023-11-10 16:02:47.467277	[ERROR]	event.py	响应时间:868ms	北京市	丰台区	这里是日志信息......
2023-11-10 16:02:47.467277	[WARN]	goods_manager.py	响应时间:897ms	湖北省	武汉市	这里是日志信息......
2023-11-10 16:02:47.467277	[INFO]	goods_manager.py	响应时间:614ms	重庆市	万州区	这里是日志信息......
2023-11-10 16:02:47.467277	[ERROR]	barcode_service.py	响应时间:290ms	浙江省	绍兴市	这里是日志信息......
2023-11-10 16:02:47.467277	[ERROR]	event.py	响应时间:372ms	重庆市	万州区	这里是日志信息......
2023-11-10 16:02:47.467277	[INFO]	goods_manager.py	响应时间:678ms	湖南省	长沙市	这里是日志信息......
2023-11-10 16:02:47.467277	[INFO]	orders_service.py	响应时间:568ms	上海市	静安区	这里是日志信息......
2023-11-10 16:02:47.467277	[WARN]	event.py	响应时间:388ms	北京市	海淀区	这里是日志信息......
2023-11-10 16:02:47.467277	[INFO]	barcode_service.py	响应时间:900ms	湖南省	长沙市	这里是日志信息......
2023-11-10 16:02:47.467277	[INFO]	orders_service.py	响应时间:359ms	广东省	珠海市	这里是日志信息......
2023-11-10 16:02:47.467277	[INFO]	event.py	响应时间:201ms	重庆市	九龙坡区	这里是日志信息......
2023-11-10 16:02:47.467277	[INFO]	goods_manager.py	响应时间:429ms	重庆市	万州区	这里是日志信息......
2023-11-10 16:02:47.467277	[INFO]	orders_service.py	响应时间:704ms	上海市	浦东新区	这里是日志信息......
2023-11-10 16:02:47.467277	[INFO]	shop_manager.py	响应时间:615ms	江苏省	无锡市	这里是日志信息......
2023-11-10 16:02:47.467277	[INFO]	barcode_service.py	响应时间:104ms	天津市	河东区	这里是日志信息......
2023-11-10 16:02:47.467277	[INFO]	base_network.py	响应时间:970ms	安徽省	铜陵市	这里是日志信息......
2023-11-10 16:02:47.467277	[INFO]	goods_manager.py	响应时间:447ms	湖北省	恩施土家族苗族自治州	这里是日志信息......
2023-11-10 16:02:47.467277	[INFO]	barcode_service.py	响应时间:187ms	上海市	普陀区	这里是日志信息......
2023-11-10 16:02:47.467277	[INFO]	base_network.py	响应时间:19ms	北京市	怀柔区	这里是日志信息......
2023-11-10 16:02:47.467277	[INFO]	event.py	响应时间:166ms	上海市	黄浦区	这里是日志信息......
2023-11-10 16:02:47.467277	[INFO]	barcode_service.py	响应时间:19ms	浙江省	丽水市	这里是日志信息......
2023-11-10 16:02:47.467277	[INFO]	goods_manager.py	响应时间:370ms	天津市	武清区	这里是日志信息......
2023-11-10 16:02:47.467277	[INFO]	goods_manager.py	响应时间:731ms	江苏省	苏州市	这里是日志信息......
2023-11-10 16:02:47.467277	[INFO]	event.py	响应时间:798ms	天津市	武清区	这里是日志信息......
2023-11-10 16:02:47.467277	[INFO]	event.py	响应时间:209ms	山东省	青岛市	这里是日志信息......
2023-11-10 16:02:47.467277	[INFO]	user_manager.py	响应时间:190ms	北京市	大兴区	这里是日志信息......
2023-11-10 16:02:47.467277	[INFO]	goods_manager.py	响应时间:617ms	北京市	昌平区	这里是日志信息......
2023-11-10 16:02:47.467277	[INFO]	orders_service.py	响应时间:704ms	天津市	武清区	这里是日志信息......
2023-11-10 16:02:47.467277	[INFO]	base_network.py	响应时间:426ms	安徽省	铜陵市	这里是日志信息......
2023-11-10 16:02:47.467277	[INFO]	orders_service.py	响应时间:201ms	安徽省	芜湖市	这里是日志信息......
2023-11-10 16:02:47.467277	[INFO]	event.py	响应时间:829ms	湖南省	长沙市	这里是日志信息......
2023-11-10 16:02:47.467277	[INFO]	event.py	响应时间:467ms	湖北省	恩施土家族苗族自治州	这里是日志信息......
2023-11-10 16:02:47.467277	[INFO]	user_manager.py	响应时间:397ms	北京市	怀柔区	这里是日志信息......
2023-11-10 16:02:47.467277	[INFO]	barcode_service.py	响应时间:393ms	湖南省	张家界市	这里是日志信息......
2023-11-10 16:02:47.467277	[WARN]	goods_manager.py	响应时间:984ms	湖北省	武汉市	这里是日志信息......
2023-11-10 16:02:47.467277	[INFO]	shop_manager.py	响应时间:702ms	天津市	河西区	这里是日志信息......
2023-11-10 16:02:47.467277	[INFO]	event.py	响应时间:633ms	上海市	黄浦区	这里是日志信息......
2023-11-10 16:02:47.467277	[INFO]	goods_manager.py	响应时间:327ms	湖北省	武汉市	这里是日志信息......
2023-11-10 16:02:47.467277	[WARN]	event.py	响应时间:275ms	安徽省	合肥市	这里是日志信息......
2023-11-10 16:02:47.467277	[INFO]	base_network.py	响应时间:759ms	山东省	济南市	这里是日志信息......
2023-11-10 16:02:47.467277	[WARN]	event.py	响应时间:169ms	广东省	广州市	这里是日志信息......
2023-11-10 16:02:47.467277	[INFO]	event.py	响应时间:262ms	上海市	静安区	这里是日志信息......
2023-11-10 16:02:47.467277	[WARN]	barcode_service.py	响应时间:902ms	湖南省	长沙市	这里是日志信息......
2023-11-10 16:02:47.467277	[INFO]	event.py	响应时间:406ms	湖北省	荆州市	这里是日志信息......
2023-11-10 16:02:47.467277	[INFO]	orders_service.py	响应时间:865ms	北京市	海淀区	这里是日志信息......
2023-11-10 16:02:47.467277	[INFO]	base_network.py	响应时间:2177ms	安徽省	阜阳市	这里是日志信息......
2023-11-10 16:02:47.467277	[INFO]	barcode_service.py	响应时间:968ms	湖南省	株洲市	这里是日志信息......
2023-11-10 16:02:47.467277	[INFO]	goods_manager.py	响应时间:437ms	广东省	广州市	这里是日志信息......
2023-11-10 16:02:47.468277	[INFO]	event.py	响应时间:279ms	重庆市	沙坪坝区	这里是日志信息......
2023-11-10 16:02:47.468277	[INFO]	barcode_service.py	响应时间:629ms	江苏省	苏州市	这里是日志信息......
2023-11-10 16:02:47.468277	[INFO]	goods_manager.py	响应时间:2373ms	江苏省	南京市	这里是日志信息......
2023-11-10 16:02:47.468277	[INFO]	barcode_service.py	响应时间:368ms	山东省	济南市	这里是日志信息......
2023-11-10 16:02:47.468277	[WARN]	barcode_service.py	响应时间:702ms	山东省	济南市	这里是日志信息......
2023-11-10 16:02:47.468277	[INFO]	goods_manager.py	响应时间:977ms	湖南省	长沙市	这里是日志信息......
2023-11-10 16:02:47.468277	[INFO]	barcode_service.py	响应时间:513ms	湖南省	长沙市	这里是日志信息......
2023-11-10 16:02:47.468277	[INFO]	barcode_service.py	响应时间:684ms	广东省	深圳市	这里是日志信息......
2023-11-10 16:02:47.468277	[INFO]	goods_manager.py	响应时间:794ms	北京市	海淀区	这里是日志信息......
2023-11-10 16:02:47.468277	[INFO]	orders_service.py	响应时间:426ms	江苏省	张家港市	这里是日志信息......
2023-11-10 16:02:47.468277	[WARN]	event.py	响应时间:775ms	上海市	徐汇区	这里是日志信息......
2023-11-10 16:02:47.468277	[INFO]	event.py	响应时间:946ms	上海市	浦东新区	这里是日志信息......
2023-11-10 16:02:47.468277	[INFO]	shop_manager.py	响应时间:4448ms	天津市	武清区	这里是日志信息......
2023-11-10 16:02:47.468277	[INFO]	user_manager.py	响应时间:629ms	北京市	昌平区	这里是日志信息......
2023-11-10 16:02:47.468277	[INFO]	event.py	响应时间:798ms	江苏省	南京市	这里是日志信息......
2023-11-10 16:02:47.468277	[INFO]	orders_service.py	响应时间:377ms	江苏省	苏州市	这里是日志信息......
2023-11-10 16:02:47.468277	[INFO]	goods_manager.py	响应时间:760ms	广东省	广州市	这里是日志信息......
2023-11-10 16:02:47.468277	[INFO]	barcode_service.py	响应时间:541ms	广东省	广州市	这里是日志信息......
2023-11-10 16:02:47.468277	[INFO]	base_network.py	响应时间:333ms	北京市	昌平区	这里是日志信息......
2023-11-10 16:02:47.468277	[INFO]	orders_service.py	响应时间:63ms	浙江省	舟山市	这里是日志信息......
2023-11-10 16:02:47.468277	[INFO]	base_network.py	响应时间:954ms	浙江省	杭州市	这里是日志信息......
2023-11-10 16:02:47.468277	[INFO]	barcode_service.py	响应时间:756ms	安徽省	合肥市	这里是日志信息......
2023-11-10 16:02:47.468277	[INFO]	event.py	响应时间:792ms	上海市	静安区	这里是日志信息......
2023-11-10 16:02:47.468277	[INFO]	user_manager.py	响应时间:729ms	江苏省	南京市	这里是日志信息......
2023-11-10 16:02:47.468277	[INFO]	user_manager.py	响应时间:663ms	天津市	河东区	这里是日志信息......
2023-11-10 16:02:47.468277	[INFO]	barcode_service.py	响应时间:168ms	安徽省	铜陵市	这里是日志信息......
2023-11-10 16:02:47.468277	[INFO]	base_network.py	响应时间:132ms	上海市	徐汇区	这里是日志信息......
2023-11-10 16:02:47.468277	[INFO]	goods_manager.py	响应时间:373ms	湖南省	长沙市	这里是日志信息......
2023-11-10 16:02:47.468277	[INFO]	goods_manager.py	响应时间:806ms	湖南省	张家界市	这里是日志信息......
2023-11-10 16:02:47.468277	[INFO]	goods_manager.py	响应时间:746ms	浙江省	湖州市	这里是日志信息......
2023-11-10 16:02:47.468277	[INFO]	goods_manager.py	响应时间:204ms	湖北省	武汉市	这里是日志信息......
2023-11-10 16:02:47.468277	[INFO]	goods_manager.py	响应时间:73ms	湖南省	长沙市	这里是日志信息......
2023-11-10 16:02:47.468277	[INFO]	orders_service.py	响应时间:441ms	山东省	青岛市	这里是日志信息......
2023-11-10 16:02:47.468277	[INFO]	orders_service.py	响应时间:511ms	广东省	深圳市	这里是日志信息......
2023-11-10 16:02:47.468277	[INFO]	user_manager.py	响应时间:14ms	广东省	珠海市	这里是日志信息......
2023-11-10 16:02:47.468277	[INFO]	event.py	响应时间:71ms	湖北省	荆州市	这里是日志信息......
2023-11-10 16:02:47.468277	[INFO]	user_manager.py	响应时间:188ms	北京市	朝阳区	这里是日志信息......
2023-11-10 16:02:47.468277	[INFO]	goods_manager.py	响应时间:859ms	湖南省	株洲市	这里是日志信息......
2023-11-10 16:02:47.468277	[INFO]	shop_manager.py	响应时间:214ms	湖北省	恩施土家族苗族自治州	这里是日志信息......
2023-11-10 16:02:47.468277	[WARN]	event.py	响应时间:716ms	广东省	广州市	这里是日志信息......
2023-11-10 16:02:47.468277	[WARN]	barcode_service.py	响应时间:696ms	北京市	朝阳区	这里是日志信息......
2023-11-10 16:02:47.468277	[INFO]	event.py	响应时间:624ms	江苏省	苏州市	这里是日志信息......
2023-11-10 16:02:47.468277	[INFO]	event.py	响应时间:116ms	安徽省	芜湖市	这里是日志信息......
2023-11-10 16:02:47.468277	[INFO]	shop_manager.py	响应时间:355ms	重庆市	沙坪坝区	这里是日志信息......
2023-11-10 16:02:47.468277	[WARN]	goods_manager.py	响应时间:428ms	湖北省	荆州市	这里是日志信息......
2023-11-10 16:02:47.468277	[WARN]	event.py	响应时间:783ms	重庆市	九龙坡区	这里是日志信息......
2023-11-10 16:02:47.468277	[WARN]	goods_manager.py	响应时间:656ms	重庆市	万州区	这里是日志信息......
2023-11-10 16:02:47.468277	[INFO]	goods_manager.py	响应时间:846ms	上海市	杨浦区	这里是日志信息......
2023-11-10 16:02:47.468277	[INFO]	goods_manager.py	响应时间:594ms	湖北省	十堰市	这里是日志信息......
2023-11-10 16:02:47.468277	[INFO]	event.py	响应时间:825ms	北京市	怀柔区	这里是日志信息......
2023-11-10 16:02:47.468277	[INFO]	orders_service.py	响应时间:790ms	重庆市	涪陵区	这里是日志信息......
2023-11-10 16:02:47.468277	[INFO]	event.py	响应时间:991ms	广东省	广州市	这里是日志信息......
2023-11-10 16:02:47.468277	[INFO]	base_network.py	响应时间:868ms	湖南省	益阳市	这里是日志信息......
2023-11-10 16:02:47.468277	[INFO]	event.py	响应时间:827ms	江苏省	南京市	这里是日志信息......
2023-11-10 16:02:47.468277	[INFO]	orders_service.py	响应时间:880ms	山东省	济南市	这里是日志信息......
2023-11-10 16:02:47.468277	[WARN]	orders_service.py	响应时间:1666ms	湖南省	长沙市	这里是日志信息......
2023-11-10 16:02:47.468277	[INFO]	barcode_service.py	响应时间:759ms	江苏省	南京市	这里是日志信息......
2023-11-10 16:02:47.468277	[INFO]	user_manager.py	响应时间:388ms	上海市	徐汇区	这里是日志信息......
2023-11-10 16:02:47.468277	[INFO]	orders_service.py	响应时间:107ms	江苏省	无锡市	这里是日志信息......
2023-11-10 16:02:47.468277	[INFO]	orders_service.py	响应时间:497ms	山东省	青岛市	这里是日志信息......
2023-11-10 16:02:47.468277	[WARN]	orders_service.py	响应时间:356ms	浙江省	杭州市	这里是日志信息......
2023-11-10 16:02:47.468277	[INFO]	goods_manager.py	响应时间:502ms	安徽省	阜阳市	这里是日志信息......
2023-11-10 16:02:47.468277	[INFO]	event.py	响应时间:55ms	湖北省	荆州市	这里是日志信息......
2023-11-10 16:02:47.468277	[INFO]	orders_service.py	响应时间:115ms	重庆市	涪陵区	这里是日志信息......
2023-11-10 16:02:47.468277	[INFO]	base_network.py	响应时间:442ms	湖北省	恩施土家族苗族自治州	这里是日志信息......
2023-11-10 16:02:47.468277	[INFO]	event.py	响应时间:190ms	湖北省	武汉市	这里是日志信息......
2023-11-10 16:02:47.468277	[INFO]	base_network.py	响应时间:29ms	浙江省	丽水市	这里是日志信息......
2023-11-10 16:02:47.468277	[WARN]	event.py	响应时间:684ms	上海市	普陀区	这里是日志信息......
2023-11-10 16:02:47.468277	[INFO]	orders_service.py	响应时间:2134ms	浙江省	杭州市	这里是日志信息......
2023-11-10 16:02:47.468277	[INFO]	orders_service.py	响应时间:630ms	湖南省	常德市	这里是日志信息......
2023-11-10 16:02:47.468277	[WARN]	orders_service.py	响应时间:832ms	天津市	武清区	这里是日志信息......
2023-11-10 16:02:47.468277	[WARN]	shop_manager.py	响应时间:683ms	重庆市	南岸区	这里是日志信息......
2023-11-10 16:02:47.468277	[INFO]	goods_manager.py	响应时间:104ms	浙江省	绍兴市	这里是日志信息......
2023-11-10 16:02:47.468277	[INFO]	barcode_service.py	响应时间:795ms	江苏省	常州市	这里是日志信息......
2023-11-10 16:02:47.468277	[INFO]	shop_manager.py	响应时间:283ms	天津市	和平区	这里是日志信息......
2023-11-10 16:02:47.468277	[INFO]	goods_manager.py	响应时间:263ms	浙江省	杭州市	这里是日志信息......
2023-11-10 16:02:47.468277	[INFO]	user_manager.py	响应时间:399ms	重庆市	南岸区	这里是日志信息......
2023-11-10 16:02:47.468277	[INFO]	orders_service.py	响应时间:116ms	上海市	徐汇区	这里是日志信息......
2023-11-10 16:02:47.468277	[INFO]	orders_service.py	响应时间:600ms	江苏省	无锡市	这里是日志信息......
2023-11-10 16:02:47.468277	[INFO]	user_manager.py	响应时间:971ms	天津市	和平区	这里是日志信息......
2023-11-10 16:02:47.468277	[INFO]	event.py	响应时间:357ms	广东省	深圳市	这里是日志信息......
2023-11-10 16:02:47.468277	[INFO]	user_manager.py	响应时间:387ms	天津市	武清区	这里是日志信息......
2023-11-10 16:02:47.468277	[INFO]	goods_manager.py	响应时间:603ms	浙江省	金华市	这里是日志信息......
2023-11-10 16:02:47.468277	[INFO]	event.py	响应时间:842ms	安徽省	芜湖市	这里是日志信息......
2023-11-10 16:02:47.468277	[INFO]	orders_service.py	响应时间:272ms	湖南省	长沙市	这里是日志信息......
2023-11-10 16:02:47.468277	[INFO]	orders_service.py	响应时间:684ms	山东省	济南市	这里是日志信息......
2023-11-10 16:02:47.468277	[WARN]	orders_service.py	响应时间:242ms	天津市	武清区	这里是日志信息......
2023-11-10 16:02:47.468277	[INFO]	goods_manager.py	响应时间:349ms	重庆市	万州区	这里是日志信息......
2023-11-10 16:02:47.468277	[WARN]	barcode_service.py	响应时间:692ms	江苏省	南京市	这里是日志信息......
2023-11-10 16:02:47.468277	[INFO]	base_network.py	响应时间:569ms	安徽省	芜湖市	这里是日志信息......
2023-11-10 16:02:47.468277	[WARN]	base_network.py	响应时间:667ms	广东省	深圳市	这里是日志信息......
2023-11-10 16:02:47.468277	[WARN]	shop_manager.py	响应时间:358ms	安徽省	阜阳市	这里是日志信息......
2023-11-10 16:02:47.468277	[INFO]	barcode_service.py	响应时间:843ms	天津市	河西区	这里是日志信息......
2023-11-10 16:02:47.468277	[INFO]	event.py	响应时间:701ms	北京市	怀柔区	这里是日志信息......
2023-11-10 16:02:47.468277	[INFO]	orders_service.py	响应时间:206ms	湖南省	长沙市	这里是日志信息......
2023-11-10 16:02:47.468277	[INFO]	user_manager.py	响应时间:232ms	山东省	济南市	这里是日志信息......
2023-11-10 16:02:47.468277	[ERROR]	goods_manager.py	响应时间:7667ms	山东省	济南市	这里是日志信息......
2023-11-10 16:02:47.468277	[INFO]	orders_service.py	响应时间:111ms	北京市	大兴区	这里是日志信息......
2023-11-10 16:02:47.468277	[INFO]	event.py	响应时间:924ms	天津市	和平区	这里是日志信息......
2023-11-10 16:02:47.468277	[INFO]	goods_manager.py	响应时间:355ms	湖北省	恩施土家族苗族自治州	这里是日志信息......
2023-11-10 16:02:47.468277	[WARN]	shop_manager.py	响应时间:921ms	上海市	浦东新区	这里是日志信息......
2023-11-10 16:02:47.468277	[INFO]	barcode_service.py	响应时间:473ms	山东省	青岛市	这里是日志信息......
2023-11-10 16:02:47.468277	[INFO]	orders_service.py	响应时间:794ms	江苏省	张家港市	这里是日志信息......
2023-11-10 16:02:47.468277	[ERROR]	goods_manager.py	响应时间:658ms	广东省	广州市	这里是日志信息......
2023-11-10 16:02:47.468277	[INFO]	event.py	响应时间:743ms	天津市	河西区	这里是日志信息......
2023-11-10 16:02:47.468277	[INFO]	shop_manager.py	响应时间:489ms	广东省	深圳市	这里是日志信息......
2023-11-10 16:02:47.468277	[WARN]	event.py	响应时间:836ms	安徽省	阜阳市	这里是日志信息......
2023-11-10 16:02:47.468277	[INFO]	orders_service.py	响应时间:917ms	浙江省	丽水市	这里是日志信息......
2023-11-10 16:02:47.468277	[ERROR]	base_network.py	响应时间:173ms	重庆市	南岸区	这里是日志信息......
2023-11-10 16:02:47.468277	[INFO]	goods_manager.py	响应时间:20ms	天津市	武清区	这里是日志信息......
2023-11-10 16:02:47.468277	[INFO]	orders_service.py	响应时间:12ms	江苏省	张家港市	这里是日志信息......
2023-11-10 16:02:47.468277	[INFO]	shop_manager.py	响应时间:937ms	安徽省	合肥市	这里是日志信息......
2023-11-10 16:02:47.468277	[INFO]	event.py	响应时间:188ms	山东省	济南市	这里是日志信息......
2023-11-10 16:02:47.468277	[INFO]	goods_manager.py	响应时间:265ms	山东省	青岛市	这里是日志信息......
2023-11-10 16:02:47.468277	[INFO]	goods_manager.py	响应时间:51ms	上海市	杨浦区	这里是日志信息......
2023-11-10 16:02:47.468277	[INFO]	barcode_service.py	响应时间:883ms	广东省	广州市	这里是日志信息......
2023-11-10 16:02:47.468277	[INFO]	orders_service.py	响应时间:349ms	湖南省	常德市	这里是日志信息......
2023-11-10 16:02:47.468277	[INFO]	event.py	响应时间:185ms	重庆市	九龙坡区	这里是日志信息......
2023-11-10 16:02:47.468277	[INFO]	barcode_service.py	响应时间:171ms	山东省	青岛市	这里是日志信息......
2023-11-10 16:02:47.468277	[WARN]	orders_service.py	响应时间:275ms	湖南省	张家界市	这里是日志信息......
2023-11-10 16:02:47.468277	[INFO]	user_manager.py	响应时间:113ms	北京市	海淀区	这里是日志信息......
2023-11-10 16:02:47.468277	[INFO]	orders_service.py	响应时间:997ms	山东省	青岛市	这里是日志信息......
2023-11-10 16:02:47.468277	[INFO]	orders_service.py	响应时间:938ms	安徽省	六安市	这里是日志信息......
2023-11-10 16:02:47.469277	[WARN]	goods_manager.py	响应时间:877ms	湖南省	张家界市	这里是日志信息......
2023-11-10 16:02:47.469277	[INFO]	orders_service.py	响应时间:159ms	浙江省	绍兴市	这里是日志信息......
2023-11-10 16:02:47.469277	[INFO]	goods_manager.py	响应时间:34ms	重庆市	九龙坡区	这里是日志信息......
2023-11-10 16:02:47.469277	[INFO]	orders_service.py	响应时间:618ms	天津市	河东区	这里是日志信息......
2023-11-10 16:02:47.469277	[INFO]	barcode_service.py	响应时间:198ms	山东省	青岛市	这里是日志信息......
2023-11-10 16:02:47.469277	[INFO]	barcode_service.py	响应时间:421ms	安徽省	池州市	这里是日志信息......
2023-11-10 16:02:47.469277	[INFO]	shop_manager.py	响应时间:527ms	重庆市	渝中区	这里是日志信息......
2023-11-10 16:02:47.469277	[INFO]	event.py	响应时间:862ms	天津市	武清区	这里是日志信息......
2023-11-10 16:02:47.469277	[INFO]	goods_manager.py	响应时间:253ms	北京市	昌平区	这里是日志信息......
2023-11-10 16:02:47.469277	[INFO]	orders_service.py	响应时间:226ms	山东省	济南市	这里是日志信息......
2023-11-10 16:02:47.469277	[INFO]	event.py	响应时间:673ms	湖北省	武汉市	这里是日志信息......
2023-11-10 16:02:47.469277	[INFO]	goods_manager.py	响应时间:181ms	北京市	大兴区	这里是日志信息......
2023-11-10 16:02:47.469277	[INFO]	orders_service.py	响应时间:850ms	天津市	河东区	这里是日志信息......
2023-11-10 16:02:47.469277	[INFO]	goods_manager.py	响应时间:426ms	上海市	普陀区	这里是日志信息......
2023-11-10 16:02:47.469277	[INFO]	goods_manager.py	响应时间:31ms	山东省	济南市	这里是日志信息......
2023-11-10 16:02:47.469277	[WARN]	goods_manager.py	响应时间:880ms	江苏省	常州市	这里是日志信息......
2023-11-10 16:02:47.469277	[INFO]	barcode_service.py	响应时间:170ms	湖南省	常德市	这里是日志信息......
2023-11-10 16:02:47.469277	[INFO]	event.py	响应时间:208ms	安徽省	六安市	这里是日志信息......
2023-11-10 16:02:47.469277	[INFO]	orders_service.py	响应时间:280ms	湖北省	武汉市	这里是日志信息......
2023-11-10 16:02:47.469277	[INFO]	orders_service.py	响应时间:304ms	安徽省	六安市	这里是日志信息......
2023-11-10 16:02:47.469277	[INFO]	shop_manager.py	响应时间:361ms	上海市	杨浦区	这里是日志信息......
2023-11-10 16:02:47.469277	[INFO]	goods_manager.py	响应时间:118ms	天津市	河东区	这里是日志信息......
2023-11-10 16:02:47.469277	[INFO]	user_manager.py	响应时间:443ms	山东省	济南市	这里是日志信息......
2023-11-10 16:02:47.469277	[INFO]	event.py	响应时间:424ms	湖南省	益阳市	这里是日志信息......
2023-11-10 16:02:47.469277	[INFO]	event.py	响应时间:450ms	重庆市	渝中区	这里是日志信息......
2023-11-10 16:02:47.469277	[INFO]	shop_manager.py	响应时间:27ms	山东省	济南市	这里是日志信息......
2023-11-10 16:02:47.469277	[INFO]	event.py	响应时间:686ms	重庆市	南岸区	这里是日志信息......
2023-11-10 16:02:47.469277	[INFO]	goods_manager.py	响应时间:357ms	上海市	浦东新区	这里是日志信息......
2023-11-10 16:02:47.469277	[INFO]	orders_service.py	响应时间:889ms	湖南省	长沙市	这里是日志信息......
2023-11-10 16:02:47.469277	[INFO]	goods_manager.py	响应时间:269ms	江苏省	南京市	这里是日志信息......
2023-11-10 16:02:47.469277	[INFO]	event.py	响应时间:887ms	安徽省	铜陵市	这里是日志信息......
2023-11-10 16:02:47.469277	[INFO]	shop_manager.py	响应时间:65ms	重庆市	渝中区	这里是日志信息......
2023-11-10 16:02:47.469277	[INFO]	goods_manager.py	响应时间:546ms	北京市	朝阳区	这里是日志信息......
2023-11-10 16:02:47.469277	[INFO]	goods_manager.py	响应时间:415ms	湖北省	恩施土家族苗族自治州	这里是日志信息......
2023-11-10 16:02:47.469277	[INFO]	event.py	响应时间:425ms	浙江省	丽水市	这里是日志信息......
2023-11-10 16:02:47.469277	[INFO]	event.py	响应时间:760ms	安徽省	芜湖市	这里是日志信息......
2023-11-10 16:02:47.469277	[INFO]	barcode_service.py	响应时间:188ms	上海市	浦东新区	这里是日志信息......
2023-11-10 16:02:47.469277	[WARN]	event.py	响应时间:782ms	上海市	普陀区	这里是日志信息......
2023-11-10 16:02:47.469277	[INFO]	goods_manager.py	响应时间:933ms	山东省	青岛市	这里是日志信息......
2023-11-10 16:02:47.469277	[INFO]	barcode_service.py	响应时间:374ms	北京市	朝阳区	这里是日志信息......
2023-11-10 16:02:47.469277	[INFO]	base_network.py	响应时间:650ms	上海市	浦东新区	这里是日志信息......
2023-11-10 16:02:47.469277	[INFO]	event.py	响应时间:139ms	上海市	普陀区	这里是日志信息......
2023-11-10 16:02:47.469277	[INFO]	event.py	响应时间:140ms	北京市	丰台区	这里是日志信息......
2023-11-10 16:02:47.469277	[WARN]	shop_manager.py	响应时间:956ms	山东省	菏泽市	这里是日志信息......
2023-11-10 16:02:47.469277	[INFO]	orders_service.py	响应时间:25ms	浙江省	嘉兴市	这里是日志信息......
2023-11-10 16:02:47.469277	[INFO]	event.py	响应时间:284ms	山东省	济南市	这里是日志信息......
2023-11-10 16:02:47.469277	[INFO]	base_network.py	响应时间:742ms	湖南省	长沙市	这里是日志信息......
2023-11-10 16:02:47.469277	[INFO]	orders_service.py	响应时间:782ms	湖南省	长沙市	这里是日志信息......
2023-11-10 16:02:47.469277	[INFO]	event.py	响应时间:864ms	广东省	深圳市	这里是日志信息......
2023-11-10 16:02:47.469277	[INFO]	user_manager.py	响应时间:195ms	江苏省	常州市	这里是日志信息......
2023-11-10 16:02:47.469277	[INFO]	goods_manager.py	响应时间:352ms	江苏省	无锡市	这里是日志信息......
2023-11-10 16:02:47.469277	[INFO]	barcode_service.py	响应时间:777ms	天津市	宝坻区	这里是日志信息......
2023-11-10 16:02:47.469277	[ERROR]	shop_manager.py	响应时间:748ms	广东省	深圳市	这里是日志信息......
2023-11-10 16:02:47.469277	[ERROR]	event.py	响应时间:172ms	上海市	宝山区	这里是日志信息......
2023-11-10 16:02:47.469277	[INFO]	event.py	响应时间:654ms	湖南省	长沙市	这里是日志信息......
2023-11-10 16:02:47.469277	[INFO]	orders_service.py	响应时间:618ms	湖北省	荆州市	这里是日志信息......
2023-11-10 16:02:47.469277	[INFO]	user_manager.py	响应时间:741ms	广东省	广州市	这里是日志信息......
2023-11-10 16:02:47.469277	[INFO]	shop_manager.py	响应时间:308ms	天津市	河东区	这里是日志信息......
2023-11-10 16:02:47.469277	[WARN]	event.py	响应时间:163ms	安徽省	芜湖市	这里是日志信息......
2023-11-10 16:02:47.469277	[INFO]	event.py	响应时间:669ms	北京市	大兴区	这里是日志信息......
2023-11-10 16:02:47.469277	[INFO]	event.py	响应时间:395ms	重庆市	南岸区	这里是日志信息......
2023-11-10 16:02:47.469277	[INFO]	event.py	响应时间:801ms	北京市	昌平区	这里是日志信息......
2023-11-10 16:02:47.469277	[WARN]	orders_service.py	响应时间:596ms	重庆市	万州区	这里是日志信息......
2023-11-10 16:02:47.469277	[INFO]	goods_manager.py	响应时间:445ms	上海市	宝山区	这里是日志信息......
2023-11-10 16:02:47.469277	[INFO]	goods_manager.py	响应时间:740ms	安徽省	芜湖市	这里是日志信息......
2023-11-10 16:02:47.469277	[WARN]	event.py	响应时间:588ms	江苏省	南京市	这里是日志信息......
2023-11-10 16:02:47.469277	[INFO]	event.py	响应时间:237ms	湖南省	长沙市	这里是日志信息......
2023-11-10 16:02:47.469277	[INFO]	user_manager.py	响应时间:503ms	江苏省	南京市	这里是日志信息......
2023-11-10 16:02:47.469277	[INFO]	user_manager.py	响应时间:614ms	江苏省	南京市	这里是日志信息......
2023-11-10 16:02:47.469277	[INFO]	goods_manager.py	响应时间:583ms	浙江省	绍兴市	这里是日志信息......
2023-11-10 16:02:47.469277	[WARN]	event.py	响应时间:538ms	湖南省	益阳市	这里是日志信息......
2023-11-10 16:02:47.469277	[INFO]	goods_manager.py	响应时间:300ms	上海市	宝山区	这里是日志信息......
2023-11-10 16:02:47.469277	[INFO]	barcode_service.py	响应时间:641ms	江苏省	苏州市	这里是日志信息......
2023-11-10 16:02:47.469277	[WARN]	barcode_service.py	响应时间:151ms	重庆市	万州区	这里是日志信息......
2023-11-10 16:02:47.469277	[INFO]	orders_service.py	响应时间:643ms	重庆市	万州区	这里是日志信息......
2023-11-10 16:02:47.469277	[WARN]	event.py	响应时间:48ms	重庆市	渝中区	这里是日志信息......
2023-11-10 16:02:47.469277	[INFO]	event.py	响应时间:498ms	重庆市	南岸区	这里是日志信息......
2023-11-10 16:02:47.469277	[INFO]	event.py	响应时间:490ms	天津市	宝坻区	这里是日志信息......
2023-11-10 16:02:47.469277	[INFO]	event.py	响应时间:669ms	湖南省	常德市	这里是日志信息......
2023-11-10 16:02:47.469277	[WARN]	shop_manager.py	响应时间:226ms	上海市	宝山区	这里是日志信息......
2023-11-10 16:02:47.469277	[INFO]	orders_service.py	响应时间:838ms	北京市	海淀区	这里是日志信息......
2023-11-10 16:02:47.469277	[WARN]	user_manager.py	响应时间:358ms	重庆市	涪陵区	这里是日志信息......
2023-11-10 16:02:47.469277	[WARN]	orders_service.py	响应时间:150ms	浙江省	丽水市	这里是日志信息......
2023-11-10 16:02:47.469277	[INFO]	user_manager.py	响应时间:220ms	浙江省	金华市	这里是日志信息......
2023-11-10 16:02:47.469277	[WARN]	goods_manager.py	响应时间:491ms	安徽省	阜阳市	这里是日志信息......
2023-11-10 16:02:47.469277	[ERROR]	barcode_service.py	响应时间:258ms	山东省	青岛市	这里是日志信息......
2023-11-10 16:02:47.469277	[INFO]	orders_service.py	响应时间:300ms	天津市	河西区	这里是日志信息......
2023-11-10 16:02:47.469277	[INFO]	event.py	响应时间:269ms	广东省	广州市	这里是日志信息......
2023-11-10 16:02:47.469277	[INFO]	event.py	响应时间:194ms	山东省	济南市	这里是日志信息......
2023-11-10 16:02:47.469277	[INFO]	orders_service.py	响应时间:845ms	北京市	海淀区	这里是日志信息......
2023-11-10 16:02:47.469277	[INFO]	goods_manager.py	响应时间:958ms	北京市	海淀区	这里是日志信息......
2023-11-10 16:02:47.469277	[INFO]	goods_manager.py	响应时间:828ms	上海市	静安区	这里是日志信息......
2023-11-10 16:02:47.469277	[INFO]	barcode_service.py	响应时间:831ms	浙江省	舟山市	这里是日志信息......
2023-11-10 16:02:47.469277	[INFO]	barcode_service.py	响应时间:415ms	湖南省	长沙市	这里是日志信息......
2023-11-10 16:02:47.469277	[INFO]	event.py	响应时间:875ms	广东省	深圳市	这里是日志信息......
2023-11-10 16:02:47.469277	[INFO]	shop_manager.py	响应时间:807ms	重庆市	九龙坡区	这里是日志信息......
2023-11-10 16:02:47.469277	[INFO]	event.py	响应时间:467ms	湖南省	张家界市	这里是日志信息......
2023-11-10 16:02:47.469277	[WARN]	orders_service.py	响应时间:301ms	广东省	珠海市	这里是日志信息......
2023-11-10 16:02:47.469277	[INFO]	base_network.py	响应时间:283ms	安徽省	六安市	这里是日志信息......
2023-11-10 16:02:47.469277	[INFO]	orders_service.py	响应时间:613ms	重庆市	涪陵区	这里是日志信息......
2023-11-10 16:02:47.469277	[INFO]	barcode_service.py	响应时间:606ms	天津市	和平区	这里是日志信息......
2023-11-10 16:02:47.469277	[INFO]	goods_manager.py	响应时间:782ms	浙江省	绍兴市	这里是日志信息......
2023-11-10 16:02:47.469277	[INFO]	orders_service.py	响应时间:953ms	湖南省	长沙市	这里是日志信息......
2023-11-10 16:02:47.469277	[INFO]	orders_service.py	响应时间:11ms	湖南省	株洲市	这里是日志信息......
2023-11-10 16:02:47.469277	[INFO]	base_network.py	响应时间:409ms	广东省	广州市	这里是日志信息......
2023-11-10 16:02:47.469277	[INFO]	event.py	响应时间:896ms	湖南省	张家界市	这里是日志信息......
2023-11-10 16:02:47.469277	[INFO]	goods_manager.py	响应时间:650ms	北京市	大兴区	这里是日志信息......
2023-11-10 16:02:47.469277	[INFO]	shop_manager.py	响应时间:780ms	江苏省	宿迁市	这里是日志信息......
2023-11-10 16:02:47.469277	[INFO]	goods_manager.py	响应时间:490ms	山东省	青岛市	这里是日志信息......
2023-11-10 16:02:47.469277	[INFO]	goods_manager.py	响应时间:462ms	安徽省	合肥市	这里是日志信息......
2023-11-10 16:02:47.469277	[INFO]	barcode_service.py	响应时间:626ms	天津市	河西区	这里是日志信息......
2023-11-10 16:02:47.469277	[INFO]	goods_manager.py	响应时间:13ms	湖南省	长沙市	这里是日志信息......
2023-11-10 16:02:47.469277	[INFO]	orders_service.py	响应时间:6722ms	湖南省	长沙市	这里是日志信息......
2023-11-10 16:02:47.469277	[WARN]	goods_manager.py	响应时间:53ms	江苏省	苏州市	这里是日志信息......
2023-11-10 16:02:47.469277	[WARN]	shop_manager.py	响应时间:819ms	广东省	深圳市	这里是日志信息......
2023-11-10 16:02:47.469277	[INFO]	event.py	响应时间:608ms	山东省	菏泽市	这里是日志信息......
2023-11-10 16:02:47.469277	[INFO]	user_manager.py	响应时间:44ms	山东省	济南市	这里是日志信息......
2023-11-10 16:02:47.469277	[INFO]	orders_service.py	响应时间:643ms	湖北省	武汉市	这里是日志信息......
2023-11-10 16:02:47.469277	[INFO]	orders_service.py	响应时间:578ms	广东省	深圳市	这里是日志信息......
2023-11-10 16:02:47.469277	[ERROR]	user_manager.py	响应时间:587ms	上海市	黄浦区	这里是日志信息......
2023-11-10 16:02:47.469277	[INFO]	orders_service.py	响应时间:444ms	湖南省	张家界市	这里是日志信息......
2023-11-10 16:02:47.469277	[INFO]	event.py	响应时间:786ms	北京市	丰台区	这里是日志信息......
2023-11-10 16:02:47.469277	[INFO]	barcode_service.py	响应时间:756ms	重庆市	万州区	这里是日志信息......
2023-11-10 16:02:47.469277	[WARN]	shop_manager.py	响应时间:410ms	北京市	海淀区	这里是日志信息......
2023-11-10 16:02:47.469277	[INFO]	event.py	响应时间:811ms	山东省	济南市	这里是日志信息......
2023-11-10 16:02:47.469277	[INFO]	user_manager.py	响应时间:570ms	江苏省	宿迁市	这里是日志信息......
2023-11-10 16:02:47.469277	[ERROR]	user_manager.py	响应时间:545ms	广东省	广州市	这里是日志信息......
2023-11-10 16:02:47.469277	[INFO]	goods_manager.py	响应时间:969ms	北京市	海淀区	这里是日志信息......
2023-11-10 16:02:47.469277	[INFO]	user_manager.py	响应时间:745ms	山东省	青岛市	这里是日志信息......
2023-11-10 16:02:47.469277	[INFO]	shop_manager.py	响应时间:219ms	重庆市	九龙坡区	这里是日志信息......
2023-11-10 16:02:47.469277	[INFO]	orders_service.py	响应时间:5ms	山东省	济南市	这里是日志信息......
2023-11-10 16:02:47.469277	[INFO]	barcode_service.py	响应时间:89ms	湖北省	十堰市	这里是日志信息......
2023-11-10 16:02:47.469277	[ERROR]	event.py	响应时间:607ms	江苏省	南京市	这里是日志信息......
2023-11-10 16:02:47.469277	[INFO]	base_network.py	响应时间:834ms	山东省	青岛市	这里是日志信息......
2023-11-10 16:02:47.470277	[INFO]	orders_service.py	响应时间:214ms	重庆市	渝中区	这里是日志信息......
2023-11-10 16:02:47.470277	[INFO]	goods_manager.py	响应时间:133ms	安徽省	合肥市	这里是日志信息......
2023-11-10 16:02:47.470277	[INFO]	goods_manager.py	响应时间:767ms	广东省	深圳市	这里是日志信息......
2023-11-10 16:02:47.470277	[INFO]	user_manager.py	响应时间:259ms	湖南省	益阳市	这里是日志信息......
2023-11-10 16:02:47.470277	[INFO]	user_manager.py	响应时间:89ms	安徽省	合肥市	这里是日志信息......
2023-11-10 16:02:47.470277	[INFO]	goods_manager.py	响应时间:633ms	浙江省	金华市	这里是日志信息......
2023-11-10 16:02:47.470277	[WARN]	event.py	响应时间:478ms	江苏省	苏州市	这里是日志信息......
2023-11-10 16:02:47.470277	[INFO]	event.py	响应时间:929ms	北京市	丰台区	这里是日志信息......
2023-11-10 16:02:47.470277	[INFO]	user_manager.py	响应时间:984ms	上海市	浦东新区	这里是日志信息......
2023-11-10 16:02:47.470277	[INFO]	goods_manager.py	响应时间:184ms	湖南省	长沙市	这里是日志信息......
2023-11-10 16:02:47.470277	[INFO]	barcode_service.py	响应时间:420ms	北京市	昌平区	这里是日志信息......
2023-11-10 16:02:47.470277	[WARN]	barcode_service.py	响应时间:570ms	广东省	广州市	这里是日志信息......
2023-11-10 16:02:47.470277	[INFO]	orders_service.py	响应时间:749ms	江苏省	张家港市	这里是日志信息......
2023-11-10 16:02:47.470277	[WARN]	orders_service.py	响应时间:756ms	湖南省	株洲市	这里是日志信息......
2023-11-10 16:02:47.470277	[INFO]	event.py	响应时间:506ms	安徽省	阜阳市	这里是日志信息......
2023-11-10 16:02:47.470277	[INFO]	barcode_service.py	响应时间:180ms	山东省	青岛市	这里是日志信息......
2023-11-10 16:02:47.470277	[INFO]	event.py	响应时间:360ms	湖北省	十堰市	这里是日志信息......
2023-11-10 16:02:47.470277	[INFO]	event.py	响应时间:660ms	上海市	普陀区	这里是日志信息......
2023-11-10 16:02:47.470277	[INFO]	event.py	响应时间:474ms	江苏省	南京市	这里是日志信息......
2023-11-10 16:02:47.470277	[INFO]	event.py	响应时间:976ms	山东省	青岛市	这里是日志信息......
2023-11-10 16:02:47.470277	[INFO]	shop_manager.py	响应时间:931ms	广东省	深圳市	这里是日志信息......
2023-11-10 16:02:47.470277	[INFO]	event.py	响应时间:191ms	上海市	徐汇区	这里是日志信息......
2023-11-10 16:02:47.470277	[WARN]	goods_manager.py	响应时间:697ms	天津市	河东区	这里是日志信息......
2023-11-10 16:02:47.470277	[INFO]	goods_manager.py	响应时间:811ms	江苏省	苏州市	这里是日志信息......
2023-11-10 16:02:47.470277	[INFO]	event.py	响应时间:926ms	天津市	武清区	这里是日志信息......
2023-11-10 16:02:47.470277	[INFO]	event.py	响应时间:382ms	广东省	深圳市	这里是日志信息......
2023-11-10 16:02:47.470277	[WARN]	shop_manager.py	响应时间:350ms	浙江省	嘉兴市	这里是日志信息......
2023-11-10 16:02:47.470277	[INFO]	barcode_service.py	响应时间:891ms	湖南省	长沙市	这里是日志信息......
2023-11-10 16:02:47.470277	[INFO]	user_manager.py	响应时间:714ms	上海市	宝山区	这里是日志信息......
2023-11-10 16:02:47.470277	[INFO]	barcode_service.py	响应时间:402ms	安徽省	池州市	这里是日志信息......
2023-11-10 16:02:47.470277	[WARN]	shop_manager.py	响应时间:503ms	浙江省	湖州市	这里是日志信息......
2023-11-10 16:02:47.470277	[INFO]	event.py	响应时间:724ms	江苏省	常州市	这里是日志信息......
2023-11-10 16:02:47.470277	[INFO]	orders_service.py	响应时间:545ms	广东省	深圳市	这里是日志信息......
2023-11-10 16:02:47.470277	[INFO]	event.py	响应时间:330ms	天津市	宝坻区	这里是日志信息......
2023-11-10 16:02:47.470277	[WARN]	event.py	响应时间:215ms	安徽省	芜湖市	这里是日志信息......
2023-11-10 16:02:47.470277	[INFO]	barcode_service.py	响应时间:56ms	湖北省	武汉市	这里是日志信息......
2023-11-10 16:02:47.470277	[INFO]	barcode_service.py	响应时间:37ms	江苏省	苏州市	这里是日志信息......
2023-11-10 16:02:47.470277	[INFO]	orders_service.py	响应时间:348ms	安徽省	阜阳市	这里是日志信息......
2023-11-10 16:02:47.470277	[INFO]	user_manager.py	响应时间:491ms	浙江省	金华市	这里是日志信息......
2023-11-10 16:02:47.470277	[INFO]	goods_manager.py	响应时间:0ms	天津市	和平区	这里是日志信息......
2023-11-10 16:02:47.470277	[INFO]	base_network.py	响应时间:806ms	北京市	海淀区	这里是日志信息......
2023-11-10 16:02:47.470277	[INFO]	shop_manager.py	响应时间:537ms	北京市	海淀区	这里是日志信息......
2023-11-10 16:02:47.470277	[INFO]	event.py	响应时间:876ms	湖南省	长沙市	这里是日志信息......
2023-11-10 16:02:47.470277	[INFO]	orders_service.py	响应时间:917ms	湖南省	长沙市	这里是日志信息......
2023-11-10 16:02:47.470277	[INFO]	orders_service.py	响应时间:508ms	北京市	朝阳区	这里是日志信息......
2023-11-10 16:02:47.470277	[WARN]	orders_service.py	响应时间:1ms	安徽省	合肥市	这里是日志信息......
2023-11-10 16:02:47.470277	[INFO]	event.py	响应时间:3097ms	天津市	河东区	这里是日志信息......
2023-11-10 16:02:47.470277	[WARN]	orders_service.py	响应时间:483ms	北京市	怀柔区	这里是日志信息......
2023-11-10 16:02:47.470277	[INFO]	event.py	响应时间:751ms	湖北省	十堰市	这里是日志信息......
2023-11-10 16:02:47.470277	[INFO]	user_manager.py	响应时间:677ms	上海市	徐汇区	这里是日志信息......
2023-11-10 16:02:47.470277	[INFO]	orders_service.py	响应时间:642ms	江苏省	南京市	这里是日志信息......
2023-11-10 16:02:47.470277	[INFO]	barcode_service.py	响应时间:533ms	山东省	菏泽市	这里是日志信息......
2023-11-10 16:02:47.470277	[INFO]	user_manager.py	响应时间:258ms	江苏省	南京市	这里是日志信息......
2023-11-10 16:02:47.470277	[INFO]	event.py	响应时间:74ms	广东省	深圳市	这里是日志信息......
2023-11-10 16:02:47.470277	[WARN]	shop_manager.py	响应时间:696ms	重庆市	九龙坡区	这里是日志信息......
2023-11-10 16:02:47.470277	[INFO]	event.py	响应时间:785ms	天津市	河西区	这里是日志信息......
2023-11-10 16:02:47.470277	[INFO]	event.py	响应时间:858ms	江苏省	常州市	这里是日志信息......
2023-11-10 16:02:47.470277	[INFO]	orders_service.py	响应时间:363ms	上海市	杨浦区	这里是日志信息......
2023-11-10 16:02:47.470277	[INFO]	goods_manager.py	响应时间:748ms	广东省	深圳市	这里是日志信息......
2023-11-10 16:02:47.470277	[INFO]	base_network.py	响应时间:66ms	湖北省	武汉市	这里是日志信息......
2023-11-10 16:02:47.470277	[INFO]	event.py	响应时间:847ms	上海市	浦东新区	这里是日志信息......
2023-11-10 16:02:47.470277	[INFO]	base_network.py	响应时间:930ms	湖南省	益阳市	这里是日志信息......
2023-11-10 16:02:47.470277	[INFO]	barcode_service.py	响应时间:516ms	浙江省	金华市	这里是日志信息......
2023-11-10 16:02:47.470277	[INFO]	goods_manager.py	响应时间:754ms	湖北省	十堰市	这里是日志信息......
2023-11-10 16:02:47.470277	[INFO]	event.py	响应时间:124ms	湖南省	株洲市	这里是日志信息......
2023-11-10 16:02:47.470277	[INFO]	barcode_service.py	响应时间:382ms	北京市	昌平区	这里是日志信息......
2023-11-10 16:02:47.470277	[INFO]	goods_manager.py	响应时间:998ms	江苏省	南京市	这里是日志信息......
2023-11-10 16:02:47.470277	[WARN]	orders_service.py	响应时间:576ms	广东省	广州市	这里是日志信息......
2023-11-10 16:02:47.470277	[INFO]	user_manager.py	响应时间:965ms	安徽省	阜阳市	这里是日志信息......
2023-11-10 16:02:47.470277	[INFO]	event.py	响应时间:536ms	天津市	和平区	这里是日志信息......
2023-11-10 16:02:47.470277	[INFO]	event.py	响应时间:543ms	广东省	广州市	这里是日志信息......
2023-11-10 16:02:47.470277	[INFO]	event.py	响应时间:417ms	天津市	和平区	这里是日志信息......
2023-11-10 16:02:47.470277	[INFO]	orders_service.py	响应时间:56ms	浙江省	湖州市	这里是日志信息......
2023-11-10 16:02:47.470277	[ERROR]	goods_manager.py	响应时间:7ms	北京市	丰台区	这里是日志信息......
2023-11-10 16:02:47.470277	[INFO]	base_network.py	响应时间:620ms	湖北省	荆州市	这里是日志信息......
2023-11-10 16:02:47.470277	[INFO]	orders_service.py	响应时间:366ms	天津市	河西区	这里是日志信息......
2023-11-10 16:02:47.470277	[INFO]	orders_service.py	响应时间:946ms	北京市	怀柔区	这里是日志信息......
2023-11-10 16:02:47.470277	[INFO]	goods_manager.py	响应时间:606ms	湖南省	张家界市	这里是日志信息......
2023-11-10 16:02:47.470277	[INFO]	goods_manager.py	响应时间:114ms	天津市	河东区	这里是日志信息......
2023-11-10 16:02:47.470277	[INFO]	user_manager.py	响应时间:774ms	广东省	广州市	这里是日志信息......
2023-11-10 16:02:47.470277	[WARN]	event.py	响应时间:421ms	北京市	大兴区	这里是日志信息......
2023-11-10 16:02:47.470277	[INFO]	event.py	响应时间:668ms	上海市	静安区	这里是日志信息......
2023-11-10 16:02:47.470277	[INFO]	event.py	响应时间:207ms	上海市	浦东新区	这里是日志信息......
2023-11-10 16:02:47.470277	[INFO]	orders_service.py	响应时间:255ms	湖北省	恩施土家族苗族自治州	这里是日志信息......
2023-11-10 16:02:47.470277	[INFO]	shop_manager.py	响应时间:212ms	江苏省	苏州市	这里是日志信息......
2023-11-10 16:02:47.470277	[WARN]	user_manager.py	响应时间:574ms	安徽省	六安市	这里是日志信息......
2023-11-10 16:02:47.470277	[INFO]	goods_manager.py	响应时间:840ms	江苏省	常州市	这里是日志信息......
2023-11-10 16:02:47.470277	[INFO]	event.py	响应时间:512ms	上海市	徐汇区	这里是日志信息......
2023-11-10 16:02:47.470277	[INFO]	event.py	响应时间:813ms	天津市	武清区	这里是日志信息......
2023-11-10 16:02:47.470277	[INFO]	event.py	响应时间:721ms	北京市	海淀区	这里是日志信息......
2023-11-10 16:02:47.470277	[WARN]	base_network.py	响应时间:447ms	安徽省	池州市	这里是日志信息......
2023-11-10 16:02:47.470277	[INFO]	goods_manager.py	响应时间:226ms	上海市	徐汇区	这里是日志信息......
2023-11-10 16:02:47.470277	[INFO]	event.py	响应时间:830ms	天津市	武清区	这里是日志信息......
2023-11-10 16:02:47.470277	[INFO]	event.py	响应时间:769ms	安徽省	合肥市	这里是日志信息......
2023-11-10 16:02:47.470277	[INFO]	goods_manager.py	响应时间:7ms	安徽省	合肥市	这里是日志信息......
2023-11-10 16:02:47.470277	[INFO]	goods_manager.py	响应时间:208ms	北京市	昌平区	这里是日志信息......
2023-11-10 16:02:47.470277	[INFO]	event.py	响应时间:144ms	山东省	菏泽市	这里是日志信息......
2023-11-10 16:02:47.470277	[INFO]	user_manager.py	响应时间:408ms	山东省	济南市	这里是日志信息......
2023-11-10 16:02:47.470277	[INFO]	event.py	响应时间:243ms	上海市	徐汇区	这里是日志信息......
2023-11-10 16:02:47.470277	[INFO]	event.py	响应时间:280ms	广东省	广州市	这里是日志信息......
2023-11-10 16:02:47.470277	[INFO]	goods_manager.py	响应时间:79ms	湖北省	武汉市	这里是日志信息......
2023-11-10 16:02:47.470277	[INFO]	base_network.py	响应时间:649ms	江苏省	南京市	这里是日志信息......
2023-11-10 16:02:47.470277	[INFO]	orders_service.py	响应时间:955ms	广东省	珠海市	这里是日志信息......
2023-11-10 16:02:47.470277	[INFO]	event.py	响应时间:454ms	山东省	青岛市	这里是日志信息......
2023-11-10 16:02:47.470277	[INFO]	goods_manager.py	响应时间:520ms	湖南省	长沙市	这里是日志信息......
2023-11-10 16:02:47.470277	[INFO]	goods_manager.py	响应时间:26ms	广东省	深圳市	这里是日志信息......
2023-11-10 16:02:47.470277	[INFO]	goods_manager.py	响应时间:561ms	安徽省	阜阳市	这里是日志信息......
2023-11-10 16:02:47.470277	[INFO]	goods_manager.py	响应时间:2817ms	北京市	丰台区	这里是日志信息......
2023-11-10 16:02:47.470277	[INFO]	shop_manager.py	响应时间:815ms	上海市	杨浦区	这里是日志信息......
2023-11-10 16:02:47.470277	[INFO]	orders_service.py	响应时间:432ms	天津市	宝坻区	这里是日志信息......
2023-11-10 16:02:47.470277	[INFO]	event.py	响应时间:250ms	广东省	深圳市	这里是日志信息......
2023-11-10 16:02:47.470277	[INFO]	event.py	响应时间:43ms	湖北省	十堰市	这里是日志信息......
2023-11-10 16:02:47.470277	[INFO]	event.py	响应时间:330ms	安徽省	六安市	这里是日志信息......
2023-11-10 16:02:47.470277	[ERROR]	event.py	响应时间:720ms	江苏省	张家港市	这里是日志信息......
2023-11-10 16:02:47.470277	[INFO]	base_network.py	响应时间:763ms	江苏省	南京市	这里是日志信息......
2023-11-10 16:02:47.470277	[INFO]	base_network.py	响应时间:401ms	江苏省	南京市	这里是日志信息......
2023-11-10 16:02:47.470277	[INFO]	shop_manager.py	响应时间:446ms	上海市	徐汇区	这里是日志信息......
2023-11-10 16:02:47.470277	[INFO]	event.py	响应时间:344ms	安徽省	六安市	这里是日志信息......
2023-11-10 16:02:47.470277	[INFO]	shop_manager.py	响应时间:682ms	山东省	青岛市	这里是日志信息......
