2023-11-10 16:02:49.493533	[INFO]	event.py	响应时间:916ms	浙江省	舟山市	这里是日志信息......
2023-11-10 16:02:49.493533	[INFO]	orders_service.py	响应时间:685ms	天津市	和平区	这里是日志信息......
2023-11-10 16:02:49.493533	[INFO]	user_manager.py	响应时间:58ms	上海市	静安区	这里是日志信息......
2023-11-10 16:02:49.493533	[INFO]	goods_manager.py	响应时间:430ms	天津市	和平区	这里是日志信息......
2023-11-10 16:02:49.493533	[INFO]	goods_manager.py	响应时间:7143ms	山东省	青岛市	这里是日志信息......
2023-11-10 16:02:49.493533	[WARN]	orders_service.py	响应时间:272ms	北京市	怀柔区	这里是日志信息......
2023-11-10 16:02:49.494533	[INFO]	orders_service.py	响应时间:636ms	重庆市	万州区	这里是日志信息......
2023-11-10 16:02:49.494533	[INFO]	event.py	响应时间:662ms	浙江省	杭州市	这里是日志信息......
2023-11-10 16:02:49.494533	[INFO]	shop_manager.py	响应时间:883ms	湖南省	长沙市	这里是日志信息......
2023-11-10 16:02:49.494533	[INFO]	orders_service.py	响应时间:867ms	上海市	杨浦区	这里是日志信息......
2023-11-10 16:02:49.494533	[INFO]	base_network.py	响应时间:298ms	浙江省	绍兴市	这里是日志信息......
2023-11-10 16:02:49.494533	[INFO]	orders_service.py	响应时间:949ms	湖南省	长沙市	这里是日志信息......
2023-11-10 16:02:49.494533	[WARN]	barcode_service.py	响应时间:472ms	天津市	河东区	这里是日志信息......
2023-11-10 16:02:49.494533	[INFO]	orders_service.py	响应时间:845ms	江苏省	张家港市	这里是日志信息......
2023-11-10 16:02:49.494533	[INFO]	orders_service.py	响应时间:478ms	广东省	深圳市	这里是日志信息......
2023-11-10 16:02:49.494533	[INFO]	barcode_service.py	响应时间:311ms	上海市	黄浦区	这里是日志信息......
2023-11-10 16:02:49.494533	[INFO]	orders_service.py	响应时间:331ms	湖北省	武汉市	这里是日志信息......
2023-11-10 16:02:49.494533	[INFO]	user_manager.py	响应时间:739ms	湖南省	长沙市	这里是日志信息......
2023-11-10 16:02:49.494533	[WARN]	base_network.py	响应时间:123ms	浙江省	金华市	这里是日志信息......
2023-11-10 16:02:49.494533	[INFO]	orders_service.py	响应时间:533ms	天津市	和平区	这里是日志信息......
2023-11-10 16:02:49.494533	[INFO]	event.py	响应时间:8126ms	湖南省	长沙市	这里是日志信息......
2023-11-10 16:02:49.494533	[INFO]	event.py	响应时间:369ms	天津市	河西区	这里是日志信息......
2023-11-10 16:02:49.494533	[INFO]	base_network.py	响应时间:838ms	广东省	深圳市	这里是日志信息......
2023-11-10 16:02:49.494533	[WARN]	orders_service.py	响应时间:473ms	安徽省	芜湖市	这里是日志信息......
2023-11-10 16:02:49.494533	[INFO]	goods_manager.py	响应时间:239ms	天津市	宝坻区	这里是日志信息......
2023-11-10 16:02:49.494533	[INFO]	base_network.py	响应时间:137ms	安徽省	铜陵市	这里是日志信息......
2023-11-10 16:02:49.494533	[INFO]	orders_service.py	响应时间:850ms	浙江省	杭州市	这里是日志信息......
2023-11-10 16:02:49.494533	[INFO]	goods_manager.py	响应时间:449ms	广东省	广州市	这里是日志信息......
2023-11-10 16:02:49.494533	[INFO]	event.py	响应时间:1672ms	上海市	静安区	这里是日志信息......
2023-11-10 16:02:49.494533	[INFO]	barcode_service.py	响应时间:377ms	湖南省	张家界市	这里是日志信息......
2023-11-10 16:02:49.494533	[INFO]	event.py	响应时间:729ms	广东省	深圳市	这里是日志信息......
2023-11-10 16:02:49.494533	[WARN]	event.py	响应时间:344ms	安徽省	阜阳市	这里是日志信息......
2023-11-10 16:02:49.494533	[INFO]	goods_manager.py	响应时间:245ms	天津市	河东区	这里是日志信息......
2023-11-10 16:02:49.494533	[INFO]	orders_service.py	响应时间:460ms	湖南省	株洲市	这里是日志信息......
2023-11-10 16:02:49.494533	[WARN]	event.py	响应时间:562ms	上海市	杨浦区	这里是日志信息......
2023-11-10 16:02:49.494533	[ERROR]	goods_manager.py	响应时间:9163ms	广东省	深圳市	这里是日志信息......
2023-11-10 16:02:49.494533	[INFO]	event.py	响应时间:255ms	江苏省	宿迁市	这里是日志信息......
2023-11-10 16:02:49.494533	[INFO]	goods_manager.py	响应时间:665ms	北京市	大兴区	这里是日志信息......
2023-11-10 16:02:49.494533	[INFO]	barcode_service.py	响应时间:76ms	湖北省	武汉市	这里是日志信息......
2023-11-10 16:02:49.494533	[INFO]	shop_manager.py	响应时间:896ms	湖南省	张家界市	这里是日志信息......
2023-11-10 16:02:49.494533	[INFO]	orders_service.py	响应时间:485ms	湖北省	武汉市	这里是日志信息......
2023-11-10 16:02:49.494533	[INFO]	barcode_service.py	响应时间:873ms	湖南省	长沙市	这里是日志信息......
2023-11-10 16:02:49.494533	[INFO]	shop_manager.py	响应时间:281ms	重庆市	九龙坡区	这里是日志信息......
2023-11-10 16:02:49.494533	[WARN]	event.py	响应时间:404ms	山东省	济南市	这里是日志信息......
2023-11-10 16:02:49.494533	[INFO]	barcode_service.py	响应时间:532ms	山东省	青岛市	这里是日志信息......
2023-11-10 16:02:49.494533	[INFO]	orders_service.py	响应时间:27ms	天津市	河东区	这里是日志信息......
2023-11-10 16:02:49.494533	[WARN]	user_manager.py	响应时间:590ms	江苏省	南京市	这里是日志信息......
2023-11-10 16:02:49.494533	[INFO]	barcode_service.py	响应时间:424ms	山东省	青岛市	这里是日志信息......
2023-11-10 16:02:49.494533	[INFO]	goods_manager.py	响应时间:481ms	湖北省	荆州市	这里是日志信息......
2023-11-10 16:02:49.494533	[INFO]	event.py	响应时间:378ms	广东省	深圳市	这里是日志信息......
2023-11-10 16:02:49.494533	[INFO]	orders_service.py	响应时间:917ms	湖南省	长沙市	这里是日志信息......
2023-11-10 16:02:49.494533	[INFO]	user_manager.py	响应时间:630ms	湖北省	恩施土家族苗族自治州	这里是日志信息......
2023-11-10 16:02:49.494533	[INFO]	shop_manager.py	响应时间:988ms	浙江省	杭州市	这里是日志信息......
2023-11-10 16:02:49.494533	[INFO]	event.py	响应时间:381ms	湖北省	荆州市	这里是日志信息......
2023-11-10 16:02:49.494533	[INFO]	orders_service.py	响应时间:708ms	上海市	普陀区	这里是日志信息......
2023-11-10 16:02:49.494533	[INFO]	orders_service.py	响应时间:956ms	广东省	深圳市	这里是日志信息......
2023-11-10 16:02:49.494533	[INFO]	goods_manager.py	响应时间:982ms	湖北省	武汉市	这里是日志信息......
2023-11-10 16:02:49.494533	[WARN]	shop_manager.py	响应时间:945ms	湖南省	常德市	这里是日志信息......
2023-11-10 16:02:49.494533	[WARN]	shop_manager.py	响应时间:56ms	湖北省	武汉市	这里是日志信息......
2023-11-10 16:02:49.494533	[INFO]	goods_manager.py	响应时间:921ms	广东省	广州市	这里是日志信息......
2023-11-10 16:02:49.494533	[INFO]	barcode_service.py	响应时间:223ms	北京市	昌平区	这里是日志信息......
2023-11-10 16:02:49.494533	[INFO]	orders_service.py	响应时间:982ms	广东省	广州市	这里是日志信息......
2023-11-10 16:02:49.494533	[INFO]	base_network.py	响应时间:70ms	重庆市	万州区	这里是日志信息......
2023-11-10 16:02:49.494533	[WARN]	event.py	响应时间:166ms	湖南省	长沙市	这里是日志信息......
2023-11-10 16:02:49.494533	[INFO]	shop_manager.py	响应时间:391ms	北京市	怀柔区	这里是日志信息......
2023-11-10 16:02:49.494533	[INFO]	event.py	响应时间:486ms	浙江省	杭州市	这里是日志信息......
2023-11-10 16:02:49.494533	[INFO]	event.py	响应时间:47ms	北京市	海淀区	这里是日志信息......
2023-11-10 16:02:49.494533	[INFO]	orders_service.py	响应时间:93ms	江苏省	常州市	这里是日志信息......
2023-11-10 16:02:49.494533	[INFO]	shop_manager.py	响应时间:605ms	安徽省	合肥市	这里是日志信息......
2023-11-10 16:02:49.494533	[INFO]	goods_manager.py	响应时间:11ms	北京市	大兴区	这里是日志信息......
2023-11-10 16:02:49.494533	[INFO]	goods_manager.py	响应时间:2438ms	重庆市	南岸区	这里是日志信息......
2023-11-10 16:02:49.494533	[INFO]	event.py	响应时间:66ms	浙江省	嘉兴市	这里是日志信息......
2023-11-10 16:02:49.494533	[INFO]	event.py	响应时间:74ms	重庆市	万州区	这里是日志信息......
2023-11-10 16:02:49.494533	[INFO]	event.py	响应时间:851ms	湖南省	长沙市	这里是日志信息......
2023-11-10 16:02:49.494533	[WARN]	barcode_service.py	响应时间:907ms	广东省	深圳市	这里是日志信息......
2023-11-10 16:02:49.494533	[INFO]	base_network.py	响应时间:865ms	重庆市	九龙坡区	这里是日志信息......
2023-11-10 16:02:49.494533	[INFO]	orders_service.py	响应时间:684ms	山东省	青岛市	这里是日志信息......
2023-11-10 16:02:49.494533	[INFO]	barcode_service.py	响应时间:350ms	江苏省	苏州市	这里是日志信息......
2023-11-10 16:02:49.494533	[INFO]	event.py	响应时间:284ms	浙江省	舟山市	这里是日志信息......
2023-11-10 16:02:49.494533	[INFO]	orders_service.py	响应时间:719ms	江苏省	南京市	这里是日志信息......
2023-11-10 16:02:49.494533	[INFO]	barcode_service.py	响应时间:374ms	湖北省	荆州市	这里是日志信息......
2023-11-10 16:02:49.494533	[INFO]	orders_service.py	响应时间:463ms	上海市	静安区	这里是日志信息......
2023-11-10 16:02:49.494533	[INFO]	shop_manager.py	响应时间:30ms	湖南省	长沙市	这里是日志信息......
2023-11-10 16:02:49.494533	[INFO]	event.py	响应时间:316ms	北京市	丰台区	这里是日志信息......
2023-11-10 16:02:49.494533	[INFO]	barcode_service.py	响应时间:410ms	浙江省	湖州市	这里是日志信息......
2023-11-10 16:02:49.494533	[INFO]	shop_manager.py	响应时间:84ms	安徽省	合肥市	这里是日志信息......
2023-11-10 16:02:49.494533	[INFO]	shop_manager.py	响应时间:257ms	北京市	昌平区	这里是日志信息......
2023-11-10 16:02:49.495533	[INFO]	barcode_service.py	响应时间:383ms	山东省	济南市	这里是日志信息......
2023-11-10 16:02:49.495533	[WARN]	shop_manager.py	响应时间:436ms	上海市	静安区	这里是日志信息......
2023-11-10 16:02:49.495533	[INFO]	goods_manager.py	响应时间:984ms	广东省	珠海市	这里是日志信息......
2023-11-10 16:02:49.495533	[INFO]	goods_manager.py	响应时间:282ms	浙江省	绍兴市	这里是日志信息......
2023-11-10 16:02:49.495533	[INFO]	orders_service.py	响应时间:396ms	天津市	武清区	这里是日志信息......
2023-11-10 16:02:49.495533	[INFO]	barcode_service.py	响应时间:7481ms	广东省	广州市	这里是日志信息......
2023-11-10 16:02:49.495533	[INFO]	orders_service.py	响应时间:385ms	湖北省	武汉市	这里是日志信息......
2023-11-10 16:02:49.495533	[INFO]	orders_service.py	响应时间:814ms	湖南省	常德市	这里是日志信息......
2023-11-10 16:02:49.495533	[INFO]	orders_service.py	响应时间:147ms	重庆市	万州区	这里是日志信息......
2023-11-10 16:02:49.495533	[INFO]	orders_service.py	响应时间:704ms	江苏省	南京市	这里是日志信息......
2023-11-10 16:02:49.495533	[ERROR]	event.py	响应时间:494ms	湖南省	长沙市	这里是日志信息......
2023-11-10 16:02:49.495533	[INFO]	orders_service.py	响应时间:465ms	上海市	杨浦区	这里是日志信息......
2023-11-10 16:02:49.495533	[INFO]	event.py	响应时间:561ms	山东省	青岛市	这里是日志信息......
2023-11-10 16:02:49.495533	[INFO]	barcode_service.py	响应时间:216ms	湖南省	长沙市	这里是日志信息......
2023-11-10 16:02:49.495533	[INFO]	base_network.py	响应时间:976ms	广东省	广州市	这里是日志信息......
2023-11-10 16:02:49.495533	[WARN]	event.py	响应时间:720ms	湖北省	武汉市	这里是日志信息......
2023-11-10 16:02:49.495533	[INFO]	event.py	响应时间:402ms	江苏省	无锡市	这里是日志信息......
2023-11-10 16:02:49.495533	[INFO]	event.py	响应时间:562ms	山东省	济南市	这里是日志信息......
2023-11-10 16:02:49.495533	[INFO]	base_network.py	响应时间:370ms	天津市	宝坻区	这里是日志信息......
2023-11-10 16:02:49.495533	[INFO]	shop_manager.py	响应时间:298ms	上海市	杨浦区	这里是日志信息......
2023-11-10 16:02:49.495533	[INFO]	event.py	响应时间:930ms	江苏省	苏州市	这里是日志信息......
2023-11-10 16:02:49.495533	[INFO]	goods_manager.py	响应时间:92ms	重庆市	南岸区	这里是日志信息......
2023-11-10 16:02:49.495533	[INFO]	shop_manager.py	响应时间:712ms	山东省	青岛市	这里是日志信息......
2023-11-10 16:02:49.495533	[INFO]	event.py	响应时间:869ms	广东省	深圳市	这里是日志信息......
2023-11-10 16:02:49.495533	[INFO]	base_network.py	响应时间:962ms	浙江省	金华市	这里是日志信息......
2023-11-10 16:02:49.495533	[ERROR]	shop_manager.py	响应时间:239ms	浙江省	丽水市	这里是日志信息......
2023-11-10 16:02:49.495533	[WARN]	goods_manager.py	响应时间:84ms	浙江省	丽水市	这里是日志信息......
2023-11-10 16:02:49.495533	[WARN]	event.py	响应时间:434ms	湖南省	株洲市	这里是日志信息......
2023-11-10 16:02:49.495533	[INFO]	barcode_service.py	响应时间:18ms	湖南省	长沙市	这里是日志信息......
2023-11-10 16:02:49.495533	[INFO]	event.py	响应时间:454ms	安徽省	阜阳市	这里是日志信息......
2023-11-10 16:02:49.495533	[INFO]	event.py	响应时间:925ms	上海市	黄浦区	这里是日志信息......
2023-11-10 16:02:49.495533	[INFO]	goods_manager.py	响应时间:254ms	湖南省	株洲市	这里是日志信息......
2023-11-10 16:02:49.495533	[INFO]	base_network.py	响应时间:190ms	北京市	昌平区	这里是日志信息......
2023-11-10 16:02:49.495533	[INFO]	event.py	响应时间:629ms	上海市	徐汇区	这里是日志信息......
2023-11-10 16:02:49.495533	[INFO]	base_network.py	响应时间:474ms	江苏省	苏州市	这里是日志信息......
2023-11-10 16:02:49.495533	[INFO]	barcode_service.py	响应时间:981ms	山东省	青岛市	这里是日志信息......
2023-11-10 16:02:49.495533	[INFO]	event.py	响应时间:682ms	广东省	广州市	这里是日志信息......
2023-11-10 16:02:49.495533	[INFO]	barcode_service.py	响应时间:131ms	江苏省	宿迁市	这里是日志信息......
2023-11-10 16:02:49.495533	[INFO]	orders_service.py	响应时间:8864ms	广东省	深圳市	这里是日志信息......
2023-11-10 16:02:49.495533	[INFO]	orders_service.py	响应时间:697ms	重庆市	涪陵区	这里是日志信息......
2023-11-10 16:02:49.495533	[INFO]	orders_service.py	响应时间:335ms	重庆市	渝中区	这里是日志信息......
2023-11-10 16:02:49.495533	[ERROR]	event.py	响应时间:21ms	江苏省	无锡市	这里是日志信息......
2023-11-10 16:02:49.495533	[INFO]	event.py	响应时间:148ms	安徽省	阜阳市	这里是日志信息......
2023-11-10 16:02:49.495533	[WARN]	base_network.py	响应时间:540ms	湖北省	十堰市	这里是日志信息......
2023-11-10 16:02:49.495533	[INFO]	base_network.py	响应时间:755ms	北京市	大兴区	这里是日志信息......
2023-11-10 16:02:49.495533	[INFO]	goods_manager.py	响应时间:58ms	上海市	静安区	这里是日志信息......
2023-11-10 16:02:49.495533	[INFO]	orders_service.py	响应时间:585ms	江苏省	苏州市	这里是日志信息......
2023-11-10 16:02:49.495533	[ERROR]	user_manager.py	响应时间:9098ms	浙江省	杭州市	这里是日志信息......
2023-11-10 16:02:49.495533	[WARN]	goods_manager.py	响应时间:676ms	湖北省	武汉市	这里是日志信息......
2023-11-10 16:02:49.495533	[ERROR]	user_manager.py	响应时间:217ms	湖南省	张家界市	这里是日志信息......
2023-11-10 16:02:49.495533	[INFO]	base_network.py	响应时间:138ms	天津市	河西区	这里是日志信息......
2023-11-10 16:02:49.495533	[INFO]	barcode_service.py	响应时间:626ms	北京市	海淀区	这里是日志信息......
2023-11-10 16:02:49.495533	[INFO]	event.py	响应时间:201ms	天津市	宝坻区	这里是日志信息......
2023-11-10 16:02:49.495533	[INFO]	event.py	响应时间:680ms	北京市	怀柔区	这里是日志信息......
2023-11-10 16:02:49.495533	[INFO]	base_network.py	响应时间:951ms	天津市	宝坻区	这里是日志信息......
2023-11-10 16:02:49.495533	[INFO]	shop_manager.py	响应时间:986ms	重庆市	万州区	这里是日志信息......
2023-11-10 16:02:49.495533	[INFO]	orders_service.py	响应时间:760ms	山东省	青岛市	这里是日志信息......
2023-11-10 16:02:49.495533	[INFO]	goods_manager.py	响应时间:502ms	浙江省	嘉兴市	这里是日志信息......
2023-11-10 16:02:49.495533	[INFO]	goods_manager.py	响应时间:724ms	安徽省	阜阳市	这里是日志信息......
2023-11-10 16:02:49.495533	[WARN]	base_network.py	响应时间:985ms	湖南省	长沙市	这里是日志信息......
2023-11-10 16:02:49.495533	[INFO]	goods_manager.py	响应时间:19ms	重庆市	九龙坡区	这里是日志信息......
2023-11-10 16:02:49.495533	[INFO]	base_network.py	响应时间:261ms	江苏省	苏州市	这里是日志信息......
2023-11-10 16:02:49.495533	[INFO]	orders_service.py	响应时间:167ms	广东省	深圳市	这里是日志信息......
2023-11-10 16:02:49.495533	[INFO]	goods_manager.py	响应时间:655ms	湖北省	武汉市	这里是日志信息......
2023-11-10 16:02:49.495533	[WARN]	orders_service.py	响应时间:648ms	浙江省	湖州市	这里是日志信息......
2023-11-10 16:02:49.495533	[INFO]	orders_service.py	响应时间:716ms	山东省	青岛市	这里是日志信息......
2023-11-10 16:02:49.496534	[WARN]	base_network.py	响应时间:442ms	安徽省	合肥市	这里是日志信息......
2023-11-10 16:02:49.496534	[INFO]	orders_service.py	响应时间:87ms	浙江省	杭州市	这里是日志信息......
2023-11-10 16:02:49.496534	[INFO]	barcode_service.py	响应时间:63ms	湖南省	长沙市	这里是日志信息......
2023-11-10 16:02:49.496534	[INFO]	goods_manager.py	响应时间:1793ms	湖北省	恩施土家族苗族自治州	这里是日志信息......
2023-11-10 16:02:49.496534	[INFO]	event.py	响应时间:124ms	湖南省	株洲市	这里是日志信息......
2023-11-10 16:02:49.496534	[INFO]	user_manager.py	响应时间:743ms	重庆市	南岸区	这里是日志信息......
2023-11-10 16:02:49.496534	[ERROR]	user_manager.py	响应时间:364ms	上海市	宝山区	这里是日志信息......
2023-11-10 16:02:49.496534	[INFO]	barcode_service.py	响应时间:182ms	北京市	海淀区	这里是日志信息......
2023-11-10 16:02:49.496534	[INFO]	event.py	响应时间:156ms	湖北省	恩施土家族苗族自治州	这里是日志信息......
2023-11-10 16:02:49.496534	[INFO]	orders_service.py	响应时间:546ms	湖北省	恩施土家族苗族自治州	这里是日志信息......
2023-11-10 16:02:49.496534	[INFO]	event.py	响应时间:290ms	江苏省	南京市	这里是日志信息......
2023-11-10 16:02:49.496534	[INFO]	base_network.py	响应时间:51ms	浙江省	湖州市	这里是日志信息......
2023-11-10 16:02:49.496534	[INFO]	goods_manager.py	响应时间:99ms	江苏省	无锡市	这里是日志信息......
2023-11-10 16:02:49.496534	[INFO]	base_network.py	响应时间:12ms	广东省	深圳市	这里是日志信息......
2023-11-10 16:02:49.496534	[INFO]	event.py	响应时间:323ms	江苏省	南京市	这里是日志信息......
2023-11-10 16:02:49.496534	[INFO]	user_manager.py	响应时间:708ms	天津市	宝坻区	这里是日志信息......
2023-11-10 16:02:49.496534	[INFO]	orders_service.py	响应时间:210ms	湖南省	长沙市	这里是日志信息......
2023-11-10 16:02:49.496534	[INFO]	event.py	响应时间:3453ms	山东省	青岛市	这里是日志信息......
2023-11-10 16:02:49.496534	[INFO]	orders_service.py	响应时间:905ms	重庆市	九龙坡区	这里是日志信息......
2023-11-10 16:02:49.496534	[INFO]	goods_manager.py	响应时间:529ms	北京市	丰台区	这里是日志信息......
2023-11-10 16:02:49.496534	[ERROR]	goods_manager.py	响应时间:701ms	北京市	海淀区	这里是日志信息......
2023-11-10 16:02:49.496534	[INFO]	shop_manager.py	响应时间:5607ms	湖南省	长沙市	这里是日志信息......
2023-11-10 16:02:49.496534	[INFO]	goods_manager.py	响应时间:552ms	天津市	河东区	这里是日志信息......
2023-11-10 16:02:49.496534	[ERROR]	orders_service.py	响应时间:972ms	山东省	青岛市	这里是日志信息......
2023-11-10 16:02:49.496534	[INFO]	orders_service.py	响应时间:203ms	湖南省	株洲市	这里是日志信息......
2023-11-10 16:02:49.496534	[INFO]	user_manager.py	响应时间:172ms	湖南省	长沙市	这里是日志信息......
2023-11-10 16:02:49.496534	[INFO]	user_manager.py	响应时间:631ms	广东省	深圳市	这里是日志信息......
2023-11-10 16:02:49.496534	[INFO]	orders_service.py	响应时间:737ms	北京市	大兴区	这里是日志信息......
2023-11-10 16:02:49.496534	[INFO]	orders_service.py	响应时间:377ms	北京市	昌平区	这里是日志信息......
2023-11-10 16:02:49.496534	[INFO]	base_network.py	响应时间:40ms	浙江省	绍兴市	这里是日志信息......
2023-11-10 16:02:49.496534	[INFO]	event.py	响应时间:386ms	广东省	广州市	这里是日志信息......
2023-11-10 16:02:49.496534	[INFO]	orders_service.py	响应时间:586ms	安徽省	铜陵市	这里是日志信息......
2023-11-10 16:02:49.496534	[INFO]	orders_service.py	响应时间:587ms	天津市	宝坻区	这里是日志信息......
2023-11-10 16:02:49.496534	[INFO]	event.py	响应时间:371ms	重庆市	万州区	这里是日志信息......
2023-11-10 16:02:49.496534	[INFO]	orders_service.py	响应时间:929ms	山东省	菏泽市	这里是日志信息......
2023-11-10 16:02:49.496534	[INFO]	barcode_service.py	响应时间:9650ms	山东省	青岛市	这里是日志信息......
2023-11-10 16:02:49.496534	[WARN]	shop_manager.py	响应时间:461ms	湖南省	长沙市	这里是日志信息......
2023-11-10 16:02:49.496534	[INFO]	event.py	响应时间:47ms	湖南省	长沙市	这里是日志信息......
2023-11-10 16:02:49.496534	[INFO]	orders_service.py	响应时间:371ms	安徽省	芜湖市	这里是日志信息......
2023-11-10 16:02:49.496534	[WARN]	user_manager.py	响应时间:118ms	山东省	青岛市	这里是日志信息......
2023-11-10 16:02:49.496534	[INFO]	user_manager.py	响应时间:122ms	上海市	徐汇区	这里是日志信息......
2023-11-10 16:02:49.496534	[INFO]	user_manager.py	响应时间:984ms	湖北省	荆州市	这里是日志信息......
2023-11-10 16:02:49.496534	[INFO]	orders_service.py	响应时间:200ms	上海市	静安区	这里是日志信息......
2023-11-10 16:02:49.496534	[INFO]	event.py	响应时间:273ms	广东省	广州市	这里是日志信息......
2023-11-10 16:02:49.496534	[INFO]	user_manager.py	响应时间:840ms	上海市	静安区	这里是日志信息......
2023-11-10 16:02:49.496534	[INFO]	event.py	响应时间:277ms	上海市	宝山区	这里是日志信息......
2023-11-10 16:02:49.496534	[INFO]	orders_service.py	响应时间:152ms	重庆市	九龙坡区	这里是日志信息......
2023-11-10 16:02:49.496534	[INFO]	orders_service.py	响应时间:939ms	浙江省	舟山市	这里是日志信息......
2023-11-10 16:02:49.496534	[INFO]	shop_manager.py	响应时间:384ms	湖南省	益阳市	这里是日志信息......
2023-11-10 16:02:49.496534	[INFO]	goods_manager.py	响应时间:131ms	重庆市	九龙坡区	这里是日志信息......
2023-11-10 16:02:49.496534	[WARN]	user_manager.py	响应时间:403ms	江苏省	苏州市	这里是日志信息......
2023-11-10 16:02:49.496534	[INFO]	orders_service.py	响应时间:321ms	安徽省	合肥市	这里是日志信息......
2023-11-10 16:02:49.496534	[WARN]	event.py	响应时间:128ms	湖南省	张家界市	这里是日志信息......
2023-11-10 16:02:49.496534	[INFO]	base_network.py	响应时间:270ms	浙江省	湖州市	这里是日志信息......
2023-11-10 16:02:49.496534	[INFO]	barcode_service.py	响应时间:428ms	湖南省	长沙市	这里是日志信息......
2023-11-10 16:02:49.496534	[INFO]	orders_service.py	响应时间:943ms	安徽省	合肥市	这里是日志信息......
2023-11-10 16:02:49.496534	[INFO]	orders_service.py	响应时间:665ms	上海市	黄浦区	这里是日志信息......
2023-11-10 16:02:49.496534	[INFO]	event.py	响应时间:509ms	江苏省	常州市	这里是日志信息......
2023-11-10 16:02:49.496534	[INFO]	event.py	响应时间:136ms	江苏省	南京市	这里是日志信息......
2023-11-10 16:02:49.496534	[INFO]	event.py	响应时间:211ms	江苏省	南京市	这里是日志信息......
2023-11-10 16:02:49.496534	[INFO]	goods_manager.py	响应时间:339ms	重庆市	涪陵区	这里是日志信息......
2023-11-10 16:02:49.496534	[INFO]	user_manager.py	响应时间:999ms	广东省	深圳市	这里是日志信息......
2023-11-10 16:02:49.496534	[INFO]	base_network.py	响应时间:468ms	湖南省	株洲市	这里是日志信息......
2023-11-10 16:02:49.496534	[INFO]	orders_service.py	响应时间:399ms	湖北省	十堰市	这里是日志信息......
2023-11-10 16:02:49.496534	[INFO]	event.py	响应时间:326ms	重庆市	万州区	这里是日志信息......
2023-11-10 16:02:49.496534	[INFO]	barcode_service.py	响应时间:626ms	重庆市	万州区	这里是日志信息......
2023-11-10 16:02:49.496534	[INFO]	goods_manager.py	响应时间:984ms	上海市	黄浦区	这里是日志信息......
2023-11-10 16:02:49.496534	[INFO]	goods_manager.py	响应时间:223ms	重庆市	南岸区	这里是日志信息......
2023-11-10 16:02:49.496534	[INFO]	goods_manager.py	响应时间:566ms	浙江省	金华市	这里是日志信息......
2023-11-10 16:02:49.496534	[INFO]	event.py	响应时间:433ms	湖北省	武汉市	这里是日志信息......
2023-11-10 16:02:49.496534	[INFO]	event.py	响应时间:106ms	北京市	昌平区	这里是日志信息......
2023-11-10 16:02:49.496534	[INFO]	goods_manager.py	响应时间:707ms	湖北省	恩施土家族苗族自治州	这里是日志信息......
2023-11-10 16:02:49.496534	[WARN]	orders_service.py	响应时间:67ms	上海市	杨浦区	这里是日志信息......
2023-11-10 16:02:49.496534	[INFO]	base_network.py	响应时间:11ms	湖北省	荆州市	这里是日志信息......
2023-11-10 16:02:49.496534	[INFO]	orders_service.py	响应时间:245ms	天津市	河西区	这里是日志信息......
2023-11-10 16:02:49.496534	[WARN]	orders_service.py	响应时间:107ms	江苏省	南京市	这里是日志信息......
2023-11-10 16:02:49.496534	[WARN]	event.py	响应时间:236ms	湖北省	十堰市	这里是日志信息......
2023-11-10 16:02:49.496534	[INFO]	user_manager.py	响应时间:166ms	重庆市	渝中区	这里是日志信息......
2023-11-10 16:02:49.496534	[INFO]	barcode_service.py	响应时间:250ms	重庆市	渝中区	这里是日志信息......
2023-11-10 16:02:49.496534	[INFO]	event.py	响应时间:935ms	江苏省	苏州市	这里是日志信息......
2023-11-10 16:02:49.496534	[INFO]	user_manager.py	响应时间:859ms	江苏省	宿迁市	这里是日志信息......
2023-11-10 16:02:49.496534	[INFO]	orders_service.py	响应时间:629ms	湖北省	十堰市	这里是日志信息......
2023-11-10 16:02:49.496534	[WARN]	event.py	响应时间:199ms	浙江省	杭州市	这里是日志信息......
2023-11-10 16:02:49.496534	[INFO]	event.py	响应时间:288ms	湖南省	长沙市	这里是日志信息......
2023-11-10 16:02:49.496534	[INFO]	orders_service.py	响应时间:148ms	湖北省	恩施土家族苗族自治州	这里是日志信息......
2023-11-10 16:02:49.496534	[INFO]	barcode_service.py	响应时间:125ms	北京市	朝阳区	这里是日志信息......
2023-11-10 16:02:49.497542	[INFO]	orders_service.py	响应时间:535ms	广东省	深圳市	这里是日志信息......
2023-11-10 16:02:49.497542	[WARN]	event.py	响应时间:758ms	湖南省	张家界市	这里是日志信息......
2023-11-10 16:02:49.497542	[WARN]	event.py	响应时间:380ms	湖北省	武汉市	这里是日志信息......
2023-11-10 16:02:49.497542	[INFO]	event.py	响应时间:290ms	山东省	济南市	这里是日志信息......
2023-11-10 16:02:49.497542	[WARN]	orders_service.py	响应时间:869ms	浙江省	湖州市	这里是日志信息......
2023-11-10 16:02:49.497542	[INFO]	user_manager.py	响应时间:817ms	上海市	普陀区	这里是日志信息......
2023-11-10 16:02:49.497542	[INFO]	orders_service.py	响应时间:983ms	山东省	青岛市	这里是日志信息......
2023-11-10 16:02:49.497542	[INFO]	event.py	响应时间:509ms	重庆市	沙坪坝区	这里是日志信息......
2023-11-10 16:02:49.497542	[INFO]	event.py	响应时间:336ms	湖南省	长沙市	这里是日志信息......
2023-11-10 16:02:49.497542	[INFO]	user_manager.py	响应时间:320ms	湖南省	长沙市	这里是日志信息......
2023-11-10 16:02:49.497542	[INFO]	orders_service.py	响应时间:147ms	天津市	宝坻区	这里是日志信息......
2023-11-10 16:02:49.497542	[INFO]	goods_manager.py	响应时间:731ms	湖北省	武汉市	这里是日志信息......
2023-11-10 16:02:49.497542	[INFO]	event.py	响应时间:143ms	广东省	深圳市	这里是日志信息......
2023-11-10 16:02:49.497542	[INFO]	goods_manager.py	响应时间:470ms	江苏省	常州市	这里是日志信息......
2023-11-10 16:02:49.497542	[INFO]	goods_manager.py	响应时间:884ms	天津市	河东区	这里是日志信息......
2023-11-10 16:02:49.497542	[INFO]	goods_manager.py	响应时间:615ms	北京市	丰台区	这里是日志信息......
2023-11-10 16:02:49.497542	[INFO]	user_manager.py	响应时间:881ms	上海市	浦东新区	这里是日志信息......
2023-11-10 16:02:49.497542	[INFO]	orders_service.py	响应时间:613ms	重庆市	涪陵区	这里是日志信息......
2023-11-10 16:02:49.497542	[INFO]	goods_manager.py	响应时间:480ms	上海市	浦东新区	这里是日志信息......
2023-11-10 16:02:49.497542	[INFO]	base_network.py	响应时间:27ms	上海市	静安区	这里是日志信息......
2023-11-10 16:02:49.497542	[INFO]	user_manager.py	响应时间:214ms	广东省	深圳市	这里是日志信息......
2023-11-10 16:02:49.497542	[INFO]	event.py	响应时间:701ms	山东省	济南市	这里是日志信息......
2023-11-10 16:02:49.497542	[INFO]	goods_manager.py	响应时间:525ms	北京市	朝阳区	这里是日志信息......
2023-11-10 16:02:49.497542	[INFO]	goods_manager.py	响应时间:680ms	浙江省	杭州市	这里是日志信息......
2023-11-10 16:02:49.497542	[INFO]	barcode_service.py	响应时间:162ms	北京市	怀柔区	这里是日志信息......
2023-11-10 16:02:49.497542	[WARN]	goods_manager.py	响应时间:855ms	浙江省	丽水市	这里是日志信息......
2023-11-10 16:02:49.497542	[INFO]	event.py	响应时间:664ms	江苏省	宿迁市	这里是日志信息......
2023-11-10 16:02:49.497542	[INFO]	goods_manager.py	响应时间:793ms	湖南省	长沙市	这里是日志信息......
2023-11-10 16:02:49.497542	[INFO]	event.py	响应时间:690ms	浙江省	杭州市	这里是日志信息......
2023-11-10 16:02:49.497542	[INFO]	user_manager.py	响应时间:291ms	上海市	徐汇区	这里是日志信息......
2023-11-10 16:02:49.497542	[ERROR]	user_manager.py	响应时间:295ms	湖南省	长沙市	这里是日志信息......
2023-11-10 16:02:49.497542	[INFO]	orders_service.py	响应时间:103ms	广东省	广州市	这里是日志信息......
2023-11-10 16:02:49.497542	[INFO]	orders_service.py	响应时间:980ms	湖南省	长沙市	这里是日志信息......
2023-11-10 16:02:49.497542	[INFO]	event.py	响应时间:372ms	江苏省	宿迁市	这里是日志信息......
2023-11-10 16:02:49.497542	[WARN]	user_manager.py	响应时间:271ms	北京市	海淀区	这里是日志信息......
2023-11-10 16:02:49.497542	[INFO]	event.py	响应时间:496ms	湖南省	株洲市	这里是日志信息......
2023-11-10 16:02:49.497542	[INFO]	orders_service.py	响应时间:279ms	浙江省	金华市	这里是日志信息......
2023-11-10 16:02:49.497542	[INFO]	orders_service.py	响应时间:13ms	广东省	广州市	这里是日志信息......
2023-11-10 16:02:49.497542	[INFO]	shop_manager.py	响应时间:267ms	广东省	广州市	这里是日志信息......
2023-11-10 16:02:49.497542	[INFO]	orders_service.py	响应时间:359ms	湖南省	长沙市	这里是日志信息......
2023-11-10 16:02:49.497542	[INFO]	orders_service.py	响应时间:544ms	天津市	河东区	这里是日志信息......
2023-11-10 16:02:49.497542	[INFO]	goods_manager.py	响应时间:226ms	山东省	青岛市	这里是日志信息......
2023-11-10 16:02:49.497542	[ERROR]	event.py	响应时间:914ms	山东省	青岛市	这里是日志信息......
2023-11-10 16:02:49.497542	[INFO]	orders_service.py	响应时间:167ms	安徽省	阜阳市	这里是日志信息......
2023-11-10 16:02:49.497542	[INFO]	orders_service.py	响应时间:70ms	北京市	丰台区	这里是日志信息......
2023-11-10 16:02:49.497542	[WARN]	orders_service.py	响应时间:917ms	天津市	和平区	这里是日志信息......
2023-11-10 16:02:49.497542	[INFO]	event.py	响应时间:850ms	广东省	广州市	这里是日志信息......
2023-11-10 16:02:49.497542	[INFO]	shop_manager.py	响应时间:305ms	浙江省	嘉兴市	这里是日志信息......
2023-11-10 16:02:49.497542	[INFO]	goods_manager.py	响应时间:272ms	浙江省	舟山市	这里是日志信息......
2023-11-10 16:02:49.497542	[INFO]	orders_service.py	响应时间:926ms	江苏省	南京市	这里是日志信息......
2023-11-10 16:02:49.497542	[INFO]	goods_manager.py	响应时间:354ms	湖北省	武汉市	这里是日志信息......
2023-11-10 16:02:49.497542	[INFO]	event.py	响应时间:154ms	天津市	河西区	这里是日志信息......
2023-11-10 16:02:49.497542	[INFO]	orders_service.py	响应时间:902ms	天津市	和平区	这里是日志信息......
2023-11-10 16:02:49.497542	[INFO]	goods_manager.py	响应时间:766ms	天津市	宝坻区	这里是日志信息......
2023-11-10 16:02:49.497542	[INFO]	goods_manager.py	响应时间:814ms	广东省	广州市	这里是日志信息......
2023-11-10 16:02:49.497542	[INFO]	orders_service.py	响应时间:279ms	湖南省	长沙市	这里是日志信息......
2023-11-10 16:02:49.497542	[INFO]	goods_manager.py	响应时间:296ms	江苏省	南京市	这里是日志信息......
2023-11-10 16:02:49.497542	[INFO]	goods_manager.py	响应时间:289ms	天津市	和平区	这里是日志信息......
2023-11-10 16:02:49.497542	[INFO]	event.py	响应时间:130ms	江苏省	宿迁市	这里是日志信息......
2023-11-10 16:02:49.497542	[INFO]	event.py	响应时间:196ms	山东省	济南市	这里是日志信息......
2023-11-10 16:02:49.497542	[INFO]	event.py	响应时间:614ms	浙江省	嘉兴市	这里是日志信息......
2023-11-10 16:02:49.497542	[WARN]	barcode_service.py	响应时间:277ms	山东省	青岛市	这里是日志信息......
2023-11-10 16:02:49.497542	[INFO]	goods_manager.py	响应时间:112ms	北京市	昌平区	这里是日志信息......
2023-11-10 16:02:49.497542	[INFO]	goods_manager.py	响应时间:574ms	山东省	青岛市	这里是日志信息......
2023-11-10 16:02:49.497542	[INFO]	orders_service.py	响应时间:984ms	安徽省	合肥市	这里是日志信息......
2023-11-10 16:02:49.497542	[INFO]	goods_manager.py	响应时间:240ms	广东省	深圳市	这里是日志信息......
2023-11-10 16:02:49.497542	[WARN]	orders_service.py	响应时间:932ms	湖北省	武汉市	这里是日志信息......
2023-11-10 16:02:49.497542	[INFO]	goods_manager.py	响应时间:446ms	江苏省	无锡市	这里是日志信息......
2023-11-10 16:02:49.497542	[ERROR]	goods_manager.py	响应时间:396ms	安徽省	铜陵市	这里是日志信息......
2023-11-10 16:02:49.497542	[WARN]	barcode_service.py	响应时间:19ms	安徽省	池州市	这里是日志信息......
2023-11-10 16:02:49.497542	[INFO]	barcode_service.py	响应时间:591ms	天津市	宝坻区	这里是日志信息......
2023-11-10 16:02:49.497542	[INFO]	user_manager.py	响应时间:431ms	湖南省	长沙市	这里是日志信息......
2023-11-10 16:02:49.497542	[INFO]	event.py	响应时间:404ms	浙江省	湖州市	这里是日志信息......
2023-11-10 16:02:49.497542	[ERROR]	event.py	响应时间:122ms	湖北省	恩施土家族苗族自治州	这里是日志信息......
2023-11-10 16:02:49.497542	[INFO]	orders_service.py	响应时间:621ms	重庆市	渝中区	这里是日志信息......
2023-11-10 16:02:49.497542	[INFO]	goods_manager.py	响应时间:188ms	湖北省	武汉市	这里是日志信息......
2023-11-10 16:02:49.497542	[WARN]	goods_manager.py	响应时间:630ms	北京市	大兴区	这里是日志信息......
2023-11-10 16:02:49.497542	[INFO]	orders_service.py	响应时间:377ms	江苏省	常州市	这里是日志信息......
2023-11-10 16:02:49.497542	[INFO]	orders_service.py	响应时间:917ms	江苏省	张家港市	这里是日志信息......
2023-11-10 16:02:49.497542	[WARN]	goods_manager.py	响应时间:729ms	浙江省	湖州市	这里是日志信息......
2023-11-10 16:02:49.497542	[INFO]	user_manager.py	响应时间:1835ms	安徽省	芜湖市	这里是日志信息......
2023-11-10 16:02:49.497542	[WARN]	goods_manager.py	响应时间:974ms	上海市	浦东新区	这里是日志信息......
2023-11-10 16:02:49.497542	[INFO]	orders_service.py	响应时间:614ms	北京市	怀柔区	这里是日志信息......
2023-11-10 16:02:49.497542	[INFO]	barcode_service.py	响应时间:321ms	天津市	宝坻区	这里是日志信息......
2023-11-10 16:02:49.497542	[INFO]	barcode_service.py	响应时间:216ms	湖南省	张家界市	这里是日志信息......
2023-11-10 16:02:49.497542	[INFO]	event.py	响应时间:456ms	上海市	徐汇区	这里是日志信息......
2023-11-10 16:02:49.498542	[INFO]	goods_manager.py	响应时间:507ms	广东省	广州市	这里是日志信息......
2023-11-10 16:02:49.498542	[INFO]	user_manager.py	响应时间:418ms	广东省	珠海市	这里是日志信息......
2023-11-10 16:02:49.498542	[INFO]	base_network.py	响应时间:545ms	湖南省	长沙市	这里是日志信息......
2023-11-10 16:02:49.498542	[INFO]	user_manager.py	响应时间:840ms	北京市	大兴区	这里是日志信息......
2023-11-10 16:02:49.498542	[INFO]	event.py	响应时间:308ms	浙江省	杭州市	这里是日志信息......
2023-11-10 16:02:49.498542	[INFO]	user_manager.py	响应时间:969ms	江苏省	无锡市	这里是日志信息......
2023-11-10 16:02:49.498542	[INFO]	shop_manager.py	响应时间:705ms	重庆市	涪陵区	这里是日志信息......
2023-11-10 16:02:49.498542	[INFO]	goods_manager.py	响应时间:7ms	湖北省	武汉市	这里是日志信息......
2023-11-10 16:02:49.498542	[INFO]	event.py	响应时间:543ms	湖南省	长沙市	这里是日志信息......
2023-11-10 16:02:49.498542	[INFO]	goods_manager.py	响应时间:896ms	浙江省	金华市	这里是日志信息......
2023-11-10 16:02:49.498542	[INFO]	event.py	响应时间:901ms	北京市	海淀区	这里是日志信息......
2023-11-10 16:02:49.498542	[ERROR]	event.py	响应时间:439ms	湖北省	荆州市	这里是日志信息......
2023-11-10 16:02:49.498542	[INFO]	event.py	响应时间:5ms	江苏省	宿迁市	这里是日志信息......
2023-11-10 16:02:49.498542	[ERROR]	goods_manager.py	响应时间:961ms	重庆市	涪陵区	这里是日志信息......
2023-11-10 16:02:49.498542	[INFO]	event.py	响应时间:227ms	山东省	青岛市	这里是日志信息......
2023-11-10 16:02:49.498542	[INFO]	goods_manager.py	响应时间:923ms	湖北省	恩施土家族苗族自治州	这里是日志信息......
2023-11-10 16:02:49.498542	[INFO]	orders_service.py	响应时间:268ms	广东省	深圳市	这里是日志信息......
2023-11-10 16:02:49.498542	[INFO]	event.py	响应时间:574ms	山东省	青岛市	这里是日志信息......
2023-11-10 16:02:49.498542	[INFO]	event.py	响应时间:201ms	广东省	珠海市	这里是日志信息......
2023-11-10 16:02:49.498542	[INFO]	event.py	响应时间:834ms	安徽省	合肥市	这里是日志信息......
2023-11-10 16:02:49.498542	[WARN]	event.py	响应时间:66ms	重庆市	渝中区	这里是日志信息......
2023-11-10 16:02:49.498542	[INFO]	goods_manager.py	响应时间:4475ms	安徽省	铜陵市	这里是日志信息......
2023-11-10 16:02:49.498542	[ERROR]	event.py	响应时间:897ms	湖北省	恩施土家族苗族自治州	这里是日志信息......
2023-11-10 16:02:49.498542	[INFO]	orders_service.py	响应时间:256ms	江苏省	苏州市	这里是日志信息......
2023-11-10 16:02:49.498542	[ERROR]	event.py	响应时间:236ms	浙江省	嘉兴市	这里是日志信息......
2023-11-10 16:02:49.498542	[INFO]	user_manager.py	响应时间:201ms	天津市	和平区	这里是日志信息......
2023-11-10 16:02:49.498542	[WARN]	orders_service.py	响应时间:873ms	江苏省	南京市	这里是日志信息......
2023-11-10 16:02:49.498542	[INFO]	base_network.py	响应时间:708ms	北京市	朝阳区	这里是日志信息......
2023-11-10 16:02:49.498542	[WARN]	event.py	响应时间:568ms	浙江省	金华市	这里是日志信息......
2023-11-10 16:02:49.498542	[INFO]	event.py	响应时间:998ms	江苏省	常州市	这里是日志信息......
2023-11-10 16:02:49.498542	[WARN]	orders_service.py	响应时间:494ms	浙江省	丽水市	这里是日志信息......
2023-11-10 16:02:49.498542	[INFO]	barcode_service.py	响应时间:217ms	重庆市	沙坪坝区	这里是日志信息......
2023-11-10 16:02:49.498542	[INFO]	event.py	响应时间:609ms	山东省	菏泽市	这里是日志信息......
2023-11-10 16:02:49.498542	[INFO]	orders_service.py	响应时间:893ms	江苏省	南京市	这里是日志信息......
2023-11-10 16:02:49.498542	[INFO]	user_manager.py	响应时间:343ms	广东省	深圳市	这里是日志信息......
2023-11-10 16:02:49.498542	[INFO]	event.py	响应时间:371ms	北京市	朝阳区	这里是日志信息......
2023-11-10 16:02:49.498542	[INFO]	orders_service.py	响应时间:350ms	重庆市	南岸区	这里是日志信息......
2023-11-10 16:02:49.498542	[WARN]	event.py	响应时间:610ms	浙江省	杭州市	这里是日志信息......
2023-11-10 16:02:49.498542	[INFO]	goods_manager.py	响应时间:24ms	天津市	河东区	这里是日志信息......
2023-11-10 16:02:49.498542	[INFO]	orders_service.py	响应时间:303ms	天津市	和平区	这里是日志信息......
2023-11-10 16:02:49.498542	[INFO]	shop_manager.py	响应时间:632ms	湖北省	武汉市	这里是日志信息......
2023-11-10 16:02:49.498542	[INFO]	orders_service.py	响应时间:734ms	广东省	深圳市	这里是日志信息......
2023-11-10 16:02:49.498542	[INFO]	barcode_service.py	响应时间:696ms	湖北省	武汉市	这里是日志信息......
2023-11-10 16:02:49.498542	[INFO]	goods_manager.py	响应时间:834ms	重庆市	九龙坡区	这里是日志信息......
2023-11-10 16:02:49.498542	[WARN]	event.py	响应时间:525ms	天津市	武清区	这里是日志信息......
2023-11-10 16:02:49.498542	[INFO]	barcode_service.py	响应时间:745ms	浙江省	金华市	这里是日志信息......
2023-11-10 16:02:49.498542	[INFO]	event.py	响应时间:515ms	安徽省	阜阳市	这里是日志信息......
2023-11-10 16:02:49.498542	[INFO]	base_network.py	响应时间:838ms	湖南省	长沙市	这里是日志信息......
2023-11-10 16:02:49.498542	[INFO]	base_network.py	响应时间:739ms	湖南省	益阳市	这里是日志信息......
2023-11-10 16:02:49.498542	[INFO]	event.py	响应时间:353ms	北京市	海淀区	这里是日志信息......
2023-11-10 16:02:49.498542	[INFO]	event.py	响应时间:142ms	上海市	宝山区	这里是日志信息......
2023-11-10 16:02:49.498542	[INFO]	orders_service.py	响应时间:257ms	安徽省	合肥市	这里是日志信息......
2023-11-10 16:02:49.498542	[INFO]	orders_service.py	响应时间:550ms	北京市	海淀区	这里是日志信息......
2023-11-10 16:02:49.498542	[INFO]	goods_manager.py	响应时间:571ms	江苏省	无锡市	这里是日志信息......
2023-11-10 16:02:49.498542	[WARN]	event.py	响应时间:874ms	浙江省	绍兴市	这里是日志信息......
2023-11-10 16:02:49.498542	[INFO]	orders_service.py	响应时间:629ms	江苏省	南京市	这里是日志信息......
2023-11-10 16:02:49.498542	[WARN]	event.py	响应时间:903ms	山东省	青岛市	这里是日志信息......
2023-11-10 16:02:49.498542	[INFO]	orders_service.py	响应时间:9439ms	湖南省	长沙市	这里是日志信息......
2023-11-10 16:02:49.498542	[INFO]	barcode_service.py	响应时间:775ms	山东省	青岛市	这里是日志信息......
2023-11-10 16:02:49.498542	[INFO]	barcode_service.py	响应时间:804ms	湖南省	长沙市	这里是日志信息......
2023-11-10 16:02:49.498542	[INFO]	orders_service.py	响应时间:470ms	湖南省	常德市	这里是日志信息......
2023-11-10 16:02:49.498542	[WARN]	orders_service.py	响应时间:5ms	江苏省	宿迁市	这里是日志信息......
2023-11-10 16:02:49.498542	[INFO]	orders_service.py	响应时间:533ms	安徽省	芜湖市	这里是日志信息......
2023-11-10 16:02:49.498542	[INFO]	orders_service.py	响应时间:503ms	上海市	静安区	这里是日志信息......
2023-11-10 16:02:49.498542	[INFO]	event.py	响应时间:51ms	上海市	宝山区	这里是日志信息......
2023-11-10 16:02:49.498542	[INFO]	goods_manager.py	响应时间:730ms	湖北省	十堰市	这里是日志信息......
2023-11-10 16:02:49.498542	[INFO]	orders_service.py	响应时间:407ms	上海市	黄浦区	这里是日志信息......
2023-11-10 16:02:49.498542	[INFO]	base_network.py	响应时间:53ms	重庆市	万州区	这里是日志信息......
2023-11-10 16:02:49.498542	[INFO]	user_manager.py	响应时间:487ms	湖南省	常德市	这里是日志信息......
2023-11-10 16:02:49.498542	[INFO]	goods_manager.py	响应时间:534ms	广东省	广州市	这里是日志信息......
2023-11-10 16:02:49.498542	[WARN]	event.py	响应时间:874ms	湖南省	株洲市	这里是日志信息......
2023-11-10 16:02:49.498542	[INFO]	goods_manager.py	响应时间:449ms	天津市	武清区	这里是日志信息......
2023-11-10 16:02:49.498542	[INFO]	barcode_service.py	响应时间:841ms	江苏省	苏州市	这里是日志信息......
2023-11-10 16:02:49.498542	[INFO]	orders_service.py	响应时间:308ms	湖南省	长沙市	这里是日志信息......
2023-11-10 16:02:49.498542	[INFO]	event.py	响应时间:633ms	天津市	河东区	这里是日志信息......
2023-11-10 16:02:49.498542	[INFO]	user_manager.py	响应时间:795ms	江苏省	常州市	这里是日志信息......
2023-11-10 16:02:49.498542	[INFO]	event.py	响应时间:123ms	安徽省	铜陵市	这里是日志信息......
2023-11-10 16:02:49.498542	[INFO]	event.py	响应时间:718ms	重庆市	沙坪坝区	这里是日志信息......
2023-11-10 16:02:49.498542	[INFO]	barcode_service.py	响应时间:154ms	上海市	静安区	这里是日志信息......
2023-11-10 16:02:49.498542	[INFO]	orders_service.py	响应时间:986ms	重庆市	涪陵区	这里是日志信息......
2023-11-10 16:02:49.498542	[ERROR]	goods_manager.py	响应时间:41ms	广东省	深圳市	这里是日志信息......
2023-11-10 16:02:49.498542	[INFO]	orders_service.py	响应时间:113ms	山东省	菏泽市	这里是日志信息......
2023-11-10 16:02:49.498542	[INFO]	event.py	响应时间:505ms	湖北省	武汉市	这里是日志信息......
2023-11-10 16:02:49.499533	[INFO]	goods_manager.py	响应时间:856ms	江苏省	张家港市	这里是日志信息......
2023-11-10 16:02:49.499533	[INFO]	shop_manager.py	响应时间:702ms	湖北省	十堰市	这里是日志信息......
2023-11-10 16:02:49.499533	[INFO]	shop_manager.py	响应时间:630ms	广东省	广州市	这里是日志信息......
2023-11-10 16:02:49.499533	[INFO]	goods_manager.py	响应时间:577ms	山东省	菏泽市	这里是日志信息......
2023-11-10 16:02:49.499533	[INFO]	goods_manager.py	响应时间:113ms	重庆市	万州区	这里是日志信息......
2023-11-10 16:02:49.499533	[INFO]	event.py	响应时间:127ms	江苏省	常州市	这里是日志信息......
2023-11-10 16:02:49.499533	[INFO]	shop_manager.py	响应时间:820ms	广东省	珠海市	这里是日志信息......
2023-11-10 16:02:49.499533	[INFO]	orders_service.py	响应时间:370ms	北京市	怀柔区	这里是日志信息......
2023-11-10 16:02:49.499533	[INFO]	event.py	响应时间:448ms	安徽省	芜湖市	这里是日志信息......
2023-11-10 16:02:49.499533	[WARN]	user_manager.py	响应时间:376ms	上海市	徐汇区	这里是日志信息......
2023-11-10 16:02:49.499533	[WARN]	user_manager.py	响应时间:650ms	天津市	河西区	这里是日志信息......
2023-11-10 16:02:49.499533	[INFO]	orders_service.py	响应时间:352ms	浙江省	杭州市	这里是日志信息......
2023-11-10 16:02:49.499533	[INFO]	barcode_service.py	响应时间:347ms	北京市	昌平区	这里是日志信息......
2023-11-10 16:02:49.499533	[INFO]	barcode_service.py	响应时间:72ms	浙江省	金华市	这里是日志信息......
2023-11-10 16:02:49.499533	[WARN]	barcode_service.py	响应时间:29ms	上海市	浦东新区	这里是日志信息......
2023-11-10 16:02:49.499533	[INFO]	goods_manager.py	响应时间:431ms	广东省	深圳市	这里是日志信息......
2023-11-10 16:02:49.499533	[WARN]	orders_service.py	响应时间:135ms	广东省	深圳市	这里是日志信息......
2023-11-10 16:02:49.499533	[INFO]	goods_manager.py	响应时间:465ms	广东省	深圳市	这里是日志信息......
2023-11-10 16:02:49.499533	[INFO]	user_manager.py	响应时间:397ms	北京市	海淀区	这里是日志信息......
2023-11-10 16:02:49.499533	[INFO]	event.py	响应时间:798ms	重庆市	渝中区	这里是日志信息......
2023-11-10 16:02:49.499533	[INFO]	base_network.py	响应时间:25ms	湖南省	长沙市	这里是日志信息......
2023-11-10 16:02:49.499533	[INFO]	orders_service.py	响应时间:819ms	江苏省	南京市	这里是日志信息......
2023-11-10 16:02:49.499533	[INFO]	orders_service.py	响应时间:610ms	上海市	浦东新区	这里是日志信息......
2023-11-10 16:02:49.499533	[ERROR]	user_manager.py	响应时间:685ms	上海市	杨浦区	这里是日志信息......
2023-11-10 16:02:49.499533	[INFO]	orders_service.py	响应时间:7745ms	安徽省	阜阳市	这里是日志信息......
2023-11-10 16:02:49.499533	[INFO]	goods_manager.py	响应时间:859ms	广东省	广州市	这里是日志信息......
2023-11-10 16:02:49.499533	[INFO]	base_network.py	响应时间:346ms	浙江省	绍兴市	这里是日志信息......
2023-11-10 16:02:49.499533	[INFO]	goods_manager.py	响应时间:358ms	北京市	昌平区	这里是日志信息......
2023-11-10 16:02:49.499533	[INFO]	base_network.py	响应时间:688ms	上海市	静安区	这里是日志信息......
2023-11-10 16:02:49.499533	[WARN]	event.py	响应时间:415ms	山东省	济南市	这里是日志信息......
2023-11-10 16:02:49.499533	[INFO]	user_manager.py	响应时间:838ms	重庆市	南岸区	这里是日志信息......
2023-11-10 16:02:49.499533	[INFO]	orders_service.py	响应时间:711ms	浙江省	绍兴市	这里是日志信息......
2023-11-10 16:02:49.499533	[INFO]	user_manager.py	响应时间:207ms	上海市	普陀区	这里是日志信息......
2023-11-10 16:02:49.499533	[INFO]	base_network.py	响应时间:893ms	广东省	广州市	这里是日志信息......
2023-11-10 16:02:49.499533	[INFO]	shop_manager.py	响应时间:387ms	上海市	徐汇区	这里是日志信息......
2023-11-10 16:02:49.499533	[WARN]	event.py	响应时间:143ms	浙江省	杭州市	这里是日志信息......
2023-11-10 16:02:49.499533	[INFO]	orders_service.py	响应时间:528ms	湖北省	荆州市	这里是日志信息......
2023-11-10 16:02:49.499533	[INFO]	shop_manager.py	响应时间:892ms	湖南省	长沙市	这里是日志信息......
2023-11-10 16:02:49.499533	[WARN]	user_manager.py	响应时间:881ms	上海市	杨浦区	这里是日志信息......
2023-11-10 16:02:49.499533	[INFO]	event.py	响应时间:727ms	江苏省	南京市	这里是日志信息......
2023-11-10 16:02:49.499533	[INFO]	user_manager.py	响应时间:707ms	天津市	武清区	这里是日志信息......
2023-11-10 16:02:49.499533	[INFO]	orders_service.py	响应时间:46ms	江苏省	张家港市	这里是日志信息......
2023-11-10 16:02:49.499533	[INFO]	orders_service.py	响应时间:923ms	安徽省	池州市	这里是日志信息......
2023-11-10 16:02:49.499533	[INFO]	goods_manager.py	响应时间:557ms	天津市	宝坻区	这里是日志信息......
2023-11-10 16:02:49.499533	[INFO]	orders_service.py	响应时间:135ms	湖北省	恩施土家族苗族自治州	这里是日志信息......
2023-11-10 16:02:49.499533	[INFO]	shop_manager.py	响应时间:11ms	江苏省	张家港市	这里是日志信息......
2023-11-10 16:02:49.499533	[INFO]	user_manager.py	响应时间:526ms	天津市	武清区	这里是日志信息......
2023-11-10 16:02:49.499533	[INFO]	user_manager.py	响应时间:632ms	安徽省	阜阳市	这里是日志信息......
2023-11-10 16:02:49.499533	[INFO]	orders_service.py	响应时间:918ms	安徽省	六安市	这里是日志信息......
2023-11-10 16:02:49.499533	[INFO]	goods_manager.py	响应时间:357ms	北京市	丰台区	这里是日志信息......
2023-11-10 16:02:49.499533	[INFO]	user_manager.py	响应时间:221ms	湖南省	长沙市	这里是日志信息......
2023-11-10 16:02:49.499533	[ERROR]	shop_manager.py	响应时间:847ms	湖南省	长沙市	这里是日志信息......
2023-11-10 16:02:49.499533	[INFO]	goods_manager.py	响应时间:676ms	江苏省	宿迁市	这里是日志信息......
2023-11-10 16:02:49.499533	[INFO]	event.py	响应时间:532ms	天津市	河西区	这里是日志信息......
2023-11-10 16:02:49.499533	[INFO]	barcode_service.py	响应时间:972ms	重庆市	渝中区	这里是日志信息......
2023-11-10 16:02:49.499533	[INFO]	goods_manager.py	响应时间:706ms	重庆市	万州区	这里是日志信息......
2023-11-10 16:02:49.499533	[WARN]	goods_manager.py	响应时间:723ms	江苏省	南京市	这里是日志信息......
2023-11-10 16:02:49.499533	[INFO]	event.py	响应时间:631ms	安徽省	阜阳市	这里是日志信息......
2023-11-10 16:02:49.499533	[INFO]	user_manager.py	响应时间:961ms	天津市	河东区	这里是日志信息......
2023-11-10 16:02:49.499533	[INFO]	user_manager.py	响应时间:985ms	山东省	青岛市	这里是日志信息......
2023-11-10 16:02:49.499533	[INFO]	goods_manager.py	响应时间:683ms	重庆市	南岸区	这里是日志信息......
2023-11-10 16:02:49.499533	[INFO]	event.py	响应时间:556ms	山东省	青岛市	这里是日志信息......
2023-11-10 16:02:49.499533	[INFO]	base_network.py	响应时间:908ms	安徽省	合肥市	这里是日志信息......
2023-11-10 16:02:49.499533	[INFO]	event.py	响应时间:189ms	山东省	青岛市	这里是日志信息......
2023-11-10 16:02:49.499533	[INFO]	orders_service.py	响应时间:690ms	天津市	河东区	这里是日志信息......
2023-11-10 16:02:49.499533	[INFO]	shop_manager.py	响应时间:609ms	天津市	武清区	这里是日志信息......
2023-11-10 16:02:49.499533	[INFO]	goods_manager.py	响应时间:169ms	天津市	河东区	这里是日志信息......
2023-11-10 16:02:49.499533	[INFO]	shop_manager.py	响应时间:463ms	重庆市	沙坪坝区	这里是日志信息......
2023-11-10 16:02:49.499533	[INFO]	user_manager.py	响应时间:148ms	安徽省	合肥市	这里是日志信息......
2023-11-10 16:02:49.500534	[ERROR]	base_network.py	响应时间:887ms	天津市	和平区	这里是日志信息......
2023-11-10 16:02:49.500534	[INFO]	shop_manager.py	响应时间:764ms	浙江省	杭州市	这里是日志信息......
2023-11-10 16:02:49.500534	[INFO]	orders_service.py	响应时间:710ms	天津市	和平区	这里是日志信息......
2023-11-10 16:02:49.500534	[INFO]	orders_service.py	响应时间:631ms	浙江省	丽水市	这里是日志信息......
2023-11-10 16:02:49.500534	[WARN]	event.py	响应时间:265ms	重庆市	南岸区	这里是日志信息......
2023-11-10 16:02:49.500534	[INFO]	barcode_service.py	响应时间:522ms	江苏省	苏州市	这里是日志信息......
2023-11-10 16:02:49.500534	[WARN]	barcode_service.py	响应时间:555ms	江苏省	苏州市	这里是日志信息......
2023-11-10 16:02:49.500534	[INFO]	base_network.py	响应时间:999ms	重庆市	九龙坡区	这里是日志信息......
2023-11-10 16:02:49.500534	[INFO]	goods_manager.py	响应时间:957ms	江苏省	苏州市	这里是日志信息......
2023-11-10 16:02:49.500534	[INFO]	user_manager.py	响应时间:855ms	湖南省	长沙市	这里是日志信息......
2023-11-10 16:02:49.500534	[INFO]	base_network.py	响应时间:796ms	上海市	杨浦区	这里是日志信息......
2023-11-10 16:02:49.500534	[INFO]	event.py	响应时间:836ms	湖南省	长沙市	这里是日志信息......
2023-11-10 16:02:49.500534	[INFO]	orders_service.py	响应时间:18ms	浙江省	金华市	这里是日志信息......
2023-11-10 16:02:49.500534	[INFO]	barcode_service.py	响应时间:295ms	山东省	菏泽市	这里是日志信息......
2023-11-10 16:02:49.500534	[WARN]	goods_manager.py	响应时间:922ms	浙江省	舟山市	这里是日志信息......
2023-11-10 16:02:49.500534	[INFO]	orders_service.py	响应时间:867ms	安徽省	铜陵市	这里是日志信息......
2023-11-10 16:02:49.500534	[WARN]	barcode_service.py	响应时间:498ms	上海市	黄浦区	这里是日志信息......
2023-11-10 16:02:49.500534	[INFO]	barcode_service.py	响应时间:201ms	浙江省	绍兴市	这里是日志信息......
2023-11-10 16:02:49.500534	[INFO]	event.py	响应时间:442ms	天津市	武清区	这里是日志信息......
2023-11-10 16:02:49.500534	[INFO]	user_manager.py	响应时间:520ms	天津市	河东区	这里是日志信息......
2023-11-10 16:02:49.500534	[ERROR]	user_manager.py	响应时间:7119ms	重庆市	南岸区	这里是日志信息......
2023-11-10 16:02:49.500534	[INFO]	user_manager.py	响应时间:237ms	北京市	丰台区	这里是日志信息......
2023-11-10 16:02:49.500534	[INFO]	goods_manager.py	响应时间:201ms	上海市	黄浦区	这里是日志信息......
2023-11-10 16:02:49.500534	[INFO]	user_manager.py	响应时间:413ms	北京市	怀柔区	这里是日志信息......
2023-11-10 16:02:49.500534	[INFO]	orders_service.py	响应时间:145ms	湖北省	十堰市	这里是日志信息......
2023-11-10 16:02:49.500534	[INFO]	barcode_service.py	响应时间:56ms	湖南省	长沙市	这里是日志信息......
2023-11-10 16:02:49.500534	[INFO]	goods_manager.py	响应时间:263ms	浙江省	丽水市	这里是日志信息......
2023-11-10 16:02:49.500534	[INFO]	event.py	响应时间:711ms	山东省	菏泽市	这里是日志信息......
2023-11-10 16:02:49.500534	[INFO]	goods_manager.py	响应时间:79ms	湖北省	武汉市	这里是日志信息......
2023-11-10 16:02:49.500534	[INFO]	user_manager.py	响应时间:545ms	湖南省	张家界市	这里是日志信息......
2023-11-10 16:02:49.500534	[INFO]	event.py	响应时间:860ms	湖南省	长沙市	这里是日志信息......
2023-11-10 16:02:49.500534	[INFO]	user_manager.py	响应时间:5ms	浙江省	绍兴市	这里是日志信息......
2023-11-10 16:02:49.500534	[WARN]	orders_service.py	响应时间:610ms	湖南省	长沙市	这里是日志信息......
2023-11-10 16:02:49.500534	[INFO]	event.py	响应时间:653ms	安徽省	阜阳市	这里是日志信息......
2023-11-10 16:02:49.500534	[INFO]	orders_service.py	响应时间:5753ms	天津市	河东区	这里是日志信息......
2023-11-10 16:02:49.500534	[INFO]	orders_service.py	响应时间:835ms	山东省	青岛市	这里是日志信息......
2023-11-10 16:02:49.500534	[INFO]	orders_service.py	响应时间:302ms	湖北省	荆州市	这里是日志信息......
2023-11-10 16:02:49.500534	[INFO]	event.py	响应时间:247ms	重庆市	万州区	这里是日志信息......
2023-11-10 16:02:49.500534	[INFO]	goods_manager.py	响应时间:396ms	重庆市	九龙坡区	这里是日志信息......
2023-11-10 16:02:49.500534	[INFO]	event.py	响应时间:462ms	北京市	海淀区	这里是日志信息......
2023-11-10 16:02:49.500534	[INFO]	orders_service.py	响应时间:641ms	重庆市	万州区	这里是日志信息......
2023-11-10 16:02:49.500534	[WARN]	user_manager.py	响应时间:794ms	安徽省	池州市	这里是日志信息......
2023-11-10 16:02:49.500534	[INFO]	event.py	响应时间:370ms	北京市	海淀区	这里是日志信息......
2023-11-10 16:02:49.500534	[INFO]	base_network.py	响应时间:51ms	浙江省	舟山市	这里是日志信息......
2023-11-10 16:02:49.500534	[INFO]	base_network.py	响应时间:976ms	湖北省	十堰市	这里是日志信息......
2023-11-10 16:02:49.500534	[INFO]	user_manager.py	响应时间:544ms	江苏省	常州市	这里是日志信息......
2023-11-10 16:02:49.500534	[INFO]	event.py	响应时间:759ms	上海市	黄浦区	这里是日志信息......
2023-11-10 16:02:49.500534	[INFO]	orders_service.py	响应时间:366ms	安徽省	阜阳市	这里是日志信息......
2023-11-10 16:02:49.500534	[INFO]	orders_service.py	响应时间:9ms	广东省	广州市	这里是日志信息......
2023-11-10 16:02:49.500534	[INFO]	orders_service.py	响应时间:301ms	北京市	海淀区	这里是日志信息......
2023-11-10 16:02:49.500534	[INFO]	barcode_service.py	响应时间:420ms	浙江省	杭州市	这里是日志信息......
2023-11-10 16:02:49.500534	[INFO]	orders_service.py	响应时间:514ms	江苏省	南京市	这里是日志信息......
2023-11-10 16:02:49.500534	[INFO]	event.py	响应时间:543ms	湖北省	十堰市	这里是日志信息......
2023-11-10 16:02:49.500534	[INFO]	orders_service.py	响应时间:9ms	天津市	河西区	这里是日志信息......
2023-11-10 16:02:49.500534	[INFO]	event.py	响应时间:448ms	江苏省	苏州市	这里是日志信息......
2023-11-10 16:02:49.500534	[INFO]	user_manager.py	响应时间:3956ms	湖北省	荆州市	这里是日志信息......
2023-11-10 16:02:49.500534	[INFO]	event.py	响应时间:450ms	重庆市	万州区	这里是日志信息......
2023-11-10 16:02:49.500534	[INFO]	shop_manager.py	响应时间:176ms	上海市	浦东新区	这里是日志信息......
2023-11-10 16:02:49.500534	[INFO]	goods_manager.py	响应时间:343ms	安徽省	芜湖市	这里是日志信息......
2023-11-10 16:02:49.500534	[INFO]	shop_manager.py	响应时间:39ms	浙江省	丽水市	这里是日志信息......
2023-11-10 16:02:49.500534	[INFO]	orders_service.py	响应时间:122ms	山东省	济南市	这里是日志信息......
2023-11-10 16:02:49.500534	[INFO]	barcode_service.py	响应时间:230ms	安徽省	芜湖市	这里是日志信息......
2023-11-10 16:02:49.500534	[INFO]	user_manager.py	响应时间:282ms	北京市	朝阳区	这里是日志信息......
2023-11-10 16:02:49.500534	[INFO]	shop_manager.py	响应时间:87ms	重庆市	万州区	这里是日志信息......
2023-11-10 16:02:49.500534	[INFO]	barcode_service.py	响应时间:688ms	湖南省	张家界市	这里是日志信息......
2023-11-10 16:02:49.500534	[WARN]	shop_manager.py	响应时间:235ms	天津市	宝坻区	这里是日志信息......
2023-11-10 16:02:49.500534	[INFO]	goods_manager.py	响应时间:685ms	重庆市	渝中区	这里是日志信息......
2023-11-10 16:02:49.500534	[WARN]	shop_manager.py	响应时间:709ms	湖南省	株洲市	这里是日志信息......
2023-11-10 16:02:49.500534	[INFO]	user_manager.py	响应时间:623ms	重庆市	九龙坡区	这里是日志信息......
2023-11-10 16:02:49.500534	[INFO]	orders_service.py	响应时间:424ms	重庆市	南岸区	这里是日志信息......
2023-11-10 16:02:49.501533	[INFO]	base_network.py	响应时间:53ms	湖南省	常德市	这里是日志信息......
2023-11-10 16:02:49.501533	[INFO]	event.py	响应时间:576ms	湖北省	武汉市	这里是日志信息......
2023-11-10 16:02:49.501533	[INFO]	user_manager.py	响应时间:943ms	重庆市	万州区	这里是日志信息......
2023-11-10 16:02:49.501533	[INFO]	goods_manager.py	响应时间:42ms	安徽省	池州市	这里是日志信息......
2023-11-10 16:02:49.501533	[INFO]	orders_service.py	响应时间:307ms	浙江省	绍兴市	这里是日志信息......
2023-11-10 16:02:49.501533	[INFO]	orders_service.py	响应时间:244ms	山东省	青岛市	这里是日志信息......
2023-11-10 16:02:49.501533	[INFO]	event.py	响应时间:222ms	广东省	珠海市	这里是日志信息......
2023-11-10 16:02:49.501533	[INFO]	user_manager.py	响应时间:57ms	天津市	和平区	这里是日志信息......
2023-11-10 16:02:49.501533	[WARN]	shop_manager.py	响应时间:329ms	上海市	浦东新区	这里是日志信息......
2023-11-10 16:02:49.501533	[INFO]	base_network.py	响应时间:132ms	重庆市	涪陵区	这里是日志信息......
2023-11-10 16:02:49.501533	[INFO]	goods_manager.py	响应时间:934ms	江苏省	苏州市	这里是日志信息......
2023-11-10 16:02:49.501533	[INFO]	barcode_service.py	响应时间:192ms	浙江省	湖州市	这里是日志信息......
2023-11-10 16:02:49.501533	[INFO]	shop_manager.py	响应时间:504ms	安徽省	合肥市	这里是日志信息......
2023-11-10 16:02:49.501533	[INFO]	goods_manager.py	响应时间:106ms	江苏省	常州市	这里是日志信息......
2023-11-10 16:02:49.501533	[INFO]	orders_service.py	响应时间:274ms	山东省	青岛市	这里是日志信息......
2023-11-10 16:02:49.501533	[INFO]	event.py	响应时间:115ms	山东省	青岛市	这里是日志信息......
2023-11-10 16:02:49.501533	[INFO]	shop_manager.py	响应时间:5934ms	北京市	昌平区	这里是日志信息......
2023-11-10 16:02:49.501533	[INFO]	orders_service.py	响应时间:972ms	江苏省	宿迁市	这里是日志信息......
2023-11-10 16:02:49.501533	[INFO]	orders_service.py	响应时间:65ms	安徽省	池州市	这里是日志信息......
2023-11-10 16:02:49.501533	[INFO]	base_network.py	响应时间:453ms	上海市	徐汇区	这里是日志信息......
2023-11-10 16:02:49.501533	[INFO]	goods_manager.py	响应时间:91ms	天津市	河西区	这里是日志信息......
2023-11-10 16:02:49.501533	[INFO]	event.py	响应时间:671ms	山东省	青岛市	这里是日志信息......
2023-11-10 16:02:49.501533	[INFO]	user_manager.py	响应时间:453ms	北京市	怀柔区	这里是日志信息......
2023-11-10 16:02:49.501533	[INFO]	event.py	响应时间:156ms	北京市	大兴区	这里是日志信息......
2023-11-10 16:02:49.501533	[INFO]	orders_service.py	响应时间:3728ms	北京市	海淀区	这里是日志信息......
2023-11-10 16:02:49.501533	[INFO]	user_manager.py	响应时间:481ms	上海市	浦东新区	这里是日志信息......
2023-11-10 16:02:49.501533	[INFO]	orders_service.py	响应时间:720ms	上海市	浦东新区	这里是日志信息......
2023-11-10 16:02:49.501533	[WARN]	user_manager.py	响应时间:447ms	天津市	武清区	这里是日志信息......
2023-11-10 16:02:49.501533	[INFO]	event.py	响应时间:636ms	安徽省	六安市	这里是日志信息......
2023-11-10 16:02:49.501533	[INFO]	user_manager.py	响应时间:921ms	江苏省	南京市	这里是日志信息......
2023-11-10 16:02:49.501533	[INFO]	event.py	响应时间:359ms	上海市	宝山区	这里是日志信息......
2023-11-10 16:02:49.501533	[INFO]	user_manager.py	响应时间:460ms	上海市	黄浦区	这里是日志信息......
2023-11-10 16:02:49.501533	[INFO]	goods_manager.py	响应时间:481ms	山东省	青岛市	这里是日志信息......
2023-11-10 16:02:49.501533	[INFO]	goods_manager.py	响应时间:455ms	天津市	和平区	这里是日志信息......
2023-11-10 16:02:49.501533	[INFO]	event.py	响应时间:423ms	浙江省	丽水市	这里是日志信息......
2023-11-10 16:02:49.501533	[INFO]	orders_service.py	响应时间:548ms	重庆市	渝中区	这里是日志信息......
2023-11-10 16:02:49.501533	[INFO]	goods_manager.py	响应时间:686ms	重庆市	沙坪坝区	这里是日志信息......
2023-11-10 16:02:49.501533	[INFO]	user_manager.py	响应时间:98ms	安徽省	池州市	这里是日志信息......
2023-11-10 16:02:49.501533	[INFO]	orders_service.py	响应时间:976ms	江苏省	张家港市	这里是日志信息......
2023-11-10 16:02:49.501533	[WARN]	goods_manager.py	响应时间:424ms	湖南省	长沙市	这里是日志信息......
2023-11-10 16:02:49.501533	[INFO]	event.py	响应时间:481ms	重庆市	南岸区	这里是日志信息......
2023-11-10 16:02:49.501533	[INFO]	event.py	响应时间:154ms	重庆市	涪陵区	这里是日志信息......
2023-11-10 16:02:49.501533	[WARN]	user_manager.py	响应时间:548ms	重庆市	万州区	这里是日志信息......
2023-11-10 16:02:49.501533	[INFO]	orders_service.py	响应时间:497ms	天津市	宝坻区	这里是日志信息......
2023-11-10 16:02:49.501533	[INFO]	event.py	响应时间:522ms	浙江省	杭州市	这里是日志信息......
2023-11-10 16:02:49.501533	[INFO]	goods_manager.py	响应时间:57ms	湖北省	武汉市	这里是日志信息......
2023-11-10 16:02:49.501533	[INFO]	goods_manager.py	响应时间:666ms	湖南省	长沙市	这里是日志信息......
2023-11-10 16:02:49.501533	[INFO]	event.py	响应时间:514ms	北京市	海淀区	这里是日志信息......
2023-11-10 16:02:49.501533	[INFO]	goods_manager.py	响应时间:723ms	江苏省	张家港市	这里是日志信息......
2023-11-10 16:02:49.501533	[INFO]	orders_service.py	响应时间:347ms	安徽省	芜湖市	这里是日志信息......
2023-11-10 16:02:49.501533	[INFO]	barcode_service.py	响应时间:748ms	重庆市	涪陵区	这里是日志信息......
2023-11-10 16:02:49.501533	[INFO]	orders_service.py	响应时间:538ms	江苏省	南京市	这里是日志信息......
2023-11-10 16:02:49.501533	[INFO]	goods_manager.py	响应时间:186ms	山东省	青岛市	这里是日志信息......
2023-11-10 16:02:49.501533	[INFO]	orders_service.py	响应时间:707ms	江苏省	张家港市	这里是日志信息......
2023-11-10 16:02:49.501533	[INFO]	base_network.py	响应时间:689ms	北京市	海淀区	这里是日志信息......
2023-11-10 16:02:49.501533	[INFO]	event.py	响应时间:204ms	重庆市	涪陵区	这里是日志信息......
2023-11-10 16:02:49.501533	[ERROR]	orders_service.py	响应时间:249ms	江苏省	苏州市	这里是日志信息......
2023-11-10 16:02:49.501533	[INFO]	event.py	响应时间:930ms	湖南省	长沙市	这里是日志信息......
2023-11-10 16:02:49.501533	[WARN]	base_network.py	响应时间:209ms	北京市	海淀区	这里是日志信息......
2023-11-10 16:02:49.501533	[INFO]	orders_service.py	响应时间:778ms	安徽省	合肥市	这里是日志信息......
2023-11-10 16:02:49.501533	[WARN]	event.py	响应时间:324ms	广东省	广州市	这里是日志信息......
2023-11-10 16:02:49.501533	[INFO]	event.py	响应时间:879ms	湖北省	荆州市	这里是日志信息......
2023-11-10 16:02:49.501533	[INFO]	orders_service.py	响应时间:80ms	湖北省	武汉市	这里是日志信息......
2023-11-10 16:02:49.501533	[WARN]	event.py	响应时间:542ms	山东省	济南市	这里是日志信息......
2023-11-10 16:02:49.501533	[INFO]	user_manager.py	响应时间:223ms	浙江省	金华市	这里是日志信息......
2023-11-10 16:02:49.501533	[WARN]	orders_service.py	响应时间:277ms	安徽省	铜陵市	这里是日志信息......
2023-11-10 16:02:49.501533	[INFO]	event.py	响应时间:755ms	广东省	广州市	这里是日志信息......
2023-11-10 16:02:49.501533	[INFO]	event.py	响应时间:849ms	重庆市	涪陵区	这里是日志信息......
2023-11-10 16:02:49.501533	[INFO]	shop_manager.py	响应时间:655ms	重庆市	万州区	这里是日志信息......
2023-11-10 16:02:49.502533	[INFO]	orders_service.py	响应时间:645ms	湖南省	长沙市	这里是日志信息......
2023-11-10 16:02:49.502533	[INFO]	orders_service.py	响应时间:848ms	山东省	青岛市	这里是日志信息......
2023-11-10 16:02:49.502533	[INFO]	shop_manager.py	响应时间:216ms	浙江省	湖州市	这里是日志信息......
2023-11-10 16:02:49.502533	[INFO]	event.py	响应时间:306ms	安徽省	合肥市	这里是日志信息......
2023-11-10 16:02:49.502533	[INFO]	event.py	响应时间:873ms	江苏省	南京市	这里是日志信息......
2023-11-10 16:02:49.502533	[WARN]	shop_manager.py	响应时间:95ms	浙江省	丽水市	这里是日志信息......
2023-11-10 16:02:49.502533	[INFO]	event.py	响应时间:108ms	湖南省	长沙市	这里是日志信息......
2023-11-10 16:02:49.502533	[INFO]	event.py	响应时间:819ms	湖北省	十堰市	这里是日志信息......
2023-11-10 16:02:49.502533	[INFO]	barcode_service.py	响应时间:426ms	北京市	丰台区	这里是日志信息......
2023-11-10 16:02:49.502533	[INFO]	goods_manager.py	响应时间:1000ms	山东省	青岛市	这里是日志信息......
2023-11-10 16:02:49.502533	[INFO]	orders_service.py	响应时间:735ms	湖北省	武汉市	这里是日志信息......
2023-11-10 16:02:49.502533	[INFO]	goods_manager.py	响应时间:296ms	安徽省	阜阳市	这里是日志信息......
2023-11-10 16:02:49.502533	[INFO]	event.py	响应时间:669ms	山东省	青岛市	这里是日志信息......
2023-11-10 16:02:49.502533	[INFO]	goods_manager.py	响应时间:722ms	湖南省	张家界市	这里是日志信息......
2023-11-10 16:02:49.502533	[ERROR]	goods_manager.py	响应时间:742ms	广东省	广州市	这里是日志信息......
2023-11-10 16:02:49.502533	[INFO]	orders_service.py	响应时间:295ms	重庆市	涪陵区	这里是日志信息......
2023-11-10 16:02:49.502533	[INFO]	user_manager.py	响应时间:712ms	上海市	浦东新区	这里是日志信息......
2023-11-10 16:02:49.502533	[INFO]	shop_manager.py	响应时间:802ms	广东省	广州市	这里是日志信息......
2023-11-10 16:02:49.502533	[INFO]	goods_manager.py	响应时间:656ms	湖南省	长沙市	这里是日志信息......
2023-11-10 16:02:49.502533	[INFO]	orders_service.py	响应时间:323ms	山东省	菏泽市	这里是日志信息......
2023-11-10 16:02:49.502533	[INFO]	goods_manager.py	响应时间:64ms	重庆市	渝中区	这里是日志信息......
2023-11-10 16:02:49.502533	[INFO]	orders_service.py	响应时间:428ms	山东省	青岛市	这里是日志信息......
2023-11-10 16:02:49.502533	[INFO]	orders_service.py	响应时间:409ms	山东省	青岛市	这里是日志信息......
2023-11-10 16:02:49.502533	[WARN]	event.py	响应时间:78ms	山东省	青岛市	这里是日志信息......
2023-11-10 16:02:49.502533	[INFO]	event.py	响应时间:1000ms	天津市	宝坻区	这里是日志信息......
2023-11-10 16:02:49.502533	[INFO]	base_network.py	响应时间:970ms	上海市	黄浦区	这里是日志信息......
2023-11-10 16:02:49.502533	[INFO]	barcode_service.py	响应时间:75ms	重庆市	万州区	这里是日志信息......
2023-11-10 16:02:49.502533	[INFO]	orders_service.py	响应时间:610ms	广东省	深圳市	这里是日志信息......
2023-11-10 16:02:49.502533	[INFO]	event.py	响应时间:450ms	江苏省	苏州市	这里是日志信息......
2023-11-10 16:02:49.502533	[INFO]	event.py	响应时间:291ms	天津市	河西区	这里是日志信息......
2023-11-10 16:02:49.502533	[ERROR]	orders_service.py	响应时间:1439ms	湖南省	长沙市	这里是日志信息......
2023-11-10 16:02:49.502533	[INFO]	base_network.py	响应时间:230ms	重庆市	渝中区	这里是日志信息......
2023-11-10 16:02:49.502533	[ERROR]	user_manager.py	响应时间:471ms	山东省	济南市	这里是日志信息......
2023-11-10 16:02:49.502533	[INFO]	shop_manager.py	响应时间:528ms	湖南省	长沙市	这里是日志信息......
2023-11-10 16:02:49.502533	[INFO]	event.py	响应时间:351ms	北京市	大兴区	这里是日志信息......
2023-11-10 16:02:49.502533	[INFO]	event.py	响应时间:677ms	湖北省	武汉市	这里是日志信息......
2023-11-10 16:02:49.502533	[INFO]	shop_manager.py	响应时间:601ms	安徽省	阜阳市	这里是日志信息......
2023-11-10 16:02:49.502533	[INFO]	user_manager.py	响应时间:9069ms	广东省	深圳市	这里是日志信息......
2023-11-10 16:02:49.502533	[WARN]	goods_manager.py	响应时间:356ms	湖南省	常德市	这里是日志信息......
2023-11-10 16:02:49.502533	[INFO]	goods_manager.py	响应时间:832ms	安徽省	合肥市	这里是日志信息......
2023-11-10 16:02:49.502533	[INFO]	event.py	响应时间:67ms	安徽省	铜陵市	这里是日志信息......
2023-11-10 16:02:49.502533	[INFO]	goods_manager.py	响应时间:648ms	安徽省	合肥市	这里是日志信息......
2023-11-10 16:02:49.502533	[INFO]	barcode_service.py	响应时间:619ms	重庆市	万州区	这里是日志信息......
2023-11-10 16:02:49.502533	[INFO]	user_manager.py	响应时间:312ms	湖北省	武汉市	这里是日志信息......
2023-11-10 16:02:49.502533	[INFO]	goods_manager.py	响应时间:715ms	山东省	菏泽市	这里是日志信息......
2023-11-10 16:02:49.502533	[INFO]	event.py	响应时间:901ms	广东省	珠海市	这里是日志信息......
2023-11-10 16:02:49.502533	[INFO]	goods_manager.py	响应时间:417ms	天津市	武清区	这里是日志信息......
2023-11-10 16:02:49.502533	[INFO]	event.py	响应时间:598ms	江苏省	南京市	这里是日志信息......
2023-11-10 16:02:49.502533	[INFO]	shop_manager.py	响应时间:319ms	湖南省	益阳市	这里是日志信息......
2023-11-10 16:02:49.502533	[INFO]	goods_manager.py	响应时间:173ms	上海市	宝山区	这里是日志信息......
2023-11-10 16:02:49.502533	[INFO]	event.py	响应时间:649ms	安徽省	芜湖市	这里是日志信息......
2023-11-10 16:02:49.502533	[INFO]	user_manager.py	响应时间:364ms	山东省	菏泽市	这里是日志信息......
2023-11-10 16:02:49.502533	[WARN]	orders_service.py	响应时间:352ms	江苏省	南京市	这里是日志信息......
2023-11-10 16:02:49.502533	[INFO]	orders_service.py	响应时间:61ms	安徽省	合肥市	这里是日志信息......
2023-11-10 16:02:49.502533	[WARN]	event.py	响应时间:908ms	重庆市	万州区	这里是日志信息......
2023-11-10 16:02:49.502533	[WARN]	orders_service.py	响应时间:241ms	浙江省	丽水市	这里是日志信息......
2023-11-10 16:02:49.502533	[INFO]	event.py	响应时间:730ms	浙江省	嘉兴市	这里是日志信息......
2023-11-10 16:02:49.502533	[INFO]	base_network.py	响应时间:214ms	重庆市	南岸区	这里是日志信息......
2023-11-10 16:02:49.502533	[INFO]	event.py	响应时间:5127ms	山东省	青岛市	这里是日志信息......
2023-11-10 16:02:49.502533	[WARN]	event.py	响应时间:996ms	江苏省	苏州市	这里是日志信息......
2023-11-10 16:02:49.502533	[WARN]	barcode_service.py	响应时间:6903ms	江苏省	常州市	这里是日志信息......
2023-11-10 16:02:49.502533	[INFO]	goods_manager.py	响应时间:540ms	重庆市	沙坪坝区	这里是日志信息......
2023-11-10 16:02:49.502533	[INFO]	goods_manager.py	响应时间:46ms	山东省	青岛市	这里是日志信息......
2023-11-10 16:02:49.502533	[INFO]	goods_manager.py	响应时间:566ms	安徽省	池州市	这里是日志信息......
2023-11-10 16:02:49.502533	[INFO]	event.py	响应时间:947ms	山东省	菏泽市	这里是日志信息......
2023-11-10 16:02:49.502533	[INFO]	user_manager.py	响应时间:88ms	湖南省	张家界市	这里是日志信息......
2023-11-10 16:02:49.502533	[INFO]	goods_manager.py	响应时间:995ms	江苏省	苏州市	这里是日志信息......
2023-11-10 16:02:49.502533	[INFO]	event.py	响应时间:15ms	上海市	普陀区	这里是日志信息......
2023-11-10 16:02:49.502533	[INFO]	goods_manager.py	响应时间:285ms	安徽省	六安市	这里是日志信息......
2023-11-10 16:02:49.502533	[INFO]	orders_service.py	响应时间:987ms	天津市	和平区	这里是日志信息......
2023-11-10 16:02:49.502533	[INFO]	goods_manager.py	响应时间:838ms	湖北省	武汉市	这里是日志信息......
2023-11-10 16:02:49.502533	[WARN]	orders_service.py	响应时间:565ms	浙江省	杭州市	这里是日志信息......
2023-11-10 16:02:49.502533	[INFO]	event.py	响应时间:204ms	湖北省	武汉市	这里是日志信息......
2023-11-10 16:02:49.502533	[INFO]	orders_service.py	响应时间:832ms	天津市	武清区	这里是日志信息......
2023-11-10 16:02:49.502533	[INFO]	orders_service.py	响应时间:403ms	天津市	武清区	这里是日志信息......
2023-11-10 16:02:49.502533	[INFO]	base_network.py	响应时间:88ms	北京市	海淀区	这里是日志信息......
2023-11-10 16:02:49.502533	[INFO]	barcode_service.py	响应时间:974ms	重庆市	涪陵区	这里是日志信息......
2023-11-10 16:02:49.503532	[WARN]	event.py	响应时间:568ms	广东省	深圳市	这里是日志信息......
2023-11-10 16:02:49.503532	[INFO]	orders_service.py	响应时间:799ms	上海市	普陀区	这里是日志信息......
2023-11-10 16:02:49.503532	[INFO]	barcode_service.py	响应时间:398ms	浙江省	舟山市	这里是日志信息......
2023-11-10 16:02:49.503532	[INFO]	shop_manager.py	响应时间:765ms	北京市	大兴区	这里是日志信息......
2023-11-10 16:02:49.503532	[INFO]	event.py	响应时间:745ms	天津市	河西区	这里是日志信息......
2023-11-10 16:02:49.503532	[INFO]	user_manager.py	响应时间:300ms	天津市	宝坻区	这里是日志信息......
2023-11-10 16:02:49.503532	[INFO]	orders_service.py	响应时间:722ms	安徽省	阜阳市	这里是日志信息......
2023-11-10 16:02:49.503532	[INFO]	orders_service.py	响应时间:992ms	安徽省	合肥市	这里是日志信息......
2023-11-10 16:02:49.503532	[INFO]	event.py	响应时间:261ms	浙江省	杭州市	这里是日志信息......
2023-11-10 16:02:49.503532	[INFO]	orders_service.py	响应时间:178ms	山东省	青岛市	这里是日志信息......
2023-11-10 16:02:49.503532	[INFO]	orders_service.py	响应时间:772ms	安徽省	合肥市	这里是日志信息......
2023-11-10 16:02:49.503532	[INFO]	base_network.py	响应时间:723ms	湖南省	长沙市	这里是日志信息......
2023-11-10 16:02:49.503532	[INFO]	event.py	响应时间:914ms	上海市	静安区	这里是日志信息......
2023-11-10 16:02:49.503532	[INFO]	user_manager.py	响应时间:963ms	湖北省	武汉市	这里是日志信息......
2023-11-10 16:02:49.503532	[INFO]	orders_service.py	响应时间:9ms	重庆市	九龙坡区	这里是日志信息......
2023-11-10 16:02:49.503532	[INFO]	base_network.py	响应时间:327ms	浙江省	绍兴市	这里是日志信息......
2023-11-10 16:02:49.503532	[INFO]	goods_manager.py	响应时间:75ms	天津市	和平区	这里是日志信息......
2023-11-10 16:02:49.503532	[INFO]	event.py	响应时间:729ms	广东省	深圳市	这里是日志信息......
2023-11-10 16:02:49.503532	[ERROR]	goods_manager.py	响应时间:744ms	湖北省	武汉市	这里是日志信息......
2023-11-10 16:02:49.503532	[INFO]	shop_manager.py	响应时间:210ms	浙江省	金华市	这里是日志信息......
2023-11-10 16:02:49.503532	[WARN]	goods_manager.py	响应时间:988ms	天津市	河西区	这里是日志信息......
2023-11-10 16:02:49.503532	[INFO]	goods_manager.py	响应时间:412ms	北京市	海淀区	这里是日志信息......
2023-11-10 16:02:49.503532	[INFO]	event.py	响应时间:814ms	江苏省	无锡市	这里是日志信息......
2023-11-10 16:02:49.503532	[ERROR]	event.py	响应时间:547ms	上海市	宝山区	这里是日志信息......
2023-11-10 16:02:49.503532	[INFO]	user_manager.py	响应时间:932ms	广东省	广州市	这里是日志信息......
2023-11-10 16:02:49.503532	[ERROR]	orders_service.py	响应时间:794ms	山东省	菏泽市	这里是日志信息......
2023-11-10 16:02:49.503532	[INFO]	goods_manager.py	响应时间:785ms	湖南省	长沙市	这里是日志信息......
2023-11-10 16:02:49.503532	[INFO]	goods_manager.py	响应时间:94ms	重庆市	涪陵区	这里是日志信息......
2023-11-10 16:02:49.503532	[INFO]	shop_manager.py	响应时间:35ms	江苏省	苏州市	这里是日志信息......
2023-11-10 16:02:49.503532	[INFO]	goods_manager.py	响应时间:775ms	山东省	青岛市	这里是日志信息......
2023-11-10 16:02:49.503532	[INFO]	orders_service.py	响应时间:975ms	湖北省	恩施土家族苗族自治州	这里是日志信息......
2023-11-10 16:02:49.503532	[WARN]	goods_manager.py	响应时间:241ms	上海市	黄浦区	这里是日志信息......
2023-11-10 16:02:49.503532	[INFO]	event.py	响应时间:394ms	浙江省	嘉兴市	这里是日志信息......
2023-11-10 16:02:49.503532	[WARN]	orders_service.py	响应时间:144ms	重庆市	九龙坡区	这里是日志信息......
2023-11-10 16:02:49.503532	[INFO]	user_manager.py	响应时间:926ms	重庆市	涪陵区	这里是日志信息......
2023-11-10 16:02:49.503532	[INFO]	goods_manager.py	响应时间:930ms	江苏省	南京市	这里是日志信息......
2023-11-10 16:02:49.503532	[INFO]	event.py	响应时间:817ms	浙江省	湖州市	这里是日志信息......
2023-11-10 16:02:49.503532	[INFO]	event.py	响应时间:648ms	重庆市	万州区	这里是日志信息......
2023-11-10 16:02:49.503532	[INFO]	event.py	响应时间:238ms	上海市	静安区	这里是日志信息......
2023-11-10 16:02:49.503532	[INFO]	orders_service.py	响应时间:615ms	浙江省	金华市	这里是日志信息......
2023-11-10 16:02:49.503532	[INFO]	event.py	响应时间:113ms	广东省	珠海市	这里是日志信息......
2023-11-10 16:02:49.503532	[INFO]	orders_service.py	响应时间:995ms	浙江省	杭州市	这里是日志信息......
2023-11-10 16:02:49.503532	[INFO]	event.py	响应时间:150ms	江苏省	常州市	这里是日志信息......
2023-11-10 16:02:49.503532	[INFO]	orders_service.py	响应时间:662ms	湖北省	恩施土家族苗族自治州	这里是日志信息......
2023-11-10 16:02:49.503532	[INFO]	base_network.py	响应时间:346ms	湖南省	常德市	这里是日志信息......
2023-11-10 16:02:49.503532	[INFO]	goods_manager.py	响应时间:39ms	湖南省	益阳市	这里是日志信息......
2023-11-10 16:02:49.503532	[INFO]	base_network.py	响应时间:790ms	上海市	普陀区	这里是日志信息......
2023-11-10 16:02:49.503532	[INFO]	shop_manager.py	响应时间:887ms	北京市	朝阳区	这里是日志信息......
2023-11-10 16:02:49.503532	[INFO]	goods_manager.py	响应时间:834ms	浙江省	舟山市	这里是日志信息......
2023-11-10 16:02:49.503532	[INFO]	orders_service.py	响应时间:228ms	重庆市	南岸区	这里是日志信息......
2023-11-10 16:02:49.503532	[INFO]	event.py	响应时间:756ms	江苏省	宿迁市	这里是日志信息......
2023-11-10 16:02:49.503532	[INFO]	goods_manager.py	响应时间:816ms	浙江省	丽水市	这里是日志信息......
2023-11-10 16:02:49.503532	[INFO]	barcode_service.py	响应时间:772ms	天津市	河西区	这里是日志信息......
2023-11-10 16:02:49.503532	[INFO]	barcode_service.py	响应时间:427ms	北京市	大兴区	这里是日志信息......
2023-11-10 16:02:49.503532	[INFO]	orders_service.py	响应时间:852ms	浙江省	杭州市	这里是日志信息......
2023-11-10 16:02:49.503532	[INFO]	orders_service.py	响应时间:534ms	江苏省	常州市	这里是日志信息......
2023-11-10 16:02:49.503532	[INFO]	goods_manager.py	响应时间:6278ms	湖南省	株洲市	这里是日志信息......
2023-11-10 16:02:49.503532	[INFO]	barcode_service.py	响应时间:35ms	安徽省	铜陵市	这里是日志信息......
2023-11-10 16:02:49.503532	[INFO]	event.py	响应时间:326ms	安徽省	合肥市	这里是日志信息......
2023-11-10 16:02:49.503532	[INFO]	goods_manager.py	响应时间:603ms	重庆市	万州区	这里是日志信息......
2023-11-10 16:02:49.503532	[INFO]	base_network.py	响应时间:609ms	湖南省	长沙市	这里是日志信息......
2023-11-10 16:02:49.503532	[INFO]	base_network.py	响应时间:255ms	广东省	广州市	这里是日志信息......
2023-11-10 16:02:49.503532	[INFO]	goods_manager.py	响应时间:725ms	天津市	河东区	这里是日志信息......
2023-11-10 16:02:49.503532	[INFO]	orders_service.py	响应时间:802ms	湖北省	武汉市	这里是日志信息......
2023-11-10 16:02:49.503532	[INFO]	orders_service.py	响应时间:845ms	湖北省	恩施土家族苗族自治州	这里是日志信息......
2023-11-10 16:02:49.503532	[INFO]	orders_service.py	响应时间:7417ms	湖北省	荆州市	这里是日志信息......
2023-11-10 16:02:49.503532	[WARN]	orders_service.py	响应时间:945ms	上海市	宝山区	这里是日志信息......
2023-11-10 16:02:49.503532	[INFO]	event.py	响应时间:307ms	江苏省	南京市	这里是日志信息......
2023-11-10 16:02:49.503532	[INFO]	barcode_service.py	响应时间:102ms	广东省	珠海市	这里是日志信息......
2023-11-10 16:02:49.503532	[INFO]	event.py	响应时间:376ms	广东省	广州市	这里是日志信息......
2023-11-10 16:02:49.503532	[WARN]	orders_service.py	响应时间:31ms	天津市	河西区	这里是日志信息......
2023-11-10 16:02:49.503532	[INFO]	event.py	响应时间:79ms	上海市	宝山区	这里是日志信息......
2023-11-10 16:02:49.503532	[INFO]	orders_service.py	响应时间:561ms	湖北省	十堰市	这里是日志信息......
2023-11-10 16:02:49.503532	[INFO]	goods_manager.py	响应时间:633ms	上海市	宝山区	这里是日志信息......
2023-11-10 16:02:49.503532	[INFO]	user_manager.py	响应时间:611ms	上海市	普陀区	这里是日志信息......
2023-11-10 16:02:49.503532	[INFO]	event.py	响应时间:911ms	广东省	深圳市	这里是日志信息......
2023-11-10 16:02:49.503532	[INFO]	goods_manager.py	响应时间:368ms	湖北省	武汉市	这里是日志信息......
2023-11-10 16:02:49.503532	[INFO]	event.py	响应时间:770ms	北京市	海淀区	这里是日志信息......
2023-11-10 16:02:49.503532	[INFO]	barcode_service.py	响应时间:777ms	北京市	昌平区	这里是日志信息......
2023-11-10 16:02:49.503532	[INFO]	event.py	响应时间:478ms	北京市	丰台区	这里是日志信息......
2023-11-10 16:02:49.503532	[INFO]	orders_service.py	响应时间:212ms	上海市	宝山区	这里是日志信息......
2023-11-10 16:02:49.503532	[INFO]	shop_manager.py	响应时间:517ms	广东省	珠海市	这里是日志信息......
2023-11-10 16:02:49.503532	[INFO]	barcode_service.py	响应时间:673ms	广东省	广州市	这里是日志信息......
2023-11-10 16:02:49.503532	[ERROR]	orders_service.py	响应时间:718ms	湖南省	长沙市	这里是日志信息......
2023-11-10 16:02:49.503532	[INFO]	barcode_service.py	响应时间:850ms	湖南省	长沙市	这里是日志信息......
2023-11-10 16:02:49.503532	[INFO]	orders_service.py	响应时间:285ms	重庆市	涪陵区	这里是日志信息......
2023-11-10 16:02:49.503532	[INFO]	user_manager.py	响应时间:949ms	安徽省	阜阳市	这里是日志信息......
2023-11-10 16:02:49.503532	[INFO]	orders_service.py	响应时间:275ms	北京市	海淀区	这里是日志信息......
2023-11-10 16:02:49.503532	[INFO]	event.py	响应时间:852ms	安徽省	池州市	这里是日志信息......
2023-11-10 16:02:49.503532	[ERROR]	barcode_service.py	响应时间:4252ms	天津市	河东区	这里是日志信息......
2023-11-10 16:02:49.503532	[INFO]	shop_manager.py	响应时间:732ms	广东省	广州市	这里是日志信息......
2023-11-10 16:02:49.503532	[INFO]	event.py	响应时间:813ms	湖南省	长沙市	这里是日志信息......
2023-11-10 16:02:49.503532	[INFO]	user_manager.py	响应时间:504ms	湖北省	武汉市	这里是日志信息......
2023-11-10 16:02:49.503532	[ERROR]	goods_manager.py	响应时间:914ms	重庆市	万州区	这里是日志信息......
2023-11-10 16:02:49.503532	[INFO]	event.py	响应时间:817ms	湖北省	恩施土家族苗族自治州	这里是日志信息......
2023-11-10 16:02:49.503532	[INFO]	event.py	响应时间:662ms	天津市	宝坻区	这里是日志信息......
2023-11-10 16:02:49.504532	[INFO]	user_manager.py	响应时间:72ms	江苏省	南京市	这里是日志信息......
2023-11-10 16:02:49.504532	[INFO]	goods_manager.py	响应时间:82ms	湖北省	恩施土家族苗族自治州	这里是日志信息......
2023-11-10 16:02:49.504532	[INFO]	barcode_service.py	响应时间:713ms	天津市	宝坻区	这里是日志信息......
2023-11-10 16:02:49.504532	[WARN]	event.py	响应时间:43ms	上海市	静安区	这里是日志信息......
2023-11-10 16:02:49.504532	[WARN]	goods_manager.py	响应时间:382ms	江苏省	南京市	这里是日志信息......
2023-11-10 16:02:49.504532	[INFO]	barcode_service.py	响应时间:760ms	重庆市	南岸区	这里是日志信息......
2023-11-10 16:02:49.504532	[INFO]	barcode_service.py	响应时间:745ms	天津市	河东区	这里是日志信息......
2023-11-10 16:02:49.504532	[INFO]	user_manager.py	响应时间:387ms	山东省	菏泽市	这里是日志信息......
2023-11-10 16:02:49.504532	[INFO]	event.py	响应时间:586ms	浙江省	丽水市	这里是日志信息......
2023-11-10 16:02:49.504532	[INFO]	user_manager.py	响应时间:40ms	广东省	广州市	这里是日志信息......
2023-11-10 16:02:49.504532	[INFO]	goods_manager.py	响应时间:973ms	天津市	河西区	这里是日志信息......
2023-11-10 16:02:49.504532	[INFO]	goods_manager.py	响应时间:641ms	广东省	广州市	这里是日志信息......
2023-11-10 16:02:49.504532	[INFO]	orders_service.py	响应时间:817ms	安徽省	铜陵市	这里是日志信息......
2023-11-10 16:02:49.504532	[INFO]	event.py	响应时间:776ms	湖北省	十堰市	这里是日志信息......
2023-11-10 16:02:49.504532	[WARN]	goods_manager.py	响应时间:998ms	广东省	广州市	这里是日志信息......
2023-11-10 16:02:49.504532	[INFO]	base_network.py	响应时间:257ms	江苏省	宿迁市	这里是日志信息......
2023-11-10 16:02:49.504532	[WARN]	event.py	响应时间:5163ms	安徽省	合肥市	这里是日志信息......
2023-11-10 16:02:49.504532	[INFO]	orders_service.py	响应时间:210ms	湖北省	十堰市	这里是日志信息......
2023-11-10 16:02:49.504532	[INFO]	base_network.py	响应时间:781ms	江苏省	常州市	这里是日志信息......
2023-11-10 16:02:49.504532	[INFO]	goods_manager.py	响应时间:947ms	天津市	宝坻区	这里是日志信息......
2023-11-10 16:02:49.504532	[INFO]	barcode_service.py	响应时间:671ms	天津市	武清区	这里是日志信息......
2023-11-10 16:02:49.504532	[INFO]	goods_manager.py	响应时间:149ms	北京市	海淀区	这里是日志信息......
2023-11-10 16:02:49.504532	[INFO]	event.py	响应时间:267ms	天津市	和平区	这里是日志信息......
2023-11-10 16:02:49.504532	[WARN]	orders_service.py	响应时间:525ms	上海市	黄浦区	这里是日志信息......
2023-11-10 16:02:49.504532	[INFO]	event.py	响应时间:775ms	浙江省	金华市	这里是日志信息......
2023-11-10 16:02:49.504532	[INFO]	event.py	响应时间:902ms	山东省	济南市	这里是日志信息......
2023-11-10 16:02:49.504532	[INFO]	event.py	响应时间:356ms	上海市	徐汇区	这里是日志信息......
2023-11-10 16:02:49.504532	[INFO]	barcode_service.py	响应时间:965ms	广东省	广州市	这里是日志信息......
2023-11-10 16:02:49.504532	[INFO]	goods_manager.py	响应时间:212ms	湖南省	长沙市	这里是日志信息......
2023-11-10 16:02:49.504532	[INFO]	event.py	响应时间:867ms	江苏省	宿迁市	这里是日志信息......
2023-11-10 16:02:49.504532	[INFO]	goods_manager.py	响应时间:285ms	上海市	浦东新区	这里是日志信息......
2023-11-10 16:02:49.504532	[WARN]	barcode_service.py	响应时间:928ms	天津市	武清区	这里是日志信息......
2023-11-10 16:02:49.504532	[INFO]	event.py	响应时间:426ms	山东省	青岛市	这里是日志信息......
2023-11-10 16:02:49.504532	[INFO]	orders_service.py	响应时间:981ms	天津市	武清区	这里是日志信息......
2023-11-10 16:02:49.504532	[INFO]	user_manager.py	响应时间:467ms	上海市	浦东新区	这里是日志信息......
2023-11-10 16:02:49.504532	[INFO]	shop_manager.py	响应时间:967ms	北京市	海淀区	这里是日志信息......
2023-11-10 16:02:49.504532	[INFO]	event.py	响应时间:399ms	天津市	武清区	这里是日志信息......
2023-11-10 16:02:49.504532	[INFO]	goods_manager.py	响应时间:353ms	安徽省	池州市	这里是日志信息......
2023-11-10 16:02:49.504532	[WARN]	goods_manager.py	响应时间:241ms	北京市	大兴区	这里是日志信息......
2023-11-10 16:02:49.504532	[INFO]	event.py	响应时间:725ms	重庆市	沙坪坝区	这里是日志信息......
2023-11-10 16:02:49.504532	[WARN]	event.py	响应时间:778ms	安徽省	池州市	这里是日志信息......
2023-11-10 16:02:49.504532	[INFO]	goods_manager.py	响应时间:555ms	北京市	昌平区	这里是日志信息......
2023-11-10 16:02:49.504532	[WARN]	orders_service.py	响应时间:694ms	安徽省	六安市	这里是日志信息......
2023-11-10 16:02:49.504532	[INFO]	orders_service.py	响应时间:593ms	湖南省	长沙市	这里是日志信息......
2023-11-10 16:02:49.504532	[INFO]	orders_service.py	响应时间:157ms	浙江省	湖州市	这里是日志信息......
2023-11-10 16:02:49.504532	[INFO]	barcode_service.py	响应时间:371ms	广东省	广州市	这里是日志信息......
2023-11-10 16:02:49.504532	[INFO]	orders_service.py	响应时间:860ms	天津市	宝坻区	这里是日志信息......
2023-11-10 16:02:49.504532	[ERROR]	goods_manager.py	响应时间:2966ms	天津市	河西区	这里是日志信息......
2023-11-10 16:02:49.504532	[INFO]	orders_service.py	响应时间:167ms	山东省	济南市	这里是日志信息......
2023-11-10 16:02:49.504532	[INFO]	event.py	响应时间:444ms	湖北省	武汉市	这里是日志信息......
2023-11-10 16:02:49.504532	[WARN]	base_network.py	响应时间:454ms	安徽省	池州市	这里是日志信息......
2023-11-10 16:02:49.504532	[INFO]	barcode_service.py	响应时间:829ms	北京市	海淀区	这里是日志信息......
2023-11-10 16:02:49.504532	[WARN]	base_network.py	响应时间:475ms	北京市	丰台区	这里是日志信息......
2023-11-10 16:02:49.504532	[INFO]	goods_manager.py	响应时间:274ms	浙江省	金华市	这里是日志信息......
2023-11-10 16:02:49.504532	[INFO]	goods_manager.py	响应时间:520ms	湖南省	长沙市	这里是日志信息......
2023-11-10 16:02:49.504532	[INFO]	orders_service.py	响应时间:766ms	上海市	浦东新区	这里是日志信息......
2023-11-10 16:02:49.504532	[INFO]	user_manager.py	响应时间:3425ms	山东省	青岛市	这里是日志信息......
2023-11-10 16:02:49.504532	[INFO]	base_network.py	响应时间:441ms	江苏省	无锡市	这里是日志信息......
2023-11-10 16:02:49.504532	[WARN]	event.py	响应时间:288ms	安徽省	合肥市	这里是日志信息......
2023-11-10 16:02:49.504532	[INFO]	user_manager.py	响应时间:420ms	浙江省	杭州市	这里是日志信息......
2023-11-10 16:02:49.504532	[INFO]	shop_manager.py	响应时间:907ms	江苏省	张家港市	这里是日志信息......
2023-11-10 16:02:49.504532	[INFO]	event.py	响应时间:503ms	浙江省	绍兴市	这里是日志信息......
2023-11-10 16:02:49.504532	[INFO]	orders_service.py	响应时间:945ms	湖南省	长沙市	这里是日志信息......
2023-11-10 16:02:49.504532	[WARN]	shop_manager.py	响应时间:642ms	重庆市	九龙坡区	这里是日志信息......
2023-11-10 16:02:49.504532	[INFO]	shop_manager.py	响应时间:95ms	上海市	宝山区	这里是日志信息......
2023-11-10 16:02:49.504532	[WARN]	base_network.py	响应时间:332ms	江苏省	南京市	这里是日志信息......
2023-11-10 16:02:49.504532	[INFO]	user_manager.py	响应时间:421ms	天津市	河西区	这里是日志信息......
2023-11-10 16:02:49.504532	[INFO]	base_network.py	响应时间:771ms	北京市	丰台区	这里是日志信息......
2023-11-10 16:02:49.504532	[INFO]	shop_manager.py	响应时间:285ms	安徽省	铜陵市	这里是日志信息......
2023-11-10 16:02:49.504532	[INFO]	event.py	响应时间:91ms	浙江省	舟山市	这里是日志信息......
2023-11-10 16:02:49.504532	[INFO]	orders_service.py	响应时间:420ms	广东省	深圳市	这里是日志信息......
2023-11-10 16:02:49.504532	[INFO]	shop_manager.py	响应时间:677ms	湖北省	恩施土家族苗族自治州	这里是日志信息......
2023-11-10 16:02:49.504532	[INFO]	goods_manager.py	响应时间:3609ms	湖北省	武汉市	这里是日志信息......
2023-11-10 16:02:49.504532	[INFO]	orders_service.py	响应时间:720ms	上海市	黄浦区	这里是日志信息......
2023-11-10 16:02:49.504532	[INFO]	orders_service.py	响应时间:990ms	天津市	河西区	这里是日志信息......
2023-11-10 16:02:49.504532	[INFO]	base_network.py	响应时间:471ms	湖南省	长沙市	这里是日志信息......
2023-11-10 16:02:49.504532	[INFO]	base_network.py	响应时间:374ms	安徽省	铜陵市	这里是日志信息......
2023-11-10 16:02:49.504532	[WARN]	goods_manager.py	响应时间:753ms	浙江省	绍兴市	这里是日志信息......
2023-11-10 16:02:49.504532	[INFO]	base_network.py	响应时间:1573ms	山东省	青岛市	这里是日志信息......
2023-11-10 16:02:49.504532	[INFO]	user_manager.py	响应时间:176ms	湖北省	武汉市	这里是日志信息......
2023-11-10 16:02:49.504532	[WARN]	user_manager.py	响应时间:14ms	安徽省	铜陵市	这里是日志信息......
2023-11-10 16:02:49.504532	[INFO]	orders_service.py	响应时间:234ms	广东省	广州市	这里是日志信息......
2023-11-10 16:02:49.504532	[INFO]	goods_manager.py	响应时间:145ms	湖北省	荆州市	这里是日志信息......
2023-11-10 16:02:49.504532	[INFO]	event.py	响应时间:915ms	天津市	河东区	这里是日志信息......
2023-11-10 16:02:49.504532	[INFO]	goods_manager.py	响应时间:846ms	天津市	河西区	这里是日志信息......
2023-11-10 16:02:49.504532	[INFO]	base_network.py	响应时间:855ms	北京市	海淀区	这里是日志信息......
2023-11-10 16:02:49.504532	[INFO]	event.py	响应时间:258ms	北京市	海淀区	这里是日志信息......
2023-11-10 16:02:49.504532	[INFO]	goods_manager.py	响应时间:16ms	上海市	徐汇区	这里是日志信息......
2023-11-10 16:02:49.504532	[INFO]	event.py	响应时间:412ms	重庆市	沙坪坝区	这里是日志信息......
2023-11-10 16:02:49.504532	[INFO]	barcode_service.py	响应时间:326ms	湖北省	武汉市	这里是日志信息......
2023-11-10 16:02:49.504532	[INFO]	event.py	响应时间:645ms	浙江省	绍兴市	这里是日志信息......
2023-11-10 16:02:49.504532	[INFO]	barcode_service.py	响应时间:337ms	重庆市	万州区	这里是日志信息......
2023-11-10 16:02:49.504532	[WARN]	barcode_service.py	响应时间:196ms	湖南省	张家界市	这里是日志信息......
2023-11-10 16:02:49.504532	[INFO]	event.py	响应时间:998ms	山东省	青岛市	这里是日志信息......
2023-11-10 16:02:49.504532	[INFO]	event.py	响应时间:738ms	重庆市	涪陵区	这里是日志信息......
2023-11-10 16:02:49.504532	[INFO]	user_manager.py	响应时间:735ms	安徽省	合肥市	这里是日志信息......
2023-11-10 16:02:49.504532	[INFO]	user_manager.py	响应时间:35ms	浙江省	杭州市	这里是日志信息......
2023-11-10 16:02:49.504532	[WARN]	user_manager.py	响应时间:614ms	北京市	海淀区	这里是日志信息......
2023-11-10 16:02:49.504532	[INFO]	shop_manager.py	响应时间:774ms	北京市	海淀区	这里是日志信息......
2023-11-10 16:02:49.504532	[WARN]	event.py	响应时间:975ms	浙江省	舟山市	这里是日志信息......
2023-11-10 16:02:49.504532	[ERROR]	user_manager.py	响应时间:661ms	山东省	青岛市	这里是日志信息......
2023-11-10 16:02:49.504532	[ERROR]	goods_manager.py	响应时间:348ms	湖南省	长沙市	这里是日志信息......
2023-11-10 16:02:49.504532	[INFO]	user_manager.py	响应时间:496ms	山东省	济南市	这里是日志信息......
2023-11-10 16:02:49.504532	[INFO]	barcode_service.py	响应时间:190ms	广东省	深圳市	这里是日志信息......
2023-11-10 16:02:49.504532	[INFO]	goods_manager.py	响应时间:62ms	天津市	武清区	这里是日志信息......
2023-11-10 16:02:49.504532	[INFO]	goods_manager.py	响应时间:400ms	上海市	黄浦区	这里是日志信息......
2023-11-10 16:02:49.504532	[WARN]	goods_manager.py	响应时间:9317ms	上海市	徐汇区	这里是日志信息......
2023-11-10 16:02:49.505532	[INFO]	event.py	响应时间:17ms	湖南省	长沙市	这里是日志信息......
2023-11-10 16:02:49.505532	[INFO]	barcode_service.py	响应时间:896ms	广东省	深圳市	这里是日志信息......
2023-11-10 16:02:49.505532	[INFO]	barcode_service.py	响应时间:3ms	湖南省	长沙市	这里是日志信息......
2023-11-10 16:02:49.505532	[INFO]	user_manager.py	响应时间:786ms	湖北省	恩施土家族苗族自治州	这里是日志信息......
2023-11-10 16:02:49.505532	[INFO]	goods_manager.py	响应时间:613ms	北京市	海淀区	这里是日志信息......
2023-11-10 16:02:49.505532	[INFO]	base_network.py	响应时间:745ms	山东省	菏泽市	这里是日志信息......
2023-11-10 16:02:49.505532	[INFO]	user_manager.py	响应时间:9977ms	广东省	广州市	这里是日志信息......
2023-11-10 16:02:49.505532	[INFO]	orders_service.py	响应时间:283ms	浙江省	杭州市	这里是日志信息......
2023-11-10 16:02:49.505532	[INFO]	goods_manager.py	响应时间:681ms	上海市	黄浦区	这里是日志信息......
2023-11-10 16:02:49.505532	[ERROR]	orders_service.py	响应时间:7196ms	重庆市	渝中区	这里是日志信息......
2023-11-10 16:02:49.505532	[ERROR]	event.py	响应时间:336ms	安徽省	合肥市	这里是日志信息......
2023-11-10 16:02:49.505532	[INFO]	event.py	响应时间:54ms	上海市	黄浦区	这里是日志信息......
2023-11-10 16:02:49.505532	[INFO]	barcode_service.py	响应时间:922ms	浙江省	嘉兴市	这里是日志信息......
2023-11-10 16:02:49.505532	[INFO]	orders_service.py	响应时间:599ms	湖南省	常德市	这里是日志信息......
2023-11-10 16:02:49.505532	[INFO]	goods_manager.py	响应时间:501ms	天津市	河西区	这里是日志信息......
2023-11-10 16:02:49.505532	[INFO]	event.py	响应时间:713ms	湖南省	长沙市	这里是日志信息......
2023-11-10 16:02:49.505532	[INFO]	shop_manager.py	响应时间:548ms	重庆市	万州区	这里是日志信息......
2023-11-10 16:02:49.505532	[WARN]	orders_service.py	响应时间:862ms	湖北省	武汉市	这里是日志信息......
2023-11-10 16:02:49.505532	[INFO]	barcode_service.py	响应时间:560ms	安徽省	合肥市	这里是日志信息......
2023-11-10 16:02:49.505532	[INFO]	barcode_service.py	响应时间:604ms	上海市	静安区	这里是日志信息......
2023-11-10 16:02:49.505532	[WARN]	shop_manager.py	响应时间:976ms	山东省	青岛市	这里是日志信息......
2023-11-10 16:02:49.505532	[INFO]	event.py	响应时间:376ms	安徽省	合肥市	这里是日志信息......
2023-11-10 16:02:49.505532	[INFO]	user_manager.py	响应时间:804ms	上海市	浦东新区	这里是日志信息......
2023-11-10 16:02:49.505532	[INFO]	orders_service.py	响应时间:684ms	浙江省	嘉兴市	这里是日志信息......
2023-11-10 16:02:49.505532	[INFO]	goods_manager.py	响应时间:535ms	天津市	河西区	这里是日志信息......
2023-11-10 16:02:49.505532	[INFO]	barcode_service.py	响应时间:500ms	天津市	河西区	这里是日志信息......
2023-11-10 16:02:49.505532	[INFO]	barcode_service.py	响应时间:800ms	山东省	济南市	这里是日志信息......
2023-11-10 16:02:49.505532	[INFO]	user_manager.py	响应时间:193ms	浙江省	金华市	这里是日志信息......
2023-11-10 16:02:49.505532	[INFO]	event.py	响应时间:459ms	天津市	河东区	这里是日志信息......
2023-11-10 16:02:49.505532	[INFO]	goods_manager.py	响应时间:277ms	重庆市	南岸区	这里是日志信息......
2023-11-10 16:02:49.505532	[INFO]	base_network.py	响应时间:905ms	上海市	普陀区	这里是日志信息......
2023-11-10 16:02:49.505532	[ERROR]	barcode_service.py	响应时间:601ms	浙江省	丽水市	这里是日志信息......
2023-11-10 16:02:49.505532	[INFO]	event.py	响应时间:441ms	广东省	广州市	这里是日志信息......
2023-11-10 16:02:49.505532	[INFO]	barcode_service.py	响应时间:697ms	浙江省	杭州市	这里是日志信息......
2023-11-10 16:02:49.505532	[WARN]	base_network.py	响应时间:232ms	北京市	海淀区	这里是日志信息......
2023-11-10 16:02:49.505532	[INFO]	goods_manager.py	响应时间:888ms	北京市	怀柔区	这里是日志信息......
2023-11-10 16:02:49.505532	[INFO]	event.py	响应时间:582ms	浙江省	绍兴市	这里是日志信息......
2023-11-10 16:02:49.505532	[INFO]	shop_manager.py	响应时间:355ms	湖南省	长沙市	这里是日志信息......
2023-11-10 16:02:49.505532	[INFO]	orders_service.py	响应时间:596ms	安徽省	阜阳市	这里是日志信息......
2023-11-10 16:02:49.505532	[WARN]	orders_service.py	响应时间:619ms	天津市	河东区	这里是日志信息......
2023-11-10 16:02:49.505532	[WARN]	goods_manager.py	响应时间:993ms	天津市	河西区	这里是日志信息......
2023-11-10 16:02:49.505532	[INFO]	orders_service.py	响应时间:541ms	广东省	深圳市	这里是日志信息......
2023-11-10 16:02:49.505532	[ERROR]	barcode_service.py	响应时间:255ms	北京市	昌平区	这里是日志信息......
2023-11-10 16:02:49.505532	[INFO]	orders_service.py	响应时间:136ms	江苏省	张家港市	这里是日志信息......
2023-11-10 16:02:49.505532	[INFO]	event.py	响应时间:584ms	湖北省	武汉市	这里是日志信息......
2023-11-10 16:02:49.505532	[WARN]	event.py	响应时间:967ms	天津市	宝坻区	这里是日志信息......
2023-11-10 16:02:49.505532	[INFO]	orders_service.py	响应时间:307ms	重庆市	万州区	这里是日志信息......
2023-11-10 16:02:49.505532	[INFO]	goods_manager.py	响应时间:63ms	安徽省	铜陵市	这里是日志信息......
2023-11-10 16:02:49.505532	[INFO]	event.py	响应时间:320ms	上海市	宝山区	这里是日志信息......
2023-11-10 16:02:49.505532	[INFO]	orders_service.py	响应时间:981ms	重庆市	万州区	这里是日志信息......
2023-11-10 16:02:49.505532	[ERROR]	user_manager.py	响应时间:19ms	湖北省	荆州市	这里是日志信息......
2023-11-10 16:02:49.505532	[INFO]	base_network.py	响应时间:1229ms	山东省	青岛市	这里是日志信息......
2023-11-10 16:02:49.505532	[INFO]	event.py	响应时间:586ms	江苏省	宿迁市	这里是日志信息......
2023-11-10 16:02:49.505532	[WARN]	orders_service.py	响应时间:94ms	北京市	怀柔区	这里是日志信息......
2023-11-10 16:02:49.505532	[INFO]	goods_manager.py	响应时间:616ms	上海市	徐汇区	这里是日志信息......
2023-11-10 16:02:49.505532	[INFO]	orders_service.py	响应时间:806ms	浙江省	绍兴市	这里是日志信息......
2023-11-10 16:02:49.505532	[INFO]	orders_service.py	响应时间:296ms	广东省	广州市	这里是日志信息......
2023-11-10 16:02:49.505532	[INFO]	barcode_service.py	响应时间:455ms	重庆市	渝中区	这里是日志信息......
2023-11-10 16:02:49.505532	[INFO]	goods_manager.py	响应时间:924ms	山东省	青岛市	这里是日志信息......
2023-11-10 16:02:49.505532	[INFO]	orders_service.py	响应时间:345ms	山东省	菏泽市	这里是日志信息......
2023-11-10 16:02:49.505532	[INFO]	event.py	响应时间:112ms	重庆市	南岸区	这里是日志信息......
2023-11-10 16:02:49.505532	[INFO]	shop_manager.py	响应时间:449ms	天津市	河东区	这里是日志信息......
2023-11-10 16:02:49.505532	[INFO]	event.py	响应时间:955ms	天津市	和平区	这里是日志信息......
2023-11-10 16:02:49.505532	[INFO]	user_manager.py	响应时间:401ms	广东省	深圳市	这里是日志信息......
2023-11-10 16:02:49.505532	[INFO]	event.py	响应时间:18ms	山东省	菏泽市	这里是日志信息......
2023-11-10 16:02:49.505532	[INFO]	event.py	响应时间:481ms	重庆市	涪陵区	这里是日志信息......
2023-11-10 16:02:49.505532	[INFO]	base_network.py	响应时间:7ms	山东省	济南市	这里是日志信息......
2023-11-10 16:02:49.505532	[INFO]	event.py	响应时间:4966ms	安徽省	合肥市	这里是日志信息......
2023-11-10 16:02:49.505532	[INFO]	shop_manager.py	响应时间:453ms	北京市	昌平区	这里是日志信息......
2023-11-10 16:02:49.505532	[INFO]	user_manager.py	响应时间:975ms	湖南省	张家界市	这里是日志信息......
2023-11-10 16:02:49.505532	[INFO]	goods_manager.py	响应时间:941ms	安徽省	合肥市	这里是日志信息......
2023-11-10 16:02:49.505532	[INFO]	event.py	响应时间:440ms	北京市	海淀区	这里是日志信息......
2023-11-10 16:02:49.505532	[INFO]	event.py	响应时间:846ms	广东省	深圳市	这里是日志信息......
2023-11-10 16:02:49.505532	[INFO]	goods_manager.py	响应时间:788ms	山东省	菏泽市	这里是日志信息......
2023-11-10 16:02:49.505532	[INFO]	base_network.py	响应时间:742ms	上海市	杨浦区	这里是日志信息......
2023-11-10 16:02:49.505532	[INFO]	event.py	响应时间:153ms	湖北省	武汉市	这里是日志信息......
2023-11-10 16:02:49.505532	[WARN]	event.py	响应时间:816ms	山东省	济南市	这里是日志信息......
2023-11-10 16:02:49.505532	[ERROR]	event.py	响应时间:6985ms	浙江省	杭州市	这里是日志信息......
2023-11-10 16:02:49.505532	[INFO]	event.py	响应时间:240ms	湖南省	长沙市	这里是日志信息......
2023-11-10 16:02:49.505532	[INFO]	barcode_service.py	响应时间:52ms	重庆市	万州区	这里是日志信息......
2023-11-10 16:02:49.505532	[INFO]	orders_service.py	响应时间:160ms	湖北省	武汉市	这里是日志信息......
2023-11-10 16:02:49.505532	[INFO]	goods_manager.py	响应时间:536ms	湖南省	益阳市	这里是日志信息......
2023-11-10 16:02:49.505532	[INFO]	goods_manager.py	响应时间:214ms	山东省	菏泽市	这里是日志信息......
2023-11-10 16:02:49.505532	[WARN]	barcode_service.py	响应时间:235ms	重庆市	万州区	这里是日志信息......
2023-11-10 16:02:49.505532	[WARN]	base_network.py	响应时间:58ms	安徽省	阜阳市	这里是日志信息......
2023-11-10 16:02:49.505532	[INFO]	goods_manager.py	响应时间:444ms	湖北省	武汉市	这里是日志信息......
2023-11-10 16:02:49.505532	[INFO]	orders_service.py	响应时间:4012ms	广东省	深圳市	这里是日志信息......
2023-11-10 16:02:49.505532	[INFO]	orders_service.py	响应时间:886ms	浙江省	丽水市	这里是日志信息......
2023-11-10 16:02:49.505532	[INFO]	orders_service.py	响应时间:857ms	重庆市	涪陵区	这里是日志信息......
2023-11-10 16:02:49.505532	[INFO]	orders_service.py	响应时间:231ms	天津市	河西区	这里是日志信息......
2023-11-10 16:02:49.505532	[INFO]	goods_manager.py	响应时间:797ms	湖南省	长沙市	这里是日志信息......
2023-11-10 16:02:49.505532	[INFO]	shop_manager.py	响应时间:742ms	广东省	深圳市	这里是日志信息......
2023-11-10 16:02:49.505532	[INFO]	event.py	响应时间:726ms	安徽省	阜阳市	这里是日志信息......
2023-11-10 16:02:49.505532	[INFO]	event.py	响应时间:434ms	江苏省	无锡市	这里是日志信息......
2023-11-10 16:02:49.505532	[WARN]	goods_manager.py	响应时间:334ms	安徽省	阜阳市	这里是日志信息......
2023-11-10 16:02:49.505532	[WARN]	orders_service.py	响应时间:876ms	天津市	武清区	这里是日志信息......
2023-11-10 16:02:49.505532	[INFO]	user_manager.py	响应时间:306ms	浙江省	丽水市	这里是日志信息......
2023-11-10 16:02:49.505532	[INFO]	barcode_service.py	响应时间:283ms	上海市	静安区	这里是日志信息......
2023-11-10 16:02:49.505532	[INFO]	event.py	响应时间:198ms	北京市	大兴区	这里是日志信息......
2023-11-10 16:02:49.505532	[INFO]	event.py	响应时间:671ms	山东省	青岛市	这里是日志信息......
2023-11-10 16:02:49.505532	[WARN]	user_manager.py	响应时间:893ms	江苏省	南京市	这里是日志信息......
2023-11-10 16:02:49.505532	[WARN]	barcode_service.py	响应时间:979ms	江苏省	无锡市	这里是日志信息......
2023-11-10 16:02:49.505532	[INFO]	user_manager.py	响应时间:828ms	上海市	普陀区	这里是日志信息......
2023-11-10 16:02:49.505532	[INFO]	user_manager.py	响应时间:892ms	上海市	杨浦区	这里是日志信息......
2023-11-10 16:02:49.505532	[WARN]	orders_service.py	响应时间:231ms	安徽省	合肥市	这里是日志信息......
2023-11-10 16:02:49.505532	[INFO]	user_manager.py	响应时间:131ms	天津市	和平区	这里是日志信息......
2023-11-10 16:02:49.505532	[INFO]	orders_service.py	响应时间:918ms	湖南省	长沙市	这里是日志信息......
2023-11-10 16:02:49.505532	[INFO]	user_manager.py	响应时间:507ms	湖北省	武汉市	这里是日志信息......
2023-11-10 16:02:49.505532	[WARN]	goods_manager.py	响应时间:651ms	江苏省	常州市	这里是日志信息......
2023-11-10 16:02:49.505532	[INFO]	orders_service.py	响应时间:545ms	江苏省	宿迁市	这里是日志信息......
2023-11-10 16:02:49.505532	[INFO]	orders_service.py	响应时间:535ms	湖北省	武汉市	这里是日志信息......
2023-11-10 16:02:49.505532	[INFO]	barcode_service.py	响应时间:886ms	北京市	朝阳区	这里是日志信息......
2023-11-10 16:02:49.505532	[ERROR]	orders_service.py	响应时间:5518ms	北京市	海淀区	这里是日志信息......
2023-11-10 16:02:49.505532	[INFO]	shop_manager.py	响应时间:670ms	广东省	广州市	这里是日志信息......
2023-11-10 16:02:49.505532	[INFO]	event.py	响应时间:545ms	山东省	济南市	这里是日志信息......
2023-11-10 16:02:49.505532	[WARN]	orders_service.py	响应时间:284ms	天津市	河西区	这里是日志信息......
2023-11-10 16:02:49.505532	[INFO]	goods_manager.py	响应时间:508ms	广东省	深圳市	这里是日志信息......
2023-11-10 16:02:49.505532	[INFO]	event.py	响应时间:645ms	山东省	青岛市	这里是日志信息......
2023-11-10 16:02:49.505532	[ERROR]	barcode_service.py	响应时间:487ms	重庆市	沙坪坝区	这里是日志信息......
2023-11-10 16:02:49.505532	[INFO]	goods_manager.py	响应时间:752ms	浙江省	湖州市	这里是日志信息......
2023-11-10 16:02:49.505532	[INFO]	base_network.py	响应时间:591ms	天津市	武清区	这里是日志信息......
2023-11-10 16:02:49.506531	[INFO]	orders_service.py	响应时间:39ms	重庆市	渝中区	这里是日志信息......
2023-11-10 16:02:49.506531	[INFO]	event.py	响应时间:916ms	山东省	菏泽市	这里是日志信息......
2023-11-10 16:02:49.506531	[INFO]	user_manager.py	响应时间:427ms	上海市	普陀区	这里是日志信息......
2023-11-10 16:02:49.506531	[WARN]	user_manager.py	响应时间:971ms	湖南省	长沙市	这里是日志信息......
2023-11-10 16:02:49.506531	[INFO]	orders_service.py	响应时间:686ms	湖南省	长沙市	这里是日志信息......
2023-11-10 16:02:49.506531	[INFO]	barcode_service.py	响应时间:30ms	安徽省	阜阳市	这里是日志信息......
2023-11-10 16:02:49.506531	[ERROR]	event.py	响应时间:632ms	安徽省	芜湖市	这里是日志信息......
