[2023-11-09 19:29:38,419] - INFO - mysql_util.py[21] : 127.0.0.1:3306数据库已经连接成功
[2023-11-09 19:29:38,419] - INFO - mysql_util.py[26] : 数据库demo已经切换成功！
[2023-11-09 19:29:38,419] - INFO - mysql_util.py[26] : 数据库demo已经切换成功！
[2023-11-09 19:29:38,420] - INFO - mysql_util.py[57] : 查询SQL：show tables;查询成功!
[2023-11-09 19:29:38,420] - INFO - mysql_util.py[26] : 数据库demo已经切换成功！
[2023-11-09 19:29:38,420] - INFO - mysql_util.py[57] : 查询SQL：show tables;查询成功!
[2023-11-09 19:29:38,420] - INFO - mysql_util.py[103] : 数据库demo中的tb_bank表已经存在，无法创建！
[2023-11-09 19:29:38,422] - INFO - mysql_util.py[26] : 数据库demo已经切换成功！
[2023-11-09 19:29:38,422] - INFO - mysql_util.py[57] : 查询SQL：show tables;查询成功!
[2023-11-09 19:29:38,422] - INFO - mysql_util.py[103] : 数据库demo中的tb_student表已经存在，无法创建！
[2023-11-09 19:44:33,376] - INFO - mysql_util.py[22] : 127.0.0.1:3306数据库已经连接成功
[2023-11-09 19:44:33,376] - INFO - mysql_util.py[27] : 数据库demo已经切换成功！
[2023-11-09 19:44:33,376] - INFO - mysql_util.py[27] : 数据库demo已经切换成功！
[2023-11-09 19:44:33,377] - INFO - mysql_util.py[58] : 查询SQL：show tables;查询成功!
[2023-11-09 19:44:33,377] - INFO - mysql_util.py[27] : 数据库demo已经切换成功！
[2023-11-09 19:44:33,378] - INFO - mysql_util.py[58] : 查询SQL：show tables;查询成功!
[2023-11-09 19:44:33,378] - INFO - mysql_util.py[104] : 数据库demo中的tb_bank表已经存在，无法创建！
[2023-11-09 19:44:33,378] - INFO - mysql_util.py[27] : 数据库demo已经切换成功！
[2023-11-09 19:44:33,378] - INFO - mysql_util.py[58] : 查询SQL：show tables;查询成功!
[2023-11-09 19:44:33,378] - INFO - mysql_util.py[104] : 数据库demo中的tb_student表已经存在，无法创建！
[2023-11-09 19:44:46,631] - INFO - mysql_util.py[22] : 127.0.0.1:3306数据库已经连接成功
[2023-11-09 19:44:46,632] - INFO - mysql_util.py[27] : 数据库demo已经切换成功！
[2023-11-09 19:44:46,632] - INFO - mysql_util.py[27] : 数据库demo已经切换成功！
[2023-11-09 19:44:46,633] - INFO - mysql_util.py[58] : 查询SQL：show tables;查询成功!
[2023-11-09 19:44:46,633] - INFO - mysql_util.py[27] : 数据库demo已经切换成功！
[2023-11-09 19:44:46,633] - INFO - mysql_util.py[58] : 查询SQL：show tables;查询成功!
[2023-11-09 19:44:46,633] - INFO - mysql_util.py[104] : 数据库demo中的tb_bank表已经存在，无法创建！
[2023-11-09 19:44:46,633] - INFO - mysql_util.py[27] : 数据库demo已经切换成功！
[2023-11-09 19:44:46,634] - INFO - mysql_util.py[58] : 查询SQL：show tables;查询成功!
[2023-11-09 19:44:46,634] - INFO - mysql_util.py[104] : 数据库demo中的tb_student表已经存在，无法创建！
