[2023-11-09 18:05:49,218] - INFO - mysql_util.py[20] : 127.0.0.1:3306数据库已经连接成功
[2023-11-09 18:05:49,219] - INFO - mysql_util.py[25] : 数据库demo已经切换成功！
[2023-11-09 18:05:49,219] - INFO - mysql_util.py[95] : 数据库demo中的tb_bank表已经存在，无法创建！
[2023-11-09 18:05:49,219] - INFO - mysql_util.py[95] : 数据库demo中的tb_students表已经存在，无法创建！
[2023-11-09 18:07:21,884] - INFO - mysql_util.py[20] : 127.0.0.1:3306数据库已经连接成功
[2023-11-09 18:07:21,887] - INFO - mysql_util.py[25] : 数据库demo已经切换成功！
[2023-11-09 18:07:21,898] - INFO - mysql_util.py[25] : 数据库demo已经切换成功！
[2023-11-09 18:07:21,899] - INFO - mysql_util.py[55] : 查询SQL：show tables;查询成功!
[2023-11-09 18:07:21,899] - INFO - mysql_util.py[95] : 数据库demo中的tb_bank表已经存在，无法创建！
[2023-11-09 18:07:21,899] - INFO - mysql_util.py[95] : 数据库demo中的tb_students表已经存在，无法创建！
[2023-11-09 18:09:08,610] - INFO - mysql_util.py[20] : 127.0.0.1:3306数据库已经连接成功
[2023-11-09 18:09:08,611] - INFO - mysql_util.py[25] : 数据库demo已经切换成功！
[2023-11-09 18:09:08,611] - INFO - mysql_util.py[25] : 数据库demo已经切换成功！
[2023-11-09 18:09:08,611] - INFO - mysql_util.py[55] : 查询SQL：show tables;查询成功!
[2023-11-09 18:09:08,612] - INFO - mysql_util.py[95] : 数据库demo中的tb_bank表已经存在，无法创建！
[2023-11-09 18:09:08,612] - INFO - mysql_util.py[95] : 数据库demo中的tb_students表已经存在，无法创建！
[2023-11-09 18:11:32,488] - INFO - mysql_util.py[20] : 127.0.0.1:3306数据库已经连接成功
[2023-11-09 18:11:32,488] - INFO - mysql_util.py[25] : 数据库demo已经切换成功！
[2023-11-09 18:11:32,489] - INFO - mysql_util.py[25] : 数据库demo已经切换成功！
[2023-11-09 18:11:32,489] - INFO - mysql_util.py[55] : 查询SQL：show tables;查询成功!
[2023-11-09 18:11:32,490] - INFO - mysql_util.py[25] : 数据库demo已经切换成功！
[2023-11-09 18:11:32,490] - INFO - mysql_util.py[55] : 查询SQL：show tables;查询成功!
[2023-11-09 18:11:32,490] - INFO - mysql_util.py[95] : 数据库demo中的tb_bank表已经存在，无法创建！
[2023-11-09 18:11:32,491] - INFO - mysql_util.py[25] : 数据库demo已经切换成功！
[2023-11-09 18:11:32,491] - INFO - mysql_util.py[55] : 查询SQL：show tables;查询成功!
[2023-11-09 18:11:49,335] - INFO - mysql_util.py[20] : 127.0.0.1:3306数据库已经连接成功
[2023-11-09 18:11:49,336] - INFO - mysql_util.py[25] : 数据库demo已经切换成功！
[2023-11-09 18:11:49,336] - INFO - mysql_util.py[25] : 数据库demo已经切换成功！
[2023-11-09 18:11:49,336] - INFO - mysql_util.py[55] : 查询SQL：show tables;查询成功!
[2023-11-09 18:11:49,337] - INFO - mysql_util.py[25] : 数据库demo已经切换成功！
[2023-11-09 18:11:49,337] - INFO - mysql_util.py[55] : 查询SQL：show tables;查询成功!
[2023-11-09 18:11:49,338] - INFO - mysql_util.py[95] : 数据库demo中的tb_bank表已经存在，无法创建！
[2023-11-09 18:11:49,338] - INFO - mysql_util.py[25] : 数据库demo已经切换成功！
[2023-11-09 18:11:49,338] - INFO - mysql_util.py[55] : 查询SQL：show tables;查询成功!
[2023-11-09 18:11:49,369] - INFO - mysql_util.py[43] : 非查询语句：create table tb_students(id int auto_increment primary key, name varchar(50), age int, gender varchar(10))执行失败！
[2023-11-09 18:11:49,369] - INFO - mysql_util.py[93] : 数据库demo中的数据表tb_students创建成功！
[2023-11-09 18:13:23,420] - INFO - mysql_util.py[20] : 127.0.0.1:3306数据库已经连接成功
[2023-11-09 18:13:23,420] - INFO - mysql_util.py[25] : 数据库demo已经切换成功！
[2023-11-09 18:13:23,420] - INFO - mysql_util.py[25] : 数据库demo已经切换成功！
[2023-11-09 18:13:23,421] - INFO - mysql_util.py[55] : 查询SQL：show tables;查询成功!
[2023-11-09 18:13:23,421] - INFO - mysql_util.py[25] : 数据库demo已经切换成功！
[2023-11-09 18:13:23,422] - INFO - mysql_util.py[55] : 查询SQL：show tables;查询成功!
[2023-11-09 18:13:23,422] - INFO - mysql_util.py[96] : 数据库demo中的tb_bank表已经存在，无法创建！
[2023-11-09 18:13:23,422] - INFO - mysql_util.py[25] : 数据库demo已经切换成功！
[2023-11-09 18:13:23,422] - INFO - mysql_util.py[55] : 查询SQL：show tables;查询成功!
[2023-11-09 18:13:23,422] - INFO - mysql_util.py[96] : 数据库demo中的tb_students表已经存在，无法创建！
[2023-11-09 18:13:33,960] - INFO - mysql_util.py[20] : 127.0.0.1:3306数据库已经连接成功
[2023-11-09 18:13:33,960] - INFO - mysql_util.py[25] : 数据库demo已经切换成功！
[2023-11-09 18:13:33,960] - INFO - mysql_util.py[25] : 数据库demo已经切换成功！
[2023-11-09 18:13:33,961] - INFO - mysql_util.py[55] : 查询SQL：show tables;查询成功!
[2023-11-09 18:13:33,961] - INFO - mysql_util.py[25] : 数据库demo已经切换成功！
[2023-11-09 18:13:33,962] - INFO - mysql_util.py[55] : 查询SQL：show tables;查询成功!
[2023-11-09 18:13:33,962] - INFO - mysql_util.py[96] : 数据库demo中的tb_bank表已经存在，无法创建！
[2023-11-09 18:13:33,962] - INFO - mysql_util.py[25] : 数据库demo已经切换成功！
[2023-11-09 18:13:33,962] - INFO - mysql_util.py[55] : 查询SQL：show tables;查询成功!
[2023-11-09 18:13:33,993] - INFO - mysql_util.py[43] : 非查询语句：create table tb_student(id int auto_increment primary key, name varchar(50), age int, gender varchar(10))执行失败！
[2023-11-09 18:13:33,993] - INFO - mysql_util.py[94] : 数据库demo中的数据表tb_student创建成功！
